09:34:58.274 detox[18128] [90mi[39m Detected a deprecated "runnerConfig" property (string).
09:34:58.276 detox[18128] [90mi[39m Detected a deprecated "testRunner" property (string).
09:34:58.276 detox[18128] [90mi[39m Please migrate your Detox config according to the guide:
https://wix.github.io/Detox/docs/guide/migration

09:34:58.281 detox[18128] [90mB[39m node_modules\detox\local-cli\cli.js test -c android.emu.debug --record-logs all --record-videos failing --artifacts-location e2e/artifacts --take-screenshots failing --headless
  data: {
    "id": "cc79349e-650a-b3d1-98c3-78a6c05844d2",
    "detoxConfig": {
      "configurationName": "android.emu.debug",
      "apps": {
        "default": {
          "type": "android.apk",
          "binaryPath": "android/app/build/outputs/apk/debug/app-debug.apk",
          "testBinaryPath": "android/app/build/outputs/apk/androidTest/debug/app-debug-androidTest.apk",
          "build": "cmd /C set DETOX_E2E=true && cd android && gradlew.bat assembleDebug assembleAndroidTest -DtestBuildType=debug",
          "reversePorts": [
            8081
          ]
        }
      },
      "artifacts": {
        "rootDir": "e2e\\artifacts\\android.emu.debug.2025-11-10 14-34-58Z",
        "plugins": {
          "log": {
            "enabled": true,
            "keepOnlyFailedTestsArtifacts": false
          },
          "screenshot": {
            "enabled": true,
            "shouldTakeAutomaticSnapshots": true,
            "keepOnlyFailedTestsArtifacts": true
          },
          "video": {
            "enabled": true,
            "keepOnlyFailedTestsArtifacts": true
          },
          "instruments": {
            "enabled": false,
            "keepOnlyFailedTestsArtifacts": false
          },
          "uiHierarchy": {
            "enabled": false,
            "keepOnlyFailedTestsArtifacts": false
          }
        }
      },
      "behavior": {
        "init": {
          "keepLockFile": false,
          "reinstallApp": true,
          "exposeGlobals": true
        },
        "cleanup": {
          "shutdownDevice": false
        },
        "launchApp": "auto"
      },
      "cli": {
        "artifactsLocation": "e2e/artifacts",
        "recordLogs": "all",
        "takeScreenshots": "failing",
        "recordVideos": "failing",
        "configuration": "android.emu.debug",
        "headless": true,
        "start": true
      },
      "commands": [
        {
          "appName": "default",
          "build": "cmd /C set DETOX_E2E=true && cd android && gradlew.bat assembleDebug assembleAndroidTest -DtestBuildType=debug"
        }
      ],
      "device": {
        "type": "android.emulator",
        "device": {
          "avdName": "Pixel_4"
        },
        "headless": true
      },
      "logger": {
        "level": "info",
        "overrideConsole": true,
        "options": {
          "showLoggerName": true,
          "showPid": true,
          "showLevel": false,
          "showMetadata": false,
          "basepath": "D:\\Proyectos\\SeguridadAPP\\SeguridadCiudadanaApp\\node_modules\\detox\\src",
          "prefixers": {},
          "stringifiers": {}
        }
      },
      "testRunner": {
        "retries": 0,
        "forwardEnv": false,
        "detached": false,
        "bail": false,
        "noRetryArgs": [
          "shard"
        ],
        "jest": {
          "setupTimeout": 300000,
          "teardownTimeout": 30000,
          "retryAfterCircusRetries": false,
          "reportWorkerAssign": true
        },
        "args": {
          "$0": "jest",
          "_": [],
          "config": "e2e/jest.config.js",
          "--": []
        }
      },
      "session": {
        "autoStart": true,
        "debugSynchronization": 10000
      }
    },
    "detoxIPCServer": "primary-18128",
    "testResults": [],
    "testSessionIndex": 0,
    "workersCount": 0
  }
09:34:58.302 detox[18128] [90mi[39m Server path not specified, so defaulting to ipc.config.socketRoot + ipc.config.appspace + ipc.config.id /tmp/detox.primary-18128
09:34:58.305 detox[18128] [90mi[39m starting server on  /tmp/detox.primary-18128 
09:34:58.305 detox[18128] [90mi[39m starting TLS server false
09:34:58.305 detox[18128] [90mi[39m starting server as Unix || Windows Socket
09:34:58.308 detox[18128] [90mi[39m Detox server listening on localhost:49966...
09:34:58.314 detox[18128] [90mi[39m Serialized the session state at: C:\Users\carus\AppData\Local\Temp\cc79349e-650a-b3d1-98c3-78a6c05844d2.detox.json
09:34:58.316 detox[18128] [90mB[39m DETOX_E2E="true" jest --config e2e/jest.config.js
09:34:59.876 detox[10756] [90mB[39m e2e\login.e2e.test.js
09:34:59.911 detox[10756] [90mB[39m set up environment
09:34:59.932 detox[10756] [90mi[39m Service path not specified, so defaulting to ipc.config.socketRoot + ipc.config.appspace + id 
09:34:59.932 detox[10756] [90mi[39m requested connection to  primary-18128 /tmp/detox.primary-18128
09:34:59.932 detox[10756] [90mi[39m Connecting client on Unix Socket : /tmp/detox.primary-18128
09:34:59.934 detox[10756] [90mi[39m retrying reset
09:34:59.934 detox[18128] [90mi[39m ## socket connection to server detected ##
09:34:59.935 detox[10756] [90mi[39m dispatching event to  primary-18128 /tmp/detox.primary-18128  :  registerContext , { id: 'secondary-10756' }
09:34:59.937 detox[18128] [90mi[39m received event of :  registerContext { id: 'secondary-10756' }
09:34:59.938 detox[18128] [90mi[39m dispatching event to socket  :  registerContextDone {
  testResults: [],
  testSessionIndex: 0,
  unsafe_earlyTeardown: undefined
}
09:34:59.946 detox[10756] [90mi[39m ## received events ##
09:34:59.947 detox[10756] [90mi[39m detected event registerContextDone { testResults: [], testSessionIndex: 0 }
09:34:59.947 detox[10756] [90mi[39m dispatching event to  primary-18128 /tmp/detox.primary-18128  :  registerWorker , { workerId: 'w1' }
09:34:59.948 detox[10756] [90mi[39m ## received events ##
09:34:59.948 detox[10756] [90mi[39m detected event registerWorkerDone { workersCount: 1 }
09:34:59.948 detox[18128] [90mi[39m received event of :  registerWorker { workerId: 'w1' }
09:34:59.948 detox[18128] [90mi[39m dispatching event to socket  :  registerWorkerDone { workersCount: 1 }
09:34:59.948 detox[18128] [90mi[39m broadcasting event to all known sockets listening to  \\.\pipe\tmp-detox.primary-18128  :   sessionStateUpdate { workersCount: 1 }
09:35:00.330 detox[10756] [90mi[39m ## received events ##
09:35:00.330 detox[10756] [90mi[39m detected event sessionStateUpdate { workersCount: 1 }
09:35:00.334 detox[18128] [90mB[39m connection :49966<->:49973
09:35:00.335 detox[10756] [90mi[39m opened web socket to: ws://localhost:49966
09:35:00.337 detox[10756] [90mi[39m send message
  data: {"type":"login","params":{"sessionId":"2c1a7b2b-11ad-088c-4d63-2b2f6812b49e","role":"tester"},"messageId":0}
09:35:00.338 detox[18128] [90mi[39m get
  data: {"type":"login","params":{"sessionId":"2c1a7b2b-11ad-088c-4d63-2b2f6812b49e","role":"tester"},"messageId":0}
09:35:00.339 detox[18128] [90mi[39m created session 2c1a7b2b-11ad-088c-4d63-2b2f6812b49e
09:35:00.339 detox[18128] [90mi[39m send
  data: {
    "type": "loginSuccess",
    "params": {
      "testerConnected": true,
      "appConnected": false
    },
    "messageId": 0
  }
09:35:00.339 detox[18128] [90mi[39m tester joined session 2c1a7b2b-11ad-088c-4d63-2b2f6812b49e
09:35:00.340 detox[10756] [90mi[39m get message
  data: {"type":"loginSuccess","params":{"testerConnected":true,"appConnected":false},"messageId":0}
   
09:35:00.417 detox[10756] [90mi[39m dispatching event to  primary-18128 /tmp/detox.primary-18128  :  allocateDevice , {
  deviceConfig: {
    type: 'android.emulator',
    device: { avdName: 'Pixel_4' },
    headless: true
  }
}
09:35:00.418 detox[18128] [90mi[39m received event of :  allocateDevice {
  deviceConfig: {
    type: 'android.emulator',
    device: { avdName: 'Pixel_4' },
    headless: true
  }
}
09:35:00.479 detox[18128] [90mB[39m init
  args: ()
09:35:00.483 detox[18128] [90mE[39m init
09:35:00.483 detox[18128] [90mB[39m allocate
  data: {
    "type": "android.emulator",
    "device": {
      "avdName": "Pixel_4"
    },
    "headless": true
  }
09:35:00.631 detox[18128] [90mi[39m Detected emulator binary version { major: 36, minor: 2, patch: 12, toString: [Function: toString] }
09:35:00.633 detox[18128] [90mi[39m "C:\Users\carus\AppData\Local\Android\Sdk\platform-tools\adb.EXE"  devices
09:35:00.661 detox[18128] [90mi[39m List of devices attached
emulator-5554	device


09:35:00.662 detox[18128] [90mi[39m port: 5554, host: localhost
09:35:00.671 detox[18128] [90mi[39m Found a matching & free device emulator-5554
09:35:00.673 detox[18128] [90mi[39m settled on emulator-5554 (Pixel_4)
  data: {
    "id": "emulator-5554",
    "adbName": "emulator-5554",
    "name": "emulator-5554 (Pixel_4)"
  }
09:35:00.673 detox[18128] [90mE[39m allocate
09:35:00.673 detox[18128] [90mB[39m post-allocate: emulator-5554
  data: {
    "id": "emulator-5554",
    "adbName": "emulator-5554",
    "name": "emulator-5554 (Pixel_4)"
  }
09:35:00.673 detox[18128] [90mi[39m "C:\Users\carus\AppData\Local\Android\Sdk\platform-tools\adb.EXE" -s emulator-5554 shell "getprop dev.bootcomplete"
09:35:00.713 detox[18128] [90mi[39m 1

09:35:00.713 detox[18128] [90mi[39m "C:\Users\carus\AppData\Local\Android\Sdk\platform-tools\adb.EXE" -s emulator-5554 shell "getprop ro.build.version.sdk"
09:35:00.751 detox[18128] [90mi[39m 36

09:35:00.751 detox[18128] [90mi[39m "C:\Users\carus\AppData\Local\Android\Sdk\platform-tools\adb.EXE" -s emulator-5554 shell "settings put global animator_duration_scale 0"
09:35:00.800 detox[18128] [90mi[39m 
09:35:00.800 detox[18128] [90mi[39m "C:\Users\carus\AppData\Local\Android\Sdk\platform-tools\adb.EXE" -s emulator-5554 shell "settings put global window_animation_scale 0"
09:35:00.845 detox[18128] [90mi[39m 
09:35:00.845 detox[18128] [90mi[39m "C:\Users\carus\AppData\Local\Android\Sdk\platform-tools\adb.EXE" -s emulator-5554 shell "settings put global transition_animation_scale 0"
09:35:00.889 detox[18128] [90mi[39m 
09:35:00.889 detox[18128] [90mi[39m "C:\Users\carus\AppData\Local\Android\Sdk\platform-tools\adb.EXE" -s emulator-5554 shell "dumpsys power | grep \"^[ ]*m[UW].*=\""
09:35:00.951 detox[10756] [90mi[39m ## received events ##
09:35:00.951 detox[10756] [90mi[39m detected event allocateDeviceDone {
  deviceCookie: {
    id: 'emulator-5554',
    adbName: 'emulator-5554',
    name: 'emulator-5554 (Pixel_4)'
  }
}
09:35:00.951 detox[18128] [90mi[39m   mWakefulness=Awake
  mWakefulnessChanging=false
  mUseAutoSuspend=true
  mWakeLockSummary=0x23
  mWakeUpWhenPluggedOrUnpluggedConfig=false
  mWakeUpWhenPluggedOrUnpluggedInTheaterModeConfig=false
  mDreamsBatteryLevelMinimumWhenPoweredConfig=-1
  mDreamsBatteryLevelMinimumWhenNotPoweredConfig=15
  mUserActivityTimeoutOverrideFromWindowManager=-1
  mUserInactiveOverrideFromWindowManager=false
  mUseNormalBrightnessForDoze=false
  mUserId=0
  mWakeLockSummary=0x23
  mUserInteractionBackoffMillis=60000

09:35:00.951 detox[18128] [90mE[39m post-allocate: emulator-5554
09:35:00.951 detox[18128] [90mi[39m dispatching event to socket  :  allocateDeviceDone {
  deviceCookie: {
    id: 'emulator-5554',
    adbName: 'emulator-5554',
    name: 'emulator-5554 (Pixel_4)'
  }
}
09:35:01.005 detox[10756] [90mB[39m onBootDevice
  args: ({"deviceId":"emulator-5554"})
09:35:01.005 detox[10756] [90mE[39m onBootDevice
09:35:01.006 detox[10756] [90mB[39m installUtilBinaries
  args: ()
09:35:01.006 detox[10756] [90mE[39m installUtilBinaries
09:35:01.006 detox[10756] [90mB[39m selectApp
  args: ("default")
09:35:01.010 detox[10756] [90mi[39m "C:\Users\carus\AppData\Local\Android\Sdk\build-tools\36.1.0-rc1\aapt.EXE" dump badging "D:\Proyectos\SeguridadAPP\SeguridadCiudadanaApp\android\app\build\outputs\apk\debug\app-debug.apk"
09:35:01.037 detox[10756] [90mi[39m package: name='com.tuapp.seguritacapp' versionCode='1' versionName='1.0.0' platformBuildVersionName='15' platformBuildVersionCode='35' compileSdkVersion='35' compileSdkVersionCodename='15'
sdkVersion:'26'
targetSdkVersion:'34'
uses-permission: name='android.permission.SYSTEM_ALERT_WINDOW'
uses-permission: name='android.permission.ACCESS_COARSE_LOCATION'
uses-permission: name='android.permission.ACCESS_FINE_LOCATION'
uses-permission: name='android.permission.CAMERA'
uses-permission: name='android.permission.INTERNET'
uses-permission: name='android.permission.READ_EXTERNAL_STORAGE'
uses-permission: name='android.permission.RECORD_AUDIO'
uses-permission: name='android.permission.VIBRATE'
uses-permission: name='android.permission.WRITE_EXTERNAL_STORAGE'
uses-permission: name='android.permission.ACCESS_NETWORK_STATE'
uses-permission: name='android.permission.ACCESS_WIFI_STATE'
uses-permission: name='android.permission.READ_MEDIA_IMAGES'
uses-permission: name='android.permission.READ_MEDIA_VIDEO'
uses-permission: name='android.permission.READ_MEDIA_AUDIO'
uses-permission: name='android.permission.READ_MEDIA_VISUAL_USER_SELECTED'
uses-permission: name='android.permission.RECEIVE_BOOT_COMPLETED'
uses-permission: name='android.permission.POST_NOTIFICATIONS'
uses-permission: name='android.permission.USE_BIOMETRIC'
uses-permission: name='android.permission.USE_FINGERPRINT'
uses-permission: name='android.permission.WAKE_LOCK'
uses-permission: name='com.google.android.c2dm.permission.RECEIVE'
uses-permission: name='android.permission.FOREGROUND_SERVICE'
uses-permission: name='com.tuapp.seguritacapp.DYNAMIC_RECEIVER_NOT_EXPORTED_PERMISSION'
uses-permission: name='com.google.android.finsky.permission.BIND_GET_INSTALL_REFERRER_SERVICE'
uses-permission: name='com.google.android.providers.gsf.permission.READ_GSERVICES'
uses-permission: name='com.google.android.gms.permission.ACTIVITY_RECOGNITION'
uses-permission: name='com.sec.android.provider.badge.permission.READ'
uses-permission: name='com.sec.android.provider.badge.permission.WRITE'
uses-permission: name='com.htc.launcher.permission.READ_SETTINGS'
uses-permission: name='com.htc.launcher.permission.UPDATE_SHORTCUT'
uses-permission: name='com.sonyericsson.home.permission.BROADCAST_BADGE'
uses-permission: name='com.sonymobile.home.permission.PROVIDER_INSERT_BADGE'
uses-permission: name='com.anddoes.launcher.permission.UPDATE_COUNT'
uses-permission: name='com.majeur.launcher.permission.UPDATE_BADGE'
uses-permission: name='com.huawei.android.launcher.permission.CHANGE_BADGE'
uses-permission: name='com.huawei.android.launcher.permission.READ_SETTINGS'
uses-permission: name='com.huawei.android.launcher.permission.WRITE_SETTINGS'
uses-permission: name='android.permission.READ_APP_BADGE'
uses-permission: name='com.oppo.launcher.permission.READ_SETTINGS'
uses-permission: name='com.oppo.launcher.permission.WRITE_SETTINGS'
uses-permission: name='me.everything.badger.permission.BADGE_COUNT_READ'
uses-permission: name='me.everything.badger.permission.BADGE_COUNT_WRITE'
application-label:'SeguridadCiudadanaApp'
application-label-af:'SeguridadCiudadanaApp'
application-label-am:'SeguridadCiudadanaApp'
application-label-ar:'SeguridadCiudadanaApp'
application-label-as:'SeguridadCiudadanaApp'
application-label-az:'SeguridadCiudadanaApp'
application-label-be:'SeguridadCiudadanaApp'
application-label-bg:'SeguridadCiudadanaApp'
application-label-bn:'SeguridadCiudadanaApp'
application-label-bs:'SeguridadCiudadanaApp'
application-label-ca:'SeguridadCiudadanaApp'
application-label-cs:'SeguridadCiudadanaApp'
application-label-da:'SeguridadCiudadanaApp'
application-label-de:'SeguridadCiudadanaApp'
application-label-el:'SeguridadCiudadanaApp'
application-label-en-AU:'SeguridadCiudadanaApp'
application-label-en-CA:'SeguridadCiudadanaApp'
application-label-en-GB:'SeguridadCiudadanaApp'
application-label-en-IN:'SeguridadCiudadanaApp'
application-label-en-XC:'SeguridadCiudadanaApp'
application-label-es:'SeguridadCiudadanaApp'
application-label-es-419:'SeguridadCiudadanaApp'
application-label-es-ES:'SeguridadCiudadanaApp'
application-label-es-GT:'SeguridadCiudadanaApp'
application-label-es-US:'SeguridadCiudadanaApp'
application-label-et:'SeguridadCiudadanaApp'
application-label-eu:'SeguridadCiudadanaApp'
application-label-fa:'SeguridadCiudadanaApp'
application-label-fi:'SeguridadCiudadanaApp'
application-label-fr:'SeguridadCiudadanaApp'
application-label-fr-CA:'SeguridadCiudadanaApp'
application-label-gl:'SeguridadCiudadanaApp'
application-label-gu:'SeguridadCiudadanaApp'
application-label-he:'SeguridadCiudadanaApp'
application-label-hi:'SeguridadCiudadanaApp'
application-label-hr:'SeguridadCiudadanaApp'
application-label-hu:'SeguridadCiudadanaApp'
application-label-hy:'SeguridadCiudadanaApp'
application-label-id:'SeguridadCiudadanaApp'
application-label-in:'SeguridadCiudadanaApp'
application-label-is:'SeguridadCiudadanaApp'
application-label-it:'SeguridadCiudadanaApp'
application-label-iw:'SeguridadCiudadanaApp'
application-label-ja:'SeguridadCiudadanaApp'
application-label-ka:'SeguridadCiudadanaApp'
application-label-kk:'SeguridadCiudadanaApp'
application-label-km:'SeguridadCiudadanaApp'
application-label-kn:'SeguridadCiudadanaApp'
application-label-ko:'SeguridadCiudadanaApp'
application-label-ky:'SeguridadCiudadanaApp'
application-label-lo:'SeguridadCiudadanaApp'
application-label-lt:'SeguridadCiudadanaApp'
application-label-lv:'SeguridadCiudadanaApp'
application-label-mk:'SeguridadCiudadanaApp'
application-label-ml:'SeguridadCiudadanaApp'
application-label-mn:'SeguridadCiudadanaApp'
application-label-mr:'SeguridadCiudadanaApp'
application-label-ms:'SeguridadCiudadanaApp'
application-label-my:'SeguridadCiudadanaApp'
application-label-nb:'SeguridadCiudadanaApp'
application-label-ne:'SeguridadCiudadanaApp'
application-label-nl:'SeguridadCiudadanaApp'
application-label-or:'SeguridadCiudadanaApp'
application-label-pa:'SeguridadCiudadanaApp'
application-label-pl:'SeguridadCiudadanaApp'
application-label-pt:'SeguridadCiudadanaApp'
application-label-pt-BR:'SeguridadCiudadanaApp'
application-label-pt-PT:'SeguridadCiudadanaApp'
application-label-ro:'SeguridadCiudadanaApp'
application-label-ru:'SeguridadCiudadanaApp'
application-label-ru-RU:'SeguridadCiudadanaApp'
application-label-si:'SeguridadCiudadanaApp'
application-label-sk:'SeguridadCiudadanaApp'
application-label-sl:'SeguridadCiudadanaApp'
application-label-sq:'SeguridadCiudadanaApp'
application-label-sr:'SeguridadCiudadanaApp'
application-label-sr-Latn:'SeguridadCiudadanaApp'
application-label-sv:'SeguridadCiudadanaApp'
application-label-sw:'SeguridadCiudadanaApp'
application-label-ta:'SeguridadCiudadanaApp'
application-label-te:'SeguridadCiudadanaApp'
application-label-th:'SeguridadCiudadanaApp'
application-label-tl:'SeguridadCiudadanaApp'
application-label-tr:'SeguridadCiudadanaApp'
application-label-uk:'SeguridadCiudadanaApp'
application-label-ur:'SeguridadCiudadanaApp'
application-label-uz:'SeguridadCiudadanaApp'
application-label-vi:'SeguridadCiudadanaApp'
application-label-zh:'SeguridadCiudadanaApp'
application-label-zh-CN:'SeguridadCiudadanaApp'
application-label-zh-HK:'SeguridadCiudadanaApp'
application-label-zh-TW:'SeguridadCiudadanaApp'
application-label-zu:'SeguridadCiudadanaApp'
application-icon-120:'res/mipmap-anydpi-v26/ic_launcher.xml'
application-icon-160:'res/mipmap-anydpi-v26/ic_launcher.xml'
application-icon-240:'res/mipmap-anydpi-v26/ic_launcher.xml'
application-icon-320:'res/mipmap-anydpi-v26/ic_launcher.xml'
application-icon-480:'res/mipmap-anydpi-v26/ic_launcher.xml'
application-icon-640:'res/mipmap-anydpi-v26/ic_launcher.xml'
application-icon-65534:'res/mipmap-anydpi-v26/ic_launcher.xml'
application: label='SeguridadCiudadanaApp' icon='res/mipmap-anydpi-v26/ic_launcher.xml'
application-debuggable
launchable-activity: name='com.tuapp.seguritacapp.MainActivity'  label='' icon=''
uses-library-not-required:'org.apache.http.legacy'
uses-library-not-required:'androidx.camera.extensions.impl'
feature-group: label=''
  uses-gl-es: '0x20000'
  uses-feature: name='android.hardware.camera'
  uses-implied-feature: name='android.hardware.camera' reason='requested android.permission.CAMERA permission'
  uses-feature: name='android.hardware.faketouch'
  uses-implied-feature: name='android.hardware.faketouch' reason='default feature for all apps'
  uses-feature: name='android.hardware.location'
  uses-implied-feature: name='android.hardware.location' reason='requested android.permission.ACCESS_COARSE_LOCATION permission, and requested android.permission.ACCESS_FINE_LOCATION permission'
  uses-feature: name='android.hardware.microphone'
  uses-implied-feature: name='android.hardware.microphone' reason='requested android.permission.RECORD_AUDIO permission'
  uses-feature: name='android.hardware.screen.portrait'
  uses-implied-feature: name='android.hardware.screen.portrait' reason='one or more activities have specified a portrait orientation'
  uses-feature: name='android.hardware.wifi'
  uses-implied-feature: name='android.hardware.wifi' reason='requested android.permission.ACCESS_WIFI_STATE permission'
main
other-activities
other-receivers
other-services
supports-screens: 'small' 'normal' 'large' 'xlarge'
supports-any-density: 'true'
locales: '--_--' 'af' 'am' 'ar' 'as' 'az' 'be' 'bg' 'bn' 'bs' 'ca' 'cs' 'da' 'de' 'el' 'en-AU' 'en-CA' 'en-GB' 'en-IN' 'en-XC' 'es' 'es-419' 'es-ES' 'es-GT' 'es-US' 'et' 'eu' 'fa' 'fi' 'fr' 'fr-CA' 'gl' 'gu' 'he' 'hi' 'hr' 'hu' 'hy' 'id' 'in' 'is' 'it' 'iw' 'ja' 'ka' 'kk' 'km' 'kn' 'ko' 'ky' 'lo' 'lt' 'lv' 'mk' 'ml' 'mn' 'mr' 'ms' 'my' 'nb' 'ne' 'nl' 'or' 'pa' 'pl' 'pt' 'pt-BR' 'pt-PT' 'ro' 'ru' 'ru-RU' 'si' 'sk' 'sl' 'sq' 'sr' 'sr-Latn' 'sv' 'sw' 'ta' 'te' 'th' 'tl' 'tr' 'uk' 'ur' 'uz' 'vi' 'zh' 'zh-CN' 'zh-HK' 'zh-TW' 'zu'
densities: '120' '160' '240' '320' '480' '640' '65534'
native-code: 'arm64-v8a' 'armeabi-v7a' 'x86' 'x86_64'

09:35:01.037 detox[10756] [90mE[39m selectApp
09:35:01.037 detox[10756] [90mB[39m uninstallApp
  args: ()
09:35:01.037 detox[10756] [90mB[39m onBeforeUninstallApp
  args: ({"deviceId":"emulator-5554","bundleId":"com.tuapp.seguritacapp"})
09:35:01.038 detox[10756] [90mE[39m onBeforeUninstallApp
09:35:01.038 detox[10756] [90mi[39m "C:\Users\carus\AppData\Local\Android\Sdk\platform-tools\adb.EXE" -s emulator-5554 shell "pm list packages com.tuapp.seguritacapp"
09:35:01.094 detox[10756] [90mi[39m package:com.tuapp.seguritacapp
package:com.tuapp.seguritacapp.test

09:35:01.094 detox[10756] [90mi[39m "C:\Users\carus\AppData\Local\Android\Sdk\platform-tools\adb.EXE" -s emulator-5554 uninstall com.tuapp.seguritacapp
09:35:01.592 detox[10756] [90mi[39m Success

09:35:01.592 detox[10756] [90mi[39m "C:\Users\carus\AppData\Local\Android\Sdk\platform-tools\adb.EXE" -s emulator-5554 shell "pm list packages com.tuapp.seguritacapp.test"
09:35:01.683 detox[10756] [90mi[39m package:com.tuapp.seguritacapp.test

09:35:01.683 detox[10756] [90mi[39m "C:\Users\carus\AppData\Local\Android\Sdk\platform-tools\adb.EXE" -s emulator-5554 uninstall com.tuapp.seguritacapp.test
09:35:02.152 detox[10756] [90mi[39m Success

09:35:02.152 detox[10756] [90mE[39m uninstallApp
09:35:02.152 detox[10756] [90mB[39m selectApp
  args: ("default")
09:35:02.153 detox[10756] [90mB[39m terminateApp
  args: ()
09:35:02.153 detox[10756] [90mB[39m onBeforeTerminateApp
  args: ({"deviceId":"emulator-5554","bundleId":"com.tuapp.seguritacapp"})
09:35:02.154 detox[10756] [90mE[39m onBeforeTerminateApp
09:35:02.154 detox[10756] [90mi[39m "C:\Users\carus\AppData\Local\Android\Sdk\platform-tools\adb.EXE" -s emulator-5554 shell "am force-stop com.tuapp.seguritacapp"
09:35:02.244 detox[10756] [90mi[39m 
09:35:02.245 detox[10756] [90mB[39m onTerminateApp
  args: ({"deviceId":"emulator-5554","bundleId":"com.tuapp.seguritacapp"})
09:35:02.245 detox[10756] [90mE[39m onTerminateApp
09:35:02.245 detox[10756] [90mE[39m terminateApp
09:35:02.245 detox[10756] [90mE[39m selectApp
09:35:02.245 detox[10756] [90mB[39m installApp
  args: ()
09:35:02.246 detox[10756] [90mi[39m "C:\Users\carus\AppData\Local\Android\Sdk\build-tools\36.1.0-rc1\aapt.EXE" dump xmlstrings "D:\Proyectos\SeguridadAPP\SeguridadCiudadanaApp\android\app\build\outputs\apk\debug\app-debug.apk" AndroidManifest.xml
09:35:02.270 detox[10756] [90mi[39m String pool of 247 unique UTF-16 non-sorted strings, 247 entries and 0 styles using 20240 bytes:
String #0: theme
String #1: label
String #2: icon
String #3: name
String #4: permission
String #5: protectionLevel
String #6: enabled
String #7: debuggable
String #8: exported
String #9: taskAffinity
String #10: excludeFromRecents
String #11: authorities
String #12: initOrder
String #13: grantUriPermissions
String #14: priority
String #15: launchMode
String #16: screenOrientation
String #17: configChanges
String #18: value
String #19: resource
String #20: mimeType
String #21: scheme
String #22: minSdkVersion
String #23: versionCode
String #24: versionName
String #25: windowSoftInputMode
String #26: noHistory
String #27: targetSdkVersion
String #28: allowBackup
String #29: glEsVersion
String #30: required
String #31: supportsRtl
String #32: extractNativeLibs
String #33: usesCleartextTraffic
String #34: directBootAware
String #35: roundIcon
String #36: compileSdkVersion
String #37: compileSdkVersionCodename
String #38: appComponentFactory
String #39: foregroundServiceType
String #40: requestLegacyExternalStorage
String #41: 
String #42: */*
String #43: 1.0.0
String #44: 15
String #45: AIzaSyBdVl-cTICSwYKrZ95SuvNw7dbMuDt1KG0
String #46: ALWAYS
String #47: action
String #48: activity
String #49: android
String #50: android.intent.action.ACTION_POWER_CONNECTED
String #51: android.intent.action.ACTION_POWER_DISCONNECTED
String #52: android.intent.action.BATTERY_LOW
String #53: android.intent.action.BATTERY_OKAY
String #54: android.intent.action.BOOT_COMPLETED
String #55: android.intent.action.DEVICE_STORAGE_LOW
String #56: android.intent.action.DEVICE_STORAGE_OK
String #57: android.intent.action.GET_CONTENT
String #58: android.intent.action.MAIN
String #59: android.intent.action.MY_PACKAGE_REPLACED
String #60: android.intent.action.OPEN_DOCUMENT_TREE
String #61: android.intent.action.QUICKBOOT_POWERON
String #62: android.intent.action.REBOOT
String #63: android.intent.action.SEND
String #64: android.intent.action.TIMEZONE_CHANGED
String #65: android.intent.action.TIME_SET
String #66: android.intent.action.VIEW
String #67: android.intent.category.BROWSABLE
String #68: android.intent.category.DEFAULT
String #69: android.intent.category.LAUNCHER
String #70: android.intent.category.OPENABLE
String #71: android.media.action.ACTION_VIDEO_CAPTURE
String #72: android.media.action.IMAGE_CAPTURE
String #73: android.net.conn.CONNECTIVITY_CHANGE
String #74: android.permission.ACCESS_COARSE_LOCATION
String #75: android.permission.ACCESS_FINE_LOCATION
String #76: android.permission.ACCESS_NETWORK_STATE
String #77: android.permission.ACCESS_WIFI_STATE
String #78: android.permission.BIND_JOB_SERVICE
String #79: android.permission.CAMERA
String #80: android.permission.DUMP
String #81: android.permission.FOREGROUND_SERVICE
String #82: android.permission.INTERNET
String #83: android.permission.POST_NOTIFICATIONS
String #84: android.permission.READ_APP_BADGE
String #85: android.permission.READ_EXTERNAL_STORAGE
String #86: android.permission.READ_MEDIA_AUDIO
String #87: android.permission.READ_MEDIA_IMAGES
String #88: android.permission.READ_MEDIA_VIDEO
String #89: android.permission.READ_MEDIA_VISUAL_USER_SELECTED
String #90: android.permission.RECEIVE_BOOT_COMPLETED
String #91: android.permission.RECORD_AUDIO
String #92: android.permission.SYSTEM_ALERT_WINDOW
String #93: android.permission.USE_BIOMETRIC
String #94: android.permission.USE_FINGERPRINT
String #95: android.permission.VIBRATE
String #96: android.permission.WAKE_LOCK
String #97: android.permission.WRITE_EXTERNAL_STORAGE
String #98: android.support.FILE_PROVIDER_PATHS
String #99: android.support.customtabs.action.CustomTabsService
String #100: androidx.camera.camera2.Camera2Config$DefaultProvider
String #101: androidx.camera.core.impl.MetadataHolderService
String #102: androidx.camera.core.impl.MetadataHolderService.DEFAULT_CONFIG_PROVIDER
String #103: androidx.camera.extensions.action.VENDOR_ACTION
String #104: androidx.camera.extensions.impl
String #105: androidx.core.app.CoreComponentFactory
String #106: androidx.emoji2.text.EmojiCompatInitializer
String #107: androidx.lifecycle.ProcessLifecycleInitializer
String #108: androidx.profileinstaller.ProfileInstallReceiver
String #109: androidx.profileinstaller.ProfileInstallerInitializer
String #110: androidx.profileinstaller.action.BENCHMARK_OPERATION
String #111: androidx.profileinstaller.action.INSTALL_PROFILE
String #112: androidx.profileinstaller.action.SAVE_PROFILE
String #113: androidx.profileinstaller.action.SKIP_FILE
String #114: androidx.room.MultiInstanceInvalidationService
String #115: androidx.startup
String #116: androidx.startup.InitializationProvider
String #117: androidx.work.WorkManagerInitializer
String #118: androidx.work.diagnostics.REQUEST_DIAGNOSTICS
String #119: androidx.work.impl.background.systemalarm.ConstraintProxy$BatteryChargingProxy
String #120: androidx.work.impl.background.systemalarm.ConstraintProxy$BatteryNotLowProxy
String #121: androidx.work.impl.background.systemalarm.ConstraintProxy$NetworkStateProxy
String #122: androidx.work.impl.background.systemalarm.ConstraintProxy$StorageNotLowProxy
String #123: androidx.work.impl.background.systemalarm.ConstraintProxyUpdateReceiver
String #124: androidx.work.impl.background.systemalarm.RescheduleReceiver
String #125: androidx.work.impl.background.systemalarm.SystemAlarmService
String #126: androidx.work.impl.background.systemalarm.UpdateProxies
String #127: androidx.work.impl.background.systemjob.SystemJobService
String #128: androidx.work.impl.diagnostics.DiagnosticsReceiver
String #129: androidx.work.impl.foreground.SystemForegroundService
String #130: androidx.work.impl.utils.ForceStopRunnable$BroadcastReceiver
String #131: application
String #132: backend:com.google.android.datatransport.cct.CctBackendFactory
String #133: category
String #134: cct
String #135: com.anddoes.launcher.permission.UPDATE_COUNT
String #136: com.canhub.cropper.CropFileProvider
String #137: com.canhub.cropper.CropImageActivity
String #138: com.facebook.react.devsupport.DevSettingsActivity
String #139: com.facebook.soloader.enabled
String #140: com.google.android.apps.maps
String #141: com.google.android.c2dm.intent.RECEIVE
String #142: com.google.android.c2dm.permission.RECEIVE
String #143: com.google.android.c2dm.permission.SEND
String #144: com.google.android.datatransport.runtime.backends.TransportBackendDiscovery
String #145: com.google.android.datatransport.runtime.scheduling.jobscheduling.AlarmManagerSchedulerBroadcastReceiver
String #146: com.google.android.datatransport.runtime.scheduling.jobscheduling.JobInfoSchedulerService
String #147: com.google.android.finsky.permission.BIND_GET_INSTALL_REFERRER_SERVICE
String #148: com.google.android.geo.API_KEY
String #149: com.google.android.gms.cloudmessaging.FINISHED_AFTER_HANDLED
String #150: com.google.android.gms.common.api.GoogleApiActivity
String #151: com.google.android.gms.metadata.MODULE_DEPENDENCIES
String #152: com.google.android.gms.metadata.ModuleDependencies
String #153: com.google.android.gms.permission.ACTIVITY_RECOGNITION
String #154: com.google.android.gms.version
String #155: com.google.android.providers.gsf.permission.READ_GSERVICES
String #156: com.google.firebase.MESSAGING_EVENT
String #157: com.google.firebase.components.ComponentDiscoveryService
String #158: com.google.firebase.components.ComponentRegistrar
String #159: com.google.firebase.components:com.google.firebase.FirebaseCommonKtxRegistrar
String #160: com.google.firebase.components:com.google.firebase.datatransport.TransportRegistrar
String #161: com.google.firebase.components:com.google.firebase.installations.FirebaseInstallationsKtxRegistrar
String #162: com.google.firebase.components:com.google.firebase.installations.FirebaseInstallationsRegistrar
String #163: com.google.firebase.components:com.google.firebase.ktx.FirebaseCommonLegacyRegistrar
String #164: com.google.firebase.components:com.google.firebase.messaging.FirebaseMessagingKtxRegistrar
String #165: com.google.firebase.components:com.google.firebase.messaging.FirebaseMessagingRegistrar
String #166: com.google.firebase.components:com.google.mlkit.common.internal.CommonComponentRegistrar
String #167: com.google.firebase.components:com.google.mlkit.vision.barcode.internal.BarcodeRegistrar
String #168: com.google.firebase.components:com.google.mlkit.vision.common.internal.VisionCommonRegistrar
String #169: com.google.firebase.iid.FirebaseInstanceIdReceiver
String #170: com.google.firebase.messaging.FirebaseMessagingService
String #171: com.google.firebase.provider.FirebaseInitProvider
String #172: com.google.mlkit.common.internal.MlKitComponentDiscoveryService
String #173: com.google.mlkit.common.internal.MlKitInitProvider
String #174: com.htc.intent.action.QUICKBOOT_POWERON
String #175: com.htc.launcher.permission.READ_SETTINGS
String #176: com.htc.launcher.permission.UPDATE_SHORTCUT
String #177: com.huawei.android.launcher.permission.CHANGE_BADGE
String #178: com.huawei.android.launcher.permission.READ_SETTINGS
String #179: com.huawei.android.launcher.permission.WRITE_SETTINGS
String #180: com.majeur.launcher.permission.UPDATE_BADGE
String #181: com.oppo.launcher.permission.READ_SETTINGS
String #182: com.oppo.launcher.permission.WRITE_SETTINGS
String #183: com.reactnativecommunity.webview.RNCWebViewFileProvider
String #184: com.sec.android.provider.badge.permission.READ
String #185: com.sec.android.provider.badge.permission.WRITE
String #186: com.sonyericsson.home.permission.BROADCAST_BADGE
String #187: com.sonymobile.home.permission.PROVIDER_INSERT_BADGE
String #188: com.tuapp.seguritacapp
String #189: com.tuapp.seguritacapp.DYNAMIC_RECEIVER_NOT_EXPORTED_PERMISSION
String #190: com.tuapp.seguritacapp.FileSystemFileProvider
String #191: com.tuapp.seguritacapp.ImagePickerFileProvider
String #192: com.tuapp.seguritacapp.MainActivity
String #193: com.tuapp.seguritacapp.MainApplication
String #194: com.tuapp.seguritacapp.SharingFileProvider
String #195: com.tuapp.seguritacapp.androidx-startup
String #196: com.tuapp.seguritacapp.cropper.fileprovider
String #197: com.tuapp.seguritacapp.fileprovider
String #198: com.tuapp.seguritacapp.firebaseinitprovider
String #199: com.tuapp.seguritacapp.mlkitinitprovider
String #200: data
String #201: exp+seguridadciudadanaapp
String #202: expo-dev-launcher
String #203: expo-dev-menu
String #204: expo.modules.adapters.react.apploader.RNHeadlessAppLoader
String #205: expo.modules.devlauncher.launcher.DevLauncherActivity
String #206: expo.modules.devlauncher.launcher.errors.DevLauncherErrorActivity
String #207: expo.modules.devmenu.DevMenuActivity
String #208: expo.modules.filesystem.FileSystemFileProvider
String #209: expo.modules.imagepicker.fileprovider.ImagePickerFileProvider
String #210: expo.modules.location.services.LocationTaskService
String #211: expo.modules.notifications.NOTIFICATION_EVENT
String #212: expo.modules.notifications.service.ExpoFirebaseMessagingService
String #213: expo.modules.notifications.service.NotificationForwarderActivity
String #214: expo.modules.notifications.service.NotificationsService
String #215: expo.modules.sharing.SharingFileProvider
String #216: expo.modules.updates.ENABLED
String #217: expo.modules.updates.EXPO_UPDATES_CHECK_ON_LAUNCH
String #218: expo.modules.updates.EXPO_UPDATES_LAUNCH_WAIT_MS
String #219: host.exp.exponent
String #220: http://schemas.android.com/apk/res/android
String #221: https
String #222: intent
String #223: intent-filter
String #224: io.nlopez.smartlocation.activity.providers.ActivityGooglePlayServicesProvider$ActivityRecognitionService
String #225: io.nlopez.smartlocation.geocoding.providers.AndroidGeocodingProvider$AndroidGeocodingService
String #226: io.nlopez.smartlocation.geofencing.providers.GeofencingGooglePlayServicesProvider$GeofencingService
String #227: manifest
String #228: me.everything.badger.permission.BADGE_COUNT_READ
String #229: me.everything.badger.permission.BADGE_COUNT_WRITE
String #230: meta-data
String #231: org.apache.http.legacy
String #232: org.unimodules.core.AppLoader#react-native-headless
String #233: package
String #234: permission
String #235: photopicker_activity:0:required
String #236: platformBuildVersionCode
String #237: platformBuildVersionName
String #238: provider
String #239: queries
String #240: receiver
String #241: seguridadciudadanaapp
String #242: service
String #243: uses-feature
String #244: uses-library
String #245: uses-permission
String #246: uses-sdk

09:35:02.271 detox[10756] [90mi[39m "C:\Users\carus\AppData\Local\Android\Sdk\build-tools\36.1.0-rc1\aapt.EXE" dump xmlstrings "D:\Proyectos\SeguridadAPP\SeguridadCiudadanaApp\android\app\build\outputs\apk\androidTest\debug\app-debug-androidTest.apk" AndroidManifest.xml
09:35:02.296 detox[10756] [90mi[39m String pool of 43 unique UTF-16 non-sorted strings, 43 entries and 0 styles using 2156 bytes:
String #0: theme
String #1: label
String #2: name
String #3: debuggable
String #4: exported
String #5: priority
String #6: targetPackage
String #7: handleProfiling
String #8: functionalTest
String #9: minSdkVersion
String #10: targetSdkVersion
String #11: extractNativeLibs
String #12: compileSdkVersion
String #13: compileSdkVersionCodename
String #14: 15
String #15: Tests for com.tuapp.seguritacapp
String #16: activity
String #17: android
String #18: android.intent.category.LAUNCHER
String #19: android.permission.REORDER_TASKS
String #20: android.test.runner
String #21: androidx.test.core.app.InstrumentationActivityInvoker$BootstrapActivity
String #22: androidx.test.core.app.InstrumentationActivityInvoker$EmptyActivity
String #23: androidx.test.core.app.InstrumentationActivityInvoker$EmptyFloatingActivity
String #24: androidx.test.orchestrator
String #25: androidx.test.runner.AndroidJUnitRunner
String #26: androidx.test.services
String #27: application
String #28: category
String #29: com.google.android.apps.common.testing.services
String #30: com.tuapp.seguritacapp
String #31: com.tuapp.seguritacapp.test
String #32: http://schemas.android.com/apk/res/android
String #33: instrumentation
String #34: intent-filter
String #35: manifest
String #36: package
String #37: platformBuildVersionCode
String #38: platformBuildVersionName
String #39: queries
String #40: uses-library
String #41: uses-permission
String #42: uses-sdk

09:35:02.296 detox[10756] [90mi[39m "C:\Users\carus\AppData\Local\Android\Sdk\platform-tools\adb.EXE" -s emulator-5554 shell "rm -fr /data/local/tmp/detox"
09:35:02.369 detox[10756] [90mi[39m 
09:35:02.369 detox[10756] [90mi[39m "C:\Users\carus\AppData\Local\Android\Sdk\platform-tools\adb.EXE" -s emulator-5554 shell "mkdir -p /data/local/tmp/detox"
09:35:02.417 detox[10756] [90mi[39m 
09:35:02.418 detox[10756] [90mi[39m "C:\Users\carus\AppData\Local\Android\Sdk\platform-tools\adb.EXE" -s emulator-5554 push "D:\Proyectos\SeguridadAPP\SeguridadCiudadanaApp\android\app\build\outputs\apk\debug\app-debug.apk" "/data/local/tmp/detox/Application.apk"
09:35:03.798 detox[10756] [90mi[39m D:\Proyectos\SeguridadAPP\SeguridadCiudadanaApp\android\app\build\outputs\apk\debug\app-debug.apk: 1 file pushed, 0 skipped. 264.3 MB/s (243016175 bytes in 0.877s)

09:35:03.799 detox[10756] [90mi[39m "C:\Users\carus\AppData\Local\Android\Sdk\platform-tools\adb.EXE" -s emulator-5554 shell "getprop ro.build.version.sdk"
09:35:03.879 detox[10756] [90mi[39m 36

09:35:03.884 detox[10756] [90mi[39m C:\Users\carus\AppData\Local\Android\Sdk\platform-tools\adb.EXE -s emulator-5554 shell pm install -r -g -t /data/local/tmp/detox/Application.apk
09:35:07.039 detox[10756] [90mi[39m Success

09:35:07.049 detox[10756] [90mi[39m C:\Users\carus\AppData\Local\Android\Sdk\platform-tools\adb.EXE -s emulator-5554 shell pm install -r -g -t /data/local/tmp/detox/Application.apk exited with code #0
09:35:07.049 detox[10756] [90mi[39m "C:\Users\carus\AppData\Local\Android\Sdk\platform-tools\adb.EXE" -s emulator-5554 push "D:\Proyectos\SeguridadAPP\SeguridadCiudadanaApp\android\app\build\outputs\apk\androidTest\debug\app-debug-androidTest.apk" "/data/local/tmp/detox/Test.apk"
09:35:07.117 detox[10756] [90mi[39m D:\Proyectos\SeguridadAPP\SeguridadCiudadanaApp\android\app\build\outputs\apk\androidTest\debug\app-debug-androidTest.apk: 1 file pushed, 0 skipped. 341.5 MB/s (4195111 bytes in 0.012s)

09:35:07.121 detox[10756] [90mi[39m C:\Users\carus\AppData\Local\Android\Sdk\platform-tools\adb.EXE -s emulator-5554 shell pm install -r -g -t /data/local/tmp/detox/Test.apk
09:35:07.986 detox[10756] [90mi[39m Success

09:35:07.992 detox[10756] [90mi[39m C:\Users\carus\AppData\Local\Android\Sdk\platform-tools\adb.EXE -s emulator-5554 shell pm install -r -g -t /data/local/tmp/detox/Test.apk exited with code #0
09:35:07.993 detox[10756] [90mB[39m reverseTcpPort
  args: (8081)
09:35:07.993 detox[10756] [90mi[39m "C:\Users\carus\AppData\Local\Android\Sdk\platform-tools\adb.EXE" -s emulator-5554 reverse tcp:8081 tcp:8081
09:35:08.024 detox[10756] [90mi[39m 
09:35:08.024 detox[10756] [90mE[39m reverseTcpPort
09:35:08.024 detox[10756] [90mE[39m installApp
09:35:08.024 detox[10756] [90mB[39m selectApp
  args: ("default")
09:35:08.025 detox[10756] [90mB[39m terminateApp
  args: ()
09:35:08.025 detox[10756] [90mB[39m onBeforeTerminateApp
  args: ({"deviceId":"emulator-5554","bundleId":"com.tuapp.seguritacapp"})
09:35:08.025 detox[10756] [90mE[39m onBeforeTerminateApp
09:35:08.025 detox[10756] [90mi[39m "C:\Users\carus\AppData\Local\Android\Sdk\platform-tools\adb.EXE" -s emulator-5554 shell "am force-stop com.tuapp.seguritacapp"
09:35:08.273 detox[10756] [90mi[39m 
09:35:08.273 detox[10756] [90mB[39m onTerminateApp
  args: ({"deviceId":"emulator-5554","bundleId":"com.tuapp.seguritacapp"})
09:35:08.273 detox[10756] [90mE[39m onTerminateApp
09:35:08.273 detox[10756] [90mE[39m terminateApp
09:35:08.273 detox[10756] [90mE[39m selectApp
09:35:08.274 detox[10756] [90mE[39m set up environment
09:35:08.571 detox[10756] [90mi[39m login.e2e.test.js is assigned to emulator-5554 (Pixel_4)
09:35:08.573 detox[10756] [90mB[39m run the tests
09:35:08.573 detox[10756] [90mB[39m onRunDescribeStart
  args: ({"name":"ROOT_DESCRIBE_BLOCK"})
09:35:08.574 detox[10756] [90mE[39m onRunDescribeStart
09:35:08.575 detox[10756] [90mB[39m beforeAll
09:35:08.579 detox[10756] [90mB[39m launchApp
  args: ({"newInstance":true,"launchArgs":{"detoxEnableSynchronization":0},"url":"exp+seguridadciudadanaapp://expo-development-client/?url=http%3A%2F%2F10.0.2.2%3A8081"})
09:35:08.580 detox[10756] [90mB[39m terminateApp
  args: ("com.tuapp.seguritacapp")
09:35:08.580 detox[10756] [90mB[39m onBeforeTerminateApp
  args: ({"deviceId":"emulator-5554","bundleId":"com.tuapp.seguritacapp"})
09:35:08.580 detox[10756] [90mE[39m onBeforeTerminateApp
09:35:08.580 detox[10756] [90mi[39m "C:\Users\carus\AppData\Local\Android\Sdk\platform-tools\adb.EXE" -s emulator-5554 shell "am force-stop com.tuapp.seguritacapp"
09:35:08.663 detox[10756] [90mi[39m 
09:35:08.663 detox[10756] [90mB[39m onTerminateApp
  args: ({"deviceId":"emulator-5554","bundleId":"com.tuapp.seguritacapp"})
09:35:08.663 detox[10756] [90mE[39m onTerminateApp
09:35:08.663 detox[10756] [90mE[39m terminateApp
09:35:08.664 detox[10756] [90mB[39m onBeforeLaunchApp
  args: ({"deviceId":"emulator-5554","bundleId":"com.tuapp.seguritacapp","launchArgs":{"detoxServer":"ws://localhost:49966","detoxSessionId":"2c1a7b2b-11ad-088c-4d63-2b2f6812b49e","detoxEnableSynchronization":0,"detoxURLOverride":"exp+seguridadciudadanaapp://expo-development-client/?url=http%3A%2F%2F10.0.2.2%3A8081"}})
09:35:08.664 detox[10756] [90mi[39m "C:\Users\carus\AppData\Local\Android\Sdk\platform-tools\adb.EXE" -s emulator-5554 shell "date +\"%m-%d %T.000\""
09:35:08.731 detox[10756] [90mi[39m 11-10 14:35:08.000

09:35:08.731 detox[10756] [90mE[39m onBeforeLaunchApp
09:35:08.732 detox[10756] [90mi[39m "C:\Users\carus\AppData\Local\Android\Sdk\platform-tools\adb.EXE" -s emulator-5554 reverse tcp:49966 tcp:49966
09:35:08.764 detox[10756] [90mi[39m 49966

09:35:08.764 detox[10756] [90mi[39m "C:\Users\carus\AppData\Local\Android\Sdk\platform-tools\adb.EXE" -s emulator-5554 shell "pm list instrumentation"
09:35:08.829 detox[10756] [90mi[39m instrumentation:com.tuapp.seguritacapp.test/androidx.test.runner.AndroidJUnitRunner (target=com.tuapp.seguritacapp)

09:35:08.834 detox[10756] [90mi[39m C:\Users\carus\AppData\Local\Android\Sdk\platform-tools\adb.EXE -s emulator-5554 shell am instrument -w -r -e detoxServer ws://localhost:49966 -e detoxSessionId 2c1a7b2b-11ad-088c-4d63-2b2f6812b49e -e detoxEnableSynchronization 0 -e detoxURLOverride 'exp+seguridadciudadanaapp://expo-development-client/?url=http%3A%2F%2F10.0.2.2%3A8081' -e debug false com.tuapp.seguritacapp.test/androidx.test.runner.AndroidJUnitRunner
09:35:09.348 detox[10756] [90mi[39m "C:\Users\carus\AppData\Local\Android\Sdk\platform-tools\adb.EXE" -s emulator-5554 shell "ps | grep \"com\.tuapp\.seguritacapp$\""
09:35:10.561 detox[10756] [90mi[39m u0_a225      13030   476   17349076 127260 0                   0 R com.tuapp.seguritacapp

09:35:10.561 detox[10756] [90mB[39m onLaunchApp
  args: ({"deviceId":"emulator-5554","bundleId":"com.tuapp.seguritacapp","launchArgs":{"detoxServer":"ws://localhost:49966","detoxSessionId":"2c1a7b2b-11ad-088c-4d63-2b2f6812b49e","detoxEnableSynchronization":0,"detoxURLOverride":"exp+seguridadciudadanaapp://expo-development-client/?url=http%3A%2F%2F10.0.2.2%3A8081"},"pid":13030})
09:35:10.562 detox[10756] [90mi[39m starting ADBLogcatRecording
09:35:10.566 detox[10756] [90mi[39m C:\Users\carus\AppData\Local\Android\Sdk\platform-tools\adb.EXE -s emulator-5554 shell "logcat -T \"11-10 14:35:08.000\" --pid=13030 -f /sdcard/9350399_0.log"
09:35:10.567 detox[10756] [90mE[39m onLaunchApp
09:35:10.875 detox[10756] [90mi[39m "C:\Users\carus\AppData\Local\Android\Sdk\platform-tools\adb.EXE" -s emulator-5554 shell du /sdcard/9350399_0.log
09:35:10.920 detox[10756] [90mi[39m 4	/sdcard/9350399_0.log

09:35:13.109 detox[10756] [90mi[39m INSTRUMENTATION_STATUS: class=com.tuapp.seguritacapp.DetoxTest
INSTRUMENTATION_STATUS: current=1
INSTRUMENTATION_STATUS: id=AndroidJUnitRunner
INSTRUMENTATION_STATUS: numtests=1
INSTRUMENTATION_STATUS: stream=
com.tuapp.seguritacapp.DetoxTest:
INSTRUMENTATION_STATUS: test=runDetoxTests
INSTRUMENTATION_STATUS_CODE: 1

09:35:13.206 detox[18128] [90mB[39m connection :49966<->:54250
09:35:13.210 detox[10756] [90mi[39m get message
  data: {"type":"appConnected"}
   
09:35:13.210 detox[18128] [90mi[39m get
  data: {"messageId":0,"type":"login","params":{"role":"app","sessionId":"2c1a7b2b-11ad-088c-4d63-2b2f6812b49e"}}
09:35:13.210 detox[18128] [90mi[39m send
  data: {
    "messageId": 0,
    "type": "loginSuccess",
    "params": {
      "testerConnected": true,
      "appConnected": true
    }
  }
09:35:13.210 detox[18128] [90mi[39m app joined session 2c1a7b2b-11ad-088c-4d63-2b2f6812b49e
09:35:13.210 detox[18128] [90mi[39m send
  data: {
    "type": "appConnected"
  }
09:35:13.212 detox[10756] [90mi[39m send message
  data: {"type":"isReady","params":{},"messageId":-1000}
09:35:13.212 detox[18128] [90mi[39m get
  data: {"type":"isReady","params":{},"messageId":-1000}
09:35:13.212 detox[18128] [90mi[39m send
  data: {
    "type": "isReady",
    "params": {},
    "messageId": -1000
  }
09:35:18.364 detox[10756] [90mi[39m get message
  data: {"messageId":-1000,"type":"ready","params":{}}
   
09:35:18.364 detox[18128] [90mi[39m get
  data: {"messageId":-1000,"type":"ready","params":{}}
09:35:18.364 detox[18128] [90mi[39m send
  data: {
    "messageId": -1000,
    "type": "ready",
    "params": {}
  }
09:35:18.365 detox[10756] [90mB[39m onAppReady
  args: ({"deviceId":"emulator-5554","bundleId":"com.tuapp.seguritacapp","pid":13030})
09:35:18.365 detox[10756] [90mE[39m onAppReady
09:35:18.365 detox[10756] [90mE[39m launchApp
09:35:20.374 detox[10756] [90mB[39m openURL
  args: ({"url":"exp+seguridadciudadanaapp://login"})
09:35:20.375 detox[10756] [90mi[39m send message
  data: {"type":"invoke","params":{"target":{"type":"Class","value":"com.wix.detox.Detox"},"method":"startActivityFromUrl","args":["exp+seguridadciudadanaapp://login"]},"messageId":1}
09:35:20.376 detox[18128] [90mi[39m get
  data: {"type":"invoke","params":{"target":{"type":"Class","value":"com.wix.detox.Detox"},"method":"startActivityFromUrl","args":["exp+seguridadciudadanaapp://login"]},"messageId":1}
09:35:20.376 detox[18128] [90mi[39m send
  data: {
    "type": "invoke",
    "params": {
      "target": {
        "type": "Class",
        "value": "com.wix.detox.Detox"
      },
      "method": "startActivityFromUrl",
      "args": [
        "exp+seguridadciudadanaapp://login"
      ]
    },
    "messageId": 1
  }
09:35:20.404 detox[10756] [90mi[39m get message
  data: {"messageId":1,"type":"testFailed","params":{"details":"Attempt to invoke virtual method 'java.lang.Class java.lang.Object.getClass()' on a null object reference\n","viewHierarchy":null}}
   
09:35:20.404 detox[18128] [90mi[39m get
  data: {"messageId":1,"type":"testFailed","params":{"details":"Attempt to invoke virtual method 'java.lang.Class java.lang.Object.getClass()' on a null object reference\n","viewHierarchy":null}}
09:35:20.404 detox[18128] [90mi[39m send
  data: {
    "messageId": 1,
    "type": "testFailed",
    "params": {
      "details": "Attempt to invoke virtual method 'java.lang.Class java.lang.Object.getClass()' on a null object reference\n",
      "viewHierarchy": null
    }
  }
09:35:20.405 detox[10756] [90mE[39m openURL
  error: Test Failed: Attempt to invoke virtual method 'java.lang.Class java.lang.Object.getClass()' on a null object reference
  
09:35:20.405 detox[10756] [90mE[39m beforeAll
09:35:20.405 detox[10756] [90mB[39m Login autoridad - flujo básico
09:35:20.405 detox[10756] [90mB[39m onRunDescribeStart
  args: ({"name":"Login autoridad - flujo básico"})
09:35:20.406 detox[10756] [90mE[39m onRunDescribeStart
09:35:20.407 detox[10756] [90mB[39m permite login y muestra el dashboard de autoridad
09:35:20.407 detox[10756] [90mi[39m Login autoridad - flujo básico: permite login y muestra el dashboard de autoridad
09:35:20.409 detox[10756] [90mB[39m onTestStart
  args: ({"title":"permite login y muestra el dashboard de autoridad","fullName":"Login autoridad - flujo básico permite login y muestra el dashboard de autoridad","status":"running","invocations":1})
09:35:20.409 detox[10756] [90mi[39m stopping ADBLogcatRecording
09:35:20.410 detox[10756] [90mi[39m starting ADBScreencapRecording
09:35:20.410 detox[10756] [90mi[39m "C:\Users\carus\AppData\Local\Android\Sdk\platform-tools\adb.EXE" -s emulator-5554 shell "screencap /sdcard/9350399_1.png"
09:35:20.418 detox[10756] [90mi[39m starting ADBVideoRecording
09:35:20.422 detox[10756] [90mi[39m C:\Users\carus\AppData\Local\Android\Sdk\platform-tools\adb.EXE -s emulator-5554 shell screenrecord /sdcard/9350399_2.mp4
09:35:20.422 detox[10756] [90mi[39m "C:\Users\carus\AppData\Local\Android\Sdk\platform-tools\adb.EXE" -s emulator-5554 shell "date +\"%m-%d %T.000\""
09:35:20.515 detox[10756] [90mi[39m 11-10 14:35:19.000

09:35:20.532 detox[10756] [90mi[39m sending SIGINT to: C:\Users\carus\AppData\Local\Android\Sdk\platform-tools\adb.EXE -s emulator-5554 shell logcat -T "11-10 14:35:08.000" --pid=13030 -f /sdcard/9350399_0.log
09:35:20.534 detox[10756] [90mi[39m C:\Users\carus\AppData\Local\Android\Sdk\platform-tools\adb.EXE -s emulator-5554 shell "logcat -T \"11-10 14:35:08.000\" --pid=13030 -f /sdcard/9350399_0.log" terminated with SIGINT
09:35:20.534 detox[10756] [90mi[39m starting ADBLogcatRecording
09:35:20.538 detox[10756] [90mi[39m C:\Users\carus\AppData\Local\Android\Sdk\platform-tools\adb.EXE -s emulator-5554 shell "logcat -T \"11-10 14:35:19.000\" --pid=13030 -f /sdcard/9350399_3.log"
09:35:20.736 detox[10756] [90mi[39m "C:\Users\carus\AppData\Local\Android\Sdk\platform-tools\adb.EXE" -s emulator-5554 shell du /sdcard/9350399_2.mp4
09:35:20.785 detox[10756] [90mi[39m 4	/sdcard/9350399_2.mp4

09:35:20.847 detox[10756] [90mi[39m "C:\Users\carus\AppData\Local\Android\Sdk\platform-tools\adb.EXE" -s emulator-5554 shell du /sdcard/9350399_3.log
09:35:20.903 detox[10756] [90mi[39m 4	/sdcard/9350399_3.log

09:35:21.093 detox[10756] [90mi[39m 
09:35:21.093 detox[10756] [90mi[39m stopping ADBScreencapRecording
09:35:21.093 detox[10756] [90mE[39m onTestStart
09:35:21.094 detox[10756] [90mB[39m beforeEach
09:35:21.094 detox[10756] [90mE[39m beforeEach
09:35:21.094 detox[10756] [90mB[39m test_fn
09:35:21.097 detox[10756] [90mi[39m send message
  data: {"type":"invoke","params":{"target":{"type":"Class","value":"com.wix.detox.espresso.DetoxAssertion"},"method":"waitForAssertMatcher","args":[{"type":"Invocation","value":{"target":{"type":"Class","value":"androidx.test.espresso.Espresso"},"method":"onView","args":[{"type":"Invocation","value":{"target":{"type":"Class","value":"com.wix.detox.espresso.DetoxMatcher"},"method":"matcherForShallowAccessibilityLabel","args":["login-email-input",{"type":"boolean","value":false}]}}]}},{"type":"Invocation","value":{"target":{"type":"Class","value":"com.wix.detox.espresso.DetoxMatcher"},"method":"matcherForSufficientlyVisible","args":[{"type":"Integer","value":75}]}},{"type":"Double","value":8}]},"messageId":2}
09:35:21.097 detox[18128] [90mi[39m get
  data: {"type":"invoke","params":{"target":{"type":"Class","value":"com.wix.detox.espresso.DetoxAssertion"},"method":"waitForAssertMatcher","args":[{"type":"Invocation","value":{"target":{"type":"Class","value":"androidx.test.espresso.Espresso"},"method":"onView","args":[{"type":"Invocation","value":{"target":{"type":"Class","value":"com.wix.detox.espresso.DetoxMatcher"},"method":"matcherForShallowAccessibilityLabel","args":["login-email-input",{"type":"boolean","value":false}]}}]}},{"type":"Invocation","value":{"target":{"type":"Class","value":"com.wix.detox.espresso.DetoxMatcher"},"method":"matcherForSufficientlyVisible","args":[{"type":"Integer","value":75}]}},{"type":"Double","value":8}]},"messageId":2}
09:35:21.097 detox[18128] [90mi[39m send
  data: {
    "type": "invoke",
    "params": {
      "target": {
        "type": "Class",
        "value": "com.wix.detox.espresso.DetoxAssertion"
      },
      "method": "waitForAssertMatcher",
      "args": [
        {
          "type": "Invocation",
          "value": {
            "target": {
              "type": "Class",
              "value": "androidx.test.espresso.Espresso"
            },
            "method": "onView",
            "args": [
              {
                "type": "Invocation",
                "value": {
                  "target": {
                    "type": "Class",
                    "value": "com.wix.detox.espresso.DetoxMatcher"
                  },
                  "method": "matcherForShallowAccessibilityLabel",
                  "args": [
                    "login-email-input",
                    {
                      "type": "boolean",
                      "value": false
                    }
                  ]
                }
              }
            ]
          }
        },
        {
          "type": "Invocation",
          "value": {
            "target": {
              "type": "Class",
              "value": "com.wix.detox.espresso.DetoxMatcher"
            },
            "method": "matcherForSufficientlyVisible",
            "args": [
              {
                "type": "Integer",
                "value": 75
              }
            ]
          }
        },
        {
          "type": "Double",
          "value": 8
        }
      ]
    },
    "messageId": 2
  }
09:35:21.098 detox[10756] [90mB[39m undefined with timeout (8000 ms)
  data: {
    "target": {
      "type": "Class",
      "value": "com.wix.detox.espresso.DetoxAssertion"
    },
    "method": "waitForAssertMatcher",
    "args": [
      {
        "type": "Invocation",
        "value": {
          "target": {
            "type": "Class",
            "value": "androidx.test.espresso.Espresso"
          },
          "method": "onView",
          "args": [
            {
              "type": "Invocation",
              "value": {
                "target": {
                  "type": "Class",
                  "value": "com.wix.detox.espresso.DetoxMatcher"
                },
                "method": "matcherForShallowAccessibilityLabel",
                "args": [
                  "login-email-input",
                  {
                    "type": "boolean",
                    "value": false
                  }
                ]
              }
            }
          ]
        }
      },
      {
        "type": "Invocation",
        "value": {
          "target": {
            "type": "Class",
            "value": "com.wix.detox.espresso.DetoxMatcher"
          },
          "method": "matcherForSufficientlyVisible",
          "args": [
            {
              "type": "Integer",
              "value": 75
            }
          ]
        }
      },
      {
        "type": "Double",
        "value": 8
      }
    ]
  }
09:35:29.155 detox[10756] [90mi[39m get message
  data: {"messageId":2,"type":"testFailed","params":{"details":"8.0sec timeout expired without matching of given matcher: (view has effective visibility <VISIBLE> and view.getGlobalVisibleRect() covers at least <75> percent of the view's area)\n","viewHierarchy":null}}
   
09:35:29.155 detox[10756] [90mE[39m undefined with timeout (8000 ms)
  error: Test Failed: 8.0sec timeout expired without matching of given matcher: (view has effective visibility <VISIBLE> and view.getGlobalVisibleRect() covers at least <75> percent of the view's area)
  
09:35:29.155 detox[10756] [90mB[39m onTestFnFailure
  args: ({"error":{"name":"DetoxRuntimeError"}})
09:35:29.155 detox[18128] [90mi[39m get
  data: {"messageId":2,"type":"testFailed","params":{"details":"8.0sec timeout expired without matching of given matcher: (view has effective visibility <VISIBLE> and view.getGlobalVisibleRect() covers at least <75> percent of the view's area)\n","viewHierarchy":null}}
09:35:29.155 detox[18128] [90mi[39m send
  data: {
    "messageId": 2,
    "type": "testFailed",
    "params": {
      "details": "8.0sec timeout expired without matching of given matcher: (view has effective visibility <VISIBLE> and view.getGlobalVisibleRect() covers at least <75> percent of the view's area)\n",
      "viewHierarchy": null
    }
  }
09:35:29.156 detox[10756] [90mi[39m starting ADBScreencapRecording
09:35:29.156 detox[10756] [90mi[39m "C:\Users\carus\AppData\Local\Android\Sdk\platform-tools\adb.EXE" -s emulator-5554 shell "screencap /sdcard/9350399_4.png"
09:35:29.525 detox[10756] [90mi[39m 
09:35:29.525 detox[10756] [90mi[39m stopping ADBScreencapRecording
09:35:29.525 detox[10756] [90mE[39m onTestFnFailure
09:35:29.525 detox[10756] [90mE[39m test_fn
  error: Test Failed: 8.0sec timeout expired without matching of given matcher: (view has effective visibility <VISIBLE> and view.getGlobalVisibleRect() covers at least <75> percent of the view's area)
  
09:35:29.527 detox[10756] [90mB[39m onTestDone
  args: ({"title":"permite login y muestra el dashboard de autoridad","fullName":"Login autoridad - flujo básico permite login y muestra el dashboard de autoridad","status":"failed","invocations":1,"timedOut":false})
09:35:29.527 detox[10756] [90mi[39m stopping ADBLogcatRecording
09:35:29.527 detox[10756] [90mi[39m starting ADBScreencapRecording
09:35:29.527 detox[10756] [90mi[39m "C:\Users\carus\AppData\Local\Android\Sdk\platform-tools\adb.EXE" -s emulator-5554 shell "screencap /sdcard/9350399_5.png"
09:35:29.534 detox[10756] [90mi[39m stopping ADBVideoRecording
09:35:29.535 detox[10756] [90mi[39m "C:\Users\carus\AppData\Local\Android\Sdk\platform-tools\adb.EXE" -s emulator-5554 shell "date +\"%m-%d %T.000\""
09:35:29.538 detox[10756] [90mi[39m sending SIGINT to: C:\Users\carus\AppData\Local\Android\Sdk\platform-tools\adb.EXE -s emulator-5554 shell screenrecord /sdcard/9350399_2.mp4
09:35:29.540 detox[10756] [90mi[39m C:\Users\carus\AppData\Local\Android\Sdk\platform-tools\adb.EXE -s emulator-5554 shell screenrecord /sdcard/9350399_2.mp4 terminated with SIGINT
09:35:29.557 detox[10756] [90mi[39m saving ADBVideoRecording to: e2e\artifacts\android.emu.debug.2025-11-10 14-34-58Z\✗ Login autoridad - flujo básico permite login y muestra el dashboard de autoridad\test.mp4
09:35:29.577 detox[10756] [90mi[39m 11-10 14:35:28.000

09:35:29.590 detox[10756] [90mi[39m sending SIGINT to: C:\Users\carus\AppData\Local\Android\Sdk\platform-tools\adb.EXE -s emulator-5554 shell logcat -T "11-10 14:35:19.000" --pid=13030 -f /sdcard/9350399_3.log
09:35:29.592 detox[10756] [90mi[39m C:\Users\carus\AppData\Local\Android\Sdk\platform-tools\adb.EXE -s emulator-5554 shell "logcat -T \"11-10 14:35:19.000\" --pid=13030 -f /sdcard/9350399_3.log" terminated with SIGINT
09:35:29.864 detox[10756] [90mi[39m 
09:35:29.864 detox[10756] [90mi[39m stopping ADBScreencapRecording
09:35:29.864 detox[10756] [90mE[39m onTestDone
09:35:29.865 detox[10756] [90mE[39m permite login y muestra el dashboard de autoridad
09:35:29.865 detox[10756] [90mi[39m Login autoridad - flujo básico: permite login y muestra el dashboard de autoridad [FAIL]
09:35:29.866 detox[10756] [90mB[39m onRunDescribeFinish
  args: ({"name":"Login autoridad - flujo básico"})
09:35:29.866 detox[10756] [90mE[39m onRunDescribeFinish
09:35:29.867 detox[10756] [90mE[39m Login autoridad - flujo básico
09:35:29.867 detox[10756] [90mB[39m afterAll
09:35:29.867 detox[10756] [90mE[39m afterAll
09:35:29.868 detox[10756] [90mB[39m onRunDescribeFinish
  args: ({"name":"ROOT_DESCRIBE_BLOCK"})
09:35:29.868 detox[10756] [90mE[39m onRunDescribeFinish
09:35:29.868 detox[10756] [90mE[39m run the tests
09:35:29.884 detox[10756] [90mB[39m tear down environment
09:35:29.885 detox[10756] [90mB[39m onBeforeCleanup
  args: ()
09:35:30.047 detox[10756] [90mi[39m "C:\Users\carus\AppData\Local\Android\Sdk\platform-tools\adb.EXE" -s emulator-5554 shell du /sdcard/9350399_2.mp4
09:35:30.083 detox[10756] [90mi[39m 604	/sdcard/9350399_2.mp4

09:35:30.083 detox[10756] [90mi[39m "C:\Users\carus\AppData\Local\Android\Sdk\platform-tools\adb.EXE" -s emulator-5554 pull "/sdcard/9350399_2.mp4" "e2e\artifacts\android.emu.debug.2025-11-10 14-34-58Z\✗ Login autoridad - flujo básico permite login y muestra el dashboard de autoridad\test.mp4"
09:35:30.129 detox[10756] [90mi[39m /sdcard/9350399_2.mp4: 1 file pulled, 0 skipped. 66.8 MB/s (604263 bytes in 0.009s)

09:35:30.129 detox[10756] [90mi[39m "C:\Users\carus\AppData\Local\Android\Sdk\platform-tools\adb.EXE" -s emulator-5554 shell "rm  \"/sdcard/9350399_2.mp4\""
09:35:30.181 detox[10756] [90mi[39m 
09:35:30.181 detox[10756] [90mi[39m saving ADBLogcatRecording to: e2e\artifacts\android.emu.debug.2025-11-10 14-34-58Z\✗ Login autoridad - flujo básico permite login y muestra el dashboard de autoridad\device.log
09:35:30.181 detox[10756] [90mi[39m "C:\Users\carus\AppData\Local\Android\Sdk\platform-tools\adb.EXE" -s emulator-5554 pull "/sdcard/9350399_3.log" "e2e\artifacts\android.emu.debug.2025-11-10 14-34-58Z\✗ Login autoridad - flujo básico permite login y muestra el dashboard de autoridad\device.log"
09:35:30.217 detox[10756] [90mi[39m /sdcard/9350399_3.log: 1 file pulled, 0 skipped. 35.8 MB/s (110592 bytes in 0.003s)

09:35:30.217 detox[10756] [90mi[39m "C:\Users\carus\AppData\Local\Android\Sdk\platform-tools\adb.EXE" -s emulator-5554 shell "rm  \"/sdcard/9350399_3.log\""
09:35:30.261 detox[10756] [90mi[39m 
09:35:30.262 detox[10756] [90mi[39m saving ADBLogcatRecording to: e2e\artifacts\android.emu.debug.2025-11-10 14-34-58Z\emulator-5554 2025-11-10 14-35-30Z.startup.log
09:35:30.262 detox[10756] [90mi[39m "C:\Users\carus\AppData\Local\Android\Sdk\platform-tools\adb.EXE" -s emulator-5554 pull "/sdcard/9350399_0.log" "e2e\artifacts\android.emu.debug.2025-11-10 14-34-58Z\emulator-5554 2025-11-10 14-35-30Z.startup.log"
09:35:30.299 detox[10756] [90mi[39m /sdcard/9350399_0.log: 1 file pulled, 0 skipped. 26.7 MB/s (86016 bytes in 0.003s)

09:35:30.299 detox[10756] [90mi[39m "C:\Users\carus\AppData\Local\Android\Sdk\platform-tools\adb.EXE" -s emulator-5554 shell "rm  \"/sdcard/9350399_0.log\""
09:35:30.348 detox[10756] [90mi[39m 
09:35:30.348 detox[10756] [90mi[39m saving ADBScreencapRecording to: e2e\artifacts\android.emu.debug.2025-11-10 14-34-58Z\✗ Login autoridad - flujo básico permite login y muestra el dashboard de autoridad\testStart.png
09:35:30.349 detox[10756] [90mi[39m "C:\Users\carus\AppData\Local\Android\Sdk\platform-tools\adb.EXE" -s emulator-5554 pull "/sdcard/9350399_1.png" "e2e\artifacts\android.emu.debug.2025-11-10 14-34-58Z\✗ Login autoridad - flujo básico permite login y muestra el dashboard de autoridad\testStart.png"
09:35:30.388 detox[10756] [90mi[39m /sdcard/9350399_1.png: 1 file pulled, 0 skipped. 45.2 MB/s (129798 bytes in 0.003s)

09:35:30.388 detox[10756] [90mi[39m "C:\Users\carus\AppData\Local\Android\Sdk\platform-tools\adb.EXE" -s emulator-5554 shell "rm  \"/sdcard/9350399_1.png\""
09:35:30.438 detox[10756] [90mi[39m 
09:35:30.439 detox[10756] [90mi[39m saving ADBScreencapRecording to: e2e\artifacts\android.emu.debug.2025-11-10 14-34-58Z\✗ Login autoridad - flujo básico permite login y muestra el dashboard de autoridad\testFnFailure.png
09:35:30.439 detox[10756] [90mi[39m "C:\Users\carus\AppData\Local\Android\Sdk\platform-tools\adb.EXE" -s emulator-5554 pull "/sdcard/9350399_4.png" "e2e\artifacts\android.emu.debug.2025-11-10 14-34-58Z\✗ Login autoridad - flujo básico permite login y muestra el dashboard de autoridad\testFnFailure.png"
09:35:30.476 detox[10756] [90mi[39m /sdcard/9350399_4.png: 1 file pulled, 0 skipped. 86.0 MB/s (284717 bytes in 0.003s)

09:35:30.476 detox[10756] [90mi[39m "C:\Users\carus\AppData\Local\Android\Sdk\platform-tools\adb.EXE" -s emulator-5554 shell "rm  \"/sdcard/9350399_4.png\""
09:35:30.525 detox[10756] [90mi[39m 
09:35:30.525 detox[10756] [90mi[39m saving ADBScreencapRecording to: e2e\artifacts\android.emu.debug.2025-11-10 14-34-58Z\✗ Login autoridad - flujo básico permite login y muestra el dashboard de autoridad\testDone.png
09:35:30.525 detox[10756] [90mi[39m "C:\Users\carus\AppData\Local\Android\Sdk\platform-tools\adb.EXE" -s emulator-5554 pull "/sdcard/9350399_5.png" "e2e\artifacts\android.emu.debug.2025-11-10 14-34-58Z\✗ Login autoridad - flujo básico permite login y muestra el dashboard de autoridad\testDone.png"
09:35:30.565 detox[10756] [90mi[39m /sdcard/9350399_5.png: 1 file pulled, 0 skipped. 71.9 MB/s (284717 bytes in 0.004s)

09:35:30.565 detox[10756] [90mi[39m "C:\Users\carus\AppData\Local\Android\Sdk\platform-tools\adb.EXE" -s emulator-5554 shell "rm  \"/sdcard/9350399_5.png\""
09:35:30.613 detox[10756] [90mi[39m 
09:35:30.614 detox[10756] [90mi[39m saving FileArtifact to: e2e\artifacts\android.emu.debug.2025-11-10 14-34-58Z\detox_pid_10756.json.log { append: true }
09:35:30.614 detox[10756] [90mi[39m saving FileArtifact to: e2e\artifacts\android.emu.debug.2025-11-10 14-34-58Z\detox_pid_10756.log { append: true }
09:35:30.614 detox[10756] [90mE[39m onBeforeCleanup
09:35:30.615 detox[10756] [90mi[39m send message
  data: {"type":"cleanup","params":{"stopRunner":false},"messageId":-49642}
09:35:30.616 detox[18128] [90mi[39m get
  data: {"type":"cleanup","params":{"stopRunner":false},"messageId":-49642}
09:35:30.616 detox[18128] [90mi[39m send
  data: {
    "type": "cleanup",
    "params": {
      "stopRunner": false
    },
    "messageId": -49642
  }
09:35:30.619 detox[10756] [90mi[39m get message
  data: {"messageId":-49642,"type":"cleanupDone","params":{}}
   
09:35:30.619 detox[18128] [90mi[39m get
  data: {"messageId":-49642,"type":"cleanupDone","params":{}}
09:35:30.619 detox[18128] [90mi[39m send
  data: {
    "messageId": -49642,
    "type": "cleanupDone",
    "params": {}
  }
09:35:30.622 detox[18128] [90mi[39m tester exited session 2c1a7b2b-11ad-088c-4d63-2b2f6812b49e
09:35:30.622 detox[18128] [90mi[39m send
  data: {
    "type": "testerDisconnected",
    "messageId": -1
  }
09:35:30.622 detox[18128] [90mE[39m connection :49966<->:49973
09:35:30.634 detox[10756] [90mi[39m sending SIGINT to: C:\Users\carus\AppData\Local\Android\Sdk\platform-tools\adb.EXE -s emulator-5554 shell am instrument -w -r -e detoxServer ws://localhost:49966 -e detoxSessionId 2c1a7b2b-11ad-088c-4d63-2b2f6812b49e -e detoxEnableSynchronization 0 -e detoxURLOverride 'exp+seguridadciudadanaapp://expo-development-client/?url=http%3A%2F%2F10.0.2.2%3A8081' -e debug false com.tuapp.seguritacapp.test/androidx.test.runner.AndroidJUnitRunner
09:35:30.636 detox[10756] [90mi[39m C:\Users\carus\AppData\Local\Android\Sdk\platform-tools\adb.EXE -s emulator-5554 shell am instrument -w -r -e detoxServer ws://localhost:49966 -e detoxSessionId 2c1a7b2b-11ad-088c-4d63-2b2f6812b49e -e detoxEnableSynchronization 0 -e detoxURLOverride 'exp+seguridadciudadanaapp://expo-development-client/?url=http%3A%2F%2F10.0.2.2%3A8081' -e debug false com.tuapp.seguritacapp.test/androidx.test.runner.AndroidJUnitRunner terminated with SIGINT
09:35:30.636 detox[10756] [90mi[39m "C:\Users\carus\AppData\Local\Android\Sdk\platform-tools\adb.EXE" -s emulator-5554 reverse --remove tcp:49966
09:35:30.644 detox[10756] [90mi[39m dispatching event to  primary-18128 /tmp/detox.primary-18128  :  deallocateDevice , {
  deviceCookie: {
    id: 'emulator-5554',
    adbName: 'emulator-5554',
    name: 'emulator-5554 (Pixel_4)'
  }
}
09:35:30.645 detox[18128] [90mi[39m received event of :  deallocateDevice {
  deviceCookie: {
    id: 'emulator-5554',
    adbName: 'emulator-5554',
    name: 'emulator-5554 (Pixel_4)'
  }
}
09:35:30.645 detox[18128] [90mB[39m free: emulator-5554
  data: {}
09:35:30.648 detox[10756] [90mi[39m ## received events ##
09:35:30.648 detox[10756] [90mi[39m detected event deallocateDeviceDone {}
09:35:30.648 detox[10756] [90mi[39m connection closed primary-18128 /tmp/detox.primary-18128 0 tries remaining of 0
09:35:30.648 detox[18128] [90mE[39m free: emulator-5554
09:35:30.648 detox[18128] [90mi[39m dispatching event to socket  :  deallocateDeviceDone {}
09:35:30.649 detox[10756] [90mi[39m secondary-10756 exceeded connection rety amount of  or stopRetrying flag set.
09:35:30.649 detox[10756] [90mE[39m tear down environment
09:35:30.649 detox[10756] [90mE[39m e2e\login.e2e.test.js
09:35:30.649 detox[18128] [90mi[39m socket disconnected secondary-10756
09:35:30.666 detox[10756] [90mi[39m 
09:35:30.777 detox[18128] [90mE[39m Command failed with exit code = 1:
DETOX_E2E="true" jest --config e2e/jest.config.js
09:35:30.778 detox[18128] [90mB[39m cleanup
  args: ()
09:35:30.780 detox[18128] [90mE[39m cleanup
09:35:30.781 detox[18128] [90mi[39m Detox server has been closed gracefully
09:35:30.782 detox[18128] [90mi[39m app exited session 2c1a7b2b-11ad-088c-4d63-2b2f6812b49e
09:35:30.782 detox[18128] [90mE[39m connection :49966<->:54250
09:35:30.783 detox[18128] [90mE[39m node_modules\detox\local-cli\cli.js test -c android.emu.debug --record-logs all --record-videos failing --artifacts-location e2e/artifacts --take-screenshots failing --headless
