11:06:53.541 detox[21216] [90mB[39m [33mlifecycle[39m node_modules\detox\local-cli\cli.js test --configuration android.emu.debug --config e2e/jest.config.js --record-logs all --record-videos all --take-screenshots all -l trace e2e/auth.fullflow.e2e.test.js
  data: {
    "id": "e8f8551b-db5f-f2dd-07c8-49dd78e7f9cd",
    "detoxConfig": {
      "configurationName": "android.emu.debug",
      "apps": {
        "default": {
          "type": "android.apk",
          "binaryPath": "android/app/build/outputs/apk/debug/app-debug.apk",
          "testBinaryPath": "android/app/build/outputs/apk/androidTest/debug/app-debug-androidTest.apk",
          "build": "cmd /C D:\\SeguridadAPP\\SeguridadCiudadanaApp\\android\\gradlew.bat -p D:\\SeguridadAPP\\SeguridadCiudadanaApp\\android assembleDebug assembleAndroidTest -DtestBuildType=debug"
        }
      },
      "artifacts": {
        "rootDir": "artifacts\\android.emu.debug.2025-11-14 16-06-53Z",
        "plugins": {
          "log": {
            "enabled": true,
            "keepOnlyFailedTestsArtifacts": false
          },
          "screenshot": {
            "enabled": true,
            "shouldTakeAutomaticSnapshots": true,
            "keepOnlyFailedTestsArtifacts": false
          },
          "video": {
            "enabled": true,
            "keepOnlyFailedTestsArtifacts": false
          },
          "instruments": {
            "enabled": false,
            "keepOnlyFailedTestsArtifacts": false
          },
          "uiHierarchy": {
            "enabled": false,
            "keepOnlyFailedTestsArtifacts": false
          }
        }
      },
      "behavior": {
        "init": {
          "keepLockFile": false,
          "reinstallApp": true,
          "exposeGlobals": true
        },
        "cleanup": {
          "shutdownDevice": false
        },
        "launchApp": "auto"
      },
      "cli": {
        "recordLogs": "all",
        "takeScreenshots": "all",
        "recordVideos": "all",
        "configuration": "android.emu.debug",
        "loglevel": "trace",
        "start": true
      },
      "commands": [
        {
          "appName": "default",
          "build": "cmd /C D:\\SeguridadAPP\\SeguridadCiudadanaApp\\android\\gradlew.bat -p D:\\SeguridadAPP\\SeguridadCiudadanaApp\\android assembleDebug assembleAndroidTest -DtestBuildType=debug"
        }
      ],
      "device": {
        "type": "android.emulator",
        "device": {
          "avdName": "Pixel_6_API34"
        }
      },
      "logger": {
        "level": "trace",
        "overrideConsole": true,
        "options": {
          "showLoggerName": true,
          "showPid": true,
          "showLevel": false,
          "showMetadata": false,
          "basepath": "D:\\SeguridadAPP\\SeguridadCiudadanaApp\\node_modules\\detox\\src",
          "prefixers": {},
          "stringifiers": {}
        }
      },
      "testRunner": {
        "retries": 0,
        "forwardEnv": true,
        "detached": false,
        "bail": false,
        "noRetryArgs": [
          "shard"
        ],
        "jest": {
          "setupTimeout": 300000,
          "teardownTimeout": 30000,
          "retryAfterCircusRetries": false,
          "reportWorkerAssign": true
        },
        "args": {
          "$0": "jest",
          "_": [
            "e2e/auth.fullflow.e2e.test.js"
          ],
          "config": "e2e/jest.config.js",
          "--": []
        }
      },
      "session": {
        "autoStart": true,
        "debugSynchronization": 10000
      }
    },
    "detoxIPCServer": "primary-21216",
    "testResults": [],
    "testSessionIndex": 0,
    "workersCount": 0
  }
11:06:53.564 detox[21216] [90mi[39m [33mipc[39m Server path not specified, so defaulting to ipc.config.socketRoot + ipc.config.appspace + ipc.config.id /tmp/detox.primary-21216
11:06:53.567 detox[21216] [90mi[39m [33mipc[39m starting server on  /tmp/detox.primary-21216 
11:06:53.568 detox[21216] [90mi[39m [33mipc[39m starting TLS server false
11:06:53.568 detox[21216] [90mi[39m [33mipc[39m starting server as Unix || Windows Socket
11:06:53.572 detox[21216] [90mi[39m [33mws-server[39m Detox server listening on localhost:64314...
11:06:53.577 detox[21216] [90mi[39m [33mlifecycle[39m Serialized the session state at: C:\Users\carus\AppData\Local\Temp\e8f8551b-db5f-f2dd-07c8-49dd78e7f9cd.detox.json
11:06:53.579 detox[21216] [90mB[39m [33mlifecycle[39m DETOX_CONFIGURATION="android.emu.debug" DETOX_LOGLEVEL="trace" DETOX_RECORD_LOGS="all" DETOX_RECORD_VIDEOS="all" DETOX_TAKE_SCREENSHOTS="all" jest --config e2e/jest.config.js e2e/auth.fullflow.e2e.test.js
11:06:54.626 detox[16036] [90mB[39m [33mlifecycle[39m e2e\auth.fullflow.e2e.test.js
11:06:54.662 detox[16036] [90mB[39m [33mlifecycle[39m set up environment
11:06:54.682 detox[16036] [90mi[39m [33mipc[39m Service path not specified, so defaulting to ipc.config.socketRoot + ipc.config.appspace + id 
11:06:54.683 detox[16036] [90mi[39m [33mipc[39m requested connection to  primary-21216 /tmp/detox.primary-21216
11:06:54.683 detox[16036] [90mi[39m [33mipc[39m Connecting client on Unix Socket : /tmp/detox.primary-21216
11:06:54.684 detox[21216] [90mi[39m [33mipc[39m ## socket connection to server detected ##
11:06:54.685 detox[16036] [90mi[39m [33mipc[39m retrying reset
11:06:54.687 detox[16036] [90mi[39m [33mipc[39m dispatching event to  primary-21216 /tmp/detox.primary-21216  :  registerContext , { id: 'secondary-16036' }
11:06:54.689 detox[21216] [90mi[39m [33mipc[39m received event of :  registerContext { id: 'secondary-16036' }
11:06:54.689 detox[21216] [90mi[39m [33mipc[39m dispatching event to socket  :  registerContextDone {
  testResults: [],
  testSessionIndex: 0,
  unsafe_earlyTeardown: undefined
}
11:06:54.691 detox[16036] [90mi[39m [33mipc[39m ## received events ##
11:06:54.692 detox[16036] [90mi[39m [33mipc[39m detected event registerContextDone { testResults: [], testSessionIndex: 0 }
11:06:54.692 detox[16036] [90mi[39m [33mipc[39m dispatching event to  primary-21216 /tmp/detox.primary-21216  :  registerWorker , { workerId: 'w1' }
11:06:54.692 detox[21216] [90mi[39m [33mipc[39m received event of :  registerWorker { workerId: 'w1' }
11:06:54.692 detox[21216] [90mi[39m [33mipc[39m dispatching event to socket  :  registerWorkerDone { workersCount: 1 }
11:06:54.692 detox[21216] [90mi[39m [33mipc[39m broadcasting event to all known sockets listening to  \\.\pipe\tmp-detox.primary-21216  :   sessionStateUpdate { workersCount: 1 }
11:06:54.693 detox[16036] [90mi[39m [33mipc[39m ## received events ##
11:06:54.694 detox[16036] [90mi[39m [33mipc[39m detected event registerWorkerDone { workersCount: 1 }
11:06:55.065 detox[16036] [90mi[39m [33mipc[39m ## received events ##
11:06:55.065 detox[16036] [90mi[39m [33mipc[39m detected event sessionStateUpdate { workersCount: 1 }
11:06:55.069 detox[21216] [90mB[39m [33mws-server[39m[33m@64315[39m connection :64314<->:64315
11:06:55.071 detox[16036] [90mi[39m [33mws-client[39m opened web socket to: ws://localhost:64314
11:06:55.074 detox[16036] [90mi[39m [33mws-client[39m send message
  data: {"type":"login","params":{"sessionId":"d50aa54e-1c41-a2b9-fbdd-3595a80d2c29","role":"tester"},"messageId":0}
11:06:55.074 detox[21216] [90mi[39m [33mws-server[39m[33m@64315[39m get
  data: {"type":"login","params":{"sessionId":"d50aa54e-1c41-a2b9-fbdd-3595a80d2c29","role":"tester"},"messageId":0}
11:06:55.075 detox[21216] [90mi[39m [33mws-server[39m created session d50aa54e-1c41-a2b9-fbdd-3595a80d2c29
11:06:55.075 detox[21216] [90mi[39m [33mws-server[39m[33m@64315[39m send
  data: {
    "type": "loginSuccess",
    "params": {
      "testerConnected": true,
      "appConnected": false
    },
    "messageId": 0
  }
11:06:55.076 detox[21216] [90mi[39m [33mws-server[39m tester joined session d50aa54e-1c41-a2b9-fbdd-3595a80d2c29
11:06:55.077 detox[16036] [90mi[39m [33mws-client[39m get message
  data: {"type":"loginSuccess","params":{"testerConnected":true,"appConnected":false},"messageId":0}
   
11:06:55.156 detox[16036] [90mi[39m [33mipc[39m dispatching event to  primary-21216 /tmp/detox.primary-21216  :  allocateDevice , {
  deviceConfig: { type: 'android.emulator', device: { avdName: 'Pixel_6_API34' } }
}
11:06:55.156 detox[21216] [90mi[39m [33mipc[39m received event of :  allocateDevice {
  deviceConfig: { type: 'android.emulator', device: { avdName: 'Pixel_6_API34' } }
}
11:06:55.213 detox[21216] [90mB[39m [33mdevice[39m init
  args: ()
11:06:55.218 detox[21216] [90mE[39m [33mdevice[39m init
11:06:55.218 detox[21216] [90mB[39m [33mdevice[39m[33m@0[39m allocate
  data: {
    "type": "android.emulator",
    "device": {
      "avdName": "Pixel_6_API34"
    }
  }
11:06:55.402 detox[21216] [90mi[39m [33mdevice[39m Detected emulator binary version { major: 36, minor: 2, patch: 12, toString: [Function: toString] }
11:06:55.404 detox[21216] [90mi[39m [33mchild-process[39m[90m:EXEC_CMD[39m "C:\Users\carus\AppData\Local\Android\Sdk\platform-tools\adb.EXE"  devices
11:06:55.432 detox[21216] [90mi[39m [33mchild-process[39m[90m:EXEC_SUCCESS[39m List of devices attached
emulator-15632	device


11:06:55.433 detox[21216] [90mi[39m [33mdevice[39m[90m:TELNET_CONNECTING[39m port: 15632, host: localhost
11:06:55.444 detox[21216] [90mi[39m [33mdevice[39m[90m:DEVICE_LOOKUP[39m Found a matching & free device emulator-15632
11:06:55.446 detox[21216] [90mi[39m [33mdevice[39m settled on emulator-15632 (Pixel_6_API34)
  data: {
    "id": "emulator-15632",
    "adbName": "emulator-15632",
    "name": "emulator-15632 (Pixel_6_API34)"
  }
11:06:55.446 detox[21216] [90mE[39m [33mdevice[39m[33m@0[39m allocate
11:06:55.446 detox[21216] [90mB[39m [33mdevice[39m[33m@0[39m post-allocate: emulator-15632
  data: {
    "id": "emulator-15632",
    "adbName": "emulator-15632",
    "name": "emulator-15632 (Pixel_6_API34)"
  }
11:06:55.446 detox[21216] [90mi[39m [33mchild-process[39m[90m:EXEC_CMD[39m "C:\Users\carus\AppData\Local\Android\Sdk\platform-tools\adb.EXE" -s emulator-15632 shell "getprop dev.bootcomplete"
11:06:55.484 detox[21216] [90mi[39m [33mchild-process[39m[90m:EXEC_SUCCESS[39m 1

11:06:55.485 detox[21216] [90mi[39m [33mchild-process[39m[90m:EXEC_CMD[39m "C:\Users\carus\AppData\Local\Android\Sdk\platform-tools\adb.EXE" -s emulator-15632 shell "getprop ro.build.version.sdk"
11:06:55.521 detox[21216] [90mi[39m [33mchild-process[39m[90m:EXEC_SUCCESS[39m 34

11:06:55.521 detox[21216] [90mi[39m [33mchild-process[39m[90m:EXEC_CMD[39m "C:\Users\carus\AppData\Local\Android\Sdk\platform-tools\adb.EXE" -s emulator-15632 shell "settings put global animator_duration_scale 0"
11:06:55.566 detox[21216] [90mi[39m [33mchild-process[39m[90m:EXEC_SUCCESS[39m 
11:06:55.566 detox[21216] [90mi[39m [33mchild-process[39m[90m:EXEC_CMD[39m "C:\Users\carus\AppData\Local\Android\Sdk\platform-tools\adb.EXE" -s emulator-15632 shell "settings put global window_animation_scale 0"
11:06:55.608 detox[21216] [90mi[39m [33mchild-process[39m[90m:EXEC_SUCCESS[39m 
11:06:55.609 detox[21216] [90mi[39m [33mchild-process[39m[90m:EXEC_CMD[39m "C:\Users\carus\AppData\Local\Android\Sdk\platform-tools\adb.EXE" -s emulator-15632 shell "settings put global transition_animation_scale 0"
11:06:55.650 detox[21216] [90mi[39m [33mchild-process[39m[90m:EXEC_SUCCESS[39m 
11:06:55.651 detox[21216] [90mi[39m [33mchild-process[39m[90m:EXEC_CMD[39m "C:\Users\carus\AppData\Local\Android\Sdk\platform-tools\adb.EXE" -s emulator-15632 shell "dumpsys power | grep \"^[ ]*m[UW].*=\""
11:06:55.728 detox[21216] [90mi[39m [33mchild-process[39m[90m:EXEC_SUCCESS[39m   mWakefulness=Awake
  mWakefulnessChanging=false
  mWakeLockSummary=0x0
  mWakeUpWhenPluggedOrUnpluggedConfig=false
  mWakeUpWhenPluggedOrUnpluggedInTheaterModeConfig=false
  mDreamsBatteryLevelMinimumWhenPoweredConfig=-1
  mDreamsBatteryLevelMinimumWhenNotPoweredConfig=15
  mScreenBrightnessOverrideFromWindowManager=NaN
  mUserActivityTimeoutOverrideFromWindowManager=-1
  mUserInactiveOverrideFromWindowManager=false
  mUserId=0
  mWakeLockSummary=0x0
  mUserInteractionBackoffMillis=60000

11:06:55.729 detox[21216] [90mE[39m [33mdevice[39m[33m@0[39m post-allocate: emulator-15632
11:06:55.729 detox[21216] [90mi[39m [33mipc[39m dispatching event to socket  :  allocateDeviceDone {
  deviceCookie: {
    id: 'emulator-15632',
    adbName: 'emulator-15632',
    name: 'emulator-15632 (Pixel_6_API34)'
  }
}
11:06:55.731 detox[16036] [90mi[39m [33mipc[39m ## received events ##
11:06:55.731 detox[16036] [90mi[39m [33mipc[39m detected event allocateDeviceDone {
  deviceCookie: {
    id: 'emulator-15632',
    adbName: 'emulator-15632',
    name: 'emulator-15632 (Pixel_6_API34)'
  }
}
11:06:55.782 detox[16036] [90mB[39m [33martifacts-manager[39m onBootDevice
  args: ({"deviceId":"emulator-15632"})
11:06:55.783 detox[16036] [90mE[39m [33martifacts-manager[39m onBootDevice
11:06:55.784 detox[16036] [90mB[39m [33mdevice[39m installUtilBinaries
  args: ()
11:06:55.785 detox[16036] [90mE[39m [33mdevice[39m installUtilBinaries
11:06:55.785 detox[16036] [90mB[39m [33mdevice[39m selectApp
  args: ("default")
11:06:55.789 detox[16036] [90mi[39m [33mchild-process[39m[90m:EXEC_CMD[39m "C:\Users\carus\AppData\Local\Android\Sdk\build-tools\36.1.0-rc1\aapt.EXE" dump badging "D:\SeguridadAPP\SeguridadCiudadanaApp\android\app\build\outputs\apk\debug\app-debug.apk"
11:06:55.817 detox[16036] [90mi[39m [33mchild-process[39m[90m:EXEC_SUCCESS[39m package: name='com.tuapp.seguritacapp' versionCode='1' versionName='1.0.0' platformBuildVersionName='15' platformBuildVersionCode='35' compileSdkVersion='35' compileSdkVersionCodename='15'
sdkVersion:'26'
targetSdkVersion:'34'
uses-permission: name='android.permission.SYSTEM_ALERT_WINDOW'
uses-permission: name='android.permission.ACCESS_COARSE_LOCATION'
uses-permission: name='android.permission.ACCESS_FINE_LOCATION'
uses-permission: name='android.permission.CAMERA'
uses-permission: name='android.permission.INTERNET'
uses-permission: name='android.permission.READ_EXTERNAL_STORAGE'
uses-permission: name='android.permission.RECORD_AUDIO'
uses-permission: name='android.permission.VIBRATE'
uses-permission: name='android.permission.WRITE_EXTERNAL_STORAGE'
uses-permission: name='android.permission.ACCESS_NETWORK_STATE'
uses-permission: name='android.permission.ACCESS_WIFI_STATE'
uses-permission: name='android.permission.READ_MEDIA_IMAGES'
uses-permission: name='android.permission.READ_MEDIA_VIDEO'
uses-permission: name='android.permission.READ_MEDIA_AUDIO'
uses-permission: name='android.permission.READ_MEDIA_VISUAL_USER_SELECTED'
uses-permission: name='android.permission.RECEIVE_BOOT_COMPLETED'
uses-permission: name='android.permission.POST_NOTIFICATIONS'
uses-permission: name='android.permission.USE_BIOMETRIC'
uses-permission: name='android.permission.USE_FINGERPRINT'
uses-permission: name='android.permission.WAKE_LOCK'
uses-permission: name='com.google.android.c2dm.permission.RECEIVE'
uses-permission: name='android.permission.FOREGROUND_SERVICE'
uses-permission: name='com.tuapp.seguritacapp.DYNAMIC_RECEIVER_NOT_EXPORTED_PERMISSION'
uses-permission: name='com.google.android.finsky.permission.BIND_GET_INSTALL_REFERRER_SERVICE'
uses-permission: name='com.google.android.providers.gsf.permission.READ_GSERVICES'
uses-permission: name='com.google.android.gms.permission.ACTIVITY_RECOGNITION'
uses-permission: name='com.sec.android.provider.badge.permission.READ'
uses-permission: name='com.sec.android.provider.badge.permission.WRITE'
uses-permission: name='com.htc.launcher.permission.READ_SETTINGS'
uses-permission: name='com.htc.launcher.permission.UPDATE_SHORTCUT'
uses-permission: name='com.sonyericsson.home.permission.BROADCAST_BADGE'
uses-permission: name='com.sonymobile.home.permission.PROVIDER_INSERT_BADGE'
uses-permission: name='com.anddoes.launcher.permission.UPDATE_COUNT'
uses-permission: name='com.majeur.launcher.permission.UPDATE_BADGE'
uses-permission: name='com.huawei.android.launcher.permission.CHANGE_BADGE'
uses-permission: name='com.huawei.android.launcher.permission.READ_SETTINGS'
uses-permission: name='com.huawei.android.launcher.permission.WRITE_SETTINGS'
uses-permission: name='android.permission.READ_APP_BADGE'
uses-permission: name='com.oppo.launcher.permission.READ_SETTINGS'
uses-permission: name='com.oppo.launcher.permission.WRITE_SETTINGS'
uses-permission: name='me.everything.badger.permission.BADGE_COUNT_READ'
uses-permission: name='me.everything.badger.permission.BADGE_COUNT_WRITE'
application-label:'SeguridadCiudadanaApp'
application-label-af:'SeguridadCiudadanaApp'
application-label-am:'SeguridadCiudadanaApp'
application-label-ar:'SeguridadCiudadanaApp'
application-label-as:'SeguridadCiudadanaApp'
application-label-az:'SeguridadCiudadanaApp'
application-label-be:'SeguridadCiudadanaApp'
application-label-bg:'SeguridadCiudadanaApp'
application-label-bn:'SeguridadCiudadanaApp'
application-label-bs:'SeguridadCiudadanaApp'
application-label-ca:'SeguridadCiudadanaApp'
application-label-cs:'SeguridadCiudadanaApp'
application-label-da:'SeguridadCiudadanaApp'
application-label-de:'SeguridadCiudadanaApp'
application-label-el:'SeguridadCiudadanaApp'
application-label-en-AU:'SeguridadCiudadanaApp'
application-label-en-CA:'SeguridadCiudadanaApp'
application-label-en-GB:'SeguridadCiudadanaApp'
application-label-en-IN:'SeguridadCiudadanaApp'
application-label-en-XC:'SeguridadCiudadanaApp'
application-label-es:'SeguridadCiudadanaApp'
application-label-es-419:'SeguridadCiudadanaApp'
application-label-es-ES:'SeguridadCiudadanaApp'
application-label-es-GT:'SeguridadCiudadanaApp'
application-label-es-US:'SeguridadCiudadanaApp'
application-label-et:'SeguridadCiudadanaApp'
application-label-eu:'SeguridadCiudadanaApp'
application-label-fa:'SeguridadCiudadanaApp'
application-label-fi:'SeguridadCiudadanaApp'
application-label-fr:'SeguridadCiudadanaApp'
application-label-fr-CA:'SeguridadCiudadanaApp'
application-label-gl:'SeguridadCiudadanaApp'
application-label-gu:'SeguridadCiudadanaApp'
application-label-he:'SeguridadCiudadanaApp'
application-label-hi:'SeguridadCiudadanaApp'
application-label-hr:'SeguridadCiudadanaApp'
application-label-hu:'SeguridadCiudadanaApp'
application-label-hy:'SeguridadCiudadanaApp'
application-label-id:'SeguridadCiudadanaApp'
application-label-in:'SeguridadCiudadanaApp'
application-label-is:'SeguridadCiudadanaApp'
application-label-it:'SeguridadCiudadanaApp'
application-label-iw:'SeguridadCiudadanaApp'
application-label-ja:'SeguridadCiudadanaApp'
application-label-ka:'SeguridadCiudadanaApp'
application-label-kk:'SeguridadCiudadanaApp'
application-label-km:'SeguridadCiudadanaApp'
application-label-kn:'SeguridadCiudadanaApp'
application-label-ko:'SeguridadCiudadanaApp'
application-label-ky:'SeguridadCiudadanaApp'
application-label-lo:'SeguridadCiudadanaApp'
application-label-lt:'SeguridadCiudadanaApp'
application-label-lv:'SeguridadCiudadanaApp'
application-label-mk:'SeguridadCiudadanaApp'
application-label-ml:'SeguridadCiudadanaApp'
application-label-mn:'SeguridadCiudadanaApp'
application-label-mr:'SeguridadCiudadanaApp'
application-label-ms:'SeguridadCiudadanaApp'
application-label-my:'SeguridadCiudadanaApp'
application-label-nb:'SeguridadCiudadanaApp'
application-label-ne:'SeguridadCiudadanaApp'
application-label-nl:'SeguridadCiudadanaApp'
application-label-or:'SeguridadCiudadanaApp'
application-label-pa:'SeguridadCiudadanaApp'
application-label-pl:'SeguridadCiudadanaApp'
application-label-pt:'SeguridadCiudadanaApp'
application-label-pt-BR:'SeguridadCiudadanaApp'
application-label-pt-PT:'SeguridadCiudadanaApp'
application-label-ro:'SeguridadCiudadanaApp'
application-label-ru:'SeguridadCiudadanaApp'
application-label-ru-RU:'SeguridadCiudadanaApp'
application-label-si:'SeguridadCiudadanaApp'
application-label-sk:'SeguridadCiudadanaApp'
application-label-sl:'SeguridadCiudadanaApp'
application-label-sq:'SeguridadCiudadanaApp'
application-label-sr:'SeguridadCiudadanaApp'
application-label-sr-Latn:'SeguridadCiudadanaApp'
application-label-sv:'SeguridadCiudadanaApp'
application-label-sw:'SeguridadCiudadanaApp'
application-label-ta:'SeguridadCiudadanaApp'
application-label-te:'SeguridadCiudadanaApp'
application-label-th:'SeguridadCiudadanaApp'
application-label-tl:'SeguridadCiudadanaApp'
application-label-tr:'SeguridadCiudadanaApp'
application-label-uk:'SeguridadCiudadanaApp'
application-label-ur:'SeguridadCiudadanaApp'
application-label-uz:'SeguridadCiudadanaApp'
application-label-vi:'SeguridadCiudadanaApp'
application-label-zh:'SeguridadCiudadanaApp'
application-label-zh-CN:'SeguridadCiudadanaApp'
application-label-zh-HK:'SeguridadCiudadanaApp'
application-label-zh-TW:'SeguridadCiudadanaApp'
application-label-zu:'SeguridadCiudadanaApp'
application-icon-120:'res/mipmap-anydpi-v26/ic_launcher.xml'
application-icon-160:'res/mipmap-anydpi-v26/ic_launcher.xml'
application-icon-240:'res/mipmap-anydpi-v26/ic_launcher.xml'
application-icon-320:'res/mipmap-anydpi-v26/ic_launcher.xml'
application-icon-480:'res/mipmap-anydpi-v26/ic_launcher.xml'
application-icon-640:'res/mipmap-anydpi-v26/ic_launcher.xml'
application-icon-65534:'res/mipmap-anydpi-v26/ic_launcher.xml'
application: label='SeguridadCiudadanaApp' icon='res/mipmap-anydpi-v26/ic_launcher.xml'
application-debuggable
launchable-activity: name='com.tuapp.seguritacapp.MainActivity'  label='' icon=''
uses-library-not-required:'org.apache.http.legacy'
uses-library-not-required:'androidx.camera.extensions.impl'
feature-group: label=''
  uses-gl-es: '0x20000'
  uses-feature: name='android.hardware.camera'
  uses-implied-feature: name='android.hardware.camera' reason='requested android.permission.CAMERA permission'
  uses-feature: name='android.hardware.faketouch'
  uses-implied-feature: name='android.hardware.faketouch' reason='default feature for all apps'
  uses-feature: name='android.hardware.location'
  uses-implied-feature: name='android.hardware.location' reason='requested android.permission.ACCESS_COARSE_LOCATION permission, and requested android.permission.ACCESS_FINE_LOCATION permission'
  uses-feature: name='android.hardware.microphone'
  uses-implied-feature: name='android.hardware.microphone' reason='requested android.permission.RECORD_AUDIO permission'
  uses-feature: name='android.hardware.screen.portrait'
  uses-implied-feature: name='android.hardware.screen.portrait' reason='one or more activities have specified a portrait orientation'
  uses-feature: name='android.hardware.wifi'
  uses-implied-feature: name='android.hardware.wifi' reason='requested android.permission.ACCESS_WIFI_STATE permission'
main
other-activities
other-receivers
other-services
supports-screens: 'small' 'normal' 'large' 'xlarge'
supports-any-density: 'true'
locales: '--_--' 'af' 'am' 'ar' 'as' 'az' 'be' 'bg' 'bn' 'bs' 'ca' 'cs' 'da' 'de' 'el' 'en-AU' 'en-CA' 'en-GB' 'en-IN' 'en-XC' 'es' 'es-419' 'es-ES' 'es-GT' 'es-US' 'et' 'eu' 'fa' 'fi' 'fr' 'fr-CA' 'gl' 'gu' 'he' 'hi' 'hr' 'hu' 'hy' 'id' 'in' 'is' 'it' 'iw' 'ja' 'ka' 'kk' 'km' 'kn' 'ko' 'ky' 'lo' 'lt' 'lv' 'mk' 'ml' 'mn' 'mr' 'ms' 'my' 'nb' 'ne' 'nl' 'or' 'pa' 'pl' 'pt' 'pt-BR' 'pt-PT' 'ro' 'ru' 'ru-RU' 'si' 'sk' 'sl' 'sq' 'sr' 'sr-Latn' 'sv' 'sw' 'ta' 'te' 'th' 'tl' 'tr' 'uk' 'ur' 'uz' 'vi' 'zh' 'zh-CN' 'zh-HK' 'zh-TW' 'zu'
densities: '120' '160' '240' '320' '480' '640' '65534'
native-code: 'arm64-v8a' 'armeabi-v7a' 'x86' 'x86_64'

11:06:55.820 detox[16036] [90mE[39m [33mdevice[39m selectApp
11:06:55.820 detox[16036] [90mB[39m [33mdevice[39m uninstallApp
  args: ()
11:06:55.820 detox[16036] [90mB[39m [33martifacts-manager[39m onBeforeUninstallApp
  args: ({"deviceId":"emulator-15632","bundleId":"com.tuapp.seguritacapp"})
11:06:55.821 detox[16036] [90mE[39m [33martifacts-manager[39m onBeforeUninstallApp
11:06:55.821 detox[16036] [90mi[39m [33mchild-process[39m[90m:EXEC_CMD[39m "C:\Users\carus\AppData\Local\Android\Sdk\platform-tools\adb.EXE" -s emulator-15632 shell "pm list packages com.tuapp.seguritacapp"
11:06:55.866 detox[16036] [90mi[39m [33mchild-process[39m[90m:EXEC_SUCCESS[39m package:com.tuapp.seguritacapp
package:com.tuapp.seguritacapp.test

11:06:55.866 detox[16036] [90mi[39m [33mchild-process[39m[90m:EXEC_CMD[39m "C:\Users\carus\AppData\Local\Android\Sdk\platform-tools\adb.EXE" -s emulator-15632 uninstall com.tuapp.seguritacapp
11:06:56.015 detox[16036] [90mi[39m [33mchild-process[39m[90m:EXEC_SUCCESS[39m Success

11:06:56.015 detox[16036] [90mi[39m [33mchild-process[39m[90m:EXEC_CMD[39m "C:\Users\carus\AppData\Local\Android\Sdk\platform-tools\adb.EXE" -s emulator-15632 shell "pm list packages com.tuapp.seguritacapp.test"
11:06:56.076 detox[16036] [90mi[39m [33mchild-process[39m[90m:EXEC_SUCCESS[39m package:com.tuapp.seguritacapp.test

11:06:56.076 detox[16036] [90mi[39m [33mchild-process[39m[90m:EXEC_CMD[39m "C:\Users\carus\AppData\Local\Android\Sdk\platform-tools\adb.EXE" -s emulator-15632 uninstall com.tuapp.seguritacapp.test
11:06:56.265 detox[16036] [90mi[39m [33mchild-process[39m[90m:EXEC_SUCCESS[39m Success

11:06:56.265 detox[16036] [90mE[39m [33mdevice[39m uninstallApp
11:06:56.266 detox[16036] [90mB[39m [33mdevice[39m selectApp
  args: ("default")
11:06:56.267 detox[16036] [90mB[39m [33mdevice[39m terminateApp
  args: ()
11:06:56.267 detox[16036] [90mB[39m [33martifacts-manager[39m onBeforeTerminateApp
  args: ({"deviceId":"emulator-15632","bundleId":"com.tuapp.seguritacapp"})
11:06:56.268 detox[16036] [90mE[39m [33martifacts-manager[39m onBeforeTerminateApp
11:06:56.268 detox[16036] [90mi[39m [33mchild-process[39m[90m:EXEC_CMD[39m "C:\Users\carus\AppData\Local\Android\Sdk\platform-tools\adb.EXE" -s emulator-15632 shell "am force-stop com.tuapp.seguritacapp"
11:06:56.351 detox[16036] [90mi[39m [33mchild-process[39m[90m:EXEC_SUCCESS[39m 
11:06:56.352 detox[16036] [90mB[39m [33martifacts-manager[39m onTerminateApp
  args: ({"deviceId":"emulator-15632","bundleId":"com.tuapp.seguritacapp"})
11:06:56.352 detox[16036] [90mE[39m [33martifacts-manager[39m onTerminateApp
11:06:56.353 detox[16036] [90mE[39m [33mdevice[39m terminateApp
11:06:56.353 detox[16036] [90mE[39m [33mdevice[39m selectApp
11:06:56.354 detox[16036] [90mB[39m [33mdevice[39m installApp
  args: ()
11:06:56.354 detox[16036] [90mi[39m [33mchild-process[39m[90m:EXEC_CMD[39m "C:\Users\carus\AppData\Local\Android\Sdk\build-tools\36.1.0-rc1\aapt.EXE" dump xmlstrings "D:\SeguridadAPP\SeguridadCiudadanaApp\android\app\build\outputs\apk\debug\app-debug.apk" AndroidManifest.xml
11:06:56.380 detox[16036] [90mi[39m [33mchild-process[39m[90m:EXEC_SUCCESS[39m String pool of 249 unique UTF-16 non-sorted strings, 249 entries and 0 styles using 20308 bytes:
String #0: theme
String #1: label
String #2: icon
String #3: name
String #4: permission
String #5: protectionLevel
String #6: enabled
String #7: debuggable
String #8: exported
String #9: taskAffinity
String #10: excludeFromRecents
String #11: authorities
String #12: initOrder
String #13: grantUriPermissions
String #14: priority
String #15: launchMode
String #16: screenOrientation
String #17: configChanges
String #18: value
String #19: resource
String #20: mimeType
String #21: scheme
String #22: host
String #23: minSdkVersion
String #24: versionCode
String #25: versionName
String #26: windowSoftInputMode
String #27: noHistory
String #28: targetSdkVersion
String #29: allowBackup
String #30: glEsVersion
String #31: required
String #32: supportsRtl
String #33: extractNativeLibs
String #34: usesCleartextTraffic
String #35: directBootAware
String #36: roundIcon
String #37: compileSdkVersion
String #38: compileSdkVersionCodename
String #39: appComponentFactory
String #40: foregroundServiceType
String #41: requestLegacyExternalStorage
String #42: 
String #43: */*
String #44: 1.0.0
String #45: 15
String #46: AIzaSyBdVl-cTICSwYKrZ95SuvNw7dbMuDt1KG0
String #47: ALWAYS
String #48: action
String #49: activity
String #50: android
String #51: android.intent.action.ACTION_POWER_CONNECTED
String #52: android.intent.action.ACTION_POWER_DISCONNECTED
String #53: android.intent.action.BATTERY_LOW
String #54: android.intent.action.BATTERY_OKAY
String #55: android.intent.action.BOOT_COMPLETED
String #56: android.intent.action.DEVICE_STORAGE_LOW
String #57: android.intent.action.DEVICE_STORAGE_OK
String #58: android.intent.action.GET_CONTENT
String #59: android.intent.action.MAIN
String #60: android.intent.action.MY_PACKAGE_REPLACED
String #61: android.intent.action.OPEN_DOCUMENT_TREE
String #62: android.intent.action.QUICKBOOT_POWERON
String #63: android.intent.action.REBOOT
String #64: android.intent.action.SEND
String #65: android.intent.action.TIMEZONE_CHANGED
String #66: android.intent.action.TIME_SET
String #67: android.intent.action.VIEW
String #68: android.intent.category.BROWSABLE
String #69: android.intent.category.DEFAULT
String #70: android.intent.category.LAUNCHER
String #71: android.intent.category.OPENABLE
String #72: android.media.action.ACTION_VIDEO_CAPTURE
String #73: android.media.action.IMAGE_CAPTURE
String #74: android.net.conn.CONNECTIVITY_CHANGE
String #75: android.permission.ACCESS_COARSE_LOCATION
String #76: android.permission.ACCESS_FINE_LOCATION
String #77: android.permission.ACCESS_NETWORK_STATE
String #78: android.permission.ACCESS_WIFI_STATE
String #79: android.permission.BIND_JOB_SERVICE
String #80: android.permission.CAMERA
String #81: android.permission.DUMP
String #82: android.permission.FOREGROUND_SERVICE
String #83: android.permission.INTERNET
String #84: android.permission.POST_NOTIFICATIONS
String #85: android.permission.READ_APP_BADGE
String #86: android.permission.READ_EXTERNAL_STORAGE
String #87: android.permission.READ_MEDIA_AUDIO
String #88: android.permission.READ_MEDIA_IMAGES
String #89: android.permission.READ_MEDIA_VIDEO
String #90: android.permission.READ_MEDIA_VISUAL_USER_SELECTED
String #91: android.permission.RECEIVE_BOOT_COMPLETED
String #92: android.permission.RECORD_AUDIO
String #93: android.permission.SYSTEM_ALERT_WINDOW
String #94: android.permission.USE_BIOMETRIC
String #95: android.permission.USE_FINGERPRINT
String #96: android.permission.VIBRATE
String #97: android.permission.WAKE_LOCK
String #98: android.permission.WRITE_EXTERNAL_STORAGE
String #99: android.support.FILE_PROVIDER_PATHS
String #100: android.support.customtabs.action.CustomTabsService
String #101: androidx.camera.camera2.Camera2Config$DefaultProvider
String #102: androidx.camera.core.impl.MetadataHolderService
String #103: androidx.camera.core.impl.MetadataHolderService.DEFAULT_CONFIG_PROVIDER
String #104: androidx.camera.extensions.action.VENDOR_ACTION
String #105: androidx.camera.extensions.impl
String #106: androidx.core.app.CoreComponentFactory
String #107: androidx.emoji2.text.EmojiCompatInitializer
String #108: androidx.lifecycle.ProcessLifecycleInitializer
String #109: androidx.profileinstaller.ProfileInstallReceiver
String #110: androidx.profileinstaller.ProfileInstallerInitializer
String #111: androidx.profileinstaller.action.BENCHMARK_OPERATION
String #112: androidx.profileinstaller.action.INSTALL_PROFILE
String #113: androidx.profileinstaller.action.SAVE_PROFILE
String #114: androidx.profileinstaller.action.SKIP_FILE
String #115: androidx.room.MultiInstanceInvalidationService
String #116: androidx.startup
String #117: androidx.startup.InitializationProvider
String #118: androidx.work.WorkManagerInitializer
String #119: androidx.work.diagnostics.REQUEST_DIAGNOSTICS
String #120: androidx.work.impl.background.systemalarm.ConstraintProxy$BatteryChargingProxy
String #121: androidx.work.impl.background.systemalarm.ConstraintProxy$BatteryNotLowProxy
String #122: androidx.work.impl.background.systemalarm.ConstraintProxy$NetworkStateProxy
String #123: androidx.work.impl.background.systemalarm.ConstraintProxy$StorageNotLowProxy
String #124: androidx.work.impl.background.systemalarm.ConstraintProxyUpdateReceiver
String #125: androidx.work.impl.background.systemalarm.RescheduleReceiver
String #126: androidx.work.impl.background.systemalarm.SystemAlarmService
String #127: androidx.work.impl.background.systemalarm.UpdateProxies
String #128: androidx.work.impl.background.systemjob.SystemJobService
String #129: androidx.work.impl.diagnostics.DiagnosticsReceiver
String #130: androidx.work.impl.foreground.SystemForegroundService
String #131: androidx.work.impl.utils.ForceStopRunnable$BroadcastReceiver
String #132: application
String #133: backend:com.google.android.datatransport.cct.CctBackendFactory
String #134: category
String #135: cct
String #136: com.anddoes.launcher.permission.UPDATE_COUNT
String #137: com.canhub.cropper.CropFileProvider
String #138: com.canhub.cropper.CropImageActivity
String #139: com.facebook.react.devsupport.DevSettingsActivity
String #140: com.facebook.soloader.enabled
String #141: com.google.android.apps.maps
String #142: com.google.android.c2dm.intent.RECEIVE
String #143: com.google.android.c2dm.permission.RECEIVE
String #144: com.google.android.c2dm.permission.SEND
String #145: com.google.android.datatransport.runtime.backends.TransportBackendDiscovery
String #146: com.google.android.datatransport.runtime.scheduling.jobscheduling.AlarmManagerSchedulerBroadcastReceiver
String #147: com.google.android.datatransport.runtime.scheduling.jobscheduling.JobInfoSchedulerService
String #148: com.google.android.finsky.permission.BIND_GET_INSTALL_REFERRER_SERVICE
String #149: com.google.android.geo.API_KEY
String #150: com.google.android.gms.cloudmessaging.FINISHED_AFTER_HANDLED
String #151: com.google.android.gms.common.api.GoogleApiActivity
String #152: com.google.android.gms.metadata.MODULE_DEPENDENCIES
String #153: com.google.android.gms.metadata.ModuleDependencies
String #154: com.google.android.gms.permission.ACTIVITY_RECOGNITION
String #155: com.google.android.gms.version
String #156: com.google.android.providers.gsf.permission.READ_GSERVICES
String #157: com.google.firebase.MESSAGING_EVENT
String #158: com.google.firebase.components.ComponentDiscoveryService
String #159: com.google.firebase.components.ComponentRegistrar
String #160: com.google.firebase.components:com.google.firebase.FirebaseCommonKtxRegistrar
String #161: com.google.firebase.components:com.google.firebase.datatransport.TransportRegistrar
String #162: com.google.firebase.components:com.google.firebase.installations.FirebaseInstallationsKtxRegistrar
String #163: com.google.firebase.components:com.google.firebase.installations.FirebaseInstallationsRegistrar
String #164: com.google.firebase.components:com.google.firebase.ktx.FirebaseCommonLegacyRegistrar
String #165: com.google.firebase.components:com.google.firebase.messaging.FirebaseMessagingKtxRegistrar
String #166: com.google.firebase.components:com.google.firebase.messaging.FirebaseMessagingRegistrar
String #167: com.google.firebase.components:com.google.mlkit.common.internal.CommonComponentRegistrar
String #168: com.google.firebase.components:com.google.mlkit.vision.barcode.internal.BarcodeRegistrar
String #169: com.google.firebase.components:com.google.mlkit.vision.common.internal.VisionCommonRegistrar
String #170: com.google.firebase.iid.FirebaseInstanceIdReceiver
String #171: com.google.firebase.messaging.FirebaseMessagingService
String #172: com.google.firebase.provider.FirebaseInitProvider
String #173: com.google.mlkit.common.internal.MlKitComponentDiscoveryService
String #174: com.google.mlkit.common.internal.MlKitInitProvider
String #175: com.htc.intent.action.QUICKBOOT_POWERON
String #176: com.htc.launcher.permission.READ_SETTINGS
String #177: com.htc.launcher.permission.UPDATE_SHORTCUT
String #178: com.huawei.android.launcher.permission.CHANGE_BADGE
String #179: com.huawei.android.launcher.permission.READ_SETTINGS
String #180: com.huawei.android.launcher.permission.WRITE_SETTINGS
String #181: com.majeur.launcher.permission.UPDATE_BADGE
String #182: com.oppo.launcher.permission.READ_SETTINGS
String #183: com.oppo.launcher.permission.WRITE_SETTINGS
String #184: com.reactnativecommunity.webview.RNCWebViewFileProvider
String #185: com.sec.android.provider.badge.permission.READ
String #186: com.sec.android.provider.badge.permission.WRITE
String #187: com.sonyericsson.home.permission.BROADCAST_BADGE
String #188: com.sonymobile.home.permission.PROVIDER_INSERT_BADGE
String #189: com.tuapp.seguritacapp
String #190: com.tuapp.seguritacapp.DYNAMIC_RECEIVER_NOT_EXPORTED_PERMISSION
String #191: com.tuapp.seguritacapp.FileSystemFileProvider
String #192: com.tuapp.seguritacapp.ImagePickerFileProvider
String #193: com.tuapp.seguritacapp.MainActivity
String #194: com.tuapp.seguritacapp.MainApplication
String #195: com.tuapp.seguritacapp.SharingFileProvider
String #196: com.tuapp.seguritacapp.androidx-startup
String #197: com.tuapp.seguritacapp.cropper.fileprovider
String #198: com.tuapp.seguritacapp.fileprovider
String #199: com.tuapp.seguritacapp.firebaseinitprovider
String #200: com.tuapp.seguritacapp.mlkitinitprovider
String #201: data
String #202: exp+seguridadciudadanaapp
String #203: expo-dev-launcher
String #204: expo-dev-menu
String #205: expo-development-client
String #206: expo.modules.adapters.react.apploader.RNHeadlessAppLoader
String #207: expo.modules.devlauncher.launcher.DevLauncherActivity
String #208: expo.modules.devlauncher.launcher.errors.DevLauncherErrorActivity
String #209: expo.modules.devmenu.DevMenuActivity
String #210: expo.modules.filesystem.FileSystemFileProvider
String #211: expo.modules.imagepicker.fileprovider.ImagePickerFileProvider
String #212: expo.modules.location.services.LocationTaskService
String #213: expo.modules.notifications.NOTIFICATION_EVENT
String #214: expo.modules.notifications.service.ExpoFirebaseMessagingService
String #215: expo.modules.notifications.service.NotificationForwarderActivity
String #216: expo.modules.notifications.service.NotificationsService
String #217: expo.modules.sharing.SharingFileProvider
String #218: expo.modules.updates.ENABLED
String #219: expo.modules.updates.EXPO_UPDATES_CHECK_ON_LAUNCH
String #220: expo.modules.updates.EXPO_UPDATES_LAUNCH_WAIT_MS
String #221: host.exp.exponent
String #222: http://schemas.android.com/apk/res/android
String #223: https
String #224: intent
String #225: intent-filter
String #226: io.nlopez.smartlocation.activity.providers.ActivityGooglePlayServicesProvider$ActivityRecognitionService
String #227: io.nlopez.smartlocation.geocoding.providers.AndroidGeocodingProvider$AndroidGeocodingService
String #228: io.nlopez.smartlocation.geofencing.providers.GeofencingGooglePlayServicesProvider$GeofencingService
String #229: manifest
String #230: me.everything.badger.permission.BADGE_COUNT_READ
String #231: me.everything.badger.permission.BADGE_COUNT_WRITE
String #232: meta-data
String #233: org.apache.http.legacy
String #234: org.unimodules.core.AppLoader#react-native-headless
String #235: package
String #236: permission
String #237: photopicker_activity:0:required
String #238: platformBuildVersionCode
String #239: platformBuildVersionName
String #240: provider
String #241: queries
String #242: receiver
String #243: seguridadciudadanaapp
String #244: service
String #245: uses-feature
String #246: uses-library
String #247: uses-permission
String #248: uses-sdk

11:06:56.383 detox[16036] [90mi[39m [33mchild-process[39m[90m:EXEC_CMD[39m "C:\Users\carus\AppData\Local\Android\Sdk\build-tools\36.1.0-rc1\aapt.EXE" dump xmlstrings "D:\SeguridadAPP\SeguridadCiudadanaApp\android\app\build\outputs\apk\androidTest\debug\app-debug-androidTest.apk" AndroidManifest.xml
11:06:56.408 detox[16036] [90mi[39m [33mchild-process[39m[90m:EXEC_SUCCESS[39m String pool of 43 unique UTF-16 non-sorted strings, 43 entries and 0 styles using 2140 bytes:
String #0: theme
String #1: label
String #2: name
String #3: debuggable
String #4: exported
String #5: priority
String #6: targetPackage
String #7: handleProfiling
String #8: functionalTest
String #9: minSdkVersion
String #10: targetSdkVersion
String #11: extractNativeLibs
String #12: compileSdkVersion
String #13: compileSdkVersionCodename
String #14: 15
String #15: Tests for com.tuapp.seguritacapp
String #16: activity
String #17: android
String #18: android.intent.category.LAUNCHER
String #19: android.permission.REORDER_TASKS
String #20: android.test.runner
String #21: androidx.test.core.app.InstrumentationActivityInvoker$BootstrapActivity
String #22: androidx.test.core.app.InstrumentationActivityInvoker$EmptyActivity
String #23: androidx.test.core.app.InstrumentationActivityInvoker$EmptyFloatingActivity
String #24: androidx.test.orchestrator
String #25: androidx.test.services
String #26: application
String #27: category
String #28: com.google.android.apps.common.testing.services
String #29: com.tuapp.seguritacapp
String #30: com.tuapp.seguritacapp.test
String #31: com.wix.detox.DetoxJUnitRunner
String #32: http://schemas.android.com/apk/res/android
String #33: instrumentation
String #34: intent-filter
String #35: manifest
String #36: package
String #37: platformBuildVersionCode
String #38: platformBuildVersionName
String #39: queries
String #40: uses-library
String #41: uses-permission
String #42: uses-sdk

11:06:56.409 detox[16036] [90mi[39m [33mchild-process[39m[90m:EXEC_CMD[39m "C:\Users\carus\AppData\Local\Android\Sdk\platform-tools\adb.EXE" -s emulator-15632 shell "rm -fr /data/local/tmp/detox"
11:06:56.457 detox[16036] [90mi[39m [33mchild-process[39m[90m:EXEC_SUCCESS[39m 
11:06:56.457 detox[16036] [90mi[39m [33mchild-process[39m[90m:EXEC_CMD[39m "C:\Users\carus\AppData\Local\Android\Sdk\platform-tools\adb.EXE" -s emulator-15632 shell "mkdir -p /data/local/tmp/detox"
11:06:56.504 detox[16036] [90mi[39m [33mchild-process[39m[90m:EXEC_SUCCESS[39m 
11:06:56.505 detox[16036] [90mi[39m [33mchild-process[39m[90m:EXEC_CMD[39m "C:\Users\carus\AppData\Local\Android\Sdk\platform-tools\adb.EXE" -s emulator-15632 push "D:\SeguridadAPP\SeguridadCiudadanaApp\android\app\build\outputs\apk\debug\app-debug.apk" "/data/local/tmp/detox/Application.apk"
11:06:57.273 detox[16036] [90mi[39m [33mchild-process[39m[90m:EXEC_SUCCESS[39m D:\SeguridadAPP\SeguridadCiudadanaApp\android\app\build\outputs\apk\debug\app-debug.apk: 1 file pushed, 0 skipped. 251.1 MB/s (170876961 bytes in 0.649s)

11:06:57.273 detox[16036] [90mi[39m [33mchild-process[39m[90m:EXEC_CMD[39m "C:\Users\carus\AppData\Local\Android\Sdk\platform-tools\adb.EXE" -s emulator-15632 shell "getprop ro.build.version.sdk"
11:06:57.313 detox[16036] [90mi[39m [33mchild-process[39m[90m:EXEC_SUCCESS[39m 34

11:06:57.318 detox[16036] [90mi[39m [33mchild-process[39m[90m:SPAWN_CMD[39m C:\Users\carus\AppData\Local\Android\Sdk\platform-tools\adb.EXE -s emulator-15632 shell pm install -r -g -t /data/local/tmp/detox/Application.apk
11:06:58.038 detox[16036] [90mi[39m [33mchild-process[39m[90m:SPAWN_STDOUT[39m Success

11:06:58.042 detox[16036] [90mi[39m [33mchild-process[39m[90m:SPAWN_END[39m C:\Users\carus\AppData\Local\Android\Sdk\platform-tools\adb.EXE -s emulator-15632 shell pm install -r -g -t /data/local/tmp/detox/Application.apk exited with code #0
11:06:58.043 detox[16036] [90mi[39m [33mchild-process[39m[90m:EXEC_CMD[39m "C:\Users\carus\AppData\Local\Android\Sdk\platform-tools\adb.EXE" -s emulator-15632 push "D:\SeguridadAPP\SeguridadCiudadanaApp\android\app\build\outputs\apk\androidTest\debug\app-debug-androidTest.apk" "/data/local/tmp/detox/Test.apk"
11:06:58.096 detox[16036] [90mi[39m [33mchild-process[39m[90m:EXEC_SUCCESS[39m D:\SeguridadAPP\SeguridadCiudadanaApp\android\app\build\outputs\apk\androidTest\debug\app-debug-androidTest.apk: 1 file pushed, 0 skipped. 338.4 MB/s (4218863 bytes in 0.012s)

11:06:58.101 detox[16036] [90mi[39m [33mchild-process[39m[90m:SPAWN_CMD[39m C:\Users\carus\AppData\Local\Android\Sdk\platform-tools\adb.EXE -s emulator-15632 shell pm install -r -g -t /data/local/tmp/detox/Test.apk
11:06:58.275 detox[16036] [90mi[39m [33mchild-process[39m[90m:SPAWN_STDOUT[39m Success

11:06:58.278 detox[16036] [90mi[39m [33mchild-process[39m[90m:SPAWN_END[39m C:\Users\carus\AppData\Local\Android\Sdk\platform-tools\adb.EXE -s emulator-15632 shell pm install -r -g -t /data/local/tmp/detox/Test.apk exited with code #0
11:06:58.279 detox[16036] [90mE[39m [33mdevice[39m installApp
11:06:58.279 detox[16036] [90mB[39m [33mdevice[39m selectApp
  args: ("default")
11:06:58.280 detox[16036] [90mB[39m [33mdevice[39m terminateApp
  args: ()
11:06:58.280 detox[16036] [90mB[39m [33martifacts-manager[39m onBeforeTerminateApp
  args: ({"deviceId":"emulator-15632","bundleId":"com.tuapp.seguritacapp"})
11:06:58.280 detox[16036] [90mE[39m [33martifacts-manager[39m onBeforeTerminateApp
11:06:58.280 detox[16036] [90mi[39m [33mchild-process[39m[90m:EXEC_CMD[39m "C:\Users\carus\AppData\Local\Android\Sdk\platform-tools\adb.EXE" -s emulator-15632 shell "am force-stop com.tuapp.seguritacapp"
11:06:58.334 detox[16036] [90mi[39m [33mchild-process[39m[90m:EXEC_SUCCESS[39m 
11:06:58.334 detox[16036] [90mB[39m [33martifacts-manager[39m onTerminateApp
  args: ({"deviceId":"emulator-15632","bundleId":"com.tuapp.seguritacapp"})
11:06:58.334 detox[16036] [90mE[39m [33martifacts-manager[39m onTerminateApp
11:06:58.335 detox[16036] [90mE[39m [33mdevice[39m terminateApp
11:06:58.335 detox[16036] [90mE[39m [33mdevice[39m selectApp
11:06:58.335 detox[16036] [90mE[39m [33mlifecycle[39m set up environment
11:06:58.818 detox[16036] [90mi[39m [33mlifecycle[39m auth.fullflow.e2e.test.js is assigned to emulator-15632 (Pixel_6_API34)
11:06:58.819 detox[16036] [90mB[39m [33mlifecycle[39m run the tests
11:06:58.819 detox[16036] [90mB[39m [33martifacts-manager[39m onRunDescribeStart
  args: ({"name":"ROOT_DESCRIBE_BLOCK"})
11:06:58.820 detox[16036] [90mE[39m [33martifacts-manager[39m onRunDescribeStart
11:06:58.821 detox[16036] [90mB[39m [33mlifecycle[39m beforeAll
11:06:58.823 detox[16036] [90mB[39m [33mdevice[39m reverseTcpPort
  args: (8081)
11:06:58.824 detox[16036] [90mi[39m [33mchild-process[39m[90m:EXEC_CMD[39m "C:\Users\carus\AppData\Local\Android\Sdk\platform-tools\adb.EXE" -s emulator-15632 reverse tcp:8081 tcp:8081
11:06:58.855 detox[16036] [90mi[39m [33mchild-process[39m[90m:EXEC_SUCCESS[39m 
11:06:58.855 detox[16036] [90mE[39m [33mdevice[39m reverseTcpPort
11:06:58.856 detox[16036] [90mB[39m [33mdevice[39m launchApp
  args: ({"newInstance":true,"launchArgs":{"detoxEnableSynchronization":0},"url":"seguridadciudadanaapp://expo-development-client/?url=http%3A%2F%2Flocalhost%3A8081&role=ciudadano&disableBypass=1"})
11:06:58.857 detox[16036] [90mB[39m [33mdevice[39m terminateApp
  args: ("com.tuapp.seguritacapp")
11:06:58.857 detox[16036] [90mB[39m [33martifacts-manager[39m onBeforeTerminateApp
  args: ({"deviceId":"emulator-15632","bundleId":"com.tuapp.seguritacapp"})
11:06:58.857 detox[16036] [90mE[39m [33martifacts-manager[39m onBeforeTerminateApp
11:06:58.858 detox[16036] [90mi[39m [33mchild-process[39m[90m:EXEC_CMD[39m "C:\Users\carus\AppData\Local\Android\Sdk\platform-tools\adb.EXE" -s emulator-15632 shell "am force-stop com.tuapp.seguritacapp"
11:06:58.905 detox[16036] [90mi[39m [33mchild-process[39m[90m:EXEC_SUCCESS[39m 
11:06:58.905 detox[16036] [90mB[39m [33martifacts-manager[39m onTerminateApp
  args: ({"deviceId":"emulator-15632","bundleId":"com.tuapp.seguritacapp"})
11:06:58.906 detox[16036] [90mE[39m [33martifacts-manager[39m onTerminateApp
11:06:58.906 detox[16036] [90mE[39m [33mdevice[39m terminateApp
11:06:58.907 detox[16036] [90mB[39m [33martifacts-manager[39m onBeforeLaunchApp
  args: ({"deviceId":"emulator-15632","bundleId":"com.tuapp.seguritacapp","launchArgs":{"detoxServer":"ws://localhost:64314","detoxSessionId":"d50aa54e-1c41-a2b9-fbdd-3595a80d2c29","detoxEnableSynchronization":0,"detoxURLOverride":"seguridadciudadanaapp://expo-development-client/?url=http%3A%2F%2Flocalhost%3A8081&role=ciudadano&disableBypass=1"}})
11:06:58.907 detox[16036] [90mi[39m [33mchild-process[39m[90m:EXEC_CMD[39m "C:\Users\carus\AppData\Local\Android\Sdk\platform-tools\adb.EXE" -s emulator-15632 shell "date +\"%m-%d %T.000\""
11:06:58.952 detox[16036] [90mi[39m [33mchild-process[39m[90m:EXEC_SUCCESS[39m 11-14 16:06:58.000

11:06:58.952 detox[16036] [90mE[39m [33martifacts-manager[39m onBeforeLaunchApp
11:06:58.952 detox[16036] [90mi[39m [33mchild-process[39m[90m:EXEC_CMD[39m "C:\Users\carus\AppData\Local\Android\Sdk\platform-tools\adb.EXE" -s emulator-15632 reverse tcp:64314 tcp:64314
11:06:58.984 detox[16036] [90mi[39m [33mchild-process[39m[90m:EXEC_SUCCESS[39m 64314

11:06:58.985 detox[16036] [90mi[39m [33mchild-process[39m[90m:EXEC_CMD[39m "C:\Users\carus\AppData\Local\Android\Sdk\platform-tools\adb.EXE" -s emulator-15632 shell "pm list instrumentation"
11:06:59.027 detox[16036] [90mi[39m [33mchild-process[39m[90m:EXEC_SUCCESS[39m instrumentation:com.tuapp.seguritacapp.test/com.wix.detox.DetoxJUnitRunner (target=com.tuapp.seguritacapp)

11:06:59.032 detox[16036] [90mi[39m [33mchild-process[39m[90m:SPAWN_CMD[39m C:\Users\carus\AppData\Local\Android\Sdk\platform-tools\adb.EXE -s emulator-15632 shell am instrument -w -r -e detoxServer ws://localhost:64314 -e detoxSessionId d50aa54e-1c41-a2b9-fbdd-3595a80d2c29 -e detoxEnableSynchronization 0 -e detoxURLOverride 'seguridadciudadanaapp://expo-development-client/?url=http%3A%2F%2Flocalhost%3A8081&role=ciudadano&disableBypass=1' -e debug false com.tuapp.seguritacapp.test/com.wix.detox.DetoxJUnitRunner
11:06:59.540 detox[16036] [90mi[39m [33mchild-process[39m[90m:EXEC_CMD[39m "C:\Users\carus\AppData\Local\Android\Sdk\platform-tools\adb.EXE" -s emulator-15632 shell "ps | grep \"com\.tuapp\.seguritacapp$\""
11:06:59.607 detox[16036] [90mi[39m [33mchild-process[39m[90m:EXEC_SUCCESS[39m u0_a198       8223   356   14668300  94916 0                   0 R com.tuapp.seguritacapp

11:06:59.607 detox[16036] [90mB[39m [33martifacts-manager[39m onLaunchApp
  args: ({"deviceId":"emulator-15632","bundleId":"com.tuapp.seguritacapp","launchArgs":{"detoxServer":"ws://localhost:64314","detoxSessionId":"d50aa54e-1c41-a2b9-fbdd-3595a80d2c29","detoxEnableSynchronization":0,"detoxURLOverride":"seguridadciudadanaapp://expo-development-client/?url=http%3A%2F%2Flocalhost%3A8081&role=ciudadano&disableBypass=1"},"pid":8223})
11:06:59.608 detox[16036] [90mi[39m [33martifact[39m[90m:ARTIFACT_START[39m starting ADBLogcatRecording
11:06:59.612 detox[16036] [90mi[39m [33mchild-process[39m[90m:SPAWN_CMD[39m C:\Users\carus\AppData\Local\Android\Sdk\platform-tools\adb.EXE -s emulator-15632 shell "logcat -T \"11-14 16:06:58.000\" --pid=8223 -f /sdcard/11655139_0.log"
11:06:59.612 detox[16036] [90mE[39m [33martifacts-manager[39m onLaunchApp
11:06:59.913 detox[16036] [90mi[39m [33mchild-process[39m[90m:EXEC_CMD[39m "C:\Users\carus\AppData\Local\Android\Sdk\platform-tools\adb.EXE" -s emulator-15632 shell du /sdcard/11655139_0.log
11:06:59.955 detox[16036] [90mi[39m [33mchild-process[39m[90m:EXEC_SUCCESS[39m 4	/sdcard/11655139_0.log

11:07:00.942 detox[16036] [90mi[39m [33mchild-process[39m[90m:SPAWN_STDOUT[39m INSTRUMENTATION_STATUS: class=com.tuapp.seguritacapp.DetoxTest
INSTRUMENTATION_STATUS: current=1
INSTRUMENTATION_STATUS: id=AndroidJUnitRunner
INSTRUMENTATION_STATUS: numtests=1
INSTRUMENTATION_STATUS: stream=
com.tuapp.seguritacapp.DetoxTest:
INSTRUMENTATION_STATUS: test=runDetoxTests
INSTRUMENTATION_STATUS_CODE: 1

11:07:00.989 detox[21216] [90mB[39m [33mws-server[39m[33m@64409[39m connection :64314<->:64409
11:07:00.993 detox[21216] [90mi[39m [33mws-server[39m[33m@64409[39m get
  data: {"messageId":0,"type":"login","params":{"role":"app","sessionId":"d50aa54e-1c41-a2b9-fbdd-3595a80d2c29"}}
11:07:00.993 detox[21216] [90mi[39m [33mws-server[39m[33m@64409[39m send
  data: {
    "messageId": 0,
    "type": "loginSuccess",
    "params": {
      "testerConnected": true,
      "appConnected": true
    }
  }
11:07:00.994 detox[21216] [90mi[39m [33mws-server[39m app joined session d50aa54e-1c41-a2b9-fbdd-3595a80d2c29
11:07:00.994 detox[21216] [90mi[39m [33mws-server[39m[33m@64315[39m send
  data: {
    "type": "appConnected"
  }
11:07:00.995 detox[16036] [90mi[39m [33mws-client[39m get message
  data: {"type":"appConnected"}
   
11:07:00.996 detox[21216] [90mi[39m [33mws-server[39m[33m@64315[39m get
  data: {"type":"isReady","params":{},"messageId":-1000}
11:07:00.997 detox[16036] [90mi[39m [33mws-client[39m send message
  data: {"type":"isReady","params":{},"messageId":-1000}
11:07:00.997 detox[21216] [90mi[39m [33mws-server[39m[33m@64409[39m send
  data: {
    "type": "isReady",
    "params": {},
    "messageId": -1000
  }
11:07:02.327 detox[21216] [90mi[39m [33mws-server[39m[33m@64409[39m get
  data: {"messageId":-1000,"type":"ready","params":{}}
11:07:02.328 detox[21216] [90mi[39m [33mws-server[39m[33m@64315[39m send
  data: {
    "messageId": -1000,
    "type": "ready",
    "params": {}
  }
11:07:02.329 detox[16036] [90mi[39m [33mws-client[39m get message
  data: {"messageId":-1000,"type":"ready","params":{}}
   
11:07:02.329 detox[16036] [90mB[39m [33martifacts-manager[39m onAppReady
  args: ({"deviceId":"emulator-15632","bundleId":"com.tuapp.seguritacapp","pid":8223})
11:07:02.330 detox[16036] [90mE[39m [33martifacts-manager[39m onAppReady
11:07:02.330 detox[16036] [90mE[39m [33mdevice[39m launchApp
11:07:32.354 detox[16036] [90mE[39m [33mlifecycle[39m beforeAll
11:07:32.355 detox[16036] [90mB[39m [33mlifecycle[39m Autenticación - Flujo completo en un solo test
11:07:32.355 detox[16036] [90mB[39m [33martifacts-manager[39m onRunDescribeStart
  args: ({"name":"Autenticación - Flujo completo en un solo test"})
11:07:32.356 detox[16036] [90mE[39m [33martifacts-manager[39m onRunDescribeStart
11:07:32.357 detox[16036] [90mB[39m [33mlifecycle[39m ejecuta login, validaciones, negativos, persistencia y logout
11:07:32.357 detox[16036] [90mi[39m [33mlifecycle[39m Autenticación - Flujo completo en un solo test: ejecuta login, validaciones, negativos, persistencia y logout
11:07:32.359 detox[16036] [90mB[39m [33martifacts-manager[39m onTestStart
  args: ({"title":"ejecuta login, validaciones, negativos, persistencia y logout","fullName":"Autenticación - Flujo completo en un solo test ejecuta login, validaciones, negativos, persistencia y logout","status":"running","invocations":1})
11:07:32.360 detox[16036] [90mi[39m [33martifact[39m[90m:ARTIFACT_STOP[39m stopping ADBLogcatRecording
11:07:32.360 detox[16036] [90mi[39m [33martifact[39m[90m:ARTIFACT_START[39m starting ADBScreencapRecording
11:07:32.360 detox[16036] [90mi[39m [33mchild-process[39m[90m:EXEC_CMD[39m "C:\Users\carus\AppData\Local\Android\Sdk\platform-tools\adb.EXE" -s emulator-15632 shell "screencap /sdcard/11655139_1.png"
11:07:32.368 detox[16036] [90mi[39m [33martifact[39m[90m:ARTIFACT_START[39m starting ADBVideoRecording
11:07:32.374 detox[16036] [90mi[39m [33mchild-process[39m[90m:SPAWN_CMD[39m C:\Users\carus\AppData\Local\Android\Sdk\platform-tools\adb.EXE -s emulator-15632 shell screenrecord /sdcard/11655139_2.mp4
11:07:32.374 detox[16036] [90mi[39m [33mchild-process[39m[90m:EXEC_CMD[39m "C:\Users\carus\AppData\Local\Android\Sdk\platform-tools\adb.EXE" -s emulator-15632 shell "date +\"%m-%d %T.000\""
11:07:32.424 detox[16036] [90mi[39m [33mchild-process[39m[90m:EXEC_SUCCESS[39m 11-14 16:07:32.000

11:07:32.432 detox[16036] [90mi[39m [33mchild-process[39m[90m:SPAWN_KILL[39m sending SIGINT to: C:\Users\carus\AppData\Local\Android\Sdk\platform-tools\adb.EXE -s emulator-15632 shell logcat -T "11-14 16:06:58.000" --pid=8223 -f /sdcard/11655139_0.log
11:07:32.434 detox[16036] [90mi[39m [33mchild-process[39m[90m:SPAWN_END[39m C:\Users\carus\AppData\Local\Android\Sdk\platform-tools\adb.EXE -s emulator-15632 shell "logcat -T \"11-14 16:06:58.000\" --pid=8223 -f /sdcard/11655139_0.log" terminated with SIGINT
11:07:32.434 detox[16036] [90mi[39m [33martifact[39m[90m:ARTIFACT_START[39m starting ADBLogcatRecording
11:07:32.439 detox[16036] [90mi[39m [33mchild-process[39m[90m:SPAWN_CMD[39m C:\Users\carus\AppData\Local\Android\Sdk\platform-tools\adb.EXE -s emulator-15632 shell "logcat -T \"11-14 16:07:32.000\" --pid=8223 -f /sdcard/11655139_3.log"
11:07:32.682 detox[16036] [90mi[39m [33mchild-process[39m[90m:EXEC_CMD[39m "C:\Users\carus\AppData\Local\Android\Sdk\platform-tools\adb.EXE" -s emulator-15632 shell du /sdcard/11655139_2.mp4
11:07:32.738 detox[16036] [90mi[39m [33mchild-process[39m[90m:EXEC_SUCCESS[39m 8	/sdcard/11655139_2.mp4

11:07:32.745 detox[16036] [90mi[39m [33mchild-process[39m[90m:EXEC_CMD[39m "C:\Users\carus\AppData\Local\Android\Sdk\platform-tools\adb.EXE" -s emulator-15632 shell du /sdcard/11655139_3.log
11:07:32.799 detox[16036] [90mi[39m [33mchild-process[39m[90m:EXEC_SUCCESS[39m 4	/sdcard/11655139_3.log

11:07:32.842 detox[16036] [90mi[39m [33mchild-process[39m[90m:EXEC_SUCCESS[39m 
11:07:32.842 detox[16036] [90mi[39m [33martifact[39m[90m:ARTIFACT_STOP[39m stopping ADBScreencapRecording
11:07:32.843 detox[16036] [90mE[39m [33martifacts-manager[39m onTestStart
11:07:32.843 detox[16036] [90mB[39m [33mlifecycle[39m beforeEach
11:07:32.844 detox[16036] [90mE[39m [33mlifecycle[39m beforeEach
11:07:32.844 detox[16036] [90mB[39m [33mlifecycle[39m test_fn
11:07:32.847 detox[16036] [90mi[39m [33mws-client[39m send message
  data: {"type":"invoke","params":{"target":{"type":"Class","value":"com.wix.detox.espresso.DetoxAssertion"},"method":"waitForAssertMatcher","args":[{"type":"Invocation","value":{"target":{"type":"Class","value":"androidx.test.espresso.Espresso"},"method":"onView","args":[{"type":"Invocation","value":{"target":{"type":"Class","value":"com.wix.detox.espresso.DetoxMatcher"},"method":"matcherForTestId","args":["login-email",{"type":"boolean","value":false}]}}]}},{"type":"Invocation","value":{"target":{"type":"Class","value":"com.wix.detox.espresso.DetoxMatcher"},"method":"matcherForSufficientlyVisible","args":[{"type":"Integer","value":75}]}},{"type":"Double","value":30}]},"messageId":1}
11:07:32.847 detox[21216] [90mi[39m [33mws-server[39m[33m@64315[39m get
  data: {"type":"invoke","params":{"target":{"type":"Class","value":"com.wix.detox.espresso.DetoxAssertion"},"method":"waitForAssertMatcher","args":[{"type":"Invocation","value":{"target":{"type":"Class","value":"androidx.test.espresso.Espresso"},"method":"onView","args":[{"type":"Invocation","value":{"target":{"type":"Class","value":"com.wix.detox.espresso.DetoxMatcher"},"method":"matcherForTestId","args":["login-email",{"type":"boolean","value":false}]}}]}},{"type":"Invocation","value":{"target":{"type":"Class","value":"com.wix.detox.espresso.DetoxMatcher"},"method":"matcherForSufficientlyVisible","args":[{"type":"Integer","value":75}]}},{"type":"Double","value":30}]},"messageId":1}
11:07:32.848 detox[21216] [90mi[39m [33mws-server[39m[33m@64409[39m send
  data: {
    "type": "invoke",
    "params": {
      "target": {
        "type": "Class",
        "value": "com.wix.detox.espresso.DetoxAssertion"
      },
      "method": "waitForAssertMatcher",
      "args": [
        {
          "type": "Invocation",
          "value": {
            "target": {
              "type": "Class",
              "value": "androidx.test.espresso.Espresso"
            },
            "method": "onView",
            "args": [
              {
                "type": "Invocation",
                "value": {
                  "target": {
                    "type": "Class",
                    "value": "com.wix.detox.espresso.DetoxMatcher"
                  },
                  "method": "matcherForTestId",
                  "args": [
                    "login-email",
                    {
                      "type": "boolean",
                      "value": false
                    }
                  ]
                }
              }
            ]
          }
        },
        {
          "type": "Invocation",
          "value": {
            "target": {
              "type": "Class",
              "value": "com.wix.detox.espresso.DetoxMatcher"
            },
            "method": "matcherForSufficientlyVisible",
            "args": [
              {
                "type": "Integer",
                "value": 75
              }
            ]
          }
        },
        {
          "type": "Double",
          "value": 30
        }
      ]
    },
    "messageId": 1
  }
11:07:32.849 detox[16036] [90mB[39m [33mws-client[39m undefined with timeout (30000 ms)
  data: {
    "target": {
      "type": "Class",
      "value": "com.wix.detox.espresso.DetoxAssertion"
    },
    "method": "waitForAssertMatcher",
    "args": [
      {
        "type": "Invocation",
        "value": {
          "target": {
            "type": "Class",
            "value": "androidx.test.espresso.Espresso"
          },
          "method": "onView",
          "args": [
            {
              "type": "Invocation",
              "value": {
                "target": {
                  "type": "Class",
                  "value": "com.wix.detox.espresso.DetoxMatcher"
                },
                "method": "matcherForTestId",
                "args": [
                  "login-email",
                  {
                    "type": "boolean",
                    "value": false
                  }
                ]
              }
            }
          ]
        }
      },
      {
        "type": "Invocation",
        "value": {
          "target": {
            "type": "Class",
            "value": "com.wix.detox.espresso.DetoxMatcher"
          },
          "method": "matcherForSufficientlyVisible",
          "args": [
            {
              "type": "Integer",
              "value": 75
            }
          ]
        }
      },
      {
        "type": "Double",
        "value": 30
      }
    ]
  }
  stack: _getCallStackTrace (\node_modules\detox\src\utils\traceInvocationCall.js:2:10)
  invocationCall (\node_modules\detox\src\utils\traceInvocationCall.js:17:12)
  WaitForInteraction.execute (\node_modules\detox\src\android\interactions\native.js:22:12)
  WaitForInteraction.withTimeout (\node_modules\detox\src\android\interactions\native.js:59:16)
  Object.withTimeout (\e2e\auth.fullflow.e2e.test.js:14:8)
  Promise.then.completed (\node_modules\jest-circus\build\utils.js:298:28)
  new Promise (<anonymous>)
  callAsyncCircusFn (\node_modules\jest-circus\build\utils.js:231:10)
  _callCircusTest (\node_modules\jest-circus\build\run.js:316:40)
  processTicksAndRejections (node:internal/process/task_queues:95:5)
  _runTest (\node_modules\jest-circus\build\run.js:252:3)
  _runTestsForDescribeBlock (\node_modules\jest-circus\build\run.js:126:9)
  _runTestsForDescribeBlock (\node_modules\jest-circus\build\run.js:121:9)
  run (\node_modules\jest-circus\build\run.js:71:3)
  runAndTransformResultsToJestFormat (\node_modules\jest-circus\build\legacy-code-todo-rewrite\jestAdapterInit.js:122:21)
  jestAdapter (\node_modules\jest-circus\build\legacy-code-todo-rewrite\jestAdapter.js:79:19)
  runTestInternal (\node_modules\jest-runner\build\runTest.js:367:16)
  runTest (\node_modules\jest-runner\build\runTest.js:444:34)
11:07:42.847 detox[16036] [90mi[39m [33mws-client[39m send message
  data: {"type":"currentStatus","params":{},"messageId":2}
11:07:42.847 detox[21216] [90mi[39m [33mws-server[39m[33m@64315[39m get
  data: {"type":"currentStatus","params":{},"messageId":2}
11:07:42.847 detox[21216] [90mi[39m [33mws-server[39m[33m@64409[39m send
  data: {
    "type": "currentStatus",
    "params": {},
    "messageId": 2
  }
11:07:42.870 detox[21216] [90mi[39m [33mws-server[39m[33m@64409[39m get
  data: {"messageId":2,"type":"currentStatusResult","params":{"status":{"app_status":"idle"}}}
11:07:42.871 detox[21216] [90mi[39m [33mws-server[39m[33m@64315[39m send
  data: {
    "messageId": 2,
    "type": "currentStatusResult",
    "params": {
      "status": {
        "app_status": "idle"
      }
    }
  }
11:07:42.872 detox[16036] [90mi[39m [33mws-client[39m get message
  data: {"messageId":2,"type":"currentStatusResult","params":{"status":{"app_status":"idle"}}}
   
11:07:42.875 detox[16036] [90mi[39m [33mws-client[39m[90m:APP_STATUS[39m The app seems to be idle
11:07:52.887 detox[16036] [90mi[39m [33mws-client[39m send message
  data: {"type":"currentStatus","params":{},"messageId":3}
11:07:52.887 detox[21216] [90mi[39m [33mws-server[39m[33m@64315[39m get
  data: {"type":"currentStatus","params":{},"messageId":3}
11:07:52.887 detox[21216] [90mi[39m [33mws-server[39m[33m@64409[39m send
  data: {
    "type": "currentStatus",
    "params": {},
    "messageId": 3
  }
11:07:52.890 detox[21216] [90mi[39m [33mws-server[39m[33m@64409[39m get
  data: {"messageId":3,"type":"currentStatusResult","params":{"status":{"app_status":"idle"}}}
11:07:52.890 detox[21216] [90mi[39m [33mws-server[39m[33m@64315[39m send
  data: {
    "messageId": 3,
    "type": "currentStatusResult",
    "params": {
      "status": {
        "app_status": "idle"
      }
    }
  }
11:07:52.891 detox[16036] [90mi[39m [33mws-client[39m get message
  data: {"messageId":3,"type":"currentStatusResult","params":{"status":{"app_status":"idle"}}}
   
11:07:52.892 detox[16036] [90mi[39m [33mws-client[39m[90m:APP_STATUS[39m The app seems to be idle
11:08:02.872 detox[21216] [90mi[39m [33mws-server[39m[33m@64409[39m get
  data: {"messageId":1,"type":"testFailed","params":{"details":"30.0sec timeout expired without matching of given matcher: (view has effective visibility <VISIBLE> and view.getGlobalVisibleRect() covers at least <75> percent of the view's area)\n","viewHierarchy":null}}
11:08:02.872 detox[21216] [90mi[39m [33mws-server[39m[33m@64315[39m send
  data: {
    "messageId": 1,
    "type": "testFailed",
    "params": {
      "details": "30.0sec timeout expired without matching of given matcher: (view has effective visibility <VISIBLE> and view.getGlobalVisibleRect() covers at least <75> percent of the view's area)\n",
      "viewHierarchy": null
    }
  }
11:08:02.873 detox[16036] [90mi[39m [33mws-client[39m get message
  data: {"messageId":1,"type":"testFailed","params":{"details":"30.0sec timeout expired without matching of given matcher: (view has effective visibility <VISIBLE> and view.getGlobalVisibleRect() covers at least <75> percent of the view's area)\n","viewHierarchy":null}}
   
11:08:02.874 detox[16036] [90mE[39m [33mws-client[39m undefined with timeout (30000 ms)
  error: Test Failed: 30.0sec timeout expired without matching of given matcher: (view has effective visibility <VISIBLE> and view.getGlobalVisibleRect() covers at least <75> percent of the view's area)
  
11:08:02.875 detox[16036] [90mB[39m [33martifacts-manager[39m onTestFnFailure
  args: ({"error":{"name":"DetoxRuntimeError"}})
11:08:02.875 detox[16036] [90mi[39m [33martifact[39m[90m:ARTIFACT_START[39m starting ADBScreencapRecording
11:08:02.876 detox[16036] [90mi[39m [33mchild-process[39m[90m:EXEC_CMD[39m "C:\Users\carus\AppData\Local\Android\Sdk\platform-tools\adb.EXE" -s emulator-15632 shell "screencap /sdcard/11655139_4.png"
11:08:03.208 detox[16036] [90mi[39m [33mchild-process[39m[90m:EXEC_SUCCESS[39m 
11:08:03.208 detox[16036] [90mi[39m [33martifact[39m[90m:ARTIFACT_STOP[39m stopping ADBScreencapRecording
11:08:03.209 detox[16036] [90mE[39m [33martifacts-manager[39m onTestFnFailure
11:08:03.209 detox[16036] [90mE[39m [33mlifecycle[39m test_fn
  error: Test Failed: 30.0sec timeout expired without matching of given matcher: (view has effective visibility <VISIBLE> and view.getGlobalVisibleRect() covers at least <75> percent of the view's area)
  
11:08:03.210 detox[16036] [90mB[39m [33martifacts-manager[39m onTestDone
  args: ({"title":"ejecuta login, validaciones, negativos, persistencia y logout","fullName":"Autenticación - Flujo completo en un solo test ejecuta login, validaciones, negativos, persistencia y logout","status":"failed","invocations":1,"timedOut":false})
11:08:03.211 detox[16036] [90mi[39m [33martifact[39m[90m:ARTIFACT_STOP[39m stopping ADBLogcatRecording
11:08:03.211 detox[16036] [90mi[39m [33martifact[39m[90m:ARTIFACT_START[39m starting ADBScreencapRecording
11:08:03.211 detox[16036] [90mi[39m [33mchild-process[39m[90m:EXEC_CMD[39m "C:\Users\carus\AppData\Local\Android\Sdk\platform-tools\adb.EXE" -s emulator-15632 shell "screencap /sdcard/11655139_5.png"
11:08:03.219 detox[16036] [90mi[39m [33martifact[39m[90m:ARTIFACT_STOP[39m stopping ADBVideoRecording
11:08:03.220 detox[16036] [90mi[39m [33mchild-process[39m[90m:EXEC_CMD[39m "C:\Users\carus\AppData\Local\Android\Sdk\platform-tools\adb.EXE" -s emulator-15632 shell "date +\"%m-%d %T.000\""
11:08:03.223 detox[16036] [90mi[39m [33mchild-process[39m[90m:SPAWN_KILL[39m sending SIGINT to: C:\Users\carus\AppData\Local\Android\Sdk\platform-tools\adb.EXE -s emulator-15632 shell screenrecord /sdcard/11655139_2.mp4
11:08:03.225 detox[16036] [90mi[39m [33mchild-process[39m[90m:SPAWN_END[39m C:\Users\carus\AppData\Local\Android\Sdk\platform-tools\adb.EXE -s emulator-15632 shell screenrecord /sdcard/11655139_2.mp4 terminated with SIGINT
11:08:03.228 detox[16036] [90mi[39m [33martifact[39m[90m:ARTIFACT_SAVE[39m saving ADBVideoRecording to: artifacts\android.emu.debug.2025-11-14 16-06-53Z\✗ Autenticación - Flujo completo en un solo test ejecuta login, validaciones, negativos, persistencia y logout\test.mp4
11:08:03.257 detox[16036] [90mi[39m [33mchild-process[39m[90m:EXEC_SUCCESS[39m 11-14 16:08:03.000

11:08:03.257 detox[16036] [90mi[39m [33mchild-process[39m[90m:SPAWN_KILL[39m sending SIGINT to: C:\Users\carus\AppData\Local\Android\Sdk\platform-tools\adb.EXE -s emulator-15632 shell logcat -T "11-14 16:07:32.000" --pid=8223 -f /sdcard/11655139_3.log
11:08:03.259 detox[16036] [90mi[39m [33mchild-process[39m[90m:SPAWN_END[39m C:\Users\carus\AppData\Local\Android\Sdk\platform-tools\adb.EXE -s emulator-15632 shell "logcat -T \"11-14 16:07:32.000\" --pid=8223 -f /sdcard/11655139_3.log" terminated with SIGINT
11:08:03.529 detox[16036] [90mi[39m [33mchild-process[39m[90m:EXEC_SUCCESS[39m 
11:08:03.530 detox[16036] [90mi[39m [33martifact[39m[90m:ARTIFACT_STOP[39m stopping ADBScreencapRecording
11:08:03.530 detox[16036] [90mE[39m [33martifacts-manager[39m onTestDone
11:08:03.530 detox[16036] [90mE[39m [33mlifecycle[39m ejecuta login, validaciones, negativos, persistencia y logout
11:08:03.531 detox[16036] [90mi[39m [33mlifecycle[39m Autenticación - Flujo completo en un solo test: ejecuta login, validaciones, negativos, persistencia y logout [FAIL]
11:08:03.532 detox[16036] [90mB[39m [33martifacts-manager[39m onRunDescribeFinish
  args: ({"name":"Autenticación - Flujo completo en un solo test"})
11:08:03.533 detox[16036] [90mE[39m [33martifacts-manager[39m onRunDescribeFinish
11:08:03.533 detox[16036] [90mE[39m [33mlifecycle[39m Autenticación - Flujo completo en un solo test
11:08:03.533 detox[16036] [90mB[39m [33mlifecycle[39m afterAll
11:08:03.534 detox[16036] [90mE[39m [33mlifecycle[39m afterAll
11:08:03.534 detox[16036] [90mB[39m [33martifacts-manager[39m onRunDescribeFinish
  args: ({"name":"ROOT_DESCRIBE_BLOCK"})
11:08:03.534 detox[16036] [90mE[39m [33martifacts-manager[39m onRunDescribeFinish
11:08:03.535 detox[16036] [90mE[39m [33mlifecycle[39m run the tests
11:08:03.555 detox[16036] [90mB[39m [33mlifecycle[39m tear down environment
11:08:03.556 detox[16036] [90mB[39m [33martifacts-manager[39m onBeforeCleanup
  args: ()
11:08:03.727 detox[16036] [90mi[39m [33mchild-process[39m[90m:EXEC_CMD[39m "C:\Users\carus\AppData\Local\Android\Sdk\platform-tools\adb.EXE" -s emulator-15632 shell du /sdcard/11655139_2.mp4
11:08:03.762 detox[16036] [90mi[39m [33mchild-process[39m[90m:EXEC_SUCCESS[39m 92	/sdcard/11655139_2.mp4

11:08:03.763 detox[16036] [90mi[39m [33mchild-process[39m[90m:EXEC_CMD[39m "C:\Users\carus\AppData\Local\Android\Sdk\platform-tools\adb.EXE" -s emulator-15632 pull "/sdcard/11655139_2.mp4" "artifacts\android.emu.debug.2025-11-14 16-06-53Z\✗ Autenticación - Flujo completo en un solo test ejecuta login, validaciones, negativos, persistencia y logout\test.mp4"
11:08:03.799 detox[16036] [90mi[39m [33mchild-process[39m[90m:EXEC_SUCCESS[39m /sdcard/11655139_2.mp4: 1 file pulled, 0 skipped. 41.6 MB/s (83720 bytes in 0.002s)

11:08:03.800 detox[16036] [90mi[39m [33mchild-process[39m[90m:EXEC_CMD[39m "C:\Users\carus\AppData\Local\Android\Sdk\platform-tools\adb.EXE" -s emulator-15632 shell "rm  \"/sdcard/11655139_2.mp4\""
11:08:03.844 detox[16036] [90mi[39m [33mchild-process[39m[90m:EXEC_SUCCESS[39m 
11:08:03.845 detox[16036] [90mi[39m [33martifact[39m[90m:ARTIFACT_SAVE[39m saving ADBLogcatRecording to: artifacts\android.emu.debug.2025-11-14 16-06-53Z\✗ Autenticación - Flujo completo en un solo test ejecuta login, validaciones, negativos, persistencia y logout\device.log
11:08:03.846 detox[16036] [90mi[39m [33mchild-process[39m[90m:EXEC_CMD[39m "C:\Users\carus\AppData\Local\Android\Sdk\platform-tools\adb.EXE" -s emulator-15632 pull "/sdcard/11655139_3.log" "artifacts\android.emu.debug.2025-11-14 16-06-53Z\✗ Autenticación - Flujo completo en un solo test ejecuta login, validaciones, negativos, persistencia y logout\device.log"
11:08:03.897 detox[16036] [90mi[39m [33mchild-process[39m[90m:EXEC_SUCCESS[39m /sdcard/11655139_3.log: 1 file pulled, 0 skipped. 92.0 MB/s (233472 bytes in 0.002s)

11:08:03.897 detox[16036] [90mi[39m [33mchild-process[39m[90m:EXEC_CMD[39m "C:\Users\carus\AppData\Local\Android\Sdk\platform-tools\adb.EXE" -s emulator-15632 shell "rm  \"/sdcard/11655139_3.log\""
11:08:03.942 detox[16036] [90mi[39m [33mchild-process[39m[90m:EXEC_SUCCESS[39m 
11:08:03.943 detox[16036] [90mi[39m [33martifact[39m[90m:ARTIFACT_SAVE[39m saving ADBLogcatRecording to: artifacts\android.emu.debug.2025-11-14 16-06-53Z\emulator-15632 2025-11-14 16-08-03Z.startup.log
11:08:03.944 detox[16036] [90mi[39m [33mchild-process[39m[90m:EXEC_CMD[39m "C:\Users\carus\AppData\Local\Android\Sdk\platform-tools\adb.EXE" -s emulator-15632 pull "/sdcard/11655139_0.log" "artifacts\android.emu.debug.2025-11-14 16-06-53Z\emulator-15632 2025-11-14 16-08-03Z.startup.log"
11:08:04.337 detox[16036] [90mi[39m [33mchild-process[39m[90m:EXEC_SUCCESS[39m /sdcard/11655139_0.log: 1 file pulled, 0 skipped. 0.2 MB/s (77824 bytes in 0.343s)

11:08:04.338 detox[16036] [90mi[39m [33mchild-process[39m[90m:EXEC_CMD[39m "C:\Users\carus\AppData\Local\Android\Sdk\platform-tools\adb.EXE" -s emulator-15632 shell "rm  \"/sdcard/11655139_0.log\""
11:08:04.381 detox[16036] [90mi[39m [33mchild-process[39m[90m:EXEC_SUCCESS[39m 
11:08:04.381 detox[16036] [90mi[39m [33martifact[39m[90m:ARTIFACT_SAVE[39m saving ADBScreencapRecording to: artifacts\android.emu.debug.2025-11-14 16-06-53Z\✗ Autenticación - Flujo completo en un solo test ejecuta login, validaciones, negativos, persistencia y logout\testStart.png
11:08:04.382 detox[16036] [90mi[39m [33mchild-process[39m[90m:EXEC_CMD[39m "C:\Users\carus\AppData\Local\Android\Sdk\platform-tools\adb.EXE" -s emulator-15632 pull "/sdcard/11655139_1.png" "artifacts\android.emu.debug.2025-11-14 16-06-53Z\✗ Autenticación - Flujo completo en un solo test ejecuta login, validaciones, negativos, persistencia y logout\testStart.png"
11:08:04.418 detox[16036] [90mi[39m [33mchild-process[39m[90m:EXEC_SUCCESS[39m /sdcard/11655139_1.png: 1 file pulled, 0 skipped. 73.0 MB/s (273591 bytes in 0.004s)

11:08:04.418 detox[16036] [90mi[39m [33mchild-process[39m[90m:EXEC_CMD[39m "C:\Users\carus\AppData\Local\Android\Sdk\platform-tools\adb.EXE" -s emulator-15632 shell "rm  \"/sdcard/11655139_1.png\""
11:08:04.460 detox[16036] [90mi[39m [33mchild-process[39m[90m:EXEC_SUCCESS[39m 
11:08:04.460 detox[16036] [90mi[39m [33martifact[39m[90m:ARTIFACT_SAVE[39m saving ADBScreencapRecording to: artifacts\android.emu.debug.2025-11-14 16-06-53Z\✗ Autenticación - Flujo completo en un solo test ejecuta login, validaciones, negativos, persistencia y logout\testFnFailure.png
11:08:04.461 detox[16036] [90mi[39m [33mchild-process[39m[90m:EXEC_CMD[39m "C:\Users\carus\AppData\Local\Android\Sdk\platform-tools\adb.EXE" -s emulator-15632 pull "/sdcard/11655139_4.png" "artifacts\android.emu.debug.2025-11-14 16-06-53Z\✗ Autenticación - Flujo completo en un solo test ejecuta login, validaciones, negativos, persistencia y logout\testFnFailure.png"
11:08:04.499 detox[16036] [90mi[39m [33mchild-process[39m[90m:EXEC_SUCCESS[39m /sdcard/11655139_4.png: 1 file pulled, 0 skipped. 81.7 MB/s (274104 bytes in 0.003s)

11:08:04.500 detox[16036] [90mi[39m [33mchild-process[39m[90m:EXEC_CMD[39m "C:\Users\carus\AppData\Local\Android\Sdk\platform-tools\adb.EXE" -s emulator-15632 shell "rm  \"/sdcard/11655139_4.png\""
11:08:04.545 detox[16036] [90mi[39m [33mchild-process[39m[90m:EXEC_SUCCESS[39m 
11:08:04.546 detox[16036] [90mi[39m [33martifact[39m[90m:ARTIFACT_SAVE[39m saving ADBScreencapRecording to: artifacts\android.emu.debug.2025-11-14 16-06-53Z\✗ Autenticación - Flujo completo en un solo test ejecuta login, validaciones, negativos, persistencia y logout\testDone.png
11:08:04.546 detox[16036] [90mi[39m [33mchild-process[39m[90m:EXEC_CMD[39m "C:\Users\carus\AppData\Local\Android\Sdk\platform-tools\adb.EXE" -s emulator-15632 pull "/sdcard/11655139_5.png" "artifacts\android.emu.debug.2025-11-14 16-06-53Z\✗ Autenticación - Flujo completo en un solo test ejecuta login, validaciones, negativos, persistencia y logout\testDone.png"
11:08:04.618 detox[16036] [90mi[39m [33mchild-process[39m[90m:EXEC_SUCCESS[39m /sdcard/11655139_5.png: 1 file pulled, 0 skipped. 73.8 MB/s (274104 bytes in 0.004s)

11:08:04.618 detox[16036] [90mi[39m [33mchild-process[39m[90m:EXEC_CMD[39m "C:\Users\carus\AppData\Local\Android\Sdk\platform-tools\adb.EXE" -s emulator-15632 shell "rm  \"/sdcard/11655139_5.png\""
11:08:04.664 detox[16036] [90mi[39m [33mchild-process[39m[90m:EXEC_SUCCESS[39m 
11:08:04.665 detox[16036] [90mi[39m [33martifact[39m[90m:ARTIFACT_SAVE[39m saving FileArtifact to: artifacts\android.emu.debug.2025-11-14 16-06-53Z\detox_pid_16036.json.log { append: true }
11:08:04.665 detox[16036] [90mi[39m [33martifact[39m[90m:ARTIFACT_SAVE[39m saving FileArtifact to: artifacts\android.emu.debug.2025-11-14 16-06-53Z\detox_pid_16036.log { append: true }
11:08:04.665 detox[16036] [90mE[39m [33martifacts-manager[39m onBeforeCleanup
11:08:04.667 detox[16036] [90mi[39m [33mws-client[39m send message
  data: {"type":"cleanup","params":{"stopRunner":false},"messageId":-49642}
11:08:04.667 detox[21216] [90mi[39m [33mws-server[39m[33m@64315[39m get
  data: {"type":"cleanup","params":{"stopRunner":false},"messageId":-49642}
11:08:04.667 detox[21216] [90mi[39m [33mws-server[39m[33m@64409[39m send
  data: {
    "type": "cleanup",
    "params": {
      "stopRunner": false
    },
    "messageId": -49642
  }
11:08:04.671 detox[21216] [90mi[39m [33mws-server[39m[33m@64409[39m get
  data: {"messageId":-49642,"type":"cleanupDone","params":{}}
11:08:04.672 detox[21216] [90mi[39m [33mws-server[39m[33m@64315[39m send
  data: {
    "messageId": -49642,
    "type": "cleanupDone",
    "params": {}
  }
11:08:04.673 detox[16036] [90mi[39m [33mws-client[39m get message
  data: {"messageId":-49642,"type":"cleanupDone","params":{}}
   
11:08:04.675 detox[21216] [90mi[39m [33mws-server[39m tester exited session d50aa54e-1c41-a2b9-fbdd-3595a80d2c29
11:08:04.675 detox[21216] [90mi[39m [33mws-server[39m[33m@64409[39m send
  data: {
    "type": "testerDisconnected",
    "messageId": -1
  }
11:08:04.675 detox[21216] [90mE[39m [33mws-server[39m[33m@64315[39m connection :64314<->:64315
11:08:04.678 detox[16036] [90mi[39m [33mchild-process[39m[90m:SPAWN_KILL[39m sending SIGINT to: C:\Users\carus\AppData\Local\Android\Sdk\platform-tools\adb.EXE -s emulator-15632 shell am instrument -w -r -e detoxServer ws://localhost:64314 -e detoxSessionId d50aa54e-1c41-a2b9-fbdd-3595a80d2c29 -e detoxEnableSynchronization 0 -e detoxURLOverride 'seguridadciudadanaapp://expo-development-client/?url=http%3A%2F%2Flocalhost%3A8081&role=ciudadano&disableBypass=1' -e debug false com.tuapp.seguritacapp.test/com.wix.detox.DetoxJUnitRunner
11:08:04.680 detox[16036] [90mi[39m [33mchild-process[39m[90m:SPAWN_END[39m C:\Users\carus\AppData\Local\Android\Sdk\platform-tools\adb.EXE -s emulator-15632 shell am instrument -w -r -e detoxServer ws://localhost:64314 -e detoxSessionId d50aa54e-1c41-a2b9-fbdd-3595a80d2c29 -e detoxEnableSynchronization 0 -e detoxURLOverride 'seguridadciudadanaapp://expo-development-client/?url=http%3A%2F%2Flocalhost%3A8081&role=ciudadano&disableBypass=1' -e debug false com.tuapp.seguritacapp.test/com.wix.detox.DetoxJUnitRunner terminated with SIGINT
11:08:04.681 detox[16036] [90mi[39m [33mchild-process[39m[90m:EXEC_CMD[39m "C:\Users\carus\AppData\Local\Android\Sdk\platform-tools\adb.EXE" -s emulator-15632 reverse --remove tcp:64314
11:08:04.689 detox[16036] [90mi[39m [33mipc[39m dispatching event to  primary-21216 /tmp/detox.primary-21216  :  deallocateDevice , {
  deviceCookie: {
    id: 'emulator-15632',
    adbName: 'emulator-15632',
    name: 'emulator-15632 (Pixel_6_API34)'
  }
}
11:08:04.689 detox[21216] [90mi[39m [33mipc[39m received event of :  deallocateDevice {
  deviceCookie: {
    id: 'emulator-15632',
    adbName: 'emulator-15632',
    name: 'emulator-15632 (Pixel_6_API34)'
  }
}
11:08:04.690 detox[21216] [90mB[39m [33mdevice[39m[33m@0[39m free: emulator-15632
  data: {}
11:08:04.693 detox[21216] [90mE[39m [33mdevice[39m[33m@0[39m free: emulator-15632
11:08:04.693 detox[21216] [90mi[39m [33mipc[39m dispatching event to socket  :  deallocateDeviceDone {}
11:08:04.694 detox[16036] [90mi[39m [33mipc[39m ## received events ##
11:08:04.695 detox[16036] [90mi[39m [33mipc[39m detected event deallocateDeviceDone {}
11:08:04.695 detox[16036] [90mi[39m [33mipc[39m connection closed primary-21216 /tmp/detox.primary-21216 0 tries remaining of 0
11:08:04.695 detox[21216] [90mi[39m [33mipc[39m socket disconnected secondary-16036
11:08:04.696 detox[16036] [90mi[39m [33mipc[39m secondary-16036 exceeded connection rety amount of  or stopRetrying flag set.
11:08:04.696 detox[16036] [90mE[39m [33mlifecycle[39m tear down environment
11:08:04.696 detox[16036] [90mE[39m [33mlifecycle[39m e2e\auth.fullflow.e2e.test.js
11:08:04.721 detox[21216] [90mE[39m [33mlifecycle[39m Command failed with exit code = 1:
DETOX_CONFIGURATION="android.emu.debug" DETOX_LOGLEVEL="trace" DETOX_RECORD_LOGS="all" DETOX_RECORD_VIDEOS="all" DETOX_TAKE_SCREENSHOTS="all" jest --config e2e/jest.config.js e2e/auth.fullflow.e2e.test.js
11:08:04.722 detox[21216] [90mB[39m [33mdevice[39m cleanup
  args: ()
11:08:04.725 detox[21216] [90mE[39m [33mdevice[39m cleanup
11:08:04.727 detox[21216] [90mi[39m [33mws-server[39m Detox server has been closed gracefully
11:08:04.727 detox[21216] [90mi[39m [33mws-server[39m app exited session d50aa54e-1c41-a2b9-fbdd-3595a80d2c29
11:08:04.727 detox[21216] [90mE[39m [33mws-server[39m[33m@64409[39m connection :64314<->:64409
11:08:04.729 detox[21216] [90mE[39m [33mlifecycle[39m node_modules\detox\local-cli\cli.js test --configuration android.emu.debug --config e2e/jest.config.js --record-logs all --record-videos all --take-screenshots all -l trace e2e/auth.fullflow.e2e.test.js
