11:08:53.673 detox[5808] [90mB[39m [33mlifecycle[39m node_modules\detox\local-cli\cli.js test --configuration android.emu.debug --config e2e/jest.config.js --record-logs all --record-videos all --take-screenshots all -l trace e2e/auth.fullflow.e2e.test.js
  data: {
    "id": "654bd34d-2db7-fb55-71e4-9fb204cdf78c",
    "detoxConfig": {
      "configurationName": "android.emu.debug",
      "apps": {
        "default": {
          "type": "android.apk",
          "binaryPath": "android/app/build/outputs/apk/debug/app-debug.apk",
          "testBinaryPath": "android/app/build/outputs/apk/androidTest/debug/app-debug-androidTest.apk",
          "build": "cmd /C D:\\SeguridadAPP\\SeguridadCiudadanaApp\\android\\gradlew.bat -p D:\\SeguridadAPP\\SeguridadCiudadanaApp\\android assembleDebug assembleAndroidTest -DtestBuildType=debug"
        }
      },
      "artifacts": {
        "rootDir": "artifacts\\android.emu.debug.2025-11-14 16-08-53Z",
        "plugins": {
          "log": {
            "enabled": true,
            "keepOnlyFailedTestsArtifacts": false
          },
          "screenshot": {
            "enabled": true,
            "shouldTakeAutomaticSnapshots": true,
            "keepOnlyFailedTestsArtifacts": false
          },
          "video": {
            "enabled": true,
            "keepOnlyFailedTestsArtifacts": false
          },
          "instruments": {
            "enabled": false,
            "keepOnlyFailedTestsArtifacts": false
          },
          "uiHierarchy": {
            "enabled": false,
            "keepOnlyFailedTestsArtifacts": false
          }
        }
      },
      "behavior": {
        "init": {
          "keepLockFile": false,
          "reinstallApp": true,
          "exposeGlobals": true
        },
        "cleanup": {
          "shutdownDevice": false
        },
        "launchApp": "auto"
      },
      "cli": {
        "recordLogs": "all",
        "takeScreenshots": "all",
        "recordVideos": "all",
        "configuration": "android.emu.debug",
        "loglevel": "trace",
        "start": true
      },
      "commands": [
        {
          "appName": "default",
          "build": "cmd /C D:\\SeguridadAPP\\SeguridadCiudadanaApp\\android\\gradlew.bat -p D:\\SeguridadAPP\\SeguridadCiudadanaApp\\android assembleDebug assembleAndroidTest -DtestBuildType=debug"
        }
      ],
      "device": {
        "type": "android.emulator",
        "device": {
          "avdName": "Pixel_6_API34"
        }
      },
      "logger": {
        "level": "trace",
        "overrideConsole": true,
        "options": {
          "showLoggerName": true,
          "showPid": true,
          "showLevel": false,
          "showMetadata": false,
          "basepath": "D:\\SeguridadAPP\\SeguridadCiudadanaApp\\node_modules\\detox\\src",
          "prefixers": {},
          "stringifiers": {}
        }
      },
      "testRunner": {
        "retries": 0,
        "forwardEnv": true,
        "detached": false,
        "bail": false,
        "noRetryArgs": [
          "shard"
        ],
        "jest": {
          "setupTimeout": 300000,
          "teardownTimeout": 30000,
          "retryAfterCircusRetries": false,
          "reportWorkerAssign": true
        },
        "args": {
          "$0": "jest",
          "_": [
            "e2e/auth.fullflow.e2e.test.js"
          ],
          "config": "e2e/jest.config.js",
          "--": []
        }
      },
      "session": {
        "autoStart": true,
        "debugSynchronization": 10000
      }
    },
    "detoxIPCServer": "primary-5808",
    "testResults": [],
    "testSessionIndex": 0,
    "workersCount": 0
  }
11:08:53.697 detox[5808] [90mi[39m [33mipc[39m Server path not specified, so defaulting to ipc.config.socketRoot + ipc.config.appspace + ipc.config.id /tmp/detox.primary-5808
11:08:53.699 detox[5808] [90mi[39m [33mipc[39m starting server on  /tmp/detox.primary-5808 
11:08:53.699 detox[5808] [90mi[39m [33mipc[39m starting TLS server false
11:08:53.700 detox[5808] [90mi[39m [33mipc[39m starting server as Unix || Windows Socket
11:08:53.703 detox[5808] [90mi[39m [33mws-server[39m Detox server listening on localhost:64590...
11:08:53.709 detox[5808] [90mi[39m [33mlifecycle[39m Serialized the session state at: C:\Users\carus\AppData\Local\Temp\654bd34d-2db7-fb55-71e4-9fb204cdf78c.detox.json
11:08:53.711 detox[5808] [90mB[39m [33mlifecycle[39m DETOX_CONFIGURATION="android.emu.debug" DETOX_LOGLEVEL="trace" DETOX_RECORD_LOGS="all" DETOX_RECORD_VIDEOS="all" DETOX_TAKE_SCREENSHOTS="all" jest --config e2e/jest.config.js e2e/auth.fullflow.e2e.test.js
11:08:54.768 detox[6936] [90mB[39m [33mlifecycle[39m e2e\auth.fullflow.e2e.test.js
11:08:54.805 detox[6936] [90mB[39m [33mlifecycle[39m set up environment
11:08:54.826 detox[6936] [90mi[39m [33mipc[39m Service path not specified, so defaulting to ipc.config.socketRoot + ipc.config.appspace + id 
11:08:54.827 detox[6936] [90mi[39m [33mipc[39m requested connection to  primary-5808 /tmp/detox.primary-5808
11:08:54.827 detox[6936] [90mi[39m [33mipc[39m Connecting client on Unix Socket : /tmp/detox.primary-5808
11:08:54.828 detox[5808] [90mi[39m [33mipc[39m ## socket connection to server detected ##
11:08:54.829 detox[6936] [90mi[39m [33mipc[39m retrying reset
11:08:54.831 detox[6936] [90mi[39m [33mipc[39m dispatching event to  primary-5808 /tmp/detox.primary-5808  :  registerContext , { id: 'secondary-6936' }
11:08:54.832 detox[5808] [90mi[39m [33mipc[39m received event of :  registerContext { id: 'secondary-6936' }
11:08:54.833 detox[5808] [90mi[39m [33mipc[39m dispatching event to socket  :  registerContextDone {
  testResults: [],
  testSessionIndex: 0,
  unsafe_earlyTeardown: undefined
}
11:08:54.835 detox[6936] [90mi[39m [33mipc[39m ## received events ##
11:08:54.836 detox[5808] [90mi[39m [33mipc[39m received event of :  registerWorker { workerId: 'w1' }
11:08:54.836 detox[5808] [90mi[39m [33mipc[39m dispatching event to socket  :  registerWorkerDone { workersCount: 1 }
11:08:54.836 detox[6936] [90mi[39m [33mipc[39m detected event registerContextDone { testResults: [], testSessionIndex: 0 }
11:08:54.836 detox[6936] [90mi[39m [33mipc[39m dispatching event to  primary-5808 /tmp/detox.primary-5808  :  registerWorker , { workerId: 'w1' }
11:08:54.837 detox[5808] [90mi[39m [33mipc[39m broadcasting event to all known sockets listening to  \\.\pipe\tmp-detox.primary-5808  :   sessionStateUpdate { workersCount: 1 }
11:08:54.838 detox[6936] [90mi[39m [33mipc[39m ## received events ##
11:08:54.838 detox[6936] [90mi[39m [33mipc[39m detected event registerWorkerDone { workersCount: 1 }
11:08:55.219 detox[6936] [90mi[39m [33mipc[39m ## received events ##
11:08:55.219 detox[6936] [90mi[39m [33mipc[39m detected event sessionStateUpdate { workersCount: 1 }
11:08:55.222 detox[5808] [90mB[39m [33mws-server[39m[33m@64591[39m connection :64590<->:64591
11:08:55.224 detox[6936] [90mi[39m [33mws-client[39m opened web socket to: ws://localhost:64590
11:08:55.227 detox[5808] [90mi[39m [33mws-server[39m[33m@64591[39m get
  data: {"type":"login","params":{"sessionId":"7aa15a3d-4568-03c0-ac13-b15eaae6c43d","role":"tester"},"messageId":0}
11:08:55.227 detox[6936] [90mi[39m [33mws-client[39m send message
  data: {"type":"login","params":{"sessionId":"7aa15a3d-4568-03c0-ac13-b15eaae6c43d","role":"tester"},"messageId":0}
11:08:55.228 detox[5808] [90mi[39m [33mws-server[39m created session 7aa15a3d-4568-03c0-ac13-b15eaae6c43d
11:08:55.228 detox[5808] [90mi[39m [33mws-server[39m[33m@64591[39m send
  data: {
    "type": "loginSuccess",
    "params": {
      "testerConnected": true,
      "appConnected": false
    },
    "messageId": 0
  }
11:08:55.229 detox[5808] [90mi[39m [33mws-server[39m tester joined session 7aa15a3d-4568-03c0-ac13-b15eaae6c43d
11:08:55.231 detox[6936] [90mi[39m [33mws-client[39m get message
  data: {"type":"loginSuccess","params":{"testerConnected":true,"appConnected":false},"messageId":0}
   
11:08:55.311 detox[5808] [90mi[39m [33mipc[39m received event of :  allocateDevice {
  deviceConfig: { type: 'android.emulator', device: { avdName: 'Pixel_6_API34' } }
}
11:08:55.311 detox[6936] [90mi[39m [33mipc[39m dispatching event to  primary-5808 /tmp/detox.primary-5808  :  allocateDevice , {
  deviceConfig: { type: 'android.emulator', device: { avdName: 'Pixel_6_API34' } }
}
11:08:55.370 detox[5808] [90mB[39m [33mdevice[39m init
  args: ()
11:08:55.374 detox[5808] [90mE[39m [33mdevice[39m init
11:08:55.375 detox[5808] [90mB[39m [33mdevice[39m[33m@0[39m allocate
  data: {
    "type": "android.emulator",
    "device": {
      "avdName": "Pixel_6_API34"
    }
  }
11:08:55.552 detox[5808] [90mi[39m [33mdevice[39m Detected emulator binary version { major: 36, minor: 2, patch: 12, toString: [Function: toString] }
11:08:55.554 detox[5808] [90mi[39m [33mchild-process[39m[90m:EXEC_CMD[39m "C:\Users\carus\AppData\Local\Android\Sdk\platform-tools\adb.EXE"  devices
11:08:55.582 detox[5808] [90mi[39m [33mchild-process[39m[90m:EXEC_SUCCESS[39m List of devices attached
emulator-15632	device


11:08:55.583 detox[5808] [90mi[39m [33mdevice[39m[90m:TELNET_CONNECTING[39m port: 15632, host: localhost
11:08:55.593 detox[5808] [90mi[39m [33mdevice[39m[90m:DEVICE_LOOKUP[39m Found a matching & free device emulator-15632
11:08:55.595 detox[5808] [90mi[39m [33mdevice[39m settled on emulator-15632 (Pixel_6_API34)
  data: {
    "id": "emulator-15632",
    "adbName": "emulator-15632",
    "name": "emulator-15632 (Pixel_6_API34)"
  }
11:08:55.595 detox[5808] [90mE[39m [33mdevice[39m[33m@0[39m allocate
11:08:55.595 detox[5808] [90mB[39m [33mdevice[39m[33m@0[39m post-allocate: emulator-15632
  data: {
    "id": "emulator-15632",
    "adbName": "emulator-15632",
    "name": "emulator-15632 (Pixel_6_API34)"
  }
11:08:55.596 detox[5808] [90mi[39m [33mchild-process[39m[90m:EXEC_CMD[39m "C:\Users\carus\AppData\Local\Android\Sdk\platform-tools\adb.EXE" -s emulator-15632 shell "getprop dev.bootcomplete"
11:08:55.633 detox[5808] [90mi[39m [33mchild-process[39m[90m:EXEC_SUCCESS[39m 1

11:08:55.634 detox[5808] [90mi[39m [33mchild-process[39m[90m:EXEC_CMD[39m "C:\Users\carus\AppData\Local\Android\Sdk\platform-tools\adb.EXE" -s emulator-15632 shell "getprop ro.build.version.sdk"
11:08:55.669 detox[5808] [90mi[39m [33mchild-process[39m[90m:EXEC_SUCCESS[39m 34

11:08:55.670 detox[5808] [90mi[39m [33mchild-process[39m[90m:EXEC_CMD[39m "C:\Users\carus\AppData\Local\Android\Sdk\platform-tools\adb.EXE" -s emulator-15632 shell "settings put global animator_duration_scale 0"
11:08:55.714 detox[5808] [90mi[39m [33mchild-process[39m[90m:EXEC_SUCCESS[39m 
11:08:55.715 detox[5808] [90mi[39m [33mchild-process[39m[90m:EXEC_CMD[39m "C:\Users\carus\AppData\Local\Android\Sdk\platform-tools\adb.EXE" -s emulator-15632 shell "settings put global window_animation_scale 0"
11:08:55.757 detox[5808] [90mi[39m [33mchild-process[39m[90m:EXEC_SUCCESS[39m 
11:08:55.757 detox[5808] [90mi[39m [33mchild-process[39m[90m:EXEC_CMD[39m "C:\Users\carus\AppData\Local\Android\Sdk\platform-tools\adb.EXE" -s emulator-15632 shell "settings put global transition_animation_scale 0"
11:08:55.800 detox[5808] [90mi[39m [33mchild-process[39m[90m:EXEC_SUCCESS[39m 
11:08:55.800 detox[5808] [90mi[39m [33mchild-process[39m[90m:EXEC_CMD[39m "C:\Users\carus\AppData\Local\Android\Sdk\platform-tools\adb.EXE" -s emulator-15632 shell "dumpsys power | grep \"^[ ]*m[UW].*=\""
11:08:55.883 detox[5808] [90mi[39m [33mchild-process[39m[90m:EXEC_SUCCESS[39m   mWakefulness=Awake
  mWakefulnessChanging=false
  mWakeLockSummary=0x23
  mWakeUpWhenPluggedOrUnpluggedConfig=false
  mWakeUpWhenPluggedOrUnpluggedInTheaterModeConfig=false
  mDreamsBatteryLevelMinimumWhenPoweredConfig=-1
  mDreamsBatteryLevelMinimumWhenNotPoweredConfig=15
  mScreenBrightnessOverrideFromWindowManager=NaN
  mUserActivityTimeoutOverrideFromWindowManager=-1
  mUserInactiveOverrideFromWindowManager=false
  mUserId=0
  mWakeLockSummary=0x23
  mUserInteractionBackoffMillis=60000

11:08:55.883 detox[5808] [90mE[39m [33mdevice[39m[33m@0[39m post-allocate: emulator-15632
11:08:55.884 detox[5808] [90mi[39m [33mipc[39m dispatching event to socket  :  allocateDeviceDone {
  deviceCookie: {
    id: 'emulator-15632',
    adbName: 'emulator-15632',
    name: 'emulator-15632 (Pixel_6_API34)'
  }
}
11:08:55.885 detox[6936] [90mi[39m [33mipc[39m ## received events ##
11:08:55.885 detox[6936] [90mi[39m [33mipc[39m detected event allocateDeviceDone {
  deviceCookie: {
    id: 'emulator-15632',
    adbName: 'emulator-15632',
    name: 'emulator-15632 (Pixel_6_API34)'
  }
}
11:08:55.937 detox[6936] [90mB[39m [33martifacts-manager[39m onBootDevice
  args: ({"deviceId":"emulator-15632"})
11:08:55.939 detox[6936] [90mE[39m [33martifacts-manager[39m onBootDevice
11:08:55.940 detox[6936] [90mB[39m [33mdevice[39m installUtilBinaries
  args: ()
11:08:55.940 detox[6936] [90mE[39m [33mdevice[39m installUtilBinaries
11:08:55.941 detox[6936] [90mB[39m [33mdevice[39m selectApp
  args: ("default")
11:08:55.944 detox[6936] [90mi[39m [33mchild-process[39m[90m:EXEC_CMD[39m "C:\Users\carus\AppData\Local\Android\Sdk\build-tools\36.1.0-rc1\aapt.EXE" dump badging "D:\SeguridadAPP\SeguridadCiudadanaApp\android\app\build\outputs\apk\debug\app-debug.apk"
11:08:55.972 detox[6936] [90mi[39m [33mchild-process[39m[90m:EXEC_SUCCESS[39m package: name='com.tuapp.seguritacapp' versionCode='1' versionName='1.0.0' platformBuildVersionName='15' platformBuildVersionCode='35' compileSdkVersion='35' compileSdkVersionCodename='15'
sdkVersion:'26'
targetSdkVersion:'34'
uses-permission: name='android.permission.SYSTEM_ALERT_WINDOW'
uses-permission: name='android.permission.ACCESS_COARSE_LOCATION'
uses-permission: name='android.permission.ACCESS_FINE_LOCATION'
uses-permission: name='android.permission.CAMERA'
uses-permission: name='android.permission.INTERNET'
uses-permission: name='android.permission.READ_EXTERNAL_STORAGE'
uses-permission: name='android.permission.RECORD_AUDIO'
uses-permission: name='android.permission.VIBRATE'
uses-permission: name='android.permission.WRITE_EXTERNAL_STORAGE'
uses-permission: name='android.permission.ACCESS_NETWORK_STATE'
uses-permission: name='android.permission.ACCESS_WIFI_STATE'
uses-permission: name='android.permission.READ_MEDIA_IMAGES'
uses-permission: name='android.permission.READ_MEDIA_VIDEO'
uses-permission: name='android.permission.READ_MEDIA_AUDIO'
uses-permission: name='android.permission.READ_MEDIA_VISUAL_USER_SELECTED'
uses-permission: name='android.permission.RECEIVE_BOOT_COMPLETED'
uses-permission: name='android.permission.POST_NOTIFICATIONS'
uses-permission: name='android.permission.USE_BIOMETRIC'
uses-permission: name='android.permission.USE_FINGERPRINT'
uses-permission: name='android.permission.WAKE_LOCK'
uses-permission: name='com.google.android.c2dm.permission.RECEIVE'
uses-permission: name='android.permission.FOREGROUND_SERVICE'
uses-permission: name='com.tuapp.seguritacapp.DYNAMIC_RECEIVER_NOT_EXPORTED_PERMISSION'
uses-permission: name='com.google.android.finsky.permission.BIND_GET_INSTALL_REFERRER_SERVICE'
uses-permission: name='com.google.android.providers.gsf.permission.READ_GSERVICES'
uses-permission: name='com.google.android.gms.permission.ACTIVITY_RECOGNITION'
uses-permission: name='com.sec.android.provider.badge.permission.READ'
uses-permission: name='com.sec.android.provider.badge.permission.WRITE'
uses-permission: name='com.htc.launcher.permission.READ_SETTINGS'
uses-permission: name='com.htc.launcher.permission.UPDATE_SHORTCUT'
uses-permission: name='com.sonyericsson.home.permission.BROADCAST_BADGE'
uses-permission: name='com.sonymobile.home.permission.PROVIDER_INSERT_BADGE'
uses-permission: name='com.anddoes.launcher.permission.UPDATE_COUNT'
uses-permission: name='com.majeur.launcher.permission.UPDATE_BADGE'
uses-permission: name='com.huawei.android.launcher.permission.CHANGE_BADGE'
uses-permission: name='com.huawei.android.launcher.permission.READ_SETTINGS'
uses-permission: name='com.huawei.android.launcher.permission.WRITE_SETTINGS'
uses-permission: name='android.permission.READ_APP_BADGE'
uses-permission: name='com.oppo.launcher.permission.READ_SETTINGS'
uses-permission: name='com.oppo.launcher.permission.WRITE_SETTINGS'
uses-permission: name='me.everything.badger.permission.BADGE_COUNT_READ'
uses-permission: name='me.everything.badger.permission.BADGE_COUNT_WRITE'
application-label:'SeguridadCiudadanaApp'
application-label-af:'SeguridadCiudadanaApp'
application-label-am:'SeguridadCiudadanaApp'
application-label-ar:'SeguridadCiudadanaApp'
application-label-as:'SeguridadCiudadanaApp'
application-label-az:'SeguridadCiudadanaApp'
application-label-be:'SeguridadCiudadanaApp'
application-label-bg:'SeguridadCiudadanaApp'
application-label-bn:'SeguridadCiudadanaApp'
application-label-bs:'SeguridadCiudadanaApp'
application-label-ca:'SeguridadCiudadanaApp'
application-label-cs:'SeguridadCiudadanaApp'
application-label-da:'SeguridadCiudadanaApp'
application-label-de:'SeguridadCiudadanaApp'
application-label-el:'SeguridadCiudadanaApp'
application-label-en-AU:'SeguridadCiudadanaApp'
application-label-en-CA:'SeguridadCiudadanaApp'
application-label-en-GB:'SeguridadCiudadanaApp'
application-label-en-IN:'SeguridadCiudadanaApp'
application-label-en-XC:'SeguridadCiudadanaApp'
application-label-es:'SeguridadCiudadanaApp'
application-label-es-419:'SeguridadCiudadanaApp'
application-label-es-ES:'SeguridadCiudadanaApp'
application-label-es-GT:'SeguridadCiudadanaApp'
application-label-es-US:'SeguridadCiudadanaApp'
application-label-et:'SeguridadCiudadanaApp'
application-label-eu:'SeguridadCiudadanaApp'
application-label-fa:'SeguridadCiudadanaApp'
application-label-fi:'SeguridadCiudadanaApp'
application-label-fr:'SeguridadCiudadanaApp'
application-label-fr-CA:'SeguridadCiudadanaApp'
application-label-gl:'SeguridadCiudadanaApp'
application-label-gu:'SeguridadCiudadanaApp'
application-label-he:'SeguridadCiudadanaApp'
application-label-hi:'SeguridadCiudadanaApp'
application-label-hr:'SeguridadCiudadanaApp'
application-label-hu:'SeguridadCiudadanaApp'
application-label-hy:'SeguridadCiudadanaApp'
application-label-id:'SeguridadCiudadanaApp'
application-label-in:'SeguridadCiudadanaApp'
application-label-is:'SeguridadCiudadanaApp'
application-label-it:'SeguridadCiudadanaApp'
application-label-iw:'SeguridadCiudadanaApp'
application-label-ja:'SeguridadCiudadanaApp'
application-label-ka:'SeguridadCiudadanaApp'
application-label-kk:'SeguridadCiudadanaApp'
application-label-km:'SeguridadCiudadanaApp'
application-label-kn:'SeguridadCiudadanaApp'
application-label-ko:'SeguridadCiudadanaApp'
application-label-ky:'SeguridadCiudadanaApp'
application-label-lo:'SeguridadCiudadanaApp'
application-label-lt:'SeguridadCiudadanaApp'
application-label-lv:'SeguridadCiudadanaApp'
application-label-mk:'SeguridadCiudadanaApp'
application-label-ml:'SeguridadCiudadanaApp'
application-label-mn:'SeguridadCiudadanaApp'
application-label-mr:'SeguridadCiudadanaApp'
application-label-ms:'SeguridadCiudadanaApp'
application-label-my:'SeguridadCiudadanaApp'
application-label-nb:'SeguridadCiudadanaApp'
application-label-ne:'SeguridadCiudadanaApp'
application-label-nl:'SeguridadCiudadanaApp'
application-label-or:'SeguridadCiudadanaApp'
application-label-pa:'SeguridadCiudadanaApp'
application-label-pl:'SeguridadCiudadanaApp'
application-label-pt:'SeguridadCiudadanaApp'
application-label-pt-BR:'SeguridadCiudadanaApp'
application-label-pt-PT:'SeguridadCiudadanaApp'
application-label-ro:'SeguridadCiudadanaApp'
application-label-ru:'SeguridadCiudadanaApp'
application-label-ru-RU:'SeguridadCiudadanaApp'
application-label-si:'SeguridadCiudadanaApp'
application-label-sk:'SeguridadCiudadanaApp'
application-label-sl:'SeguridadCiudadanaApp'
application-label-sq:'SeguridadCiudadanaApp'
application-label-sr:'SeguridadCiudadanaApp'
application-label-sr-Latn:'SeguridadCiudadanaApp'
application-label-sv:'SeguridadCiudadanaApp'
application-label-sw:'SeguridadCiudadanaApp'
application-label-ta:'SeguridadCiudadanaApp'
application-label-te:'SeguridadCiudadanaApp'
application-label-th:'SeguridadCiudadanaApp'
application-label-tl:'SeguridadCiudadanaApp'
application-label-tr:'SeguridadCiudadanaApp'
application-label-uk:'SeguridadCiudadanaApp'
application-label-ur:'SeguridadCiudadanaApp'
application-label-uz:'SeguridadCiudadanaApp'
application-label-vi:'SeguridadCiudadanaApp'
application-label-zh:'SeguridadCiudadanaApp'
application-label-zh-CN:'SeguridadCiudadanaApp'
application-label-zh-HK:'SeguridadCiudadanaApp'
application-label-zh-TW:'SeguridadCiudadanaApp'
application-label-zu:'SeguridadCiudadanaApp'
application-icon-120:'res/mipmap-anydpi-v26/ic_launcher.xml'
application-icon-160:'res/mipmap-anydpi-v26/ic_launcher.xml'
application-icon-240:'res/mipmap-anydpi-v26/ic_launcher.xml'
application-icon-320:'res/mipmap-anydpi-v26/ic_launcher.xml'
application-icon-480:'res/mipmap-anydpi-v26/ic_launcher.xml'
application-icon-640:'res/mipmap-anydpi-v26/ic_launcher.xml'
application-icon-65534:'res/mipmap-anydpi-v26/ic_launcher.xml'
application: label='SeguridadCiudadanaApp' icon='res/mipmap-anydpi-v26/ic_launcher.xml'
application-debuggable
launchable-activity: name='com.tuapp.seguritacapp.MainActivity'  label='' icon=''
uses-library-not-required:'org.apache.http.legacy'
uses-library-not-required:'androidx.camera.extensions.impl'
feature-group: label=''
  uses-gl-es: '0x20000'
  uses-feature: name='android.hardware.camera'
  uses-implied-feature: name='android.hardware.camera' reason='requested android.permission.CAMERA permission'
  uses-feature: name='android.hardware.faketouch'
  uses-implied-feature: name='android.hardware.faketouch' reason='default feature for all apps'
  uses-feature: name='android.hardware.location'
  uses-implied-feature: name='android.hardware.location' reason='requested android.permission.ACCESS_COARSE_LOCATION permission, and requested android.permission.ACCESS_FINE_LOCATION permission'
  uses-feature: name='android.hardware.microphone'
  uses-implied-feature: name='android.hardware.microphone' reason='requested android.permission.RECORD_AUDIO permission'
  uses-feature: name='android.hardware.screen.portrait'
  uses-implied-feature: name='android.hardware.screen.portrait' reason='one or more activities have specified a portrait orientation'
  uses-feature: name='android.hardware.wifi'
  uses-implied-feature: name='android.hardware.wifi' reason='requested android.permission.ACCESS_WIFI_STATE permission'
main
other-activities
other-receivers
other-services
supports-screens: 'small' 'normal' 'large' 'xlarge'
supports-any-density: 'true'
locales: '--_--' 'af' 'am' 'ar' 'as' 'az' 'be' 'bg' 'bn' 'bs' 'ca' 'cs' 'da' 'de' 'el' 'en-AU' 'en-CA' 'en-GB' 'en-IN' 'en-XC' 'es' 'es-419' 'es-ES' 'es-GT' 'es-US' 'et' 'eu' 'fa' 'fi' 'fr' 'fr-CA' 'gl' 'gu' 'he' 'hi' 'hr' 'hu' 'hy' 'id' 'in' 'is' 'it' 'iw' 'ja' 'ka' 'kk' 'km' 'kn' 'ko' 'ky' 'lo' 'lt' 'lv' 'mk' 'ml' 'mn' 'mr' 'ms' 'my' 'nb' 'ne' 'nl' 'or' 'pa' 'pl' 'pt' 'pt-BR' 'pt-PT' 'ro' 'ru' 'ru-RU' 'si' 'sk' 'sl' 'sq' 'sr' 'sr-Latn' 'sv' 'sw' 'ta' 'te' 'th' 'tl' 'tr' 'uk' 'ur' 'uz' 'vi' 'zh' 'zh-CN' 'zh-HK' 'zh-TW' 'zu'
densities: '120' '160' '240' '320' '480' '640' '65534'
native-code: 'arm64-v8a' 'armeabi-v7a' 'x86' 'x86_64'

11:08:55.974 detox[6936] [90mE[39m [33mdevice[39m selectApp
11:08:55.975 detox[6936] [90mB[39m [33mdevice[39m uninstallApp
  args: ()
11:08:55.975 detox[6936] [90mB[39m [33martifacts-manager[39m onBeforeUninstallApp
  args: ({"deviceId":"emulator-15632","bundleId":"com.tuapp.seguritacapp"})
11:08:55.975 detox[6936] [90mE[39m [33martifacts-manager[39m onBeforeUninstallApp
11:08:55.976 detox[6936] [90mi[39m [33mchild-process[39m[90m:EXEC_CMD[39m "C:\Users\carus\AppData\Local\Android\Sdk\platform-tools\adb.EXE" -s emulator-15632 shell "pm list packages com.tuapp.seguritacapp"
11:08:56.020 detox[6936] [90mi[39m [33mchild-process[39m[90m:EXEC_SUCCESS[39m package:com.tuapp.seguritacapp
package:com.tuapp.seguritacapp.test

11:08:56.021 detox[6936] [90mi[39m [33mchild-process[39m[90m:EXEC_CMD[39m "C:\Users\carus\AppData\Local\Android\Sdk\platform-tools\adb.EXE" -s emulator-15632 uninstall com.tuapp.seguritacapp
11:08:56.377 detox[6936] [90mi[39m [33mchild-process[39m[90m:EXEC_SUCCESS[39m Success

11:08:56.377 detox[6936] [90mi[39m [33mchild-process[39m[90m:EXEC_CMD[39m "C:\Users\carus\AppData\Local\Android\Sdk\platform-tools\adb.EXE" -s emulator-15632 shell "pm list packages com.tuapp.seguritacapp.test"
11:08:56.538 detox[6936] [90mi[39m [33mchild-process[39m[90m:EXEC_SUCCESS[39m package:com.tuapp.seguritacapp.test

11:08:56.538 detox[6936] [90mi[39m [33mchild-process[39m[90m:EXEC_CMD[39m "C:\Users\carus\AppData\Local\Android\Sdk\platform-tools\adb.EXE" -s emulator-15632 uninstall com.tuapp.seguritacapp.test
11:08:56.724 detox[6936] [90mi[39m [33mchild-process[39m[90m:EXEC_SUCCESS[39m Success

11:08:56.724 detox[6936] [90mE[39m [33mdevice[39m uninstallApp
11:08:56.724 detox[6936] [90mB[39m [33mdevice[39m selectApp
  args: ("default")
11:08:56.726 detox[6936] [90mB[39m [33mdevice[39m terminateApp
  args: ()
11:08:56.726 detox[6936] [90mB[39m [33martifacts-manager[39m onBeforeTerminateApp
  args: ({"deviceId":"emulator-15632","bundleId":"com.tuapp.seguritacapp"})
11:08:56.727 detox[6936] [90mE[39m [33martifacts-manager[39m onBeforeTerminateApp
11:08:56.727 detox[6936] [90mi[39m [33mchild-process[39m[90m:EXEC_CMD[39m "C:\Users\carus\AppData\Local\Android\Sdk\platform-tools\adb.EXE" -s emulator-15632 shell "am force-stop com.tuapp.seguritacapp"
11:08:56.880 detox[6936] [90mi[39m [33mchild-process[39m[90m:EXEC_SUCCESS[39m 
11:08:56.881 detox[6936] [90mB[39m [33martifacts-manager[39m onTerminateApp
  args: ({"deviceId":"emulator-15632","bundleId":"com.tuapp.seguritacapp"})
11:08:56.881 detox[6936] [90mE[39m [33martifacts-manager[39m onTerminateApp
11:08:56.882 detox[6936] [90mE[39m [33mdevice[39m terminateApp
11:08:56.882 detox[6936] [90mE[39m [33mdevice[39m selectApp
11:08:56.882 detox[6936] [90mB[39m [33mdevice[39m installApp
  args: ()
11:08:56.883 detox[6936] [90mi[39m [33mchild-process[39m[90m:EXEC_CMD[39m "C:\Users\carus\AppData\Local\Android\Sdk\build-tools\36.1.0-rc1\aapt.EXE" dump xmlstrings "D:\SeguridadAPP\SeguridadCiudadanaApp\android\app\build\outputs\apk\debug\app-debug.apk" AndroidManifest.xml
11:08:56.909 detox[6936] [90mi[39m [33mchild-process[39m[90m:EXEC_SUCCESS[39m String pool of 249 unique UTF-16 non-sorted strings, 249 entries and 0 styles using 20308 bytes:
String #0: theme
String #1: label
String #2: icon
String #3: name
String #4: permission
String #5: protectionLevel
String #6: enabled
String #7: debuggable
String #8: exported
String #9: taskAffinity
String #10: excludeFromRecents
String #11: authorities
String #12: initOrder
String #13: grantUriPermissions
String #14: priority
String #15: launchMode
String #16: screenOrientation
String #17: configChanges
String #18: value
String #19: resource
String #20: mimeType
String #21: scheme
String #22: host
String #23: minSdkVersion
String #24: versionCode
String #25: versionName
String #26: windowSoftInputMode
String #27: noHistory
String #28: targetSdkVersion
String #29: allowBackup
String #30: glEsVersion
String #31: required
String #32: supportsRtl
String #33: extractNativeLibs
String #34: usesCleartextTraffic
String #35: directBootAware
String #36: roundIcon
String #37: compileSdkVersion
String #38: compileSdkVersionCodename
String #39: appComponentFactory
String #40: foregroundServiceType
String #41: requestLegacyExternalStorage
String #42: 
String #43: */*
String #44: 1.0.0
String #45: 15
String #46: AIzaSyBdVl-cTICSwYKrZ95SuvNw7dbMuDt1KG0
String #47: ALWAYS
String #48: action
String #49: activity
String #50: android
String #51: android.intent.action.ACTION_POWER_CONNECTED
String #52: android.intent.action.ACTION_POWER_DISCONNECTED
String #53: android.intent.action.BATTERY_LOW
String #54: android.intent.action.BATTERY_OKAY
String #55: android.intent.action.BOOT_COMPLETED
String #56: android.intent.action.DEVICE_STORAGE_LOW
String #57: android.intent.action.DEVICE_STORAGE_OK
String #58: android.intent.action.GET_CONTENT
String #59: android.intent.action.MAIN
String #60: android.intent.action.MY_PACKAGE_REPLACED
String #61: android.intent.action.OPEN_DOCUMENT_TREE
String #62: android.intent.action.QUICKBOOT_POWERON
String #63: android.intent.action.REBOOT
String #64: android.intent.action.SEND
String #65: android.intent.action.TIMEZONE_CHANGED
String #66: android.intent.action.TIME_SET
String #67: android.intent.action.VIEW
String #68: android.intent.category.BROWSABLE
String #69: android.intent.category.DEFAULT
String #70: android.intent.category.LAUNCHER
String #71: android.intent.category.OPENABLE
String #72: android.media.action.ACTION_VIDEO_CAPTURE
String #73: android.media.action.IMAGE_CAPTURE
String #74: android.net.conn.CONNECTIVITY_CHANGE
String #75: android.permission.ACCESS_COARSE_LOCATION
String #76: android.permission.ACCESS_FINE_LOCATION
String #77: android.permission.ACCESS_NETWORK_STATE
String #78: android.permission.ACCESS_WIFI_STATE
String #79: android.permission.BIND_JOB_SERVICE
String #80: android.permission.CAMERA
String #81: android.permission.DUMP
String #82: android.permission.FOREGROUND_SERVICE
String #83: android.permission.INTERNET
String #84: android.permission.POST_NOTIFICATIONS
String #85: android.permission.READ_APP_BADGE
String #86: android.permission.READ_EXTERNAL_STORAGE
String #87: android.permission.READ_MEDIA_AUDIO
String #88: android.permission.READ_MEDIA_IMAGES
String #89: android.permission.READ_MEDIA_VIDEO
String #90: android.permission.READ_MEDIA_VISUAL_USER_SELECTED
String #91: android.permission.RECEIVE_BOOT_COMPLETED
String #92: android.permission.RECORD_AUDIO
String #93: android.permission.SYSTEM_ALERT_WINDOW
String #94: android.permission.USE_BIOMETRIC
String #95: android.permission.USE_FINGERPRINT
String #96: android.permission.VIBRATE
String #97: android.permission.WAKE_LOCK
String #98: android.permission.WRITE_EXTERNAL_STORAGE
String #99: android.support.FILE_PROVIDER_PATHS
String #100: android.support.customtabs.action.CustomTabsService
String #101: androidx.camera.camera2.Camera2Config$DefaultProvider
String #102: androidx.camera.core.impl.MetadataHolderService
String #103: androidx.camera.core.impl.MetadataHolderService.DEFAULT_CONFIG_PROVIDER
String #104: androidx.camera.extensions.action.VENDOR_ACTION
String #105: androidx.camera.extensions.impl
String #106: androidx.core.app.CoreComponentFactory
String #107: androidx.emoji2.text.EmojiCompatInitializer
String #108: androidx.lifecycle.ProcessLifecycleInitializer
String #109: androidx.profileinstaller.ProfileInstallReceiver
String #110: androidx.profileinstaller.ProfileInstallerInitializer
String #111: androidx.profileinstaller.action.BENCHMARK_OPERATION
String #112: androidx.profileinstaller.action.INSTALL_PROFILE
String #113: androidx.profileinstaller.action.SAVE_PROFILE
String #114: androidx.profileinstaller.action.SKIP_FILE
String #115: androidx.room.MultiInstanceInvalidationService
String #116: androidx.startup
String #117: androidx.startup.InitializationProvider
String #118: androidx.work.WorkManagerInitializer
String #119: androidx.work.diagnostics.REQUEST_DIAGNOSTICS
String #120: androidx.work.impl.background.systemalarm.ConstraintProxy$BatteryChargingProxy
String #121: androidx.work.impl.background.systemalarm.ConstraintProxy$BatteryNotLowProxy
String #122: androidx.work.impl.background.systemalarm.ConstraintProxy$NetworkStateProxy
String #123: androidx.work.impl.background.systemalarm.ConstraintProxy$StorageNotLowProxy
String #124: androidx.work.impl.background.systemalarm.ConstraintProxyUpdateReceiver
String #125: androidx.work.impl.background.systemalarm.RescheduleReceiver
String #126: androidx.work.impl.background.systemalarm.SystemAlarmService
String #127: androidx.work.impl.background.systemalarm.UpdateProxies
String #128: androidx.work.impl.background.systemjob.SystemJobService
String #129: androidx.work.impl.diagnostics.DiagnosticsReceiver
String #130: androidx.work.impl.foreground.SystemForegroundService
String #131: androidx.work.impl.utils.ForceStopRunnable$BroadcastReceiver
String #132: application
String #133: backend:com.google.android.datatransport.cct.CctBackendFactory
String #134: category
String #135: cct
String #136: com.anddoes.launcher.permission.UPDATE_COUNT
String #137: com.canhub.cropper.CropFileProvider
String #138: com.canhub.cropper.CropImageActivity
String #139: com.facebook.react.devsupport.DevSettingsActivity
String #140: com.facebook.soloader.enabled
String #141: com.google.android.apps.maps
String #142: com.google.android.c2dm.intent.RECEIVE
String #143: com.google.android.c2dm.permission.RECEIVE
String #144: com.google.android.c2dm.permission.SEND
String #145: com.google.android.datatransport.runtime.backends.TransportBackendDiscovery
String #146: com.google.android.datatransport.runtime.scheduling.jobscheduling.AlarmManagerSchedulerBroadcastReceiver
String #147: com.google.android.datatransport.runtime.scheduling.jobscheduling.JobInfoSchedulerService
String #148: com.google.android.finsky.permission.BIND_GET_INSTALL_REFERRER_SERVICE
String #149: com.google.android.geo.API_KEY
String #150: com.google.android.gms.cloudmessaging.FINISHED_AFTER_HANDLED
String #151: com.google.android.gms.common.api.GoogleApiActivity
String #152: com.google.android.gms.metadata.MODULE_DEPENDENCIES
String #153: com.google.android.gms.metadata.ModuleDependencies
String #154: com.google.android.gms.permission.ACTIVITY_RECOGNITION
String #155: com.google.android.gms.version
String #156: com.google.android.providers.gsf.permission.READ_GSERVICES
String #157: com.google.firebase.MESSAGING_EVENT
String #158: com.google.firebase.components.ComponentDiscoveryService
String #159: com.google.firebase.components.ComponentRegistrar
String #160: com.google.firebase.components:com.google.firebase.FirebaseCommonKtxRegistrar
String #161: com.google.firebase.components:com.google.firebase.datatransport.TransportRegistrar
String #162: com.google.firebase.components:com.google.firebase.installations.FirebaseInstallationsKtxRegistrar
String #163: com.google.firebase.components:com.google.firebase.installations.FirebaseInstallationsRegistrar
String #164: com.google.firebase.components:com.google.firebase.ktx.FirebaseCommonLegacyRegistrar
String #165: com.google.firebase.components:com.google.firebase.messaging.FirebaseMessagingKtxRegistrar
String #166: com.google.firebase.components:com.google.firebase.messaging.FirebaseMessagingRegistrar
String #167: com.google.firebase.components:com.google.mlkit.common.internal.CommonComponentRegistrar
String #168: com.google.firebase.components:com.google.mlkit.vision.barcode.internal.BarcodeRegistrar
String #169: com.google.firebase.components:com.google.mlkit.vision.common.internal.VisionCommonRegistrar
String #170: com.google.firebase.iid.FirebaseInstanceIdReceiver
String #171: com.google.firebase.messaging.FirebaseMessagingService
String #172: com.google.firebase.provider.FirebaseInitProvider
String #173: com.google.mlkit.common.internal.MlKitComponentDiscoveryService
String #174: com.google.mlkit.common.internal.MlKitInitProvider
String #175: com.htc.intent.action.QUICKBOOT_POWERON
String #176: com.htc.launcher.permission.READ_SETTINGS
String #177: com.htc.launcher.permission.UPDATE_SHORTCUT
String #178: com.huawei.android.launcher.permission.CHANGE_BADGE
String #179: com.huawei.android.launcher.permission.READ_SETTINGS
String #180: com.huawei.android.launcher.permission.WRITE_SETTINGS
String #181: com.majeur.launcher.permission.UPDATE_BADGE
String #182: com.oppo.launcher.permission.READ_SETTINGS
String #183: com.oppo.launcher.permission.WRITE_SETTINGS
String #184: com.reactnativecommunity.webview.RNCWebViewFileProvider
String #185: com.sec.android.provider.badge.permission.READ
String #186: com.sec.android.provider.badge.permission.WRITE
String #187: com.sonyericsson.home.permission.BROADCAST_BADGE
String #188: com.sonymobile.home.permission.PROVIDER_INSERT_BADGE
String #189: com.tuapp.seguritacapp
String #190: com.tuapp.seguritacapp.DYNAMIC_RECEIVER_NOT_EXPORTED_PERMISSION
String #191: com.tuapp.seguritacapp.FileSystemFileProvider
String #192: com.tuapp.seguritacapp.ImagePickerFileProvider
String #193: com.tuapp.seguritacapp.MainActivity
String #194: com.tuapp.seguritacapp.MainApplication
String #195: com.tuapp.seguritacapp.SharingFileProvider
String #196: com.tuapp.seguritacapp.androidx-startup
String #197: com.tuapp.seguritacapp.cropper.fileprovider
String #198: com.tuapp.seguritacapp.fileprovider
String #199: com.tuapp.seguritacapp.firebaseinitprovider
String #200: com.tuapp.seguritacapp.mlkitinitprovider
String #201: data
String #202: exp+seguridadciudadanaapp
String #203: expo-dev-launcher
String #204: expo-dev-menu
String #205: expo-development-client
String #206: expo.modules.adapters.react.apploader.RNHeadlessAppLoader
String #207: expo.modules.devlauncher.launcher.DevLauncherActivity
String #208: expo.modules.devlauncher.launcher.errors.DevLauncherErrorActivity
String #209: expo.modules.devmenu.DevMenuActivity
String #210: expo.modules.filesystem.FileSystemFileProvider
String #211: expo.modules.imagepicker.fileprovider.ImagePickerFileProvider
String #212: expo.modules.location.services.LocationTaskService
String #213: expo.modules.notifications.NOTIFICATION_EVENT
String #214: expo.modules.notifications.service.ExpoFirebaseMessagingService
String #215: expo.modules.notifications.service.NotificationForwarderActivity
String #216: expo.modules.notifications.service.NotificationsService
String #217: expo.modules.sharing.SharingFileProvider
String #218: expo.modules.updates.ENABLED
String #219: expo.modules.updates.EXPO_UPDATES_CHECK_ON_LAUNCH
String #220: expo.modules.updates.EXPO_UPDATES_LAUNCH_WAIT_MS
String #221: host.exp.exponent
String #222: http://schemas.android.com/apk/res/android
String #223: https
String #224: intent
String #225: intent-filter
String #226: io.nlopez.smartlocation.activity.providers.ActivityGooglePlayServicesProvider$ActivityRecognitionService
String #227: io.nlopez.smartlocation.geocoding.providers.AndroidGeocodingProvider$AndroidGeocodingService
String #228: io.nlopez.smartlocation.geofencing.providers.GeofencingGooglePlayServicesProvider$GeofencingService
String #229: manifest
String #230: me.everything.badger.permission.BADGE_COUNT_READ
String #231: me.everything.badger.permission.BADGE_COUNT_WRITE
String #232: meta-data
String #233: org.apache.http.legacy
String #234: org.unimodules.core.AppLoader#react-native-headless
String #235: package
String #236: permission
String #237: photopicker_activity:0:required
String #238: platformBuildVersionCode
String #239: platformBuildVersionName
String #240: provider
String #241: queries
String #242: receiver
String #243: seguridadciudadanaapp
String #244: service
String #245: uses-feature
String #246: uses-library
String #247: uses-permission
String #248: uses-sdk

11:08:56.912 detox[6936] [90mi[39m [33mchild-process[39m[90m:EXEC_CMD[39m "C:\Users\carus\AppData\Local\Android\Sdk\build-tools\36.1.0-rc1\aapt.EXE" dump xmlstrings "D:\SeguridadAPP\SeguridadCiudadanaApp\android\app\build\outputs\apk\androidTest\debug\app-debug-androidTest.apk" AndroidManifest.xml
11:08:56.937 detox[6936] [90mi[39m [33mchild-process[39m[90m:EXEC_SUCCESS[39m String pool of 43 unique UTF-16 non-sorted strings, 43 entries and 0 styles using 2140 bytes:
String #0: theme
String #1: label
String #2: name
String #3: debuggable
String #4: exported
String #5: priority
String #6: targetPackage
String #7: handleProfiling
String #8: functionalTest
String #9: minSdkVersion
String #10: targetSdkVersion
String #11: extractNativeLibs
String #12: compileSdkVersion
String #13: compileSdkVersionCodename
String #14: 15
String #15: Tests for com.tuapp.seguritacapp
String #16: activity
String #17: android
String #18: android.intent.category.LAUNCHER
String #19: android.permission.REORDER_TASKS
String #20: android.test.runner
String #21: androidx.test.core.app.InstrumentationActivityInvoker$BootstrapActivity
String #22: androidx.test.core.app.InstrumentationActivityInvoker$EmptyActivity
String #23: androidx.test.core.app.InstrumentationActivityInvoker$EmptyFloatingActivity
String #24: androidx.test.orchestrator
String #25: androidx.test.services
String #26: application
String #27: category
String #28: com.google.android.apps.common.testing.services
String #29: com.tuapp.seguritacapp
String #30: com.tuapp.seguritacapp.test
String #31: com.wix.detox.DetoxJUnitRunner
String #32: http://schemas.android.com/apk/res/android
String #33: instrumentation
String #34: intent-filter
String #35: manifest
String #36: package
String #37: platformBuildVersionCode
String #38: platformBuildVersionName
String #39: queries
String #40: uses-library
String #41: uses-permission
String #42: uses-sdk

11:08:56.939 detox[6936] [90mi[39m [33mchild-process[39m[90m:EXEC_CMD[39m "C:\Users\carus\AppData\Local\Android\Sdk\platform-tools\adb.EXE" -s emulator-15632 shell "rm -fr /data/local/tmp/detox"
11:08:56.992 detox[6936] [90mi[39m [33mchild-process[39m[90m:EXEC_SUCCESS[39m 
11:08:56.993 detox[6936] [90mi[39m [33mchild-process[39m[90m:EXEC_CMD[39m "C:\Users\carus\AppData\Local\Android\Sdk\platform-tools\adb.EXE" -s emulator-15632 shell "mkdir -p /data/local/tmp/detox"
11:08:57.039 detox[6936] [90mi[39m [33mchild-process[39m[90m:EXEC_SUCCESS[39m 
11:08:57.040 detox[6936] [90mi[39m [33mchild-process[39m[90m:EXEC_CMD[39m "C:\Users\carus\AppData\Local\Android\Sdk\platform-tools\adb.EXE" -s emulator-15632 push "D:\SeguridadAPP\SeguridadCiudadanaApp\android\app\build\outputs\apk\debug\app-debug.apk" "/data/local/tmp/detox/Application.apk"
11:08:57.820 detox[6936] [90mi[39m [33mchild-process[39m[90m:EXEC_SUCCESS[39m D:\SeguridadAPP\SeguridadCiudadanaApp\android\app\build\outputs\apk\debug\app-debug.apk: 1 file pushed, 0 skipped. 255.1 MB/s (170876961 bytes in 0.639s)

11:08:57.820 detox[6936] [90mi[39m [33mchild-process[39m[90m:EXEC_CMD[39m "C:\Users\carus\AppData\Local\Android\Sdk\platform-tools\adb.EXE" -s emulator-15632 shell "getprop ro.build.version.sdk"
11:08:57.858 detox[6936] [90mi[39m [33mchild-process[39m[90m:EXEC_SUCCESS[39m 34

11:08:57.864 detox[6936] [90mi[39m [33mchild-process[39m[90m:SPAWN_CMD[39m C:\Users\carus\AppData\Local\Android\Sdk\platform-tools\adb.EXE -s emulator-15632 shell pm install -r -g -t /data/local/tmp/detox/Application.apk
11:08:58.613 detox[6936] [90mi[39m [33mchild-process[39m[90m:SPAWN_STDOUT[39m Success

11:08:58.617 detox[6936] [90mi[39m [33mchild-process[39m[90m:SPAWN_END[39m C:\Users\carus\AppData\Local\Android\Sdk\platform-tools\adb.EXE -s emulator-15632 shell pm install -r -g -t /data/local/tmp/detox/Application.apk exited with code #0
11:08:58.618 detox[6936] [90mi[39m [33mchild-process[39m[90m:EXEC_CMD[39m "C:\Users\carus\AppData\Local\Android\Sdk\platform-tools\adb.EXE" -s emulator-15632 push "D:\SeguridadAPP\SeguridadCiudadanaApp\android\app\build\outputs\apk\androidTest\debug\app-debug-androidTest.apk" "/data/local/tmp/detox/Test.apk"
11:08:58.668 detox[6936] [90mi[39m [33mchild-process[39m[90m:EXEC_SUCCESS[39m D:\SeguridadAPP\SeguridadCiudadanaApp\android\app\build\outputs\apk\androidTest\debug\app-debug-androidTest.apk: 1 file pushed, 0 skipped. 322.8 MB/s (4218863 bytes in 0.012s)

11:08:58.673 detox[6936] [90mi[39m [33mchild-process[39m[90m:SPAWN_CMD[39m C:\Users\carus\AppData\Local\Android\Sdk\platform-tools\adb.EXE -s emulator-15632 shell pm install -r -g -t /data/local/tmp/detox/Test.apk
11:08:58.861 detox[6936] [90mi[39m [33mchild-process[39m[90m:SPAWN_STDOUT[39m Success

11:08:58.864 detox[6936] [90mi[39m [33mchild-process[39m[90m:SPAWN_END[39m C:\Users\carus\AppData\Local\Android\Sdk\platform-tools\adb.EXE -s emulator-15632 shell pm install -r -g -t /data/local/tmp/detox/Test.apk exited with code #0
11:08:58.864 detox[6936] [90mE[39m [33mdevice[39m installApp
11:08:58.865 detox[6936] [90mB[39m [33mdevice[39m selectApp
  args: ("default")
11:08:58.865 detox[6936] [90mB[39m [33mdevice[39m terminateApp
  args: ()
11:08:58.865 detox[6936] [90mB[39m [33martifacts-manager[39m onBeforeTerminateApp
  args: ({"deviceId":"emulator-15632","bundleId":"com.tuapp.seguritacapp"})
11:08:58.866 detox[6936] [90mE[39m [33martifacts-manager[39m onBeforeTerminateApp
11:08:58.866 detox[6936] [90mi[39m [33mchild-process[39m[90m:EXEC_CMD[39m "C:\Users\carus\AppData\Local\Android\Sdk\platform-tools\adb.EXE" -s emulator-15632 shell "am force-stop com.tuapp.seguritacapp"
11:08:58.924 detox[6936] [90mi[39m [33mchild-process[39m[90m:EXEC_SUCCESS[39m 
11:08:58.924 detox[6936] [90mB[39m [33martifacts-manager[39m onTerminateApp
  args: ({"deviceId":"emulator-15632","bundleId":"com.tuapp.seguritacapp"})
11:08:58.925 detox[6936] [90mE[39m [33martifacts-manager[39m onTerminateApp
11:08:58.925 detox[6936] [90mE[39m [33mdevice[39m terminateApp
11:08:58.925 detox[6936] [90mE[39m [33mdevice[39m selectApp
11:08:58.925 detox[6936] [90mE[39m [33mlifecycle[39m set up environment
11:08:59.432 detox[6936] [90mi[39m [33mlifecycle[39m auth.fullflow.e2e.test.js is assigned to emulator-15632 (Pixel_6_API34)
11:08:59.433 detox[6936] [90mB[39m [33mlifecycle[39m run the tests
11:08:59.433 detox[6936] [90mB[39m [33martifacts-manager[39m onRunDescribeStart
  args: ({"name":"ROOT_DESCRIBE_BLOCK"})
11:08:59.434 detox[6936] [90mE[39m [33martifacts-manager[39m onRunDescribeStart
11:08:59.435 detox[6936] [90mB[39m [33mlifecycle[39m beforeAll
11:08:59.438 detox[6936] [90mB[39m [33mdevice[39m reverseTcpPort
  args: (8081)
11:08:59.438 detox[6936] [90mi[39m [33mchild-process[39m[90m:EXEC_CMD[39m "C:\Users\carus\AppData\Local\Android\Sdk\platform-tools\adb.EXE" -s emulator-15632 reverse tcp:8081 tcp:8081
11:08:59.468 detox[6936] [90mi[39m [33mchild-process[39m[90m:EXEC_SUCCESS[39m 
11:08:59.468 detox[6936] [90mE[39m [33mdevice[39m reverseTcpPort
11:08:59.469 detox[6936] [90mB[39m [33mdevice[39m launchApp
  args: ({"newInstance":true,"launchArgs":{"detoxEnableSynchronization":0},"url":"seguridadciudadanaapp://expo-development-client/?url=http%3A%2F%2Flocalhost%3A8081&role=ciudadano&disableBypass=1"})
11:08:59.470 detox[6936] [90mB[39m [33mdevice[39m terminateApp
  args: ("com.tuapp.seguritacapp")
11:08:59.470 detox[6936] [90mB[39m [33martifacts-manager[39m onBeforeTerminateApp
  args: ({"deviceId":"emulator-15632","bundleId":"com.tuapp.seguritacapp"})
11:08:59.470 detox[6936] [90mE[39m [33martifacts-manager[39m onBeforeTerminateApp
11:08:59.471 detox[6936] [90mi[39m [33mchild-process[39m[90m:EXEC_CMD[39m "C:\Users\carus\AppData\Local\Android\Sdk\platform-tools\adb.EXE" -s emulator-15632 shell "am force-stop com.tuapp.seguritacapp"
11:08:59.512 detox[6936] [90mi[39m [33mchild-process[39m[90m:EXEC_SUCCESS[39m 
11:08:59.512 detox[6936] [90mB[39m [33martifacts-manager[39m onTerminateApp
  args: ({"deviceId":"emulator-15632","bundleId":"com.tuapp.seguritacapp"})
11:08:59.513 detox[6936] [90mE[39m [33martifacts-manager[39m onTerminateApp
11:08:59.513 detox[6936] [90mE[39m [33mdevice[39m terminateApp
11:08:59.514 detox[6936] [90mB[39m [33martifacts-manager[39m onBeforeLaunchApp
  args: ({"deviceId":"emulator-15632","bundleId":"com.tuapp.seguritacapp","launchArgs":{"detoxServer":"ws://localhost:64590","detoxSessionId":"7aa15a3d-4568-03c0-ac13-b15eaae6c43d","detoxEnableSynchronization":0,"detoxURLOverride":"seguridadciudadanaapp://expo-development-client/?url=http%3A%2F%2Flocalhost%3A8081&role=ciudadano&disableBypass=1"}})
11:08:59.514 detox[6936] [90mi[39m [33mchild-process[39m[90m:EXEC_CMD[39m "C:\Users\carus\AppData\Local\Android\Sdk\platform-tools\adb.EXE" -s emulator-15632 shell "date +\"%m-%d %T.000\""
11:08:59.554 detox[6936] [90mi[39m [33mchild-process[39m[90m:EXEC_SUCCESS[39m 11-14 16:08:59.000

11:08:59.554 detox[6936] [90mE[39m [33martifacts-manager[39m onBeforeLaunchApp
11:08:59.555 detox[6936] [90mi[39m [33mchild-process[39m[90m:EXEC_CMD[39m "C:\Users\carus\AppData\Local\Android\Sdk\platform-tools\adb.EXE" -s emulator-15632 reverse tcp:64590 tcp:64590
11:08:59.583 detox[6936] [90mi[39m [33mchild-process[39m[90m:EXEC_SUCCESS[39m 64590

11:08:59.584 detox[6936] [90mi[39m [33mchild-process[39m[90m:EXEC_CMD[39m "C:\Users\carus\AppData\Local\Android\Sdk\platform-tools\adb.EXE" -s emulator-15632 shell "pm list instrumentation"
11:08:59.627 detox[6936] [90mi[39m [33mchild-process[39m[90m:EXEC_SUCCESS[39m instrumentation:com.tuapp.seguritacapp.test/com.wix.detox.DetoxJUnitRunner (target=com.tuapp.seguritacapp)

11:08:59.631 detox[6936] [90mi[39m [33mchild-process[39m[90m:SPAWN_CMD[39m C:\Users\carus\AppData\Local\Android\Sdk\platform-tools\adb.EXE -s emulator-15632 shell am instrument -w -r -e detoxServer ws://localhost:64590 -e detoxSessionId 7aa15a3d-4568-03c0-ac13-b15eaae6c43d -e detoxEnableSynchronization 0 -e detoxURLOverride 'seguridadciudadanaapp://expo-development-client/?url=http%3A%2F%2Flocalhost%3A8081&role=ciudadano&disableBypass=1' -e debug false com.tuapp.seguritacapp.test/com.wix.detox.DetoxJUnitRunner
11:09:00.144 detox[6936] [90mi[39m [33mchild-process[39m[90m:EXEC_CMD[39m "C:\Users\carus\AppData\Local\Android\Sdk\platform-tools\adb.EXE" -s emulator-15632 shell "ps | grep \"com\.tuapp\.seguritacapp$\""
11:09:00.221 detox[6936] [90mi[39m [33mchild-process[39m[90m:EXEC_SUCCESS[39m u0_a200       8735   356   14692772 102408 0                   0 R com.tuapp.seguritacapp

11:09:00.222 detox[6936] [90mB[39m [33martifacts-manager[39m onLaunchApp
  args: ({"deviceId":"emulator-15632","bundleId":"com.tuapp.seguritacapp","launchArgs":{"detoxServer":"ws://localhost:64590","detoxSessionId":"7aa15a3d-4568-03c0-ac13-b15eaae6c43d","detoxEnableSynchronization":0,"detoxURLOverride":"seguridadciudadanaapp://expo-development-client/?url=http%3A%2F%2Flocalhost%3A8081&role=ciudadano&disableBypass=1"},"pid":8735})
11:09:00.223 detox[6936] [90mi[39m [33martifact[39m[90m:ARTIFACT_START[39m starting ADBLogcatRecording
11:09:00.227 detox[6936] [90mi[39m [33mchild-process[39m[90m:SPAWN_CMD[39m C:\Users\carus\AppData\Local\Android\Sdk\platform-tools\adb.EXE -s emulator-15632 shell "logcat -T \"11-14 16:08:59.000\" --pid=8735 -f /sdcard/11855296_0.log"
11:09:00.228 detox[6936] [90mE[39m [33martifacts-manager[39m onLaunchApp
11:09:00.536 detox[6936] [90mi[39m [33mchild-process[39m[90m:EXEC_CMD[39m "C:\Users\carus\AppData\Local\Android\Sdk\platform-tools\adb.EXE" -s emulator-15632 shell du /sdcard/11855296_0.log
11:09:00.575 detox[6936] [90mi[39m [33mchild-process[39m[90m:EXEC_SUCCESS[39m 4	/sdcard/11855296_0.log

11:09:01.588 detox[6936] [90mi[39m [33mchild-process[39m[90m:SPAWN_STDOUT[39m INSTRUMENTATION_STATUS: class=com.tuapp.seguritacapp.DetoxTest
INSTRUMENTATION_STATUS: current=1
INSTRUMENTATION_STATUS: id=AndroidJUnitRunner
INSTRUMENTATION_STATUS: numtests=1
INSTRUMENTATION_STATUS: stream=
com.tuapp.seguritacapp.DetoxTest:
INSTRUMENTATION_STATUS: test=runDetoxTests
INSTRUMENTATION_STATUS_CODE: 1

11:09:01.636 detox[5808] [90mB[39m [33mws-server[39m[33m@64686[39m connection :64590<->:64686
11:09:01.641 detox[5808] [90mi[39m [33mws-server[39m[33m@64686[39m get
  data: {"messageId":0,"type":"login","params":{"role":"app","sessionId":"7aa15a3d-4568-03c0-ac13-b15eaae6c43d"}}
11:09:01.641 detox[5808] [90mi[39m [33mws-server[39m[33m@64686[39m send
  data: {
    "messageId": 0,
    "type": "loginSuccess",
    "params": {
      "testerConnected": true,
      "appConnected": true
    }
  }
11:09:01.642 detox[5808] [90mi[39m [33mws-server[39m app joined session 7aa15a3d-4568-03c0-ac13-b15eaae6c43d
11:09:01.642 detox[5808] [90mi[39m [33mws-server[39m[33m@64591[39m send
  data: {
    "type": "appConnected"
  }
11:09:01.643 detox[6936] [90mi[39m [33mws-client[39m get message
  data: {"type":"appConnected"}
   
11:09:01.644 detox[5808] [90mi[39m [33mws-server[39m[33m@64591[39m get
  data: {"type":"isReady","params":{},"messageId":-1000}
11:09:01.645 detox[5808] [90mi[39m [33mws-server[39m[33m@64686[39m send
  data: {
    "type": "isReady",
    "params": {},
    "messageId": -1000
  }
11:09:01.645 detox[6936] [90mi[39m [33mws-client[39m send message
  data: {"type":"isReady","params":{},"messageId":-1000}
11:09:07.240 detox[5808] [90mi[39m [33mws-server[39m[33m@64686[39m get
  data: {"messageId":-1000,"type":"ready","params":{}}
11:09:07.241 detox[5808] [90mi[39m [33mws-server[39m[33m@64591[39m send
  data: {
    "messageId": -1000,
    "type": "ready",
    "params": {}
  }
11:09:07.242 detox[6936] [90mi[39m [33mws-client[39m get message
  data: {"messageId":-1000,"type":"ready","params":{}}
   
11:09:07.243 detox[6936] [90mB[39m [33martifacts-manager[39m onAppReady
  args: ({"deviceId":"emulator-15632","bundleId":"com.tuapp.seguritacapp","pid":8735})
11:09:07.243 detox[6936] [90mE[39m [33martifacts-manager[39m onAppReady
11:09:07.243 detox[6936] [90mE[39m [33mdevice[39m launchApp
11:09:37.259 detox[6936] [90mE[39m [33mlifecycle[39m beforeAll
11:09:37.260 detox[6936] [90mB[39m [33mlifecycle[39m Autenticación - Flujo completo en un solo test
11:09:37.261 detox[6936] [90mB[39m [33martifacts-manager[39m onRunDescribeStart
  args: ({"name":"Autenticación - Flujo completo en un solo test"})
11:09:37.261 detox[6936] [90mE[39m [33martifacts-manager[39m onRunDescribeStart
11:09:37.262 detox[6936] [90mB[39m [33mlifecycle[39m ejecuta login, validaciones, negativos, persistencia y logout
11:09:37.262 detox[6936] [90mi[39m [33mlifecycle[39m Autenticación - Flujo completo en un solo test: ejecuta login, validaciones, negativos, persistencia y logout
11:09:37.264 detox[6936] [90mB[39m [33martifacts-manager[39m onTestStart
  args: ({"title":"ejecuta login, validaciones, negativos, persistencia y logout","fullName":"Autenticación - Flujo completo en un solo test ejecuta login, validaciones, negativos, persistencia y logout","status":"running","invocations":1})
11:09:37.265 detox[6936] [90mi[39m [33martifact[39m[90m:ARTIFACT_STOP[39m stopping ADBLogcatRecording
11:09:37.265 detox[6936] [90mi[39m [33martifact[39m[90m:ARTIFACT_START[39m starting ADBScreencapRecording
11:09:37.266 detox[6936] [90mi[39m [33mchild-process[39m[90m:EXEC_CMD[39m "C:\Users\carus\AppData\Local\Android\Sdk\platform-tools\adb.EXE" -s emulator-15632 shell "screencap /sdcard/11855296_1.png"
11:09:37.274 detox[6936] [90mi[39m [33martifact[39m[90m:ARTIFACT_START[39m starting ADBVideoRecording
11:09:37.279 detox[6936] [90mi[39m [33mchild-process[39m[90m:SPAWN_CMD[39m C:\Users\carus\AppData\Local\Android\Sdk\platform-tools\adb.EXE -s emulator-15632 shell screenrecord /sdcard/11855296_2.mp4
11:09:37.279 detox[6936] [90mi[39m [33mchild-process[39m[90m:EXEC_CMD[39m "C:\Users\carus\AppData\Local\Android\Sdk\platform-tools\adb.EXE" -s emulator-15632 shell "date +\"%m-%d %T.000\""
11:09:37.332 detox[6936] [90mi[39m [33mchild-process[39m[90m:EXEC_SUCCESS[39m 11-14 16:09:37.000

11:09:37.337 detox[6936] [90mi[39m [33mchild-process[39m[90m:SPAWN_KILL[39m sending SIGINT to: C:\Users\carus\AppData\Local\Android\Sdk\platform-tools\adb.EXE -s emulator-15632 shell logcat -T "11-14 16:08:59.000" --pid=8735 -f /sdcard/11855296_0.log
11:09:37.339 detox[6936] [90mi[39m [33mchild-process[39m[90m:SPAWN_END[39m C:\Users\carus\AppData\Local\Android\Sdk\platform-tools\adb.EXE -s emulator-15632 shell "logcat -T \"11-14 16:08:59.000\" --pid=8735 -f /sdcard/11855296_0.log" terminated with SIGINT
11:09:37.340 detox[6936] [90mi[39m [33martifact[39m[90m:ARTIFACT_START[39m starting ADBLogcatRecording
11:09:37.344 detox[6936] [90mi[39m [33mchild-process[39m[90m:SPAWN_CMD[39m C:\Users\carus\AppData\Local\Android\Sdk\platform-tools\adb.EXE -s emulator-15632 shell "logcat -T \"11-14 16:09:37.000\" --pid=8735 -f /sdcard/11855296_3.log"
11:09:37.586 detox[6936] [90mi[39m [33mchild-process[39m[90m:EXEC_CMD[39m "C:\Users\carus\AppData\Local\Android\Sdk\platform-tools\adb.EXE" -s emulator-15632 shell du /sdcard/11855296_2.mp4
11:09:37.630 detox[6936] [90mi[39m [33mchild-process[39m[90m:EXEC_SUCCESS[39m 8	/sdcard/11855296_2.mp4

11:09:37.649 detox[6936] [90mi[39m [33mchild-process[39m[90m:EXEC_CMD[39m "C:\Users\carus\AppData\Local\Android\Sdk\platform-tools\adb.EXE" -s emulator-15632 shell du /sdcard/11855296_3.log
11:09:37.690 detox[6936] [90mi[39m [33mchild-process[39m[90m:EXEC_SUCCESS[39m 4	/sdcard/11855296_3.log

11:09:37.770 detox[6936] [90mi[39m [33mchild-process[39m[90m:EXEC_SUCCESS[39m 
11:09:37.771 detox[6936] [90mi[39m [33martifact[39m[90m:ARTIFACT_STOP[39m stopping ADBScreencapRecording
11:09:37.772 detox[6936] [90mE[39m [33martifacts-manager[39m onTestStart
11:09:37.772 detox[6936] [90mB[39m [33mlifecycle[39m beforeEach
11:09:37.772 detox[6936] [90mE[39m [33mlifecycle[39m beforeEach
11:09:37.773 detox[6936] [90mB[39m [33mlifecycle[39m test_fn
11:09:37.776 detox[5808] [90mi[39m [33mws-server[39m[33m@64591[39m get
  data: {"type":"invoke","params":{"target":{"type":"Class","value":"com.wix.detox.espresso.DetoxAssertion"},"method":"waitForAssertMatcher","args":[{"type":"Invocation","value":{"target":{"type":"Class","value":"androidx.test.espresso.Espresso"},"method":"onView","args":[{"type":"Invocation","value":{"target":{"type":"Class","value":"com.wix.detox.espresso.DetoxMatcher"},"method":"matcherForTestId","args":["login-email",{"type":"boolean","value":false}]}}]}},{"type":"Invocation","value":{"target":{"type":"Class","value":"com.wix.detox.espresso.DetoxMatcher"},"method":"matcherForSufficientlyVisible","args":[{"type":"Integer","value":75}]}},{"type":"Double","value":90}]},"messageId":1}
11:09:37.776 detox[5808] [90mi[39m [33mws-server[39m[33m@64686[39m send
  data: {
    "type": "invoke",
    "params": {
      "target": {
        "type": "Class",
        "value": "com.wix.detox.espresso.DetoxAssertion"
      },
      "method": "waitForAssertMatcher",
      "args": [
        {
          "type": "Invocation",
          "value": {
            "target": {
              "type": "Class",
              "value": "androidx.test.espresso.Espresso"
            },
            "method": "onView",
            "args": [
              {
                "type": "Invocation",
                "value": {
                  "target": {
                    "type": "Class",
                    "value": "com.wix.detox.espresso.DetoxMatcher"
                  },
                  "method": "matcherForTestId",
                  "args": [
                    "login-email",
                    {
                      "type": "boolean",
                      "value": false
                    }
                  ]
                }
              }
            ]
          }
        },
        {
          "type": "Invocation",
          "value": {
            "target": {
              "type": "Class",
              "value": "com.wix.detox.espresso.DetoxMatcher"
            },
            "method": "matcherForSufficientlyVisible",
            "args": [
              {
                "type": "Integer",
                "value": 75
              }
            ]
          }
        },
        {
          "type": "Double",
          "value": 90
        }
      ]
    },
    "messageId": 1
  }
11:09:37.776 detox[6936] [90mi[39m [33mws-client[39m send message
  data: {"type":"invoke","params":{"target":{"type":"Class","value":"com.wix.detox.espresso.DetoxAssertion"},"method":"waitForAssertMatcher","args":[{"type":"Invocation","value":{"target":{"type":"Class","value":"androidx.test.espresso.Espresso"},"method":"onView","args":[{"type":"Invocation","value":{"target":{"type":"Class","value":"com.wix.detox.espresso.DetoxMatcher"},"method":"matcherForTestId","args":["login-email",{"type":"boolean","value":false}]}}]}},{"type":"Invocation","value":{"target":{"type":"Class","value":"com.wix.detox.espresso.DetoxMatcher"},"method":"matcherForSufficientlyVisible","args":[{"type":"Integer","value":75}]}},{"type":"Double","value":90}]},"messageId":1}
11:09:37.777 detox[6936] [90mB[39m [33mws-client[39m undefined with timeout (90000 ms)
  data: {
    "target": {
      "type": "Class",
      "value": "com.wix.detox.espresso.DetoxAssertion"
    },
    "method": "waitForAssertMatcher",
    "args": [
      {
        "type": "Invocation",
        "value": {
          "target": {
            "type": "Class",
            "value": "androidx.test.espresso.Espresso"
          },
          "method": "onView",
          "args": [
            {
              "type": "Invocation",
              "value": {
                "target": {
                  "type": "Class",
                  "value": "com.wix.detox.espresso.DetoxMatcher"
                },
                "method": "matcherForTestId",
                "args": [
                  "login-email",
                  {
                    "type": "boolean",
                    "value": false
                  }
                ]
              }
            }
          ]
        }
      },
      {
        "type": "Invocation",
        "value": {
          "target": {
            "type": "Class",
            "value": "com.wix.detox.espresso.DetoxMatcher"
          },
          "method": "matcherForSufficientlyVisible",
          "args": [
            {
              "type": "Integer",
              "value": 75
            }
          ]
        }
      },
      {
        "type": "Double",
        "value": 90
      }
    ]
  }
  stack: _getCallStackTrace (\node_modules\detox\src\utils\traceInvocationCall.js:2:10)
  invocationCall (\node_modules\detox\src\utils\traceInvocationCall.js:17:12)
  WaitForInteraction.execute (\node_modules\detox\src\android\interactions\native.js:22:12)
  WaitForInteraction.withTimeout (\node_modules\detox\src\android\interactions\native.js:59:16)
  Object.withTimeout (\e2e\auth.fullflow.e2e.test.js:14:8)
  Promise.then.completed (\node_modules\jest-circus\build\utils.js:298:28)
  new Promise (<anonymous>)
  callAsyncCircusFn (\node_modules\jest-circus\build\utils.js:231:10)
  _callCircusTest (\node_modules\jest-circus\build\run.js:316:40)
  processTicksAndRejections (node:internal/process/task_queues:95:5)
  _runTest (\node_modules\jest-circus\build\run.js:252:3)
  _runTestsForDescribeBlock (\node_modules\jest-circus\build\run.js:126:9)
  _runTestsForDescribeBlock (\node_modules\jest-circus\build\run.js:121:9)
  run (\node_modules\jest-circus\build\run.js:71:3)
  runAndTransformResultsToJestFormat (\node_modules\jest-circus\build\legacy-code-todo-rewrite\jestAdapterInit.js:122:21)
  jestAdapter (\node_modules\jest-circus\build\legacy-code-todo-rewrite\jestAdapter.js:79:19)
  runTestInternal (\node_modules\jest-runner\build\runTest.js:367:16)
  runTest (\node_modules\jest-runner\build\runTest.js:444:34)
11:09:47.775 detox[5808] [90mi[39m [33mws-server[39m[33m@64591[39m get
  data: {"type":"currentStatus","params":{},"messageId":2}
11:09:47.776 detox[5808] [90mi[39m [33mws-server[39m[33m@64686[39m send
  data: {
    "type": "currentStatus",
    "params": {},
    "messageId": 2
  }
11:09:47.776 detox[6936] [90mi[39m [33mws-client[39m send message
  data: {"type":"currentStatus","params":{},"messageId":2}
11:09:47.780 detox[5808] [90mi[39m [33mws-server[39m[33m@64686[39m get
  data: {"messageId":2,"type":"currentStatusResult","params":{"status":{"app_status":"idle"}}}
11:09:47.780 detox[5808] [90mi[39m [33mws-server[39m[33m@64591[39m send
  data: {
    "messageId": 2,
    "type": "currentStatusResult",
    "params": {
      "status": {
        "app_status": "idle"
      }
    }
  }
11:09:47.782 detox[6936] [90mi[39m [33mws-client[39m get message
  data: {"messageId":2,"type":"currentStatusResult","params":{"status":{"app_status":"idle"}}}
   
11:09:47.785 detox[6936] [90mi[39m [33mws-client[39m[90m:APP_STATUS[39m The app seems to be idle
11:09:57.794 detox[5808] [90mi[39m [33mws-server[39m[33m@64591[39m get
  data: {"type":"currentStatus","params":{},"messageId":3}
11:09:57.794 detox[5808] [90mi[39m [33mws-server[39m[33m@64686[39m send
  data: {
    "type": "currentStatus",
    "params": {},
    "messageId": 3
  }
11:09:57.794 detox[6936] [90mi[39m [33mws-client[39m send message
  data: {"type":"currentStatus","params":{},"messageId":3}
11:09:57.797 detox[5808] [90mi[39m [33mws-server[39m[33m@64686[39m get
  data: {"messageId":3,"type":"currentStatusResult","params":{"status":{"app_status":"idle"}}}
11:09:57.797 detox[5808] [90mi[39m [33mws-server[39m[33m@64591[39m send
  data: {
    "messageId": 3,
    "type": "currentStatusResult",
    "params": {
      "status": {
        "app_status": "idle"
      }
    }
  }
11:09:57.798 detox[6936] [90mi[39m [33mws-client[39m get message
  data: {"messageId":3,"type":"currentStatusResult","params":{"status":{"app_status":"idle"}}}
   
11:09:57.799 detox[6936] [90mi[39m [33mws-client[39m[90m:APP_STATUS[39m The app seems to be idle
11:10:07.800 detox[5808] [90mi[39m [33mws-server[39m[33m@64591[39m get
  data: {"type":"currentStatus","params":{},"messageId":4}
11:10:07.800 detox[5808] [90mi[39m [33mws-server[39m[33m@64686[39m send
  data: {
    "type": "currentStatus",
    "params": {},
    "messageId": 4
  }
11:10:07.800 detox[6936] [90mi[39m [33mws-client[39m send message
  data: {"type":"currentStatus","params":{},"messageId":4}
11:10:07.803 detox[5808] [90mi[39m [33mws-server[39m[33m@64686[39m get
  data: {"messageId":4,"type":"currentStatusResult","params":{"status":{"app_status":"idle"}}}
11:10:07.804 detox[5808] [90mi[39m [33mws-server[39m[33m@64591[39m send
  data: {
    "messageId": 4,
    "type": "currentStatusResult",
    "params": {
      "status": {
        "app_status": "idle"
      }
    }
  }
11:10:07.805 detox[6936] [90mi[39m [33mws-client[39m get message
  data: {"messageId":4,"type":"currentStatusResult","params":{"status":{"app_status":"idle"}}}
   
11:10:07.805 detox[6936] [90mi[39m [33mws-client[39m[90m:APP_STATUS[39m The app seems to be idle
11:10:17.812 detox[5808] [90mi[39m [33mws-server[39m[33m@64591[39m get
  data: {"type":"currentStatus","params":{},"messageId":5}
11:10:17.812 detox[6936] [90mi[39m [33mws-client[39m send message
  data: {"type":"currentStatus","params":{},"messageId":5}
11:10:17.813 detox[5808] [90mi[39m [33mws-server[39m[33m@64686[39m send
  data: {
    "type": "currentStatus",
    "params": {},
    "messageId": 5
  }
11:10:17.815 detox[5808] [90mi[39m [33mws-server[39m[33m@64686[39m get
  data: {"messageId":5,"type":"currentStatusResult","params":{"status":{"app_status":"idle"}}}
11:10:17.816 detox[5808] [90mi[39m [33mws-server[39m[33m@64591[39m send
  data: {
    "messageId": 5,
    "type": "currentStatusResult",
    "params": {
      "status": {
        "app_status": "idle"
      }
    }
  }
11:10:17.817 detox[6936] [90mi[39m [33mws-client[39m get message
  data: {"messageId":5,"type":"currentStatusResult","params":{"status":{"app_status":"idle"}}}
   
11:10:17.817 detox[6936] [90mi[39m [33mws-client[39m[90m:APP_STATUS[39m The app seems to be idle
11:10:27.832 detox[5808] [90mi[39m [33mws-server[39m[33m@64591[39m get
  data: {"type":"currentStatus","params":{},"messageId":6}
11:10:27.832 detox[5808] [90mi[39m [33mws-server[39m[33m@64686[39m send
  data: {
    "type": "currentStatus",
    "params": {},
    "messageId": 6
  }
11:10:27.832 detox[6936] [90mi[39m [33mws-client[39m send message
  data: {"type":"currentStatus","params":{},"messageId":6}
11:10:27.841 detox[5808] [90mi[39m [33mws-server[39m[33m@64686[39m get
  data: {"messageId":6,"type":"currentStatusResult","params":{"status":{"app_status":"idle"}}}
11:10:27.841 detox[5808] [90mi[39m [33mws-server[39m[33m@64591[39m send
  data: {
    "messageId": 6,
    "type": "currentStatusResult",
    "params": {
      "status": {
        "app_status": "idle"
      }
    }
  }
11:10:27.842 detox[6936] [90mi[39m [33mws-client[39m get message
  data: {"messageId":6,"type":"currentStatusResult","params":{"status":{"app_status":"idle"}}}
   
11:10:27.843 detox[6936] [90mi[39m [33mws-client[39m[90m:APP_STATUS[39m The app seems to be idle
11:10:37.845 detox[5808] [90mi[39m [33mws-server[39m[33m@64591[39m get
  data: {"type":"currentStatus","params":{},"messageId":7}
11:10:37.845 detox[5808] [90mi[39m [33mws-server[39m[33m@64686[39m send
  data: {
    "type": "currentStatus",
    "params": {},
    "messageId": 7
  }
11:10:37.845 detox[6936] [90mi[39m [33mws-client[39m send message
  data: {"type":"currentStatus","params":{},"messageId":7}
11:10:37.856 detox[5808] [90mi[39m [33mws-server[39m[33m@64686[39m get
  data: {"messageId":7,"type":"currentStatusResult","params":{"status":{"app_status":"idle"}}}
11:10:37.856 detox[5808] [90mi[39m [33mws-server[39m[33m@64591[39m send
  data: {
    "messageId": 7,
    "type": "currentStatusResult",
    "params": {
      "status": {
        "app_status": "idle"
      }
    }
  }
11:10:37.857 detox[6936] [90mi[39m [33mws-client[39m get message
  data: {"messageId":7,"type":"currentStatusResult","params":{"status":{"app_status":"idle"}}}
   
11:10:37.857 detox[6936] [90mi[39m [33mws-client[39m[90m:APP_STATUS[39m The app seems to be idle
11:10:47.866 detox[5808] [90mi[39m [33mws-server[39m[33m@64591[39m get
  data: {"type":"currentStatus","params":{},"messageId":8}
11:10:47.866 detox[5808] [90mi[39m [33mws-server[39m[33m@64686[39m send
  data: {
    "type": "currentStatus",
    "params": {},
    "messageId": 8
  }
11:10:47.866 detox[6936] [90mi[39m [33mws-client[39m send message
  data: {"type":"currentStatus","params":{},"messageId":8}
11:10:47.870 detox[5808] [90mi[39m [33mws-server[39m[33m@64686[39m get
  data: {"messageId":8,"type":"currentStatusResult","params":{"status":{"app_status":"idle"}}}
11:10:47.870 detox[5808] [90mi[39m [33mws-server[39m[33m@64591[39m send
  data: {
    "messageId": 8,
    "type": "currentStatusResult",
    "params": {
      "status": {
        "app_status": "idle"
      }
    }
  }
11:10:47.871 detox[6936] [90mi[39m [33mws-client[39m get message
  data: {"messageId":8,"type":"currentStatusResult","params":{"status":{"app_status":"idle"}}}
   
11:10:47.871 detox[6936] [90mi[39m [33mws-client[39m[90m:APP_STATUS[39m The app seems to be idle
11:10:57.874 detox[6936] [90mi[39m [33mws-client[39m send message
  data: {"type":"currentStatus","params":{},"messageId":9}
11:10:57.875 detox[5808] [90mi[39m [33mws-server[39m[33m@64591[39m get
  data: {"type":"currentStatus","params":{},"messageId":9}
11:10:57.876 detox[5808] [90mi[39m [33mws-server[39m[33m@64686[39m send
  data: {
    "type": "currentStatus",
    "params": {},
    "messageId": 9
  }
11:10:57.886 detox[5808] [90mi[39m [33mws-server[39m[33m@64686[39m get
  data: {"messageId":9,"type":"currentStatusResult","params":{"status":{"app_status":"idle"}}}
11:10:57.886 detox[5808] [90mi[39m [33mws-server[39m[33m@64591[39m send
  data: {
    "messageId": 9,
    "type": "currentStatusResult",
    "params": {
      "status": {
        "app_status": "idle"
      }
    }
  }
11:10:57.886 detox[6936] [90mi[39m [33mws-client[39m get message
  data: {"messageId":9,"type":"currentStatusResult","params":{"status":{"app_status":"idle"}}}
   
11:10:57.887 detox[6936] [90mi[39m [33mws-client[39m[90m:APP_STATUS[39m The app seems to be idle
11:11:07.815 detox[5808] [90mi[39m [33mws-server[39m[33m@64686[39m get
  data: {"messageId":1,"type":"testFailed","params":{"details":"90.0sec timeout expired without matching of given matcher: (view has effective visibility <VISIBLE> and view.getGlobalVisibleRect() covers at least <75> percent of the view's area)\n","viewHierarchy":null}}
11:11:07.816 detox[5808] [90mi[39m [33mws-server[39m[33m@64591[39m send
  data: {
    "messageId": 1,
    "type": "testFailed",
    "params": {
      "details": "90.0sec timeout expired without matching of given matcher: (view has effective visibility <VISIBLE> and view.getGlobalVisibleRect() covers at least <75> percent of the view's area)\n",
      "viewHierarchy": null
    }
  }
11:11:07.816 detox[6936] [90mi[39m [33mws-client[39m get message
  data: {"messageId":1,"type":"testFailed","params":{"details":"90.0sec timeout expired without matching of given matcher: (view has effective visibility <VISIBLE> and view.getGlobalVisibleRect() covers at least <75> percent of the view's area)\n","viewHierarchy":null}}
   
11:11:07.817 detox[6936] [90mE[39m [33mws-client[39m undefined with timeout (90000 ms)
  error: Test Failed: 90.0sec timeout expired without matching of given matcher: (view has effective visibility <VISIBLE> and view.getGlobalVisibleRect() covers at least <75> percent of the view's area)
  
11:11:07.818 detox[6936] [90mB[39m [33martifacts-manager[39m onTestFnFailure
  args: ({"error":{"name":"DetoxRuntimeError"}})
11:11:07.818 detox[6936] [90mi[39m [33martifact[39m[90m:ARTIFACT_START[39m starting ADBScreencapRecording
11:11:07.818 detox[6936] [90mi[39m [33mchild-process[39m[90m:EXEC_CMD[39m "C:\Users\carus\AppData\Local\Android\Sdk\platform-tools\adb.EXE" -s emulator-15632 shell "screencap /sdcard/11855296_4.png"
11:11:08.166 detox[6936] [90mi[39m [33mchild-process[39m[90m:EXEC_SUCCESS[39m 
11:11:08.166 detox[6936] [90mi[39m [33martifact[39m[90m:ARTIFACT_STOP[39m stopping ADBScreencapRecording
11:11:08.167 detox[6936] [90mE[39m [33martifacts-manager[39m onTestFnFailure
11:11:08.167 detox[6936] [90mE[39m [33mlifecycle[39m test_fn
  error: Test Failed: 90.0sec timeout expired without matching of given matcher: (view has effective visibility <VISIBLE> and view.getGlobalVisibleRect() covers at least <75> percent of the view's area)
  
11:11:08.168 detox[6936] [90mB[39m [33martifacts-manager[39m onTestDone
  args: ({"title":"ejecuta login, validaciones, negativos, persistencia y logout","fullName":"Autenticación - Flujo completo en un solo test ejecuta login, validaciones, negativos, persistencia y logout","status":"failed","invocations":1,"timedOut":false})
11:11:08.169 detox[6936] [90mi[39m [33martifact[39m[90m:ARTIFACT_STOP[39m stopping ADBLogcatRecording
11:11:08.169 detox[6936] [90mi[39m [33martifact[39m[90m:ARTIFACT_START[39m starting ADBScreencapRecording
11:11:08.169 detox[6936] [90mi[39m [33mchild-process[39m[90m:EXEC_CMD[39m "C:\Users\carus\AppData\Local\Android\Sdk\platform-tools\adb.EXE" -s emulator-15632 shell "screencap /sdcard/11855296_5.png"
11:11:08.177 detox[6936] [90mi[39m [33martifact[39m[90m:ARTIFACT_STOP[39m stopping ADBVideoRecording
11:11:08.178 detox[6936] [90mi[39m [33mchild-process[39m[90m:EXEC_CMD[39m "C:\Users\carus\AppData\Local\Android\Sdk\platform-tools\adb.EXE" -s emulator-15632 shell "date +\"%m-%d %T.000\""
11:11:08.181 detox[6936] [90mi[39m [33mchild-process[39m[90m:SPAWN_KILL[39m sending SIGINT to: C:\Users\carus\AppData\Local\Android\Sdk\platform-tools\adb.EXE -s emulator-15632 shell screenrecord /sdcard/11855296_2.mp4
11:11:08.184 detox[6936] [90mi[39m [33mchild-process[39m[90m:SPAWN_END[39m C:\Users\carus\AppData\Local\Android\Sdk\platform-tools\adb.EXE -s emulator-15632 shell screenrecord /sdcard/11855296_2.mp4 terminated with SIGINT
11:11:08.186 detox[6936] [90mi[39m [33martifact[39m[90m:ARTIFACT_SAVE[39m saving ADBVideoRecording to: artifacts\android.emu.debug.2025-11-14 16-08-53Z\✗ Autenticación - Flujo completo en un solo test ejecuta login, validaciones, negativos, persistencia y logout\test.mp4
11:11:08.216 detox[6936] [90mi[39m [33mchild-process[39m[90m:EXEC_SUCCESS[39m 11-14 16:11:08.000

11:11:08.225 detox[6936] [90mi[39m [33mchild-process[39m[90m:SPAWN_KILL[39m sending SIGINT to: C:\Users\carus\AppData\Local\Android\Sdk\platform-tools\adb.EXE -s emulator-15632 shell logcat -T "11-14 16:09:37.000" --pid=8735 -f /sdcard/11855296_3.log
11:11:08.228 detox[6936] [90mi[39m [33mchild-process[39m[90m:SPAWN_END[39m C:\Users\carus\AppData\Local\Android\Sdk\platform-tools\adb.EXE -s emulator-15632 shell "logcat -T \"11-14 16:09:37.000\" --pid=8735 -f /sdcard/11855296_3.log" terminated with SIGINT
11:11:08.525 detox[6936] [90mi[39m [33mchild-process[39m[90m:EXEC_SUCCESS[39m 
11:11:08.525 detox[6936] [90mi[39m [33martifact[39m[90m:ARTIFACT_STOP[39m stopping ADBScreencapRecording
11:11:08.526 detox[6936] [90mE[39m [33martifacts-manager[39m onTestDone
11:11:08.526 detox[6936] [90mE[39m [33mlifecycle[39m ejecuta login, validaciones, negativos, persistencia y logout
11:11:08.527 detox[6936] [90mi[39m [33mlifecycle[39m Autenticación - Flujo completo en un solo test: ejecuta login, validaciones, negativos, persistencia y logout [FAIL]
11:11:08.528 detox[6936] [90mB[39m [33martifacts-manager[39m onRunDescribeFinish
  args: ({"name":"Autenticación - Flujo completo en un solo test"})
11:11:08.529 detox[6936] [90mE[39m [33martifacts-manager[39m onRunDescribeFinish
11:11:08.529 detox[6936] [90mE[39m [33mlifecycle[39m Autenticación - Flujo completo en un solo test
11:11:08.529 detox[6936] [90mB[39m [33mlifecycle[39m afterAll
11:11:08.530 detox[6936] [90mE[39m [33mlifecycle[39m afterAll
11:11:08.530 detox[6936] [90mB[39m [33martifacts-manager[39m onRunDescribeFinish
  args: ({"name":"ROOT_DESCRIBE_BLOCK"})
11:11:08.530 detox[6936] [90mE[39m [33martifacts-manager[39m onRunDescribeFinish
11:11:08.531 detox[6936] [90mE[39m [33mlifecycle[39m run the tests
11:11:08.551 detox[6936] [90mB[39m [33mlifecycle[39m tear down environment
11:11:08.552 detox[6936] [90mB[39m [33martifacts-manager[39m onBeforeCleanup
  args: ()
11:11:08.690 detox[6936] [90mi[39m [33mchild-process[39m[90m:EXEC_CMD[39m "C:\Users\carus\AppData\Local\Android\Sdk\platform-tools\adb.EXE" -s emulator-15632 shell du /sdcard/11855296_2.mp4
11:11:08.725 detox[6936] [90mi[39m [33mchild-process[39m[90m:EXEC_SUCCESS[39m 112	/sdcard/11855296_2.mp4

11:11:08.726 detox[6936] [90mi[39m [33mchild-process[39m[90m:EXEC_CMD[39m "C:\Users\carus\AppData\Local\Android\Sdk\platform-tools\adb.EXE" -s emulator-15632 pull "/sdcard/11855296_2.mp4" "artifacts\android.emu.debug.2025-11-14 16-08-53Z\✗ Autenticación - Flujo completo en un solo test ejecuta login, validaciones, negativos, persistencia y logout\test.mp4"
11:11:08.763 detox[6936] [90mi[39m [33mchild-process[39m[90m:EXEC_SUCCESS[39m /sdcard/11855296_2.mp4: 1 file pulled, 0 skipped. 41.4 MB/s (100065 bytes in 0.002s)

11:11:08.763 detox[6936] [90mi[39m [33mchild-process[39m[90m:EXEC_CMD[39m "C:\Users\carus\AppData\Local\Android\Sdk\platform-tools\adb.EXE" -s emulator-15632 shell "rm  \"/sdcard/11855296_2.mp4\""
11:11:08.808 detox[6936] [90mi[39m [33mchild-process[39m[90m:EXEC_SUCCESS[39m 
11:11:08.809 detox[6936] [90mi[39m [33martifact[39m[90m:ARTIFACT_SAVE[39m saving ADBLogcatRecording to: artifacts\android.emu.debug.2025-11-14 16-08-53Z\✗ Autenticación - Flujo completo en un solo test ejecuta login, validaciones, negativos, persistencia y logout\device.log
11:11:08.809 detox[6936] [90mi[39m [33mchild-process[39m[90m:EXEC_CMD[39m "C:\Users\carus\AppData\Local\Android\Sdk\platform-tools\adb.EXE" -s emulator-15632 pull "/sdcard/11855296_3.log" "artifacts\android.emu.debug.2025-11-14 16-08-53Z\✗ Autenticación - Flujo completo en un solo test ejecuta login, validaciones, negativos, persistencia y logout\device.log"
11:11:08.850 detox[6936] [90mi[39m [33mchild-process[39m[90m:EXEC_SUCCESS[39m /sdcard/11855296_3.log: 1 file pulled, 0 skipped. 118.9 MB/s (815104 bytes in 0.007s)

11:11:08.850 detox[6936] [90mi[39m [33mchild-process[39m[90m:EXEC_CMD[39m "C:\Users\carus\AppData\Local\Android\Sdk\platform-tools\adb.EXE" -s emulator-15632 shell "rm  \"/sdcard/11855296_3.log\""
11:11:08.893 detox[6936] [90mi[39m [33mchild-process[39m[90m:EXEC_SUCCESS[39m 
11:11:08.895 detox[6936] [90mi[39m [33martifact[39m[90m:ARTIFACT_SAVE[39m saving ADBLogcatRecording to: artifacts\android.emu.debug.2025-11-14 16-08-53Z\emulator-15632 2025-11-14 16-11-08Z.startup.log
11:11:08.895 detox[6936] [90mi[39m [33mchild-process[39m[90m:EXEC_CMD[39m "C:\Users\carus\AppData\Local\Android\Sdk\platform-tools\adb.EXE" -s emulator-15632 pull "/sdcard/11855296_0.log" "artifacts\android.emu.debug.2025-11-14 16-08-53Z\emulator-15632 2025-11-14 16-11-08Z.startup.log"
11:11:09.277 detox[6936] [90mi[39m [33mchild-process[39m[90m:EXEC_SUCCESS[39m /sdcard/11855296_0.log: 1 file pulled, 0 skipped. 0.2 MB/s (77824 bytes in 0.348s)

11:11:09.277 detox[6936] [90mi[39m [33mchild-process[39m[90m:EXEC_CMD[39m "C:\Users\carus\AppData\Local\Android\Sdk\platform-tools\adb.EXE" -s emulator-15632 shell "rm  \"/sdcard/11855296_0.log\""
11:11:09.319 detox[6936] [90mi[39m [33mchild-process[39m[90m:EXEC_SUCCESS[39m 
11:11:09.320 detox[6936] [90mi[39m [33martifact[39m[90m:ARTIFACT_SAVE[39m saving ADBScreencapRecording to: artifacts\android.emu.debug.2025-11-14 16-08-53Z\✗ Autenticación - Flujo completo en un solo test ejecuta login, validaciones, negativos, persistencia y logout\testStart.png
11:11:09.320 detox[6936] [90mi[39m [33mchild-process[39m[90m:EXEC_CMD[39m "C:\Users\carus\AppData\Local\Android\Sdk\platform-tools\adb.EXE" -s emulator-15632 pull "/sdcard/11855296_1.png" "artifacts\android.emu.debug.2025-11-14 16-08-53Z\✗ Autenticación - Flujo completo en un solo test ejecuta login, validaciones, negativos, persistencia y logout\testStart.png"
11:11:09.385 detox[6936] [90mi[39m [33mchild-process[39m[90m:EXEC_SUCCESS[39m /sdcard/11855296_1.png: 1 file pulled, 0 skipped. 61.8 MB/s (274044 bytes in 0.004s)

11:11:09.386 detox[6936] [90mi[39m [33mchild-process[39m[90m:EXEC_CMD[39m "C:\Users\carus\AppData\Local\Android\Sdk\platform-tools\adb.EXE" -s emulator-15632 shell "rm  \"/sdcard/11855296_1.png\""
11:11:09.429 detox[6936] [90mi[39m [33mchild-process[39m[90m:EXEC_SUCCESS[39m 
11:11:09.430 detox[6936] [90mi[39m [33martifact[39m[90m:ARTIFACT_SAVE[39m saving ADBScreencapRecording to: artifacts\android.emu.debug.2025-11-14 16-08-53Z\✗ Autenticación - Flujo completo en un solo test ejecuta login, validaciones, negativos, persistencia y logout\testFnFailure.png
11:11:09.430 detox[6936] [90mi[39m [33mchild-process[39m[90m:EXEC_CMD[39m "C:\Users\carus\AppData\Local\Android\Sdk\platform-tools\adb.EXE" -s emulator-15632 pull "/sdcard/11855296_4.png" "artifacts\android.emu.debug.2025-11-14 16-08-53Z\✗ Autenticación - Flujo completo en un solo test ejecuta login, validaciones, negativos, persistencia y logout\testFnFailure.png"
11:11:09.470 detox[6936] [90mi[39m [33mchild-process[39m[90m:EXEC_SUCCESS[39m /sdcard/11855296_4.png: 1 file pulled, 0 skipped. 63.8 MB/s (272636 bytes in 0.004s)

11:11:09.470 detox[6936] [90mi[39m [33mchild-process[39m[90m:EXEC_CMD[39m "C:\Users\carus\AppData\Local\Android\Sdk\platform-tools\adb.EXE" -s emulator-15632 shell "rm  \"/sdcard/11855296_4.png\""
11:11:09.518 detox[6936] [90mi[39m [33mchild-process[39m[90m:EXEC_SUCCESS[39m 
11:11:09.518 detox[6936] [90mi[39m [33martifact[39m[90m:ARTIFACT_SAVE[39m saving ADBScreencapRecording to: artifacts\android.emu.debug.2025-11-14 16-08-53Z\✗ Autenticación - Flujo completo en un solo test ejecuta login, validaciones, negativos, persistencia y logout\testDone.png
11:11:09.519 detox[6936] [90mi[39m [33mchild-process[39m[90m:EXEC_CMD[39m "C:\Users\carus\AppData\Local\Android\Sdk\platform-tools\adb.EXE" -s emulator-15632 pull "/sdcard/11855296_5.png" "artifacts\android.emu.debug.2025-11-14 16-08-53Z\✗ Autenticación - Flujo completo en un solo test ejecuta login, validaciones, negativos, persistencia y logout\testDone.png"
11:11:09.555 detox[6936] [90mi[39m [33mchild-process[39m[90m:EXEC_SUCCESS[39m /sdcard/11855296_5.png: 1 file pulled, 0 skipped. 86.3 MB/s (272636 bytes in 0.003s)

11:11:09.555 detox[6936] [90mi[39m [33mchild-process[39m[90m:EXEC_CMD[39m "C:\Users\carus\AppData\Local\Android\Sdk\platform-tools\adb.EXE" -s emulator-15632 shell "rm  \"/sdcard/11855296_5.png\""
11:11:09.600 detox[6936] [90mi[39m [33mchild-process[39m[90m:EXEC_SUCCESS[39m 
11:11:09.601 detox[6936] [90mi[39m [33martifact[39m[90m:ARTIFACT_SAVE[39m saving FileArtifact to: artifacts\android.emu.debug.2025-11-14 16-08-53Z\detox_pid_6936.json.log { append: true }
11:11:09.601 detox[6936] [90mi[39m [33martifact[39m[90m:ARTIFACT_SAVE[39m saving FileArtifact to: artifacts\android.emu.debug.2025-11-14 16-08-53Z\detox_pid_6936.log { append: true }
11:11:09.602 detox[6936] [90mE[39m [33martifacts-manager[39m onBeforeCleanup
11:11:09.603 detox[6936] [90mi[39m [33mws-client[39m send message
  data: {"type":"cleanup","params":{"stopRunner":false},"messageId":-49642}
11:11:09.604 detox[5808] [90mi[39m [33mws-server[39m[33m@64591[39m get
  data: {"type":"cleanup","params":{"stopRunner":false},"messageId":-49642}
11:11:09.604 detox[5808] [90mi[39m [33mws-server[39m[33m@64686[39m send
  data: {
    "type": "cleanup",
    "params": {
      "stopRunner": false
    },
    "messageId": -49642
  }
11:11:09.607 detox[5808] [90mi[39m [33mws-server[39m[33m@64686[39m get
  data: {"messageId":-49642,"type":"cleanupDone","params":{}}
11:11:09.608 detox[5808] [90mi[39m [33mws-server[39m[33m@64591[39m send
  data: {
    "messageId": -49642,
    "type": "cleanupDone",
    "params": {}
  }
11:11:09.608 detox[6936] [90mi[39m [33mws-client[39m get message
  data: {"messageId":-49642,"type":"cleanupDone","params":{}}
   
11:11:09.611 detox[5808] [90mi[39m [33mws-server[39m tester exited session 7aa15a3d-4568-03c0-ac13-b15eaae6c43d
11:11:09.611 detox[5808] [90mi[39m [33mws-server[39m[33m@64686[39m send
  data: {
    "type": "testerDisconnected",
    "messageId": -1
  }
11:11:09.611 detox[5808] [90mE[39m [33mws-server[39m[33m@64591[39m connection :64590<->:64591
11:11:09.627 detox[6936] [90mi[39m [33mchild-process[39m[90m:SPAWN_KILL[39m sending SIGINT to: C:\Users\carus\AppData\Local\Android\Sdk\platform-tools\adb.EXE -s emulator-15632 shell am instrument -w -r -e detoxServer ws://localhost:64590 -e detoxSessionId 7aa15a3d-4568-03c0-ac13-b15eaae6c43d -e detoxEnableSynchronization 0 -e detoxURLOverride 'seguridadciudadanaapp://expo-development-client/?url=http%3A%2F%2Flocalhost%3A8081&role=ciudadano&disableBypass=1' -e debug false com.tuapp.seguritacapp.test/com.wix.detox.DetoxJUnitRunner
11:11:09.629 detox[6936] [90mi[39m [33mchild-process[39m[90m:SPAWN_END[39m C:\Users\carus\AppData\Local\Android\Sdk\platform-tools\adb.EXE -s emulator-15632 shell am instrument -w -r -e detoxServer ws://localhost:64590 -e detoxSessionId 7aa15a3d-4568-03c0-ac13-b15eaae6c43d -e detoxEnableSynchronization 0 -e detoxURLOverride 'seguridadciudadanaapp://expo-development-client/?url=http%3A%2F%2Flocalhost%3A8081&role=ciudadano&disableBypass=1' -e debug false com.tuapp.seguritacapp.test/com.wix.detox.DetoxJUnitRunner terminated with SIGINT
11:11:09.630 detox[6936] [90mi[39m [33mchild-process[39m[90m:EXEC_CMD[39m "C:\Users\carus\AppData\Local\Android\Sdk\platform-tools\adb.EXE" -s emulator-15632 reverse --remove tcp:64590
11:11:09.637 detox[6936] [90mi[39m [33mipc[39m dispatching event to  primary-5808 /tmp/detox.primary-5808  :  deallocateDevice , {
  deviceCookie: {
    id: 'emulator-15632',
    adbName: 'emulator-15632',
    name: 'emulator-15632 (Pixel_6_API34)'
  }
}
11:11:09.638 detox[5808] [90mi[39m [33mipc[39m received event of :  deallocateDevice {
  deviceCookie: {
    id: 'emulator-15632',
    adbName: 'emulator-15632',
    name: 'emulator-15632 (Pixel_6_API34)'
  }
}
11:11:09.639 detox[5808] [90mB[39m [33mdevice[39m[33m@0[39m free: emulator-15632
  data: {}
11:11:09.642 detox[5808] [90mE[39m [33mdevice[39m[33m@0[39m free: emulator-15632
11:11:09.642 detox[5808] [90mi[39m [33mipc[39m dispatching event to socket  :  deallocateDeviceDone {}
11:11:09.643 detox[6936] [90mi[39m [33mipc[39m ## received events ##
11:11:09.643 detox[6936] [90mi[39m [33mipc[39m detected event deallocateDeviceDone {}
11:11:09.644 detox[5808] [90mi[39m [33mipc[39m socket disconnected secondary-6936
11:11:09.644 detox[6936] [90mi[39m [33mipc[39m connection closed primary-5808 /tmp/detox.primary-5808 0 tries remaining of 0
11:11:09.644 detox[6936] [90mi[39m [33mipc[39m secondary-6936 exceeded connection rety amount of  or stopRetrying flag set.
11:11:09.644 detox[6936] [90mE[39m [33mlifecycle[39m tear down environment
11:11:09.645 detox[6936] [90mE[39m [33mlifecycle[39m e2e\auth.fullflow.e2e.test.js
11:11:09.669 detox[5808] [90mE[39m [33mlifecycle[39m Command failed with exit code = 1:
DETOX_CONFIGURATION="android.emu.debug" DETOX_LOGLEVEL="trace" DETOX_RECORD_LOGS="all" DETOX_RECORD_VIDEOS="all" DETOX_TAKE_SCREENSHOTS="all" jest --config e2e/jest.config.js e2e/auth.fullflow.e2e.test.js
11:11:09.670 detox[5808] [90mB[39m [33mdevice[39m cleanup
  args: ()
11:11:09.673 detox[5808] [90mE[39m [33mdevice[39m cleanup
11:11:09.674 detox[5808] [90mi[39m [33mws-server[39m Detox server has been closed gracefully
11:11:09.675 detox[5808] [90mi[39m [33mws-server[39m app exited session 7aa15a3d-4568-03c0-ac13-b15eaae6c43d
11:11:09.675 detox[5808] [90mE[39m [33mws-server[39m[33m@64686[39m connection :64590<->:64686
11:11:09.676 detox[5808] [90mE[39m [33mlifecycle[39m node_modules\detox\local-cli\cli.js test --configuration android.emu.debug --config e2e/jest.config.js --record-logs all --record-videos all --take-screenshots all -l trace e2e/auth.fullflow.e2e.test.js
