--------- beginning of main
11-10 14:30:10.779 11733 11733 I pp.seguritacapp: Late-enabling -Xcheck:jni
11-10 14:30:10.838 11733 11733 I pp.seguritacapp: Using CollectorTypeCMC GC.
11-10 14:30:10.839 11733 11733 W pp.seguritacapp: Unexpected CPU variant for x86: x86_64.
11-10 14:30:10.839 11733 11733 W pp.seguritacapp: Known variants: atom, sandybridge, silvermont, goldmont, goldmont-plus, goldmont-without-sha-xsaves, tremont, kabylake, alderlake, default
11-10 14:30:10.866 11733 11733 D nativeloader: Load libframework-connectivity-tiramisu-jni.so using APEX ns com_android_tethering for caller /apex/com.android.tethering/javalib/framework-connectivity-t.jar: ok
11-10 14:30:10.922 11733 11733 D CompatChangeReporter: Compat change id reported: 242716250; UID 10221; state: ENABLED
--------- beginning of system
11-10 14:30:10.945 11733 11733 W ActivityThread: Package uses different ABI(s) than its instrumentation: package[com.tuapp.seguritacapp]: x86_64, null instrumentation[com.tuapp.seguritacapp.test]: null, null
11-10 14:30:10.947 11733 11733 D ApplicationLoaders: Returning zygote-cached class loader: /system/framework/org.apache.http.legacy.jar
11-10 14:30:10.954 11733 11733 W pp.seguritacapp: ClassLoaderContext shared library size mismatch. Expected=2, found=1 (PCL[]{PCL[/system/framework/android.test.base.jar*2789897741]#PCL[/system/framework/android.test.mock.jar*3361312393]} | PCL[]{PCL[/system/framework/org.apache.http.legacy.jar*4247870504]})
11-10 14:30:10.962 11733 11733 W pp.seguritacapp: ClassLoaderContext classpath size mismatch. expected=0, found=1 (PCL[] | PCL[/system/framework/android.test.runner.jar*895143020]{PCL[/system/framework/org.apache.http.legacy.jar*4247870504]})
11-10 14:30:10.969 11733 11733 W pp.seguritacapp: ClassLoaderContext classpath size mismatch. expected=0, found=2 (PCL[] | PCL[/system/framework/android.test.runner.jar*895143020:/system/framework/android.test.mock.jar*3361312393]{PCL[/system/framework/org.apache.http.legacy.jar*4247870504]})
11-10 14:30:11.520 11733 11733 D nativeloader: Configuring clns-9 for other apk /system/framework/android.test.runner.jar:/system/framework/android.test.mock.jar:/system/framework/android.test.base.jar:/data/app/~~MzFeG6_lN2Sr7OLmQeS16Q==/com.tuapp.seguritacapp.test-ibnxPg6G_dvkP8hoHBEJpw==/base.apk:/data/app/~~-EF7zV8aeB6uwTz4qA20uA==/com.tuapp.seguritacapp-TAEDWn2I_gE0qJOWNmaCzA==/base.apk. target_sdk_version=34, uses_libraries=, library_path=/data/app/~~MzFeG6_lN2Sr7OLmQeS16Q==/com.tuapp.seguritacapp.test-ibnxPg6G_dvkP8hoHBEJpw==/lib/x86_64:/data/app/~~-EF7zV8aeB6uwTz4qA20uA==/com.tuapp.seguritacapp-TAEDWn2I_gE0qJOWNmaCzA==/lib/x86_64:/data/app/~~MzFeG6_lN2Sr7OLmQeS16Q==/com.tuapp.seguritacapp.test-ibnxPg6G_dvkP8hoHBEJpw==/base.apk!/lib/x86_64:/data/app/~~-EF7zV8aeB6uwTz4qA20uA==/com.tuapp.seguritacapp-TAEDWn2I_gE0qJOWNmaCzA==/base.apk!/lib/x86_64, permitted_path=/data:/mnt/expand:/data/user/0/com.tuapp.seguritacapp
11-10 14:30:11.530 11733 11733 I pp.seguritacapp: AssetManager2(0x70d3768adbb8) locale list changing from [] to [en-US]
11-10 14:30:11.559 11733 11733 V GraphicsEnvironment: Currently set values for:
11-10 14:30:11.559 11733 11733 V GraphicsEnvironment:   angle_gl_driver_selection_pkgs=[]
11-10 14:30:11.559 11733 11733 V GraphicsEnvironment:   angle_gl_driver_selection_values=[]
11-10 14:30:11.559 11733 11733 V GraphicsEnvironment: com.tuapp.seguritacapp is not listed in per-application setting
11-10 14:30:11.559 11733 11733 V GraphicsEnvironment: ANGLE allowlist from config: com.dreamgames.royalmatch com.dts.freefiremax com.dxx.firenow com.gramgames.mergedragons com.ludo.king com.mojang.minecraftpe com.my.defense com.nintendo.zaka com.os.airforce com.playrix.fishdomdd.gplay io.teslatech.callbreak jp.konami.prospia net.peakgames.toonblast
11-10 14:30:11.559 11733 11733 V GraphicsEnvironment: com.tuapp.seguritacapp is not listed in ANGLE allowlist or settings, returning default
11-10 14:30:11.559 11733 11733 V GraphicsEnvironment: Neither updatable production driver nor prerelease driver is supported.
11-10 14:30:11.568 11733 11733 D ApplicationLoaders: Returning zygote-cached class loader: /system/framework/android.test.base.jar
11-10 14:30:11.572 11733 11733 D nativeloader: Configuring clns-10 for other apk /system/framework/android.test.mock.jar. target_sdk_version=34, uses_libraries=ALL, library_path=/data/app/~~MzFeG6_lN2Sr7OLmQeS16Q==/com.tuapp.seguritacapp.test-ibnxPg6G_dvkP8hoHBEJpw==/lib/x86_64:/data/app/~~-EF7zV8aeB6uwTz4qA20uA==/com.tuapp.seguritacapp-TAEDWn2I_gE0qJOWNmaCzA==/lib/x86_64, permitted_path=/data:/mnt/expand
11-10 14:30:11.575 11733 11733 D ApplicationLoaders: Returning zygote-cached class loader: /system/framework/android.test.base.jar
11-10 14:30:11.577 11733 11733 D nativeloader: Configuring clns-11 for other apk /system/framework/android.test.runner.jar. target_sdk_version=34, uses_libraries=ALL, library_path=/data/app/~~MzFeG6_lN2Sr7OLmQeS16Q==/com.tuapp.seguritacapp.test-ibnxPg6G_dvkP8hoHBEJpw==/lib/x86_64:/data/app/~~-EF7zV8aeB6uwTz4qA20uA==/com.tuapp.seguritacapp-TAEDWn2I_gE0qJOWNmaCzA==/lib/x86_64, permitted_path=/data:/mnt/expand
11-10 14:30:11.582 11733 11733 W pp.seguritacapp: ClassLoaderContext shared library size mismatch. Expected=2, found=3 (PCL[]{PCL[/system/framework/android.test.base.jar*2789897741]#PCL[/system/framework/android.test.mock.jar*3361312393]} | PCL[]{PCL[/system/framework/android.test.base.jar*2789897741]#PCL[/system/framework/android.test.mock.jar*3361312393]#PCL[/system/framework/android.test.runner.jar*895143020]{PCL[/system/framework/android.test.base.jar*2789897741]#PCL[/system/framework/android.test.mock.jar*3361312393]}};PCL[/system/framework/android.test.runner.jar*895143020:/system/framework/android.test.mock.jar*3361312393:/system/framework/android.test.base.jar*2789897741:/data/app/~~MzFeG6_lN2Sr7OLmQeS16Q==/com.tuapp.seguritacapp.test-ibnxPg6G_dvkP8hoHBEJpw==/base.apk*3771997839:/data/app/~~-EF7zV8aeB6uwTz4qA20uA==/com.tuapp.seguritacapp-TAEDWn2I_gE0qJOWNmaCzA==/base.apk*1520878972]{PCL[/system/framework/org.apache.http.legacy.jar*4247870504]})
11-10 14:30:11.587 11733 11733 W pp.seguritacapp: ClassLoaderContext classpath size mismatch. expected=0, found=1 (PCL[] | PCL[/system/framework/android.test.runner.jar*895143020]{PCL[/system/framework/android.test.base.jar*2789897741]#PCL[/system/framework/android.test.mock.jar*3361312393]#PCL[/system/framework/android.test.runner.jar*895143020]{PCL[/system/framework/android.test.base.jar*2789897741]#PCL[/system/framework/android.test.mock.jar*3361312393]}};PCL[/system/framework/android.test.runner.jar*895143020:/system/framework/android.test.mock.jar*3361312393:/system/framework/android.test.base.jar*2789897741:/data/app/~~MzFeG6_lN2Sr7OLmQeS16Q==/com.tuapp.seguritacapp.test-ibnxPg6G_dvkP8hoHBEJpw==/base.apk*3771997839:/data/app/~~-EF7zV8aeB6uwTz4qA20uA==/com.tuapp.seguritacapp-TAEDWn2I_gE0qJOWNmaCzA==/base.apk*1520878972]{PCL[/system/framework/org.apache.http.legacy.jar*4247870504]})
11-10 14:30:11.592 11733 11733 W pp.seguritacapp: ClassLoaderContext classpath size mismatch. expected=0, found=2 (PCL[] | PCL[/system/framework/android.test.runner.jar*895143020:/system/framework/android.test.mock.jar*3361312393]{PCL[/system/framework/android.test.base.jar*2789897741]#PCL[/system/framework/android.test.mock.jar*3361312393]#PCL[/system/framework/android.test.runner.jar*895143020]{PCL[/system/framework/android.test.base.jar*2789897741]#PCL[/system/framework/android.test.mock.jar*3361312393]}};PCL[/system/framework/android.test.runner.jar*895143020:/system/framework/android.test.mock.jar*3361312393:/system/framework/android.test.base.jar*2789897741:/data/app/~~MzFeG6_lN2Sr7OLmQeS16Q==/com.tuapp.seguritacapp.test-ibnxPg6G_dvkP8hoHBEJpw==/base.apk*3771997839:/data/app/~~-EF7zV8aeB6uwTz4qA20uA==/com.tuapp.seguritacapp-TAEDWn2I_gE0qJOWNmaCzA==/base.apk*1520878972]{PCL[/system/framework/org.apache.http.legacy.jar*4247870504]})
11-10 14:30:11.903 11733 11733 I pp.seguritacapp: AssetManager2(0x70d3768b0458) locale list changing from [] to [en-US]
11-10 14:30:11.924 11733 11733 I AndroidJUnitRunner: newApplication com.tuapp.seguritacapp.MainApplication
11-10 14:30:12.266 11733 11733 I FirebaseApp: Device unlocked: initializing all Firebase APIs for app [DEFAULT]
11-10 14:30:12.302 11733 11733 I FirebaseInitProvider: FirebaseApp initialization successful
11-10 14:30:12.386 11733 11733 D WM-WrkMgrInitializer: Initializing WorkManager with default configuration.
11-10 14:30:12.442 11733 11733 I AndroidJUnitRunner: onCreate Bundle[mParcelledData.dataSize=532]
11-10 14:30:12.443 11733 11733 D AndroidJUnitRunner: Use the raw file system for managing file I/O.
11-10 14:30:12.447 11733 11770 E ashmem  : Pinning is deprecated since Android Q. Please use trim or other methods.
11-10 14:30:12.505 11733 11733 V TestEventClient: No service name argument was given (testDiscoveryService, testRunEventService or orchestratorService)
11-10 14:30:12.506 11733 11771 D AndroidJUnitRunner: onStart is called.
11-10 14:30:12.514 11733 11733 W SoLoader: Initializing SoLoader: 0
11-10 14:30:12.518 11733 11733 W SoLoader: Recording new base apk path: /data/app/~~-EF7zV8aeB6uwTz4qA20uA==/com.tuapp.seguritacapp-TAEDWn2I_gE0qJOWNmaCzA==/base.apk
11-10 14:30:12.518 11733 11733 W SoLoader: Previously recorded 0 base apk paths.
11-10 14:30:12.521 11733 11733 I SoLoader: Preparing SO source: DirectorySoSource[root = /vendor/lib64 flags = 2]
11-10 14:30:12.521 11733 11733 I SoLoader: Preparing SO source: DirectorySoSource[root = /system/lib64 flags = 2]
11-10 14:30:12.521 11733 11733 I SoLoader: Preparing SO source: DirectApkSoSource[root = [/data/app/~~-EF7zV8aeB6uwTz4qA20uA==/com.tuapp.seguritacapp-TAEDWn2I_gE0qJOWNmaCzA==/base.apk!/lib/x86_64]]
11-10 14:30:12.573 11733 11733 I SoLoader: Preparing SO source: ApplicationSoSource[DirectorySoSource[root = /data/app/~~-EF7zV8aeB6uwTz4qA20uA==/com.tuapp.seguritacapp-TAEDWn2I_gE0qJOWNmaCzA==/lib/x86_64 flags = 0]]
11-10 14:30:12.573 11733 11733 I SoLoader: init finish: 4 SO sources prepared
11-10 14:30:12.575 11733 11733 W SoLoader: SoLoader initialized: 8
11-10 14:30:12.632 11733 11733 D nativeloader: Load /data/app/~~-EF7zV8aeB6uwTz4qA20uA==/com.tuapp.seguritacapp-TAEDWn2I_gE0qJOWNmaCzA==/base.apk!/lib/x86_64/libc++_shared.so using class loader ns clns-9 (caller=/data/app/~~-EF7zV8aeB6uwTz4qA20uA==/com.tuapp.seguritacapp-TAEDWn2I_gE0qJOWNmaCzA==/base.apk!classes5.dex): ok
11-10 14:30:12.655 11733 11733 D nativeloader: Load /data/app/~~-EF7zV8aeB6uwTz4qA20uA==/com.tuapp.seguritacapp-TAEDWn2I_gE0qJOWNmaCzA==/base.apk!/lib/x86_64/libjsi.so using class loader ns clns-9 (caller=/data/app/~~-EF7zV8aeB6uwTz4qA20uA==/com.tuapp.seguritacapp-TAEDWn2I_gE0qJOWNmaCzA==/base.apk!classes5.dex): ok
11-10 14:30:12.668 11733 11733 D nativeloader: Load /data/app/~~-EF7zV8aeB6uwTz4qA20uA==/com.tuapp.seguritacapp-TAEDWn2I_gE0qJOWNmaCzA==/base.apk!/lib/x86_64/libfbjni.so using class loader ns clns-9 (caller=/data/app/~~-EF7zV8aeB6uwTz4qA20uA==/com.tuapp.seguritacapp-TAEDWn2I_gE0qJOWNmaCzA==/base.apk!classes5.dex): ok
11-10 14:30:12.721 11733 11733 D nativeloader: Load /data/app/~~-EF7zV8aeB6uwTz4qA20uA==/com.tuapp.seguritacapp-TAEDWn2I_gE0qJOWNmaCzA==/base.apk!/lib/x86_64/libreactnative.so using class loader ns clns-9 (caller=/data/app/~~-EF7zV8aeB6uwTz4qA20uA==/com.tuapp.seguritacapp-TAEDWn2I_gE0qJOWNmaCzA==/base.apk!classes5.dex): ok
11-10 14:30:12.722 11733 11733 D jni_lib_merge: Entering merged library JNI_OnLoad.
11-10 14:30:12.722 11733 11733 D jni_lib_merge: Preparing 12 pre-merged libs (including stub)
11-10 14:30:12.722 11733 11733 D jni_lib_merge: Preparing to register libfabricjni_so.  onload_func: 0x70d2e0dc7a60
11-10 14:30:12.722 11733 11733 D jni_lib_merge: Preparing to register libmapbufferjni_so.  onload_func: 0x70d2e0ea2bb0
11-10 14:30:12.722 11733 11733 D jni_lib_merge: Preparing to register libreact_devsupportjni_so.  onload_func: 0x70d2e0ff4fe0
11-10 14:30:12.722 11733 11733 D jni_lib_merge: Preparing to register libreact_featureflagsjni_so.  onload_func: 0x70d2e1000b90
11-10 14:30:12.722 11733 11733 D jni_lib_merge: Preparing to register libreact_newarchdefaults_so.  onload_func: 0x70d2e1071b00
11-10 14:30:12.722 11733 11733 D jni_lib_merge: Preparing to register libreactnativeblob_so.  onload_func: 0x70d2e127c460
11-10 14:30:12.722 11733 11733 D jni_lib_merge: Preparing to register libreactnativejni_so.  onload_func: 0x70d2e12d8750
11-10 14:30:12.722 11733 11733 D jni_lib_merge: Preparing to register librninstance_so.  onload_func: 0x70d2e1325eb0
11-10 14:30:12.722 11733 11733 D jni_lib_merge: Preparing to register libturbomodulejsijni_so.  onload_func: 0x70d2e13f4410
11-10 14:30:12.722 11733 11733 D jni_lib_merge: Preparing to register libuimanagerjni_so.  onload_func: 0x70d2e140ebd0
11-10 14:30:12.722 11733 11733 D jni_lib_merge: Preparing to register libyoga_so.  onload_func: 0x70d2e141c950
11-10 14:30:12.722 11733 11733 D jni_lib_merge: About to register 11 actual methods.
11-10 14:30:12.748 11733 11733 D nativeloader: Load /data/app/~~-EF7zV8aeB6uwTz4qA20uA==/com.tuapp.seguritacapp-TAEDWn2I_gE0qJOWNmaCzA==/base.apk!/lib/x86_64/libreact_codegen_rnscreens.so using class loader ns clns-9 (caller=/data/app/~~-EF7zV8aeB6uwTz4qA20uA==/com.tuapp.seguritacapp-TAEDWn2I_gE0qJOWNmaCzA==/base.apk!classes5.dex): ok
11-10 14:30:12.748 11733 11733 D jni_lib_merge: Entering merged library JNI_OnLoad.
11-10 14:30:12.748 11733 11733 D jni_lib_merge: Preparing 12 pre-merged libs (including stub)
11-10 14:30:12.748 11733 11733 D jni_lib_merge: Preparing to register libfabricjni_so.  onload_func: 0x70d2e0dc7a60
11-10 14:30:12.748 11733 11733 D jni_lib_merge: Preparing to register libmapbufferjni_so.  onload_func: 0x70d2e0ea2bb0
11-10 14:30:12.748 11733 11733 D jni_lib_merge: Preparing to register libreact_devsupportjni_so.  onload_func: 0x70d2e0ff4fe0
11-10 14:30:12.748 11733 11733 D jni_lib_merge: Preparing to register libreact_featureflagsjni_so.  onload_func: 0x70d2e1000b90
11-10 14:30:12.748 11733 11733 D jni_lib_merge: Preparing to register libreact_newarchdefaults_so.  onload_func: 0x70d2e1071b00
11-10 14:30:12.748 11733 11733 D jni_lib_merge: Preparing to register libreactnativeblob_so.  onload_func: 0x70d2e127c460
11-10 14:30:12.748 11733 11733 D jni_lib_merge: Preparing to register libreactnativejni_so.  onload_func: 0x70d2e12d8750
11-10 14:30:12.748 11733 11733 D jni_lib_merge: Preparing to register librninstance_so.  onload_func: 0x70d2e1325eb0
11-10 14:30:12.748 11733 11733 D jni_lib_merge: Preparing to register libturbomodulejsijni_so.  onload_func: 0x70d2e13f4410
11-10 14:30:12.748 11733 11733 D jni_lib_merge: Preparing to register libuimanagerjni_so.  onload_func: 0x70d2e140ebd0
11-10 14:30:12.748 11733 11733 D jni_lib_merge: Preparing to register libyoga_so.  onload_func: 0x70d2e141c950
11-10 14:30:12.748 11733 11733 D jni_lib_merge: About to register 11 actual methods.
11-10 14:30:12.771 11733 11733 D nativeloader: Load /data/app/~~-EF7zV8aeB6uwTz4qA20uA==/com.tuapp.seguritacapp-TAEDWn2I_gE0qJOWNmaCzA==/base.apk!/lib/x86_64/libreact_codegen_rnsvg.so using class loader ns clns-9 (caller=/data/app/~~-EF7zV8aeB6uwTz4qA20uA==/com.tuapp.seguritacapp-TAEDWn2I_gE0qJOWNmaCzA==/base.apk!classes5.dex): ok
11-10 14:30:12.771 11733 11733 D jni_lib_merge: Entering merged library JNI_OnLoad.
11-10 14:30:12.771 11733 11733 D jni_lib_merge: Preparing 12 pre-merged libs (including stub)
11-10 14:30:12.771 11733 11733 D jni_lib_merge: Preparing to register libfabricjni_so.  onload_func: 0x70d2e0dc7a60
11-10 14:30:12.771 11733 11733 D jni_lib_merge: Preparing to register libmapbufferjni_so.  onload_func: 0x70d2e0ea2bb0
11-10 14:30:12.771 11733 11733 D jni_lib_merge: Preparing to register libreact_devsupportjni_so.  onload_func: 0x70d2e0ff4fe0
11-10 14:30:12.771 11733 11733 D jni_lib_merge: Preparing to register libreact_featureflagsjni_so.  onload_func: 0x70d2e1000b90
11-10 14:30:12.771 11733 11733 D jni_lib_merge: Preparing to register libreact_newarchdefaults_so.  onload_func: 0x70d2e1071b00
11-10 14:30:12.771 11733 11733 D jni_lib_merge: Preparing to register libreactnativeblob_so.  onload_func: 0x70d2e127c460
11-10 14:30:12.771 11733 11733 D jni_lib_merge: Preparing to register libreactnativejni_so.  onload_func: 0x70d2e12d8750
11-10 14:30:12.771 11733 11733 D jni_lib_merge: Preparing to register librninstance_so.  onload_func: 0x70d2e1325eb0
11-10 14:30:12.771 11733 11733 D jni_lib_merge: Preparing to register libturbomodulejsijni_so.  onload_func: 0x70d2e13f4410
11-10 14:30:12.771 11733 11733 D jni_lib_merge: Preparing to register libuimanagerjni_so.  onload_func: 0x70d2e140ebd0
11-10 14:30:12.771 11733 11733 D jni_lib_merge: Preparing to register libyoga_so.  onload_func: 0x70d2e141c950
11-10 14:30:12.771 11733 11733 D jni_lib_merge: About to register 11 actual methods.
11-10 14:30:12.777 11733 11733 D nativeloader: Load /data/app/~~-EF7zV8aeB6uwTz4qA20uA==/com.tuapp.seguritacapp-TAEDWn2I_gE0qJOWNmaCzA==/base.apk!/lib/x86_64/libreact_codegen_safeareacontext.so using class loader ns clns-9 (caller=/data/app/~~-EF7zV8aeB6uwTz4qA20uA==/com.tuapp.seguritacapp-TAEDWn2I_gE0qJOWNmaCzA==/base.apk!classes5.dex): ok
11-10 14:30:12.786 11733 11733 D nativeloader: Load /data/app/~~-EF7zV8aeB6uwTz4qA20uA==/com.tuapp.seguritacapp-TAEDWn2I_gE0qJOWNmaCzA==/base.apk!/lib/x86_64/libreact_codegen_rnpicker.so using class loader ns clns-9 (caller=/data/app/~~-EF7zV8aeB6uwTz4qA20uA==/com.tuapp.seguritacapp-TAEDWn2I_gE0qJOWNmaCzA==/base.apk!classes5.dex): ok
11-10 14:30:12.787 11733 11733 D jni_lib_merge: Entering merged library JNI_OnLoad.
11-10 14:30:12.787 11733 11733 D jni_lib_merge: Preparing 12 pre-merged libs (including stub)
11-10 14:30:12.787 11733 11733 D jni_lib_merge: Preparing to register libfabricjni_so.  onload_func: 0x70d2e0dc7a60
11-10 14:30:12.787 11733 11733 D jni_lib_merge: Preparing to register libmapbufferjni_so.  onload_func: 0x70d2e0ea2bb0
11-10 14:30:12.787 11733 11733 D jni_lib_merge: Preparing to register libreact_devsupportjni_so.  onload_func: 0x70d2e0ff4fe0
11-10 14:30:12.787 11733 11733 D jni_lib_merge: Preparing to register libreact_featureflagsjni_so.  onload_func: 0x70d2e1000b90
11-10 14:30:12.787 11733 11733 D jni_lib_merge: Preparing to register libreact_newarchdefaults_so.  onload_func: 0x70d2e1071b00
11-10 14:30:12.787 11733 11733 D jni_lib_merge: Preparing to register libreactnativeblob_so.  onload_func: 0x70d2e127c460
11-10 14:30:12.787 11733 11733 D jni_lib_merge: Preparing to register libreactnativejni_so.  onload_func: 0x70d2e12d8750
11-10 14:30:12.787 11733 11733 D jni_lib_merge: Preparing to register librninstance_so.  onload_func: 0x70d2e1325eb0
11-10 14:30:12.787 11733 11733 D jni_lib_merge: Preparing to register libturbomodulejsijni_so.  onload_func: 0x70d2e13f4410
11-10 14:30:12.787 11733 11733 D jni_lib_merge: Preparing to register libuimanagerjni_so.  onload_func: 0x70d2e140ebd0
11-10 14:30:12.787 11733 11733 D jni_lib_merge: Preparing to register libyoga_so.  onload_func: 0x70d2e141c950
11-10 14:30:12.787 11733 11733 D jni_lib_merge: About to register 11 actual methods.
11-10 14:30:12.811 11733 11733 D nativeloader: Load /data/app/~~-EF7zV8aeB6uwTz4qA20uA==/com.tuapp.seguritacapp-TAEDWn2I_gE0qJOWNmaCzA==/base.apk!/lib/x86_64/libappmodules.so using class loader ns clns-9 (caller=/data/app/~~-EF7zV8aeB6uwTz4qA20uA==/com.tuapp.seguritacapp-TAEDWn2I_gE0qJOWNmaCzA==/base.apk!classes5.dex): ok
11-10 14:30:13.126 11733 11733 I Choreographer: Skipped 43 frames!  The application may be doing too much work on its main thread.
11-10 14:30:13.170 11733 11771 I InstrConnection: Could not send broadcast or register receiver (isolatedProcess?)
11-10 14:30:13.190 11733 11771 D TestRequestBuilder: Using class path scanning to discover tests
11-10 14:30:13.190 11733 11771 I TestRequestBuilder: Scanning classpath to find tests in paths [/data/app/~~MzFeG6_lN2Sr7OLmQeS16Q==/com.tuapp.seguritacapp.test-ibnxPg6G_dvkP8hoHBEJpw==/base.apk]
11-10 14:30:13.191 11733 11771 W pp.seguritacapp: Opening an oat file without a class loader. Are you using the deprecated DexFile APIs?
11-10 14:30:13.714 11733 11771 I TestRunner: run started: 1 tests
11-10 14:30:13.716 11733 11771 I TestRunner: started: runDetoxTests(com.tuapp.seguritacapp.DetoxTest)
11-10 14:30:13.727 11733 11771 I Detox   : Detox server connection details: url=ws://localhost:55448, sessionId=a3200551-dff5-6d63-bcac-a51b71d3db7e
11-10 14:30:13.744 11733 11771 W FileTestStorage: Output properties is not supported.
11-10 14:30:13.745 11733 11771 I Tracing : Tracer added: class androidx.test.platform.tracing.AndroidXTracer
11-10 14:30:13.769 11733 11771 D EventInjectionStrategy: Creating injection strategy with input manager.
11-10 14:30:13.771 11733 11771 I pp.seguritacapp: hiddenapi: Accessing hidden method Landroid/hardware/input/InputManager;->getInstance()Landroid/hardware/input/InputManager; (runtime_flags=0, domain=platform, api=unsupported) from Landroidx/test/espresso/base/InputManagerEventInjectionStrategy; (domain=app) using reflection: allowed
11-10 14:30:13.773 11733 11771 I pp.seguritacapp: hiddenapi: Accessing hidden method Landroid/hardware/input/InputManager;->injectInputEvent(Landroid/view/InputEvent;I)Z (runtime_flags=0, domain=platform, api=unsupported) from Landroidx/test/espresso/base/InputManagerEventInjectionStrategy; (domain=app) using reflection: allowed
11-10 14:30:13.773 11733 11771 I pp.seguritacapp: hiddenapi: Accessing hidden field Landroid/hardware/input/InputManager;->INJECT_INPUT_EVENT_MODE_WAIT_FOR_FINISH:I (runtime_flags=0, domain=platform, api=unsupported) from Landroidx/test/espresso/base/InputManagerEventInjectionStrategy; (domain=app) using reflection: allowed
11-10 14:30:13.788 11733 11771 I pp.seguritacapp: hiddenapi: Accessing hidden field Ljava/lang/reflect/Field;->accessFlags:I (runtime_flags=0, domain=core-platform, api=unsupported) from Lorg/joor/Reflect; (domain=app) using reflection: allowed
11-10 14:30:13.793 11733 11771 I Detox   : Connecting to server...
11-10 14:30:13.793 11733 11771 I DetoxWSClient: At connectToServer
11-10 14:30:13.813 11733 11787 D DetoxWSClient: At onOpen
11-10 14:30:13.813 11733 11787 I DetoxWSClient: Sending out action 'login' (ID #0)
11-10 14:30:13.813 11733 11787 I Detox   : Connected to server!
11-10 14:30:13.817 11733 11787 D DetoxWSClient: Received action 'loginSuccess' (ID #0, params={"testerConnected":true,"appConnected":true})
11-10 14:30:13.817 11733 11783 I DetoxDispatcher: Handling action 'loginSuccess' (ID #0)...
11-10 14:30:13.817 11733 11783 I DetoxDispatcher: Done with action 'loginSuccess'
11-10 14:30:13.818 11733 11771 I Detox   : Launching the tested activity!
11-10 14:30:13.860 11733 11787 D DetoxWSClient: Received action 'isReady' (ID #-1000, params={})
11-10 14:30:13.861 11733 11783 I DetoxDispatcher: Handling action 'isReady' (ID #-1000)...
11-10 14:30:13.944 11733 11791 I DisplayManager: Choreographer implicitly registered for the refresh rate.
11-10 14:30:13.973 11733 11733 I pp.seguritacapp: AssetManager2(0x70d3768ad898) locale list changing from [] to [en-US]
11-10 14:30:14.054 11733 11791 I EGL_emulation: Opening libGLESv1_CM_emulation.so
11-10 14:30:14.055 11733 11791 I EGL_emulation: Opening libGLESv2_emulation.so
11-10 14:30:14.082 11733 11791 W HWUI    : Failed to choose config with EGL_SWAP_BEHAVIOR_PRESERVED, retrying without...
11-10 14:30:14.089 11733 11791 W HWUI    : Failed to initialize 101010-2 format, error = EGL_SUCCESS
11-10 14:30:14.159 11733 11733 D AppCompatDelegate: Checking for metadata for AppLocalesMetadataHolderService : Service not found
11-10 14:30:14.160 11733 11733 I pp.seguritacapp: AssetManager2(0x70d3768ab958) locale list changing from [] to [en-US]
11-10 14:30:14.175 11733 11733 D LifecycleMonitor: Lifecycle status change: com.tuapp.seguritacapp.MainActivity@7626e9a in: PRE_ON_CREATE
11-10 14:30:14.221 11733 11733 D DesktopModeFlags: Toggle override initialized to: OVERRIDE_UNSET
11-10 14:30:14.255 11733 11733 I pp.seguritacapp: hiddenapi: Accessing hidden method Landroid/view/View;->computeFitSystemWindows(Landroid/graphics/Rect;Landroid/graphics/Rect;)Z (runtime_flags=0, domain=platform, api=unsupported) from Landroidx/appcompat/widget/ViewUtils; (domain=app) using reflection: allowed
11-10 14:30:14.255 11733 11733 I pp.seguritacapp: hiddenapi: Accessing hidden method Landroid/view/ViewGroup;->makeOptionalFitsSystemWindows()V (runtime_flags=0, domain=platform, api=unsupported) from Landroidx/appcompat/widget/ViewUtils; (domain=app) using reflection: allowed
11-10 14:30:14.267 11733 11733 W HWUI    : Image decoding logging dropped!
11-10 14:30:14.276 11733 11733 I ExpoDevMenu: Set new dev-menu delegate: class expo.modules.devmenu.DevMenuDefaultDelegate
11-10 14:30:14.284 11733 11733 I expo-notifications: ExpoNotificationLifeCycleListener.onCreate::
11-10 14:30:14.284 11733 11733 I expo-notifications: launchArgs
11-10 14:30:14.284 11733 11733 I expo-notifications:   detoxURLOverride: exp+seguridadciudadanaapp://expo-development-client/?url=http%3A%2F%2F10.0.2.2%3A8081
11-10 14:30:14.284 11733 11733 I expo-notifications:   detoxServer: ws://localhost:55448
11-10 14:30:14.284 11733 11733 I expo-notifications:   detoxSessionId: a3200551-dff5-6d63-bcac-a51b71d3db7e
11-10 14:30:14.284 11733 11733 I expo-notifications:   detoxEnableSynchronization: 0
11-10 14:30:14.287 11733 11733 D LifecycleMonitor: Lifecycle status change: com.tuapp.seguritacapp.MainActivity@7626e9a in: CREATED
11-10 14:30:14.288 11733 11733 D LifecycleMonitor: Lifecycle status change: com.tuapp.seguritacapp.MainActivity@7626e9a in: STARTED
11-10 14:30:14.302 11733 11733 D LifecycleMonitor: Lifecycle status change: com.tuapp.seguritacapp.MainActivity@7626e9a in: RESUMED
11-10 14:30:14.321 11733 11733 W HWUI    : Unknown dataspace 0
11-10 14:30:14.462 11733 11733 I ExpoDevMenu: Set new dev-menu delegate: class expo.modules.devmenu.DevMenuDefaultDelegate
11-10 14:30:14.484 11733 11733 D LifecycleMonitor: Lifecycle status change: com.tuapp.seguritacapp.MainActivity@7626e9a in: PAUSED
11-10 14:30:14.508 11733 11733 I pp.seguritacapp: AssetManager2(0x70d3768aacd8) locale list changing from [] to [en-US]
11-10 14:30:14.509 11733 11733 D LifecycleMonitor: Lifecycle status change: com.tuapp.seguritacapp.MainActivity@a51057b in: PRE_ON_CREATE
11-10 14:30:14.588 11733 11733 W unknown:BridgelessReact: ReactHost{0}.startSurface(surfaceId = 0): Schedule
11-10 14:30:14.588 11733 11733 W unknown:BridgelessReact: ReactHost{0}.attachSurface(surfaceId = 0)
11-10 14:30:14.590 11733 11809 W unknown:BridgelessReact: ReactHost{0}.getOrCreateReactInstanceTask()
11-10 14:30:14.590 11733 11809 W unknown:BridgelessReact: ReactHost{0}.getOrCreateReactInstanceTask(): Start
11-10 14:30:14.590 11733 11809 D Detox.RNMarker: REACT_BRIDGELESS_LOADING_START (null)
11-10 14:30:14.590 11733 11809 W unknown:BridgelessReact: ReactHost{0}.getJSBundleLoader()
11-10 14:30:14.590 11733 11809 W unknown:BridgelessReact: ReactHost{0}.isMetroRunning()
11-10 14:30:14.597 11733 11733 D LifecycleMonitor: Lifecycle status change: com.tuapp.seguritacapp.MainActivity@a51057b in: CREATED
11-10 14:30:14.598 11733 11733 D LifecycleMonitor: Lifecycle status change: com.tuapp.seguritacapp.MainActivity@a51057b in: STARTED
11-10 14:30:14.600 11733 11733 W unknown:BridgelessReact: ReactHost{0}.onHostResume(activity)
11-10 14:30:14.600 11733 11733 D LifecycleMonitor: Lifecycle status change: com.tuapp.seguritacapp.MainActivity@a51057b in: RESUMED
11-10 14:30:14.613 11733 11810 W unknown:BridgelessReact: ReactHost{0}.isMetroRunning(): Async result = true
11-10 14:30:14.613 11733 11733 D VRI[MainActivity]: visibilityChanged oldVisibility=true newVisibility=false
11-10 14:30:14.615 11733 11809 W unknown:BridgelessReact: ReactHost{0}.loadJSBundleFromMetro()
11-10 14:30:14.615 11733 11809 D Detox.RNMarker: DOWNLOAD_START (null)
11-10 14:30:14.747 11733 11733 D LifecycleMonitor: Lifecycle status change: com.tuapp.seguritacapp.MainActivity@7626e9a in: STOPPED
11-10 14:30:14.750 11733 11733 D LifecycleMonitor: Lifecycle status change: com.tuapp.seguritacapp.MainActivity@7626e9a in: DESTROYED
11-10 14:30:14.751 11733 11733 W WindowOnBackDispatcher: sendCancelIfRunning: isInProgress=false callback=android.view.ViewRootImpl$$ExternalSyntheticLambda13@c421daa
11-10 14:30:14.752 11733 11733 D ViewRootImpl: Skipping stats log for color mode
11-10 14:30:14.844 11733 11733 W unknown:BridgelessReact: ReactHost{0}.raiseSoftException(onWindowFocusChange(hasFocus = "true")): Tried to access onWindowFocusChange while context is not ready
11-10 14:30:14.847 11733 11733 E unknown:ReactHost: Unhandled SoftException
11-10 14:30:14.847 11733 11733 E unknown:ReactHost: com.facebook.react.bridge.ReactNoCrashSoftException: raiseSoftException(onWindowFocusChange(hasFocus = "true")): Tried to access onWindowFocusChange while context is not ready
11-10 14:30:14.847 11733 11733 E unknown:ReactHost: 	at com.facebook.react.runtime.ReactHostImpl.raiseSoftException(ReactHostImpl.java:942)
11-10 14:30:14.847 11733 11733 E unknown:ReactHost: 	at com.facebook.react.runtime.ReactHostImpl.raiseSoftException(ReactHostImpl.java:935)
11-10 14:30:14.847 11733 11733 E unknown:ReactHost: 	at com.facebook.react.runtime.ReactHostImpl.onWindowFocusChange(ReactHostImpl.java:716)
11-10 14:30:14.847 11733 11733 E unknown:ReactHost: 	at com.facebook.react.ReactDelegate.onWindowFocusChanged(ReactDelegate.java:204)
11-10 14:30:14.847 11733 11733 E unknown:ReactHost: 	at com.facebook.react.ReactActivityDelegate.onWindowFocusChanged(ReactActivityDelegate.java:189)
11-10 14:30:14.847 11733 11733 E unknown:ReactHost: 	at expo.modules.ReactActivityDelegateWrapper.onWindowFocusChanged(ReactActivityDelegateWrapper.kt:298)
11-10 14:30:14.847 11733 11733 E unknown:ReactHost: 	at com.facebook.react.ReactActivity.onWindowFocusChanged(ReactActivity.java:138)
11-10 14:30:14.847 11733 11733 E unknown:ReactHost: 	at androidx.appcompat.view.WindowCallbackWrapper.onWindowFocusChanged(WindowCallbackWrapper.java:125)
11-10 14:30:14.847 11733 11733 E unknown:ReactHost: 	at com.android.internal.policy.DecorView.onWindowFocusChanged(DecorView.java:1818)
11-10 14:30:14.847 11733 11733 E unknown:ReactHost: 	at android.view.View.dispatchWindowFocusChanged(View.java:16952)
11-10 14:30:14.847 11733 11733 E unknown:ReactHost: 	at android.view.ViewGroup.dispatchWindowFocusChanged(ViewGroup.java:1530)
11-10 14:30:14.847 11733 11733 E unknown:ReactHost: 	at android.view.ViewRootImpl.dispatchFocusEvent(ViewRootImpl.java:4872)
11-10 14:30:14.847 11733 11733 E unknown:ReactHost: 	at android.view.ViewRootImpl.handleWindowFocusChanged(ViewRootImpl.java:4776)
11-10 14:30:14.847 11733 11733 E unknown:ReactHost: 	at android.view.ViewRootImpl.-$$Nest$mhandleWindowFocusChanged(Unknown Source:0)
11-10 14:30:14.847 11733 11733 E unknown:ReactHost: 	at android.view.ViewRootImpl$ViewRootHandler.handleMessageImpl(ViewRootImpl.java:7016)
11-10 14:30:14.847 11733 11733 E unknown:ReactHost: 	at android.view.ViewRootImpl$ViewRootHandler.handleMessage(ViewRootImpl.java:6926)
11-10 14:30:14.847 11733 11733 E unknown:ReactHost: 	at android.os.Handler.dispatchMessage(Handler.java:110)
11-10 14:30:14.847 11733 11733 E unknown:ReactHost: 	at android.os.Looper.loopOnce(Looper.java:248)
11-10 14:30:14.847 11733 11733 E unknown:ReactHost: 	at android.os.Looper.loop(Looper.java:338)
11-10 14:30:14.847 11733 11733 E unknown:ReactHost: 	at android.app.ActivityThread.main(ActivityThread.java:9067)
11-10 14:30:14.847 11733 11733 E unknown:ReactHost: 	at java.lang.reflect.Method.invoke(Native Method)
11-10 14:30:14.847 11733 11733 E unknown:ReactHost: 	at com.android.internal.os.RuntimeInit$MethodAndArgsCaller.run(RuntimeInit.java:593)
11-10 14:30:14.847 11733 11733 E unknown:ReactHost: 	at com.android.internal.os.ZygoteInit.main(ZygoteInit.java:932)
11-10 14:30:14.858 11733 11733 D InsetsController: hide(ime(), fromIme=false)
11-10 14:30:14.858 11733 11733 I ImeTracker: com.tuapp.seguritacapp:c3d3065b: onCancelled at PHASE_CLIENT_ALREADY_HIDDEN
11-10 14:30:15.045 11733 11737 I pp.seguritacapp: Compiler allocated 5042KB to compile void android.view.ViewRootImpl.performTraversals()
11-10 14:30:17.618 11733 11811 D Detox.RNMarker: DOWNLOAD_END ({"url":"http:\/\/10.0.2.2:8081\/index.ts.bundle?platform=android&dev=true&hot=false&transform.engine=hermes&transform.bytecode=1&transform.routerRoot=app&unstable_transformProfile=hermes-stable","filesChangedCount":0})
11-10 14:30:17.618 11733 11811 W unknown:BridgelessReact: ReactHost{0}.loadJSBundleFromMetro(): Creating BundleLoader
11-10 14:30:17.618 11733 11733 W WindowOnBackDispatcher: sendCancelIfRunning: isInProgress=false callback=android.view.ViewRootImpl$$ExternalSyntheticLambda13@5f5d34b
11-10 14:30:17.620 11733 11809 W unknown:BridgelessReact: ReactHost{0}.getOrCreateReactContext(): Creating BridgelessReactContext
11-10 14:30:17.625 11733 11809 W unknown:BridgelessReact: ReactHost{0}.getOrCreateReactInstanceTask(): Creating ReactInstance
11-10 14:30:17.681 11733 11809 D nativeloader: Load /data/app/~~-EF7zV8aeB6uwTz4qA20uA==/com.tuapp.seguritacapp-TAEDWn2I_gE0qJOWNmaCzA==/base.apk!/lib/x86_64/libhermes.so using class loader ns clns-9 (caller=/data/app/~~-EF7zV8aeB6uwTz4qA20uA==/com.tuapp.seguritacapp-TAEDWn2I_gE0qJOWNmaCzA==/base.apk!classes5.dex): ok
11-10 14:30:17.685 11733 11809 D nativeloader: Load /data/app/~~-EF7zV8aeB6uwTz4qA20uA==/com.tuapp.seguritacapp-TAEDWn2I_gE0qJOWNmaCzA==/base.apk!/lib/x86_64/libhermestooling.so using class loader ns clns-9 (caller=/data/app/~~-EF7zV8aeB6uwTz4qA20uA==/com.tuapp.seguritacapp-TAEDWn2I_gE0qJOWNmaCzA==/base.apk!classes5.dex): ok
11-10 14:30:17.685 11733 11809 D jni_lib_merge: Entering merged library JNI_OnLoad.
11-10 14:30:17.685 11733 11809 D jni_lib_merge: Preparing 4 pre-merged libs (including stub)
11-10 14:30:17.685 11733 11809 D jni_lib_merge: Preparing to register libhermes_executor_so.  onload_func: 0x70d2d4ad42a0
11-10 14:30:17.685 11733 11809 D jni_lib_merge: Preparing to register libhermesinstancejni_so.  onload_func: 0x70d2d4b06190
11-10 14:30:17.685 11733 11809 D jni_lib_merge: Preparing to register libjsijniprofiler_so.  onload_func: 0x70d2d4b08150
11-10 14:30:17.685 11733 11809 D jni_lib_merge: About to register 3 actual methods.
11-10 14:30:18.168 11733 11738 W pp.seguritacapp: Cleared Reference was only reachable from finalizer (only reported once)
11-10 14:30:18.453 11733 11809 I ExpoModulesCore: ✅ AppContext was initialized
11-10 14:30:18.529 11733 11809 W ReactNativeJNI: Component property map contains multiple entries for 'borderColor'. Ensure all calls to convertRawProp use a consistent prefix, name and suffix.
11-10 14:30:18.530 11733 11809 W ReactNativeJNI: Component property map contains multiple entries for 'borderStyle'. Ensure all calls to convertRawProp use a consistent prefix, name and suffix.
11-10 14:30:18.530 11733 11809 W ReactNativeJNI: Component property map contains multiple entries for 'borderRadius'. Ensure all calls to convertRawProp use a consistent prefix, name and suffix.
11-10 14:30:18.530 11733 11809 W ReactNativeJNI: Component property map contains multiple entries for 'borderEndColor'. Ensure all calls to convertRawProp use a consistent prefix, name and suffix.
11-10 14:30:18.530 11733 11809 W ReactNativeJNI: Component property map contains multiple entries for 'borderTopColor'. Ensure all calls to convertRawProp use a consistent prefix, name and suffix.
11-10 14:30:18.530 11733 11809 W ReactNativeJNI: Component property map contains multiple entries for 'borderLeftColor'. Ensure all calls to convertRawProp use a consistent prefix, name and suffix.
11-10 14:30:18.530 11733 11809 W ReactNativeJNI: Component property map contains multiple entries for 'borderBlockColor'. Ensure all calls to convertRawProp use a consistent prefix, name and suffix.
11-10 14:30:18.530 11733 11809 W ReactNativeJNI: Component property map contains multiple entries for 'borderRightColor'. Ensure all calls to convertRawProp use a consistent prefix, name and suffix.
11-10 14:30:18.530 11733 11809 W ReactNativeJNI: Component property map contains multiple entries for 'borderStartColor'. Ensure all calls to convertRawProp use a consistent prefix, name and suffix.
11-10 14:30:18.530 11733 11809 W ReactNativeJNI: Component property map contains multiple entries for 'borderBottomColor'. Ensure all calls to convertRawProp use a consistent prefix, name and suffix.
11-10 14:30:18.530 11733 11809 W ReactNativeJNI: Component property map contains multiple entries for 'borderEndEndRadius'. Ensure all calls to convertRawProp use a consistent prefix, name and suffix.
11-10 14:30:18.530 11733 11809 W ReactNativeJNI: Component property map contains multiple entries for 'borderTopEndRadius'. Ensure all calls to convertRawProp use a consistent prefix, name and suffix.
11-10 14:30:18.530 11733 11809 W ReactNativeJNI: Component property map contains multiple entries for 'borderBlockEndColor'. Ensure all calls to convertRawProp use a consistent prefix, name and suffix.
11-10 14:30:18.530 11733 11809 W ReactNativeJNI: Component property map contains multiple entries for 'borderTopLeftRadius'. Ensure all calls to convertRawProp use a consistent prefix, name and suffix.
11-10 14:30:18.530 11733 11809 W ReactNativeJNI: Component property map contains multiple entries for 'borderEndStartRadius'. Ensure all calls to convertRawProp use a consistent prefix, name and suffix.
11-10 14:30:18.530 11733 11809 W ReactNativeJNI: Component property map contains multiple entries for 'borderStartEndRadius'. Ensure all calls to convertRawProp use a consistent prefix, name and suffix.
11-10 14:30:18.530 11733 11809 W ReactNativeJNI: Component property map contains multiple entries for 'borderTopRightRadius'. Ensure all calls to convertRawProp use a consistent prefix, name and suffix.
11-10 14:30:18.530 11733 11809 W ReactNativeJNI: Component property map contains multiple entries for 'borderTopStartRadius'. Ensure all calls to convertRawProp use a consistent prefix, name and suffix.
11-10 14:30:18.530 11733 11809 W ReactNativeJNI: Component property map contains multiple entries for 'borderBlockStartColor'. Ensure all calls to convertRawProp use a consistent prefix, name and suffix.
11-10 14:30:18.531 11733 11809 W ReactNativeJNI: Component property map contains multiple entries for 'borderBottomEndRadius'. Ensure all calls to convertRawProp use a consistent prefix, name and suffix.
11-10 14:30:18.531 11733 11809 W ReactNativeJNI: Component property map contains multiple entries for 'borderBottomLeftRadius'. Ensure all calls to convertRawProp use a consistent prefix, name and suffix.
11-10 14:30:18.531 11733 11809 W ReactNativeJNI: Component property map contains multiple entries for 'borderStartStartRadius'. Ensure all calls to convertRawProp use a consistent prefix, name and suffix.
11-10 14:30:18.531 11733 11809 W ReactNativeJNI: Component property map contains multiple entries for 'borderBottomRightRadius'. Ensure all calls to convertRawProp use a consistent prefix, name and suffix.
11-10 14:30:18.531 11733 11809 W ReactNativeJNI: Component property map contains multiple entries for 'borderBottomStartRadius'. Ensure all calls to convertRawProp use a consistent prefix, name and suffix.
11-10 14:30:18.550 11733 11809 W ReactNativeJNI: Component property map contains multiple entries for 'borderColor'. Ensure all calls to convertRawProp use a consistent prefix, name and suffix.
11-10 14:30:18.550 11733 11809 W ReactNativeJNI: Component property map contains multiple entries for 'borderStyle'. Ensure all calls to convertRawProp use a consistent prefix, name and suffix.
11-10 14:30:18.640 11733 11809 W unknown:BridgelessReact: ReactHost{0}.getOrCreateReactInstanceTask(): Loading JS Bundle
11-10 14:30:18.641 11733 11809 W unknown:BridgelessReact: ReactHost{0}.getOrCreateReactInstanceTask(): Calling DevSupportManagerBase.onNewReactContextCreated(reactContext)
11-10 14:30:18.641 11733 11817 D Detox.RNMarker: RUN_JS_BUNDLE_START (/index.ts.bundle?platform=android&dev=true&hot=false&transform.engine=hermes&transform.bytecode=1&transform.routerRoot=app&unstable_transformProfile=hermes-stable)
11-10 14:30:18.645 11733 11733 W unknown:BridgelessReact: ReactContext.onHostResume()
11-10 14:30:18.649 11733 11733 W unknown:BridgelessReact: ReactHost{0}.getOrCreateReactInstanceTask(): Executing ReactInstanceEventListeners
11-10 14:30:18.649 11733 11733 I ExpoDevMenu: Delegate's context was loaded.
11-10 14:30:18.652 11733 11733 W SoLoader: SoLoader already initialized
11-10 14:30:18.672 11733 11733 W DevLauncher: java.lang.NoSuchFieldException: No field mOverrideColorScheme in class Lcom/facebook/react/modules/appearance/AppearanceModule; (declaration of 'com.facebook.react.modules.appearance.AppearanceModule' appears in /data/app/~~-EF7zV8aeB6uwTz4qA20uA==/com.tuapp.seguritacapp-TAEDWn2I_gE0qJOWNmaCzA==/base.apk!classes5.dex)
11-10 14:30:18.672 11733 11733 W DevLauncher: 	at java.lang.Class.getDeclaredField(Native Method)
11-10 14:30:18.672 11733 11733 W DevLauncher: 	at expo.modules.devlauncher.helpers.DevLauncherReflectionExtensionsKt.setProtectedDeclaredField(DevLauncherReflectionExtensions.kt:21)
11-10 14:30:18.672 11733 11733 W DevLauncher: 	at expo.modules.devlauncher.launcher.loaders.DevLauncherExpoAppLoader.applyUserInterfaceStyle(DevLauncherExpoAppLoader.kt:51)
11-10 14:30:18.672 11733 11733 W DevLauncher: 	at expo.modules.devlauncher.launcher.loaders.DevLauncherExpoAppLoader.onReactContext(DevLauncherExpoAppLoader.kt:39)
11-10 14:30:18.672 11733 11733 W DevLauncher: 	at expo.modules.devlauncher.launcher.loaders.DevLauncherAppLoader$createOnDelegateWillBeCreatedListener$1$2.onReactContextInitialized(DevLauncherAppLoader.kt:57)
11-10 14:30:18.672 11733 11733 W DevLauncher: 	at com.facebook.react.runtime.ReactHostImpl.lambda$getOrCreateReactInstanceTask$23(ReactHostImpl.java:1199)
11-10 14:30:18.672 11733 11733 W DevLauncher: 	at com.facebook.react.runtime.ReactHostImpl.$r8$lambda$_DltxGexC_ZtRzEC625dZXiL8zo(Unknown Source:0)
11-10 14:30:18.672 11733 11733 W DevLauncher: 	at com.facebook.react.runtime.ReactHostImpl$$ExternalSyntheticLambda44.then(D8$$SyntheticClass:0)
11-10 14:30:18.672 11733 11733 W DevLauncher: 	at com.facebook.react.runtime.internal.bolts.Task$7.run(Task.java:423)
11-10 14:30:18.672 11733 11733 W DevLauncher: 	at com.facebook.react.runtime.internal.bolts.Executors$ImmediateExecutor.execute(Executors.kt:41)
11-10 14:30:18.672 11733 11733 W DevLauncher: 	at com.facebook.react.runtime.internal.bolts.Task.completeImmediately(Task.java:418)
11-10 14:30:18.672 11733 11733 W DevLauncher: 	at com.facebook.react.runtime.internal.bolts.Task.continueWith(Task.java:288)
11-10 14:30:18.672 11733 11733 W DevLauncher: 	at com.facebook.react.runtime.internal.bolts.Task.continueWith(Task.java:299)
11-10 14:30:18.672 11733 11733 W DevLauncher: 	at com.facebook.react.runtime.internal.bolts.Task$5.then(Task.java:354)
11-10 14:30:18.672 11733 11733 W DevLauncher: 	at com.facebook.react.runtime.internal.bolts.Task$5.then(Task.java:346)
11-10 14:30:18.672 11733 11733 W DevLauncher: 	at com.facebook.react.runtime.internal.bolts.Task$8.run(Task.java:460)
11-10 14:30:18.672 11733 11733 W DevLauncher: 	at android.os.Handler.handleCallback(Handler.java:995)
11-10 14:30:18.672 11733 11733 W DevLauncher: 	at android.os.Handler.dispatchMessage(Handler.java:103)
11-10 14:30:18.672 11733 11733 W DevLauncher: 	at android.os.Looper.loopOnce(Looper.java:248)
11-10 14:30:18.672 11733 11733 W DevLauncher: 	at android.os.Looper.loop(Looper.java:338)
11-10 14:30:18.672 11733 11733 W DevLauncher: 	at android.app.ActivityThread.main(ActivityThread.java:9067)
11-10 14:30:18.672 11733 11733 W DevLauncher: 	at java.lang.reflect.Method.invoke(Native Method)
11-10 14:30:18.672 11733 11733 W DevLauncher: 	at com.android.internal.os.RuntimeInit$MethodAndArgsCaller.run(RuntimeInit.java:593)
11-10 14:30:18.672 11733 11733 W DevLauncher: 	at com.android.internal.os.ZygoteInit.main(ZygoteInit.java:932)
11-10 14:30:18.673 11733 11733 I DetoxRNLoading: Got new RN-context through listener
11-10 14:30:18.674 11733 11809 W unknown:BridgelessReact: ReactHost{0}.startSurface(surfaceId = 0): Execute
11-10 14:30:18.677 11733 11824 W unknown:BridgelessReact: ReactHost{1}.getOrCreateStartTask(): Schedule
11-10 14:30:18.677 11733 11824 W unknown:BridgelessReact: ReactHost{1}.getOrCreateReactInstanceTask()
11-10 14:30:18.677 11733 11824 W unknown:BridgelessReact: ReactHost{1}.getOrCreateReactInstanceTask(): Start
11-10 14:30:18.680 11733 11824 D Detox.RNMarker: REACT_BRIDGELESS_LOADING_START (null)
11-10 14:30:18.680 11733 11824 W unknown:BridgelessReact: ReactHost{1}.getJSBundleLoader()
11-10 14:30:18.682 11733 11824 W unknown:BridgelessReact: ReactHost{1}.getOrCreateReactContext(): Creating BridgelessReactContext
11-10 14:30:18.682 11733 11824 W unknown:BridgelessReact: ReactHost{1}.getOrCreateReactInstanceTask(): Creating ReactInstance
11-10 14:30:18.692 11733 11733 I pp.seguritacapp: hiddenapi: Accessing hidden method Landroid/os/MessageQueue;->next()Landroid/os/Message; (runtime_flags=0, domain=platform, api=unsupported) from Landroidx/test/espresso/base/Interrogator; (domain=app) using reflection: allowed
11-10 14:30:18.692 11733 11733 I pp.seguritacapp: hiddenapi: Accessing hidden field Landroid/os/MessageQueue;->mMessages:Landroid/os/Message; (runtime_flags=0, domain=platform, api=unsupported) from Landroidx/test/espresso/base/Interrogator; (domain=app) using reflection: allowed
11-10 14:30:18.692 11733 11733 I pp.seguritacapp: hiddenapi: Accessing hidden method Landroid/os/Message;->recycleUnchecked()V (runtime_flags=0, domain=platform, api=unsupported) from Landroidx/test/espresso/base/Interrogator; (domain=app) using reflection: allowed
11-10 14:30:18.696 11733 11733 W unknown:BridgelessReact: ReactHost{0}.onUserLeaveHint(activity)
11-10 14:30:18.696 11733 11733 W unknown:BridgelessReact: ReactHost{0}.onHostPause(activity)
11-10 14:30:18.696 11733 11733 W unknown:BridgelessReact: ReactContext.onHostPause()
11-10 14:30:18.696 11733 11733 D LifecycleMonitor: Lifecycle status change: com.tuapp.seguritacapp.MainActivity@a51057b in: PAUSED
11-10 14:30:18.707 11733 11733 I pp.seguritacapp: AssetManager2(0x70d3768b6218) locale list changing from [] to [en-US]
11-10 14:30:18.709 11733 11733 D LifecycleMonitor: Lifecycle status change: expo.modules.devmenu.DevMenuActivity@9c0b541 in: PRE_ON_CREATE
11-10 14:30:18.715 11733 11733 W unknown:BridgelessReact: ReactHost{1}.startSurface(surfaceId = 0): Schedule
11-10 14:30:18.715 11733 11733 W unknown:BridgelessReact: ReactHost{1}.attachSurface(surfaceId = 0)
11-10 14:30:18.727 11733 11824 I ExpoModulesCore: ✅ AppContext was initialized
11-10 14:30:18.742 11733 11733 D LifecycleMonitor: Lifecycle status change: expo.modules.devmenu.DevMenuActivity@9c0b541 in: CREATED
11-10 14:30:18.743 11733 11733 W unknown:ReactNative: Packager connection already open, nooping.
11-10 14:30:18.743 11733 11733 D LifecycleMonitor: Lifecycle status change: expo.modules.devmenu.DevMenuActivity@9c0b541 in: STARTED
11-10 14:30:18.744 11733 11733 W unknown:BridgelessReact: ReactHost{1}.onHostResume(activity)
11-10 14:30:18.744 11733 11733 W unknown:BridgelessReact: ReactContext.onHostResume()
11-10 14:30:18.745 11733 11733 D LifecycleMonitor: Lifecycle status change: expo.modules.devmenu.DevMenuActivity@9c0b541 in: RESUMED
11-10 14:30:18.754 11733 11824 W ReactNativeJNI: Component property map contains multiple entries for 'borderColor'. Ensure all calls to convertRawProp use a consistent prefix, name and suffix.
11-10 14:30:18.754 11733 11824 W ReactNativeJNI: Component property map contains multiple entries for 'borderStyle'. Ensure all calls to convertRawProp use a consistent prefix, name and suffix.
11-10 14:30:18.754 11733 11824 W ReactNativeJNI: Component property map contains multiple entries for 'borderRadius'. Ensure all calls to convertRawProp use a consistent prefix, name and suffix.
11-10 14:30:18.754 11733 11824 W ReactNativeJNI: Component property map contains multiple entries for 'borderEndColor'. Ensure all calls to convertRawProp use a consistent prefix, name and suffix.
11-10 14:30:18.754 11733 11824 W ReactNativeJNI: Component property map contains multiple entries for 'borderTopColor'. Ensure all calls to convertRawProp use a consistent prefix, name and suffix.
11-10 14:30:18.754 11733 11824 W ReactNativeJNI: Component property map contains multiple entries for 'borderLeftColor'. Ensure all calls to convertRawProp use a consistent prefix, name and suffix.
11-10 14:30:18.754 11733 11824 W ReactNativeJNI: Component property map contains multiple entries for 'borderBlockColor'. Ensure all calls to convertRawProp use a consistent prefix, name and suffix.
11-10 14:30:18.754 11733 11824 W ReactNativeJNI: Component property map contains multiple entries for 'borderRightColor'. Ensure all calls to convertRawProp use a consistent prefix, name and suffix.
11-10 14:30:18.755 11733 11824 W ReactNativeJNI: Component property map contains multiple entries for 'borderStartColor'. Ensure all calls to convertRawProp use a consistent prefix, name and suffix.
11-10 14:30:18.755 11733 11824 W ReactNativeJNI: Component property map contains multiple entries for 'borderBottomColor'. Ensure all calls to convertRawProp use a consistent prefix, name and suffix.
11-10 14:30:18.755 11733 11824 W ReactNativeJNI: Component property map contains multiple entries for 'borderEndEndRadius'. Ensure all calls to convertRawProp use a consistent prefix, name and suffix.
11-10 14:30:18.755 11733 11824 W ReactNativeJNI: Component property map contains multiple entries for 'borderTopEndRadius'. Ensure all calls to convertRawProp use a consistent prefix, name and suffix.
11-10 14:30:18.755 11733 11824 W ReactNativeJNI: Component property map contains multiple entries for 'borderBlockEndColor'. Ensure all calls to convertRawProp use a consistent prefix, name and suffix.
11-10 14:30:18.755 11733 11824 W ReactNativeJNI: Component property map contains multiple entries for 'borderTopLeftRadius'. Ensure all calls to convertRawProp use a consistent prefix, name and suffix.
11-10 14:30:18.755 11733 11824 W ReactNativeJNI: Component property map contains multiple entries for 'borderEndStartRadius'. Ensure all calls to convertRawProp use a consistent prefix, name and suffix.
11-10 14:30:18.755 11733 11824 W ReactNativeJNI: Component property map contains multiple entries for 'borderStartEndRadius'. Ensure all calls to convertRawProp use a consistent prefix, name and suffix.
11-10 14:30:18.755 11733 11824 W ReactNativeJNI: Component property map contains multiple entries for 'borderTopRightRadius'. Ensure all calls to convertRawProp use a consistent prefix, name and suffix.
11-10 14:30:18.755 11733 11824 W ReactNativeJNI: Component property map contains multiple entries for 'borderTopStartRadius'. Ensure all calls to convertRawProp use a consistent prefix, name and suffix.
11-10 14:30:18.755 11733 11824 W ReactNativeJNI: Component property map contains multiple entries for 'borderBlockStartColor'. Ensure all calls to convertRawProp use a consistent prefix, name and suffix.
11-10 14:30:18.755 11733 11824 W ReactNativeJNI: Component property map contains multiple entries for 'borderBottomEndRadius'. Ensure all calls to convertRawProp use a consistent prefix, name and suffix.
11-10 14:30:18.755 11733 11824 W ReactNativeJNI: Component property map contains multiple entries for 'borderBottomLeftRadius'. Ensure all calls to convertRawProp use a consistent prefix, name and suffix.
11-10 14:30:18.755 11733 11824 W ReactNativeJNI: Component property map contains multiple entries for 'borderStartStartRadius'. Ensure all calls to convertRawProp use a consistent prefix, name and suffix.
11-10 14:30:18.755 11733 11824 W ReactNativeJNI: Component property map contains multiple entries for 'borderBottomRightRadius'. Ensure all calls to convertRawProp use a consistent prefix, name and suffix.
11-10 14:30:18.755 11733 11824 W ReactNativeJNI: Component property map contains multiple entries for 'borderBottomStartRadius'. Ensure all calls to convertRawProp use a consistent prefix, name and suffix.
11-10 14:30:18.775 11733 11824 W ReactNativeJNI: Component property map contains multiple entries for 'borderColor'. Ensure all calls to convertRawProp use a consistent prefix, name and suffix.
11-10 14:30:18.775 11733 11824 W ReactNativeJNI: Component property map contains multiple entries for 'borderStyle'. Ensure all calls to convertRawProp use a consistent prefix, name and suffix.
11-10 14:30:18.779 11733 11824 W unknown:BridgelessReact: ReactHost{1}.getOrCreateReactInstanceTask(): Loading JS Bundle
11-10 14:30:18.803 11733 11825 D Detox.RNMarker: RUN_JS_BUNDLE_START (EXDevMenuApp.android.js)
11-10 14:30:18.806 11733 11824 W unknown:BridgelessReact: ReactHost{1}.getOrCreateReactInstanceTask(): Calling DevSupportManagerBase.onNewReactContextCreated(reactContext)
11-10 14:30:18.807 11733 11824 W unknown:BridgelessReact: ReactHost{1}.getOrCreateReactInstanceTask()
11-10 14:30:18.816 11733 11733 W unknown:BridgelessReact: ReactContext.onHostResume()
11-10 14:30:18.816 11733 11733 W unknown:BridgelessReact: ReactHost{1}.getOrCreateReactInstanceTask(): Executing ReactInstanceEventListeners
11-10 14:30:18.824 11733 11824 W unknown:BridgelessReact: ReactHost{1}.startSurface(surfaceId = 0): Execute
11-10 14:30:18.829 11733 11733 D InsetsController: hide(ime(), fromIme=false)
11-10 14:30:18.829 11733 11733 I ImeTracker: com.tuapp.seguritacapp:9d680ce4: onCancelled at PHASE_CLIENT_ALREADY_HIDDEN
11-10 14:30:18.856 11733 11733 I Detox   : Wait is over: App is now idle!
11-10 14:30:18.857 11733 11783 I DetoxWSClient: Sending out action 'ready' (ID #-1000)
11-10 14:30:18.857 11733 11783 I DetoxDispatcher: Done with action 'isReady'
11-10 14:30:18.964 11733 11825 D nativeloader: Load /data/app/~~-EF7zV8aeB6uwTz4qA20uA==/com.tuapp.seguritacapp-TAEDWn2I_gE0qJOWNmaCzA==/base.apk!/lib/x86_64/libexpo-modules-core.so using class loader ns clns-9 (caller=/data/app/~~-EF7zV8aeB6uwTz4qA20uA==/com.tuapp.seguritacapp-TAEDWn2I_gE0qJOWNmaCzA==/base.apk!classes5.dex): ok
11-10 14:30:18.980 11733 11825 W unknown:ViewManagerPropertyUpdater: Could not find generated setter for class expo.modules.kotlin.views.GroupViewManagerWrapper
11-10 14:30:18.987 11733 11825 W unknown:ViewManagerPropertyUpdater: Could not find generated setter for class com.facebook.react.uimanager.LayoutShadowNode
11-10 14:30:18.989 11733 11832 D ProfileInstaller: Installing profile for com.tuapp.seguritacapp
11-10 14:30:18.998 11733 11825 W unknown:ViewManagerPropertyUpdater: Could not find generated setter for class com.facebook.react.views.safeareaview.ReactSafeAreaViewManager
11-10 14:30:18.999 11733 11825 W unknown:ViewManagerPropertyUpdater: Could not find generated setter for class com.facebook.react.views.safeareaview.ReactSafeAreaViewShadowNode
11-10 14:30:19.004 11733 11825 W unknown:ViewManagerPropertyUpdater: Could not find generated setter for class com.facebook.react.views.modal.ReactModalHostManager
11-10 14:30:19.008 11733 11825 W unknown:ViewManagerPropertyUpdater: Could not find generated setter for class com.facebook.react.views.text.frescosupport.FrescoBasedReactTextInlineImageViewManager
11-10 14:30:19.008 11733 11825 W unknown:ViewManagerPropertyUpdater: Could not find generated setter for class com.facebook.react.views.text.frescosupport.FrescoBasedReactTextInlineImageShadowNode
11-10 14:30:19.013 11733 11825 W unknown:ViewManagerPropertyUpdater: Could not find generated setter for class com.facebook.react.views.progressbar.ReactProgressBarViewManager
11-10 14:30:19.015 11733 11825 W unknown:ViewManagerPropertyUpdater: Could not find generated setter for class com.facebook.react.views.progressbar.ProgressBarShadowNode
11-10 14:30:19.023 11733 11825 W unknown:ViewManagerPropertyUpdater: Could not find generated setter for class com.facebook.react.views.scroll.ReactHorizontalScrollViewManager
11-10 14:30:19.034 11733 11825 W unknown:ViewManagerPropertyUpdater: Could not find generated setter for class com.facebook.react.views.image.ReactImageManager
11-10 14:30:19.043 11733 11825 W unknown:ViewManagerPropertyUpdater: Could not find generated setter for class com.facebook.react.views.text.ReactTextViewManager
11-10 14:30:19.044 11733 11825 W unknown:ViewManagerPropertyUpdater: Could not find generated setter for class com.facebook.react.views.text.ReactTextShadowNode
11-10 14:30:19.050 11733 11825 W unknown:ViewManagerPropertyUpdater: Could not find generated setter for class com.facebook.react.views.scroll.ReactHorizontalScrollContainerViewManager
11-10 14:30:19.055 11733 11825 W unknown:ViewManagerPropertyUpdater: Could not find generated setter for class com.facebook.react.views.unimplementedview.ReactUnimplementedViewManager
11-10 14:30:19.062 11733 11825 W unknown:ViewManagerPropertyUpdater: Could not find generated setter for class com.facebook.react.views.scroll.ReactScrollViewManager
11-10 14:30:19.070 11733 11825 W unknown:ViewManagerPropertyUpdater: Could not find generated setter for class com.facebook.react.views.view.ReactViewManager
11-10 14:30:19.076 11733 11825 W unknown:ViewManagerPropertyUpdater: Could not find generated setter for class com.facebook.react.views.drawer.ReactDrawerLayoutManager
11-10 14:30:19.083 11733 11825 W unknown:ViewManagerPropertyUpdater: Could not find generated setter for class com.facebook.react.views.switchview.ReactSwitchManager
11-10 14:30:19.084 11733 11825 W unknown:ViewManagerPropertyUpdater: Could not find generated setter for class com.facebook.react.views.switchview.ReactSwitchManager$ReactSwitchShadowNode
11-10 14:30:19.088 11733 11825 W unknown:ViewManagerPropertyUpdater: Could not find generated setter for class com.facebook.react.views.text.ReactVirtualTextViewManager
11-10 14:30:19.088 11733 11825 W unknown:ViewManagerPropertyUpdater: Could not find generated setter for class com.facebook.react.views.text.ReactVirtualTextShadowNode
11-10 14:30:19.092 11733 11825 W unknown:ViewManagerPropertyUpdater: Could not find generated setter for class com.facebook.react.views.swiperefresh.SwipeRefreshLayoutManager
11-10 14:30:19.096 11733 11825 W unknown:ViewManagerPropertyUpdater: Could not find generated setter for class com.facebook.react.views.text.ReactRawTextManager
11-10 14:30:19.096 11733 11825 W unknown:ViewManagerPropertyUpdater: Could not find generated setter for class com.facebook.react.views.text.ReactRawTextShadowNode
11-10 14:30:19.103 11733 11825 W unknown:ViewManagerPropertyUpdater: Could not find generated setter for class com.facebook.react.views.textinput.ReactTextInputManager
11-10 14:30:19.105 11733 11825 W unknown:ViewManagerPropertyUpdater: Could not find generated setter for class com.facebook.react.views.textinput.ReactTextInputShadowNode
11-10 14:30:19.115 11733 11817 D CompatChangeReporter: Compat change id reported: 289878283; UID 10221; state: ENABLED
11-10 14:30:19.128 11733 11818 I pp.seguritacapp: AssetManager2(0x70d3768b5bd8) locale list changing from [] to [en-US]
11-10 14:30:19.128 11733 11818 I WebViewFactory: Loading com.google.android.webview version 133.0.6943.137 (code 694313738)
11-10 14:30:19.129 11733 11818 I pp.seguritacapp: AssetManager2(0x70d3768be238) locale list changing from [] to [en-US]
11-10 14:30:19.129 11733 11818 I pp.seguritacapp: AssetManager2(0x70d3768bb678) locale list changing from [] to [en-US]
11-10 14:30:19.130 11733 11818 I pp.seguritacapp: AssetManager2(0x70d3768ccc98) locale list changing from [] to [en-US]
11-10 14:30:19.130 11733 11818 I pp.seguritacapp: AssetManager2(0x70d3768c9778) locale list changing from [] to [en-US]
11-10 14:30:19.130 11733 11818 I pp.seguritacapp: AssetManager2(0x70d3768c9db8) locale list changing from [] to [en-US]
11-10 14:30:19.131 11733 11818 V ResourcesManager: The following library key has been added: ResourcesKey{ mHash=3e131997 mResDir=null mSplitDirs=[] mOverlayDirs=[] mLibDirs=[/data/app/~~nxIzNTNk-9juzieP2H14bw==/com.google.android.webview-8Ofj1MShe1sfVlVeR-7jYw==/WebViewGoogle.apk,/data/app/~~NUV24JfAbMsvCZ3y-B3LCQ==/com.google.android.trichromelibrary_694313738-b-_y91Ev7XotJG5HsxpYGA==/TrichromeLibrary.apk,/system_ext/framework/androidx.window.extensions.jar] mDisplayId=0 mOverrideConfig=v36 mCompatInfo={440dpi always-compat} mLoaders=[]}
11-10 14:30:19.134 11733 11818 W pp.seguritacapp: Failed to find entry 'classes.dex': Entry not found
11-10 14:30:19.137 11733 11818 D nativeloader: Configuring clns-12 for other apk /data/app/~~NUV24JfAbMsvCZ3y-B3LCQ==/com.google.android.trichromelibrary_694313738-b-_y91Ev7XotJG5HsxpYGA==/TrichromeLibrary.apk. target_sdk_version=34, uses_libraries=ALL, library_path=/data/app/~~nxIzNTNk-9juzieP2H14bw==/com.google.android.webview-8Ofj1MShe1sfVlVeR-7jYw==/lib/x86_64:/data/app/~~nxIzNTNk-9juzieP2H14bw==/com.google.android.webview-8Ofj1MShe1sfVlVeR-7jYw==/WebViewGoogle.apk!/lib/x86_64:/data/app/~~NUV24JfAbMsvCZ3y-B3LCQ==/com.google.android.trichromelibrary_694313738-b-_y91Ev7XotJG5HsxpYGA==/TrichromeLibrary.apk!/lib/x86_64, permitted_path=/data:/mnt/expand
11-10 14:30:19.141 11733 11818 D ApplicationLoaders: Returning zygote-cached class loader: /system_ext/framework/androidx.window.extensions.jar
11-10 14:30:19.148 11733 11818 D nativeloader: Configuring clns-13 for other apk /data/app/~~nxIzNTNk-9juzieP2H14bw==/com.google.android.webview-8Ofj1MShe1sfVlVeR-7jYw==/WebViewGoogle.apk. target_sdk_version=34, uses_libraries=, library_path=/data/app/~~nxIzNTNk-9juzieP2H14bw==/com.google.android.webview-8Ofj1MShe1sfVlVeR-7jYw==/lib/x86_64:/data/app/~~nxIzNTNk-9juzieP2H14bw==/com.google.android.webview-8Ofj1MShe1sfVlVeR-7jYw==/WebViewGoogle.apk!/lib/x86_64:/data/app/~~NUV24JfAbMsvCZ3y-B3LCQ==/com.google.android.trichromelibrary_694313738-b-_y91Ev7XotJG5HsxpYGA==/TrichromeLibrary.apk!/lib/x86_64, permitted_path=/data:/mnt/expand
11-10 14:30:19.217 11733 11818 I pp.seguritacapp: Waiting for a blocking GC ClassLinker
11-10 14:30:19.225 11733 11818 I pp.seguritacapp: WaitForGcToComplete blocked ClassLinker on Background for 7.532ms
11-10 14:30:19.255 11733 11818 I cr_WVCFactoryProvider: version=133.0.6943.137 (694313738) minSdkVersion=29 isBundle=false multiprocess=true packageId=2
11-10 14:30:19.272 11733 11818 D nativeloader: Load /data/app/~~NUV24JfAbMsvCZ3y-B3LCQ==/com.google.android.trichromelibrary_694313738-b-_y91Ev7XotJG5HsxpYGA==/TrichromeLibrary.apk!/lib/x86_64/libmonochrome_64.so using class loader ns clns-13 (caller=/data/app/~~nxIzNTNk-9juzieP2H14bw==/com.google.android.webview-8Ofj1MShe1sfVlVeR-7jYw==/WebViewGoogle.apk): ok
11-10 14:30:19.277 11733 11818 D nativeloader: Load /system/lib64/libwebviewchromium_plat_support.so using class loader ns clns-13 (caller=/data/app/~~nxIzNTNk-9juzieP2H14bw==/com.google.android.webview-8Ofj1MShe1sfVlVeR-7jYw==/WebViewGoogle.apk): ok
11-10 14:30:19.290 11733 11835 I chromium: [1110/143019.285054:INFO:variations_seed_loader.cc(67)] Failed to open file for reading.: No such file or directory (2)
11-10 14:30:19.291 11733 11835 I chromium: [1110/143019.291472:INFO:variations_seed_loader.cc(67)] Failed to open file for reading.: No such file or directory (2)
11-10 14:30:19.309 11733 11818 I cr_LibraryLoader: Successfully loaded native library
11-10 14:30:19.313 11733 11818 I cr_CachingUmaRecorder: Flushed 6 samples from 6 histograms, 0 samples were dropped.
11-10 14:30:19.383 11733 11825 W BridgelessReactContext: [WARNING] Bridgeless doesn't support CatalystInstance. Accessing an API that's not part of the new architecture is not encouraged usage.
11-10 14:30:19.411 11733 11825 I ExpoModulesCore: ✅ JSI interop was installed
11-10 14:30:19.412 11733 11825 I ExpoModulesCore: ✅ Constants were exported
11-10 14:30:19.415 11733 11817 W unknown:ViewManagerPropertyUpdater: Could not find generated setter for class com.rnmaps.maps.MapUrlTileManager
11-10 14:30:19.416 11733 11817 W unknown:ViewManagerPropertyUpdater: Could not find generated setter for class com.swmansion.rnscreens.ScreenFooterManager
11-10 14:30:19.416 11733 11817 W unknown:ViewManagerPropertyUpdater: Could not find generated setter for class com.rnmaps.maps.MapManager
11-10 14:30:19.417 11733 11817 W unknown:ViewManagerPropertyUpdater: Could not find generated setter for class com.swmansion.rnscreens.ScreenContainerViewManager
11-10 14:30:19.418 11733 11817 W unknown:ViewManagerPropertyUpdater: Could not find generated setter for class com.rnmaps.maps.MapMarkerManager
11-10 14:30:19.418 11733 11817 W unknown:ViewManagerPropertyUpdater: Could not find generated setter for class com.rnmaps.maps.MapLocalTileManager
11-10 14:30:19.419 11733 11817 W unknown:ViewManagerPropertyUpdater: Could not find generated setter for class com.swmansion.rnscreens.ModalScreenViewManager
11-10 14:30:19.420 11733 11817 W unknown:ViewManagerPropertyUpdater: Could not find generated setter for class com.rnmaps.maps.MapPolylineManager
11-10 14:30:19.420 11733 11817 W unknown:ViewManagerPropertyUpdater: Could not find generated setter for class com.rnmaps.maps.MapCircleManager
11-10 14:30:19.421 11733 11817 W unknown:ViewManagerPropertyUpdater: Could not find generated setter for class com.th3rdwave.safeareacontext.SafeAreaViewManager
11-10 14:30:19.421 11733 11817 W unknown:ViewManagerPropertyUpdater: Could not find generated setter for class com.th3rdwave.safeareacontext.SafeAreaViewShadowNode
11-10 14:30:19.422 11733 11817 W unknown:ViewManagerPropertyUpdater: Could not find generated setter for class com.swmansion.rnscreens.ScreenViewManager
11-10 14:30:19.423 11733 11817 W unknown:ViewManagerPropertyUpdater: Could not find generated setter for class expo.modules.kotlin.views.SimpleViewManagerWrapper
11-10 14:30:19.424 11733 11817 W unknown:ViewManagerPropertyUpdater: Could not find generated setter for class com.swmansion.rnscreens.ScreenStackViewManager
11-10 14:30:19.427 11733 11825 D Detox.RNMarker: RUN_JS_BUNDLE_END (EXDevMenuApp.android.js)
11-10 14:30:19.428 11733 11825 I ReactNativeJS: Running "main"
11-10 14:30:19.429 11733 11817 W unknown:ViewManagerPropertyUpdater: Could not find generated setter for class com.airbnb.android.react.lottie.LottieAnimationViewManager
11-10 14:30:19.430 11733 11817 W unknown:ViewManagerPropertyUpdater: Could not find generated setter for class com.rnmaps.maps.MapCalloutManager
11-10 14:30:19.431 11733 11817 W unknown:ViewManagerPropertyUpdater: Could not find generated setter for class com.th3rdwave.safeareacontext.SafeAreaProviderManager
11-10 14:30:19.431 11733 11817 W unknown:ViewManagerPropertyUpdater: Could not find generated setter for class com.swmansion.rnscreens.SearchBarManager
11-10 14:30:19.432 11733 11817 W unknown:ViewManagerPropertyUpdater: Could not find generated setter for class com.rnmaps.maps.MapGradientPolylineManager
11-10 14:30:19.432 11733 11817 W unknown:ViewManagerPropertyUpdater: Could not find generated setter for class com.rnmaps.maps.MapHeatmapManager
11-10 14:30:19.437 11733 11817 W unknown:ViewManagerPropertyUpdater: Could not find generated setter for class com.reactnativecommunity.webview.RNCWebViewManager
11-10 14:30:19.439 11733 11817 W unknown:ViewManagerPropertyUpdater: Could not find generated setter for class org.reactnative.maskedview.RNCMaskedViewManager
11-10 14:30:19.444 11733 11817 W unknown:ViewManagerPropertyUpdater: Could not find generated setter for class com.rnmaps.maps.MapWMSTileManager
11-10 14:30:19.445 11733 11817 W unknown:ViewManagerPropertyUpdater: Could not find generated setter for class com.swmansion.rnscreens.ScreenStackHeaderConfigViewManager
11-10 14:30:19.445 11733 11817 W unknown:ViewManagerPropertyUpdater: Could not find generated setter for class com.swmansion.rnscreens.ScreenContentWrapperManager
11-10 14:30:19.445 11733 11817 W unknown:ViewManagerPropertyUpdater: Could not find generated setter for class com.rnmaps.maps.MapPolygonManager
11-10 14:30:19.446 11733 11817 W unknown:ViewManagerPropertyUpdater: Could not find generated setter for class com.swmansion.rnscreens.ScreenStackHeaderSubviewManager
11-10 14:30:19.446 11733 11817 W unknown:ViewManagerPropertyUpdater: Could not find generated setter for class com.reactnativecommunity.picker.ReactDialogPickerManager
11-10 14:30:19.447 11733 11817 W unknown:ViewManagerPropertyUpdater: Could not find generated setter for class com.reactnativecommunity.picker.ReactPickerShadowNode
11-10 14:30:19.447 11733 11817 W unknown:ViewManagerPropertyUpdater: Could not find generated setter for class com.rnmaps.maps.MapOverlayManager
11-10 14:30:19.448 11733 11817 W unknown:ViewManagerPropertyUpdater: Could not find generated setter for class com.reactnativecommunity.picker.ReactDropdownPickerManager
11-10 14:30:19.494 11733 11825 D Detox.RNMarker: REACT_BRIDGELESS_LOADING_END (null)
11-10 14:30:19.557 11733 11817 W unknown:ViewManagerPropertyUpdater: Could not find generated setter for class com.horcrux.svg.RenderableViewManager$DefsViewManager
11-10 14:30:19.559 11733 11817 W unknown:ViewManagerPropertyUpdater: Could not find generated setter for class com.horcrux.svg.VirtualViewManager$RenderableShadowNode
11-10 14:30:19.565 11733 11817 W unknown:ViewManagerPropertyUpdater: Could not find generated setter for class com.facebook.react.views.debuggingoverlay.DebuggingOverlayManager
11-10 14:30:19.568 11733 11817 W unknown:ViewManagerPropertyUpdater: Could not find generated setter for class com.horcrux.svg.RenderableViewManager$FeMergeManager
11-10 14:30:19.576 11733 11817 W unknown:ViewManagerPropertyUpdater: Could not find generated setter for class com.horcrux.svg.RenderableViewManager$LinearGradientManager
11-10 14:30:19.580 11733 11817 W unknown:ViewManagerPropertyUpdater: Could not find generated setter for class com.horcrux.svg.RenderableViewManager$FeGaussianBlurManager
11-10 14:30:19.595 11733 11733 D Detox.RNMarker: CONTENT_APPEARED (main)
11-10 14:30:19.596 11733 11817 W unknown:ViewManagerPropertyUpdater: Could not find generated setter for class com.horcrux.svg.RenderableViewManager$FeColorMatrixManager
11-10 14:30:19.603 11733 11817 W unknown:ViewManagerPropertyUpdater: Could not find generated setter for class com.horcrux.svg.RenderableViewManager$ClipPathViewManager
11-10 14:30:19.609 11733 11817 W unknown:ViewManagerPropertyUpdater: Could not find generated setter for class com.horcrux.svg.RenderableViewManager$SymbolManager
11-10 14:30:19.616 11733 11817 W unknown:ViewManagerPropertyUpdater: Could not find generated setter for class com.horcrux.svg.RenderableViewManager$PatternManager
11-10 14:30:19.622 11733 11817 W unknown:ViewManagerPropertyUpdater: Could not find generated setter for class com.horcrux.svg.RenderableViewManager$FeBlendManager
11-10 14:30:19.633 11733 11817 W unknown:ViewManagerPropertyUpdater: Could not find generated setter for class com.horcrux.svg.SvgViewManager
11-10 14:30:19.642 11733 11817 W unknown:ViewManagerPropertyUpdater: Could not find generated setter for class com.horcrux.svg.RenderableViewManager$UseViewManager
11-10 14:30:19.648 11733 11817 W unknown:ViewManagerPropertyUpdater: Could not find generated setter for class com.horcrux.svg.RenderableViewManager$CircleViewManager
11-10 14:30:19.654 11733 11825 W HWUI    : Image decoding logging dropped!
11-10 14:30:19.654 11733 11825 W HWUI    : Image decoding logging dropped!
11-10 14:30:19.656 11733 11817 W unknown:ViewManagerPropertyUpdater: Could not find generated setter for class com.horcrux.svg.RenderableViewManager$TSpanViewManager
11-10 14:30:19.661 11733 11844 D nativeloader: Load /data/app/~~-EF7zV8aeB6uwTz4qA20uA==/com.tuapp.seguritacapp-TAEDWn2I_gE0qJOWNmaCzA==/base.apk!/lib/x86_64/libimagepipeline.so using class loader ns clns-9 (caller=/data/app/~~-EF7zV8aeB6uwTz4qA20uA==/com.tuapp.seguritacapp-TAEDWn2I_gE0qJOWNmaCzA==/base.apk!classes5.dex): ok
11-10 14:30:19.663 11733 11825 W HWUI    : Image decoding logging dropped!
11-10 14:30:19.664 11733 11817 W unknown:ViewManagerPropertyUpdater: Could not find generated setter for class com.horcrux.svg.RenderableViewManager$FilterManager
11-10 14:30:19.671 11733 11817 W unknown:ViewManagerPropertyUpdater: Could not find generated setter for class com.horcrux.svg.RenderableViewManager$MarkerManager
11-10 14:30:19.678 11733 11817 W unknown:ViewManagerPropertyUpdater: Could not find generated setter for class com.swmansion.gesturehandler.react.RNGestureHandlerButtonViewManager
11-10 14:30:19.688 11733 11817 W unknown:ViewManagerPropertyUpdater: Could not find generated setter for class com.horcrux.svg.RenderableViewManager$ForeignObjectManager
11-10 14:30:19.697 11733 11733 I pp.seguritacapp: hiddenapi: Accessing hidden field Landroid/widget/ScrollView;->mScroller:Landroid/widget/OverScroller; (runtime_flags=0, domain=platform, api=unsupported) from Lcom/facebook/react/views/scroll/ReactScrollView; (domain=app) using reflection: allowed
11-10 14:30:19.697 11733 11817 W unknown:ViewManagerPropertyUpdater: Could not find generated setter for class com.horcrux.svg.RenderableViewManager$EllipseViewManager
11-10 14:30:19.702 11733 11733 W unknown:ViewManagerPropertyUpdater: Could not find generated setter for class com.facebook.react.uimanager.RootViewManager
11-10 14:30:19.709 11733 11817 W unknown:ViewManagerPropertyUpdater: Could not find generated setter for class com.horcrux.svg.RenderableViewManager$LineViewManager
11-10 14:30:19.723 11733 11817 W unknown:ViewManagerPropertyUpdater: Could not find generated setter for class com.horcrux.svg.RenderableViewManager$FeFloodManager
11-10 14:30:19.728 11733 11817 W unknown:ViewManagerPropertyUpdater: Could not find generated setter for class com.horcrux.svg.RenderableViewManager$GroupViewManager
11-10 14:30:19.735 11733 11817 W unknown:ViewManagerPropertyUpdater: Could not find generated setter for class com.horcrux.svg.RenderableViewManager$TextViewManager
11-10 14:30:19.737 11733 11846 D HWUI    : --- Failed to create image decoder with message 'unimplemented'
11-10 14:30:19.738 11733 11846 D HWUI    : --- Failed to create image decoder with message 'unimplemented'
11-10 14:30:19.738 11733 11846 D HWUI    : --- Failed to create image decoder with message 'unimplemented'
11-10 14:30:19.738 11733 11846 D HWUI    : --- Failed to create image decoder with message 'unimplemented'
11-10 14:30:19.739 11733 11846 D HWUI    : --- Failed to create image decoder with message 'unimplemented'
11-10 14:30:19.739 11733 11846 D HWUI    : --- Failed to create image decoder with message 'unimplemented'
11-10 14:30:19.739 11733 11846 D HWUI    : --- Failed to create image decoder with message 'unimplemented'
11-10 14:30:19.739 11733 11846 D HWUI    : --- Failed to create image decoder with message 'unimplemented'
11-10 14:30:19.739 11733 11846 D HWUI    : --- Failed to create image decoder with message 'unimplemented'
11-10 14:30:19.740 11733 11846 D HWUI    : --- Failed to create image decoder with message 'unimplemented'
11-10 14:30:19.740 11733 11846 D HWUI    : --- Failed to create image decoder with message 'unimplemented'
11-10 14:30:19.740 11733 11846 D HWUI    : --- Failed to create image decoder with message 'unimplemented'
11-10 14:30:19.741 11733 11848 W HWUI    : Image decoding logging dropped!
11-10 14:30:19.743 11733 11817 W unknown:ViewManagerPropertyUpdater: Could not find generated setter for class com.horcrux.svg.RenderableViewManager$ImageViewManager
11-10 14:30:19.744 11733 11848 W HWUI    : Image decoding logging dropped!
11-10 14:30:19.745 11733 11848 D HWUI    : --- Failed to create image decoder with message 'unimplemented'
11-10 14:30:19.745 11733 11848 D HWUI    : --- Failed to create image decoder with message 'unimplemented'
11-10 14:30:19.745 11733 11848 D HWUI    : --- Failed to create image decoder with message 'unimplemented'
11-10 14:30:19.745 11733 11848 D HWUI    : --- Failed to create image decoder with message 'unimplemented'
11-10 14:30:19.746 11733 11848 D HWUI    : --- Failed to create image decoder with message 'unimplemented'
11-10 14:30:19.746 11733 11848 D HWUI    : --- Failed to create image decoder with message 'unimplemented'
11-10 14:30:19.746 11733 11848 D HWUI    : --- Failed to create image decoder with message 'unimplemented'
11-10 14:30:19.746 11733 11848 D HWUI    : --- Failed to create image decoder with message 'unimplemented'
11-10 14:30:19.747 11733 11848 W unknown:ProgressiveDecoder: unknown image format, {uri: res:/2131623936, firstEncodedBytes: 03000800C00100000100, length: 448}
11-10 14:30:19.749 11733 11847 W HWUI    : Image decoding logging dropped!
11-10 14:30:19.755 11733 11817 W unknown:ViewManagerPropertyUpdater: Could not find generated setter for class com.horcrux.svg.RenderableViewManager$RadialGradientManager
11-10 14:30:19.757 11733 11849 W HWUI    : Image decoding logging dropped!
11-10 14:30:19.768 11733 11845 W HWUI    : Image decoding logging dropped!
11-10 14:30:19.770 11733 11848 W HWUI    : Image decoding logging dropped!
11-10 14:30:19.771 11733 11848 W HWUI    : Image decoding logging dropped!
11-10 14:30:19.774 11733 11817 W unknown:ViewManagerPropertyUpdater: Could not find generated setter for class com.horcrux.svg.RenderableViewManager$MaskManager
11-10 14:30:19.778 11733 11849 W HWUI    : Image decoding logging dropped!
11-10 14:30:19.785 11733 11845 W HWUI    : Image decoding logging dropped!
11-10 14:30:19.786 11733 11817 W unknown:ViewManagerPropertyUpdater: Could not find generated setter for class com.horcrux.svg.RenderableViewManager$RectViewManager
11-10 14:30:19.788 11733 11847 W HWUI    : Image decoding logging dropped!
11-10 14:30:19.794 11733 11817 W unknown:ViewManagerPropertyUpdater: Could not find generated setter for class com.horcrux.svg.RenderableViewManager$TextPathViewManager
11-10 14:30:19.805 11733 11817 W unknown:ViewManagerPropertyUpdater: Could not find generated setter for class com.horcrux.svg.RenderableViewManager$FeOffsetManager
11-10 14:30:19.811 11733 11817 W unknown:ViewManagerPropertyUpdater: Could not find generated setter for class com.horcrux.svg.RenderableViewManager$PathViewManager
11-10 14:30:19.837 11733 11817 W unknown:ViewManagerPropertyUpdater: Could not find generated setter for class com.swmansion.gesturehandler.react.RNGestureHandlerRootViewManager
11-10 14:30:19.916 11733 11817 I ReactNativeJS: Bridgeless mode is enabled
11-10 14:30:19.923 11733 11817 W BridgelessReactContext: [WARNING] Bridgeless doesn't support CatalystInstance. Accessing an API that's not part of the new architecture is not encouraged usage.
11-10 14:30:19.924 11733 11817 I ExpoModulesCore: ✅ JSI interop was installed
11-10 14:30:19.925 11733 11817 W ExpoModulesCore: ⚠️ JSI interop was already installed
11-10 14:30:19.979 11733 11817 I expo-notifications: NotificationsEmitter.onNotificationResponseIntentReceived:
11-10 14:30:19.979 11733 11817 I expo-notifications: actionIdentifier: expo.modules.notifications.actions.DEFAULT
11-10 14:30:19.979 11733 11817 I expo-notifications: notification
11-10 14:30:19.979 11733 11817 I expo-notifications:   date: 0
11-10 14:30:19.979 11733 11817 I expo-notifications:   request
11-10 14:30:19.979 11733 11817 I expo-notifications:     identifier: (null)
11-10 14:30:19.979 11733 11817 I expo-notifications:     trigger
11-10 14:30:19.979 11733 11817 I expo-notifications:       type: push
11-10 14:30:19.979 11733 11817 I expo-notifications:       channelId: (null)
11-10 14:30:19.979 11733 11817 I expo-notifications:     content
11-10 14:30:19.979 11733 11817 I expo-notifications:       data
11-10 14:30:19.979 11733 11817 I expo-notifications:         launchArgs
11-10 14:30:19.979 11733 11817 I expo-notifications:           detoxURLOverride: exp+seguridadciudadanaapp://expo-development-client/?url=http%3A%2F%2F10.0.2.2%3A8081
11-10 14:30:19.979 11733 11817 I expo-notifications:           detoxServer: ws://localhost:55448
11-10 14:30:19.979 11733 11817 I expo-notifications:           detoxSessionId: a3200551-dff5-6d63-bcac-a51b71d3db7e
11-10 14:30:19.979 11733 11817 I expo-notifications:           detoxEnableSynchronization: 0
11-10 14:30:19.979 11733 11817 I expo-notifications:       title: (null)
11-10 14:30:19.988 11733 11817 I ExpoModulesCore: ✅ Constants were exported
11-10 14:30:20.117 11733 11817 D nativeloader: Load /data/app/~~-EF7zV8aeB6uwTz4qA20uA==/com.tuapp.seguritacapp-TAEDWn2I_gE0qJOWNmaCzA==/base.apk!/lib/x86_64/librnscreens.so using class loader ns clns-9 (caller=/data/app/~~-EF7zV8aeB6uwTz4qA20uA==/com.tuapp.seguritacapp-TAEDWn2I_gE0qJOWNmaCzA==/base.apk!classes2.dex): ok
11-10 14:30:20.169 11733 11817 D nativeloader: Load /data/app/~~-EF7zV8aeB6uwTz4qA20uA==/com.tuapp.seguritacapp-TAEDWn2I_gE0qJOWNmaCzA==/base.apk!/lib/x86_64/libworklets.so using class loader ns clns-9 (caller=/data/app/~~-EF7zV8aeB6uwTz4qA20uA==/com.tuapp.seguritacapp-TAEDWn2I_gE0qJOWNmaCzA==/base.apk!classes5.dex): ok
11-10 14:30:20.177 11733 11817 D nativeloader: Load /data/app/~~-EF7zV8aeB6uwTz4qA20uA==/com.tuapp.seguritacapp-TAEDWn2I_gE0qJOWNmaCzA==/base.apk!/lib/x86_64/libreanimated.so using class loader ns clns-9 (caller=/data/app/~~-EF7zV8aeB6uwTz4qA20uA==/com.tuapp.seguritacapp-TAEDWn2I_gE0qJOWNmaCzA==/base.apk!classes5.dex): ok
11-10 14:30:20.181 11733 11817 W pp.seguritacapp: CheckJNI: method to register "installJSIBindings" not in the given class. This is slow, consider changing your RegisterNatives calls.
11-10 14:30:20.196 11733 11817 W BridgelessReactContext: [WARNING] Bridgeless doesn't support CatalystInstance. Accessing an API that's not part of the new architecture is not encouraged usage.
11-10 14:30:20.616 11733 11817 W ReactNativeJS: '[2025-11-10T14:30:20.610Z]  @firebase/auth:', 'Auth (11.9.0): \nYou are initializing Firebase Auth for React Native without providing\nAsyncStorage. Auth state will default to memory persistence and will not\npersist between sessions. In order to persist auth state, install the package\n"@react-native-async-storage/async-storage" and provide it to\ninitializeAuth:\n\nimport { initializeAuth, getReactNativePersistence } from \'firebase/auth\';\nimport ReactNativeAsyncStorage from \'@react-native-async-storage/async-storage\';\nconst auth = initializeAuth(app, {\n  persistence: getReactNativePersistence(ReactNativeAsyncStorage)\n});\n'
11-10 14:30:20.638 11733 11817 I ReactNativeJS: ✅ Firestore inicializado con configuración básica
11-10 14:30:20.642 11733 11817 I ReactNativeJS: ✅ Firebase inicializado correctamente
11-10 14:30:20.642 11733 11817 I ReactNativeJS: '📱 Proyecto:', 'seguritacapp'
11-10 14:30:20.651 11733 11817 V AsyncStorageExpoMigration: No scoped database found
11-10 14:30:20.876 11733 11787 D DetoxWSClient: Received action 'invoke' (ID #1, params={"target":{"type":"Class","value":"com.wix.detox.Detox"},"method":"startActivityFromUrl","args":["exp+seguridadciudadanaapp:\/\/login"]})
11-10 14:30:20.877 11733 11783 I DetoxDispatcher: Handling action 'invoke' (ID #1)...
11-10 14:30:20.888 11733 11783 D Detox   : class com.wix.detox.Detox, startActivityFromUrl, [exp+seguridadciudadanaapp://login]
11-10 14:30:20.926 11733 11783 W ActivityTestRule: Activity wasn't created yet or already stopped
11-10 14:30:20.929 11733 11783 I DetoxActionHandlers: Test exception
11-10 14:30:20.929 11733 11783 I DetoxActionHandlers: java.lang.reflect.InvocationTargetException
11-10 14:30:20.929 11733 11783 I DetoxActionHandlers: 	at java.lang.reflect.Method.invoke(Native Method)
11-10 14:30:20.929 11733 11783 I DetoxActionHandlers: 	at org.apache.commons.lang3.reflect.MethodUtils.invokeStaticMethod(MethodUtils.java:443)
11-10 14:30:20.929 11733 11783 I DetoxActionHandlers: 	at org.apache.commons.lang3.reflect.MethodUtils.invokeStaticMethod(MethodUtils.java:405)
11-10 14:30:20.929 11733 11783 I DetoxActionHandlers: 	at com.wix.invoke.types.ClassTarget.execute(ClassTarget.java:23)
11-10 14:30:20.929 11733 11783 I DetoxActionHandlers: 	at com.wix.invoke.types.Target.invoke(Target.java:59)
11-10 14:30:20.929 11733 11783 I DetoxActionHandlers: 	at com.wix.invoke.MethodInvocation.invoke(MethodInvocation.java:35)
11-10 14:30:20.929 11733 11783 I DetoxActionHandlers: 	at com.wix.invoke.MethodInvocation.invoke(MethodInvocation.java:26)
11-10 14:30:20.929 11733 11783 I DetoxActionHandlers: 	at com.wix.invoke.MethodInvocation.invoke(MethodInvocation.java:20)
11-10 14:30:20.929 11733 11783 I DetoxActionHandlers: 	at com.wix.detox.adapters.server.InvokeActionHandler.handle(DetoxActionHandlers.kt:54)
11-10 14:30:20.929 11733 11783 I DetoxActionHandlers: 	at com.wix.detox.adapters.server.ActionsExecutor.executeAction$lambda$2$lambda$1(DetoxActionsDispatcher.kt:76)
11-10 14:30:20.929 11733 11783 I DetoxActionHandlers: 	at com.wix.detox.adapters.server.ActionsExecutor.$r8$lambda$GVbB7LHtBHxNHGbgYnHJ6YrwCqs(Unknown Source:0)
11-10 14:30:20.929 11733 11783 I DetoxActionHandlers: 	at com.wix.detox.adapters.server.ActionsExecutor$$ExternalSyntheticLambda0.run(D8$$SyntheticClass:0)
11-10 14:30:20.929 11733 11783 I DetoxActionHandlers: 	at android.os.Handler.handleCallback(Handler.java:995)
11-10 14:30:20.929 11733 11783 I DetoxActionHandlers: 	at android.os.Handler.dispatchMessage(Handler.java:103)
11-10 14:30:20.929 11733 11783 I DetoxActionHandlers: 	at android.os.Looper.loopOnce(Looper.java:248)
11-10 14:30:20.929 11733 11783 I DetoxActionHandlers: 	at android.os.Looper.loop(Looper.java:338)
11-10 14:30:20.929 11733 11783 I DetoxActionHandlers: 	at com.wix.detox.adapters.server.ActionsExecutor._init_$lambda$0(DetoxActionsDispatcher.kt:62)
11-10 14:30:20.929 11733 11783 I DetoxActionHandlers: 	at com.wix.detox.adapters.server.ActionsExecutor.$r8$lambda$xlgL0CQim6vNM0wWEqM8JIDgZUE(Unknown Source:0)
11-10 14:30:20.929 11733 11783 I DetoxActionHandlers: 	at com.wix.detox.adapters.server.Actio