11:00:54.454 detox[18384] [90mB[39m [33mlifecycle[39m node_modules\detox\local-cli\cli.js test --configuration android.emu.debug --config e2e/jest.config.js --record-logs all --record-videos all --take-screenshots all -l trace e2e/auth.fullflow.e2e.test.js
  data: {
    "id": "3f089871-a9e5-ba9a-83c8-c2e931a85a85",
    "detoxConfig": {
      "configurationName": "android.emu.debug",
      "apps": {
        "default": {
          "type": "android.apk",
          "binaryPath": "android/app/build/outputs/apk/debug/app-debug.apk",
          "testBinaryPath": "android/app/build/outputs/apk/androidTest/debug/app-debug-androidTest.apk",
          "build": "cmd /C D:\\SeguridadAPP\\SeguridadCiudadanaApp\\android\\gradlew.bat -p D:\\SeguridadAPP\\SeguridadCiudadanaApp\\android assembleDebug assembleAndroidTest -DtestBuildType=debug"
        }
      },
      "artifacts": {
        "rootDir": "artifacts\\android.emu.debug.2025-11-14 16-00-54Z",
        "plugins": {
          "log": {
            "enabled": true,
            "keepOnlyFailedTestsArtifacts": false
          },
          "screenshot": {
            "enabled": true,
            "shouldTakeAutomaticSnapshots": true,
            "keepOnlyFailedTestsArtifacts": false
          },
          "video": {
            "enabled": true,
            "keepOnlyFailedTestsArtifacts": false
          },
          "instruments": {
            "enabled": false,
            "keepOnlyFailedTestsArtifacts": false
          },
          "uiHierarchy": {
            "enabled": false,
            "keepOnlyFailedTestsArtifacts": false
          }
        }
      },
      "behavior": {
        "init": {
          "keepLockFile": false,
          "reinstallApp": true,
          "exposeGlobals": true
        },
        "cleanup": {
          "shutdownDevice": false
        },
        "launchApp": "auto"
      },
      "cli": {
        "recordLogs": "all",
        "takeScreenshots": "all",
        "recordVideos": "all",
        "configuration": "android.emu.debug",
        "loglevel": "trace",
        "start": true
      },
      "commands": [
        {
          "appName": "default",
          "build": "cmd /C D:\\SeguridadAPP\\SeguridadCiudadanaApp\\android\\gradlew.bat -p D:\\SeguridadAPP\\SeguridadCiudadanaApp\\android assembleDebug assembleAndroidTest -DtestBuildType=debug"
        }
      ],
      "device": {
        "type": "android.emulator",
        "device": {
          "avdName": "Pixel_6_API34"
        }
      },
      "logger": {
        "level": "trace",
        "overrideConsole": true,
        "options": {
          "showLoggerName": true,
          "showPid": true,
          "showLevel": false,
          "showMetadata": false,
          "basepath": "D:\\SeguridadAPP\\SeguridadCiudadanaApp\\node_modules\\detox\\src",
          "prefixers": {},
          "stringifiers": {}
        }
      },
      "testRunner": {
        "retries": 0,
        "forwardEnv": true,
        "detached": false,
        "bail": false,
        "noRetryArgs": [
          "shard"
        ],
        "jest": {
          "setupTimeout": 300000,
          "teardownTimeout": 30000,
          "retryAfterCircusRetries": false,
          "reportWorkerAssign": true
        },
        "args": {
          "$0": "jest",
          "_": [
            "e2e/auth.fullflow.e2e.test.js"
          ],
          "config": "e2e/jest.config.js",
          "--": []
        }
      },
      "session": {
        "autoStart": true,
        "debugSynchronization": 10000
      }
    },
    "detoxIPCServer": "primary-18384",
    "testResults": [],
    "testSessionIndex": 0,
    "workersCount": 0
  }
11:00:54.477 detox[18384] [90mi[39m [33mipc[39m Server path not specified, so defaulting to ipc.config.socketRoot + ipc.config.appspace + ipc.config.id /tmp/detox.primary-18384
11:00:54.480 detox[18384] [90mi[39m [33mipc[39m starting server on  /tmp/detox.primary-18384 
11:00:54.480 detox[18384] [90mi[39m [33mipc[39m starting TLS server false
11:00:54.480 detox[18384] [90mi[39m [33mipc[39m starting server as Unix || Windows Socket
11:00:54.484 detox[18384] [90mi[39m [33mws-server[39m Detox server listening on localhost:63788...
11:00:54.489 detox[18384] [90mi[39m [33mlifecycle[39m Serialized the session state at: C:\Users\carus\AppData\Local\Temp\3f089871-a9e5-ba9a-83c8-c2e931a85a85.detox.json
11:00:54.491 detox[18384] [90mB[39m [33mlifecycle[39m DETOX_CONFIGURATION="android.emu.debug" DETOX_LOGLEVEL="trace" DETOX_RECORD_LOGS="all" DETOX_RECORD_VIDEOS="all" DETOX_TAKE_SCREENSHOTS="all" jest --config e2e/jest.config.js e2e/auth.fullflow.e2e.test.js
11:00:55.548 detox[460] [90mB[39m [33mlifecycle[39m e2e\auth.fullflow.e2e.test.js
11:00:55.586 detox[460] [90mB[39m [33mlifecycle[39m set up environment
11:00:55.607 detox[460] [90mi[39m [33mipc[39m Service path not specified, so defaulting to ipc.config.socketRoot + ipc.config.appspace + id 
11:00:55.608 detox[460] [90mi[39m [33mipc[39m requested connection to  primary-18384 /tmp/detox.primary-18384
11:00:55.608 detox[460] [90mi[39m [33mipc[39m Connecting client on Unix Socket : /tmp/detox.primary-18384
11:00:55.610 detox[18384] [90mi[39m [33mipc[39m ## socket connection to server detected ##
11:00:55.610 detox[460] [90mi[39m [33mipc[39m retrying reset
11:00:55.612 detox[460] [90mi[39m [33mipc[39m dispatching event to  primary-18384 /tmp/detox.primary-18384  :  registerContext , { id: 'secondary-460' }
11:00:55.615 detox[18384] [90mi[39m [33mipc[39m received event of :  registerContext { id: 'secondary-460' }
11:00:55.616 detox[18384] [90mi[39m [33mipc[39m dispatching event to socket  :  registerContextDone {
  testResults: [],
  testSessionIndex: 0,
  unsafe_earlyTeardown: undefined
}
11:00:55.616 detox[460] [90mi[39m [33mipc[39m ## received events ##
11:00:55.617 detox[460] [90mi[39m [33mipc[39m detected event registerContextDone { testResults: [], testSessionIndex: 0 }
11:00:55.617 detox[460] [90mi[39m [33mipc[39m dispatching event to  primary-18384 /tmp/detox.primary-18384  :  registerWorker , { workerId: 'w1' }
11:00:55.618 detox[18384] [90mi[39m [33mipc[39m received event of :  registerWorker { workerId: 'w1' }
11:00:55.618 detox[460] [90mi[39m [33mipc[39m ## received events ##
11:00:55.619 detox[18384] [90mi[39m [33mipc[39m dispatching event to socket  :  registerWorkerDone { workersCount: 1 }
11:00:55.619 detox[18384] [90mi[39m [33mipc[39m broadcasting event to all known sockets listening to  \\.\pipe\tmp-detox.primary-18384  :   sessionStateUpdate { workersCount: 1 }
11:00:55.619 detox[460] [90mi[39m [33mipc[39m detected event registerWorkerDone { workersCount: 1 }
11:00:55.992 detox[460] [90mi[39m [33mipc[39m ## received events ##
11:00:55.992 detox[460] [90mi[39m [33mipc[39m detected event sessionStateUpdate { workersCount: 1 }
11:00:55.997 detox[18384] [90mB[39m [33mws-server[39m[33m@63792[39m connection :63788<->:63792
11:00:55.998 detox[460] [90mi[39m [33mws-client[39m opened web socket to: ws://localhost:63788
11:00:56.000 detox[460] [90mi[39m [33mws-client[39m send message
  data: {"type":"login","params":{"sessionId":"59e0c3da-e792-b21e-22ab-a8c41baceb35","role":"tester"},"messageId":0}
11:00:56.003 detox[18384] [90mi[39m [33mws-server[39m[33m@63792[39m get
  data: {"type":"login","params":{"sessionId":"59e0c3da-e792-b21e-22ab-a8c41baceb35","role":"tester"},"messageId":0}
11:00:56.003 detox[18384] [90mi[39m [33mws-server[39m created session 59e0c3da-e792-b21e-22ab-a8c41baceb35
11:00:56.004 detox[18384] [90mi[39m [33mws-server[39m[33m@63792[39m send
  data: {
    "type": "loginSuccess",
    "params": {
      "testerConnected": true,
      "appConnected": false
    },
    "messageId": 0
  }
11:00:56.004 detox[18384] [90mi[39m [33mws-server[39m tester joined session 59e0c3da-e792-b21e-22ab-a8c41baceb35
11:00:56.004 detox[460] [90mi[39m [33mws-client[39m get message
  data: {"type":"loginSuccess","params":{"testerConnected":true,"appConnected":false},"messageId":0}
   
11:00:56.082 detox[460] [90mi[39m [33mipc[39m dispatching event to  primary-18384 /tmp/detox.primary-18384  :  allocateDevice , {
  deviceConfig: { type: 'android.emulator', device: { avdName: 'Pixel_6_API34' } }
}
11:00:56.083 detox[18384] [90mi[39m [33mipc[39m received event of :  allocateDevice {
  deviceConfig: { type: 'android.emulator', device: { avdName: 'Pixel_6_API34' } }
}
11:00:56.141 detox[18384] [90mB[39m [33mdevice[39m init
  args: ()
11:00:56.146 detox[18384] [90mE[39m [33mdevice[39m init
11:00:56.147 detox[18384] [90mB[39m [33mdevice[39m[33m@0[39m allocate
  data: {
    "type": "android.emulator",
    "device": {
      "avdName": "Pixel_6_API34"
    }
  }
11:00:56.315 detox[18384] [90mi[39m [33mdevice[39m Detected emulator binary version { major: 36, minor: 2, patch: 12, toString: [Function: toString] }
11:00:56.317 detox[18384] [90mi[39m [33mchild-process[39m[90m:EXEC_CMD[39m "C:\Users\carus\AppData\Local\Android\Sdk\platform-tools\adb.EXE"  devices
11:00:56.345 detox[18384] [90mi[39m [33mchild-process[39m[90m:EXEC_SUCCESS[39m List of devices attached
emulator-15632	device


11:00:56.346 detox[18384] [90mi[39m [33mdevice[39m[90m:TELNET_CONNECTING[39m port: 15632, host: localhost
11:00:56.356 detox[18384] [90mi[39m [33mdevice[39m[90m:DEVICE_LOOKUP[39m Found a matching & free device emulator-15632
11:00:56.358 detox[18384] [90mi[39m [33mdevice[39m settled on emulator-15632 (Pixel_6_API34)
  data: {
    "id": "emulator-15632",
    "adbName": "emulator-15632",
    "name": "emulator-15632 (Pixel_6_API34)"
  }
11:00:56.358 detox[18384] [90mE[39m [33mdevice[39m[33m@0[39m allocate
11:00:56.358 detox[18384] [90mB[39m [33mdevice[39m[33m@0[39m post-allocate: emulator-15632
  data: {
    "id": "emulator-15632",
    "adbName": "emulator-15632",
    "name": "emulator-15632 (Pixel_6_API34)"
  }
11:00:56.359 detox[18384] [90mi[39m [33mchild-process[39m[90m:EXEC_CMD[39m "C:\Users\carus\AppData\Local\Android\Sdk\platform-tools\adb.EXE" -s emulator-15632 shell "getprop dev.bootcomplete"
11:00:56.397 detox[18384] [90mi[39m [33mchild-process[39m[90m:EXEC_SUCCESS[39m 1

11:00:56.398 detox[18384] [90mi[39m [33mchild-process[39m[90m:EXEC_CMD[39m "C:\Users\carus\AppData\Local\Android\Sdk\platform-tools\adb.EXE" -s emulator-15632 shell "getprop ro.build.version.sdk"
11:00:56.435 detox[18384] [90mi[39m [33mchild-process[39m[90m:EXEC_SUCCESS[39m 34

11:00:56.435 detox[18384] [90mi[39m [33mchild-process[39m[90m:EXEC_CMD[39m "C:\Users\carus\AppData\Local\Android\Sdk\platform-tools\adb.EXE" -s emulator-15632 shell "settings put global animator_duration_scale 0"
11:00:56.480 detox[18384] [90mi[39m [33mchild-process[39m[90m:EXEC_SUCCESS[39m 
11:00:56.480 detox[18384] [90mi[39m [33mchild-process[39m[90m:EXEC_CMD[39m "C:\Users\carus\AppData\Local\Android\Sdk\platform-tools\adb.EXE" -s emulator-15632 shell "settings put global window_animation_scale 0"
11:00:56.523 detox[18384] [90mi[39m [33mchild-process[39m[90m:EXEC_SUCCESS[39m 
11:00:56.524 detox[18384] [90mi[39m [33mchild-process[39m[90m:EXEC_CMD[39m "C:\Users\carus\AppData\Local\Android\Sdk\platform-tools\adb.EXE" -s emulator-15632 shell "settings put global transition_animation_scale 0"
11:00:56.576 detox[18384] [90mi[39m [33mchild-process[39m[90m:EXEC_SUCCESS[39m 
11:00:56.577 detox[18384] [90mi[39m [33mchild-process[39m[90m:EXEC_CMD[39m "C:\Users\carus\AppData\Local\Android\Sdk\platform-tools\adb.EXE" -s emulator-15632 shell "dumpsys power | grep \"^[ ]*m[UW].*=\""
11:00:56.664 detox[18384] [90mi[39m [33mchild-process[39m[90m:EXEC_SUCCESS[39m   mWakefulness=Awake
  mWakefulnessChanging=false
  mWakeLockSummary=0x23
  mWakeUpWhenPluggedOrUnpluggedConfig=false
  mWakeUpWhenPluggedOrUnpluggedInTheaterModeConfig=false
  mDreamsBatteryLevelMinimumWhenPoweredConfig=-1
  mDreamsBatteryLevelMinimumWhenNotPoweredConfig=15
  mScreenBrightnessOverrideFromWindowManager=NaN
  mUserActivityTimeoutOverrideFromWindowManager=-1
  mUserInactiveOverrideFromWindowManager=false
  mUserId=0
  mWakeLockSummary=0x23
  mUserInteractionBackoffMillis=60000

11:00:56.664 detox[18384] [90mE[39m [33mdevice[39m[33m@0[39m post-allocate: emulator-15632
11:00:56.664 detox[460] [90mi[39m [33mipc[39m ## received events ##
11:00:56.665 detox[18384] [90mi[39m [33mipc[39m dispatching event to socket  :  allocateDeviceDone {
  deviceCookie: {
    id: 'emulator-15632',
    adbName: 'emulator-15632',
    name: 'emulator-15632 (Pixel_6_API34)'
  }
}
11:00:56.665 detox[460] [90mi[39m [33mipc[39m detected event allocateDeviceDone {
  deviceCookie: {
    id: 'emulator-15632',
    adbName: 'emulator-15632',
    name: 'emulator-15632 (Pixel_6_API34)'
  }
}
11:00:56.716 detox[460] [90mB[39m [33martifacts-manager[39m onBootDevice
  args: ({"deviceId":"emulator-15632"})
11:00:56.718 detox[460] [90mE[39m [33martifacts-manager[39m onBootDevice
11:00:56.719 detox[460] [90mB[39m [33mdevice[39m installUtilBinaries
  args: ()
11:00:56.719 detox[460] [90mE[39m [33mdevice[39m installUtilBinaries
11:00:56.720 detox[460] [90mB[39m [33mdevice[39m selectApp
  args: ("default")
11:00:56.723 detox[460] [90mi[39m [33mchild-process[39m[90m:EXEC_CMD[39m "C:\Users\carus\AppData\Local\Android\Sdk\build-tools\36.1.0-rc1\aapt.EXE" dump badging "D:\SeguridadAPP\SeguridadCiudadanaApp\android\app\build\outputs\apk\debug\app-debug.apk"
11:00:56.752 detox[460] [90mi[39m [33mchild-process[39m[90m:EXEC_SUCCESS[39m package: name='com.tuapp.seguritacapp' versionCode='1' versionName='1.0.0' platformBuildVersionName='15' platformBuildVersionCode='35' compileSdkVersion='35' compileSdkVersionCodename='15'
sdkVersion:'26'
targetSdkVersion:'34'
uses-permission: name='android.permission.SYSTEM_ALERT_WINDOW'
uses-permission: name='android.permission.ACCESS_COARSE_LOCATION'
uses-permission: name='android.permission.ACCESS_FINE_LOCATION'
uses-permission: name='android.permission.CAMERA'
uses-permission: name='android.permission.INTERNET'
uses-permission: name='android.permission.READ_EXTERNAL_STORAGE'
uses-permission: name='android.permission.RECORD_AUDIO'
uses-permission: name='android.permission.VIBRATE'
uses-permission: name='android.permission.WRITE_EXTERNAL_STORAGE'
uses-permission: name='android.permission.ACCESS_NETWORK_STATE'
uses-permission: name='android.permission.ACCESS_WIFI_STATE'
uses-permission: name='android.permission.READ_MEDIA_IMAGES'
uses-permission: name='android.permission.READ_MEDIA_VIDEO'
uses-permission: name='android.permission.READ_MEDIA_AUDIO'
uses-permission: name='android.permission.READ_MEDIA_VISUAL_USER_SELECTED'
uses-permission: name='android.permission.RECEIVE_BOOT_COMPLETED'
uses-permission: name='android.permission.POST_NOTIFICATIONS'
uses-permission: name='android.permission.USE_BIOMETRIC'
uses-permission: name='android.permission.USE_FINGERPRINT'
uses-permission: name='android.permission.WAKE_LOCK'
uses-permission: name='com.google.android.c2dm.permission.RECEIVE'
uses-permission: name='android.permission.FOREGROUND_SERVICE'
uses-permission: name='com.tuapp.seguritacapp.DYNAMIC_RECEIVER_NOT_EXPORTED_PERMISSION'
uses-permission: name='com.google.android.finsky.permission.BIND_GET_INSTALL_REFERRER_SERVICE'
uses-permission: name='com.google.android.providers.gsf.permission.READ_GSERVICES'
uses-permission: name='com.google.android.gms.permission.ACTIVITY_RECOGNITION'
uses-permission: name='com.sec.android.provider.badge.permission.READ'
uses-permission: name='com.sec.android.provider.badge.permission.WRITE'
uses-permission: name='com.htc.launcher.permission.READ_SETTINGS'
uses-permission: name='com.htc.launcher.permission.UPDATE_SHORTCUT'
uses-permission: name='com.sonyericsson.home.permission.BROADCAST_BADGE'
uses-permission: name='com.sonymobile.home.permission.PROVIDER_INSERT_BADGE'
uses-permission: name='com.anddoes.launcher.permission.UPDATE_COUNT'
uses-permission: name='com.majeur.launcher.permission.UPDATE_BADGE'
uses-permission: name='com.huawei.android.launcher.permission.CHANGE_BADGE'
uses-permission: name='com.huawei.android.launcher.permission.READ_SETTINGS'
uses-permission: name='com.huawei.android.launcher.permission.WRITE_SETTINGS'
uses-permission: name='android.permission.READ_APP_BADGE'
uses-permission: name='com.oppo.launcher.permission.READ_SETTINGS'
uses-permission: name='com.oppo.launcher.permission.WRITE_SETTINGS'
uses-permission: name='me.everything.badger.permission.BADGE_COUNT_READ'
uses-permission: name='me.everything.badger.permission.BADGE_COUNT_WRITE'
application-label:'SeguridadCiudadanaApp'
application-label-af:'SeguridadCiudadanaApp'
application-label-am:'SeguridadCiudadanaApp'
application-label-ar:'SeguridadCiudadanaApp'
application-label-as:'SeguridadCiudadanaApp'
application-label-az:'SeguridadCiudadanaApp'
application-label-be:'SeguridadCiudadanaApp'
application-label-bg:'SeguridadCiudadanaApp'
application-label-bn:'SeguridadCiudadanaApp'
application-label-bs:'SeguridadCiudadanaApp'
application-label-ca:'SeguridadCiudadanaApp'
application-label-cs:'SeguridadCiudadanaApp'
application-label-da:'SeguridadCiudadanaApp'
application-label-de:'SeguridadCiudadanaApp'
application-label-el:'SeguridadCiudadanaApp'
application-label-en-AU:'SeguridadCiudadanaApp'
application-label-en-CA:'SeguridadCiudadanaApp'
application-label-en-GB:'SeguridadCiudadanaApp'
application-label-en-IN:'SeguridadCiudadanaApp'
application-label-en-XC:'SeguridadCiudadanaApp'
application-label-es:'SeguridadCiudadanaApp'
application-label-es-419:'SeguridadCiudadanaApp'
application-label-es-ES:'SeguridadCiudadanaApp'
application-label-es-GT:'SeguridadCiudadanaApp'
application-label-es-US:'SeguridadCiudadanaApp'
application-label-et:'SeguridadCiudadanaApp'
application-label-eu:'SeguridadCiudadanaApp'
application-label-fa:'SeguridadCiudadanaApp'
application-label-fi:'SeguridadCiudadanaApp'
application-label-fr:'SeguridadCiudadanaApp'
application-label-fr-CA:'SeguridadCiudadanaApp'
application-label-gl:'SeguridadCiudadanaApp'
application-label-gu:'SeguridadCiudadanaApp'
application-label-he:'SeguridadCiudadanaApp'
application-label-hi:'SeguridadCiudadanaApp'
application-label-hr:'SeguridadCiudadanaApp'
application-label-hu:'SeguridadCiudadanaApp'
application-label-hy:'SeguridadCiudadanaApp'
application-label-id:'SeguridadCiudadanaApp'
application-label-in:'SeguridadCiudadanaApp'
application-label-is:'SeguridadCiudadanaApp'
application-label-it:'SeguridadCiudadanaApp'
application-label-iw:'SeguridadCiudadanaApp'
application-label-ja:'SeguridadCiudadanaApp'
application-label-ka:'SeguridadCiudadanaApp'
application-label-kk:'SeguridadCiudadanaApp'
application-label-km:'SeguridadCiudadanaApp'
application-label-kn:'SeguridadCiudadanaApp'
application-label-ko:'SeguridadCiudadanaApp'
application-label-ky:'SeguridadCiudadanaApp'
application-label-lo:'SeguridadCiudadanaApp'
application-label-lt:'SeguridadCiudadanaApp'
application-label-lv:'SeguridadCiudadanaApp'
application-label-mk:'SeguridadCiudadanaApp'
application-label-ml:'SeguridadCiudadanaApp'
application-label-mn:'SeguridadCiudadanaApp'
application-label-mr:'SeguridadCiudadanaApp'
application-label-ms:'SeguridadCiudadanaApp'
application-label-my:'SeguridadCiudadanaApp'
application-label-nb:'SeguridadCiudadanaApp'
application-label-ne:'SeguridadCiudadanaApp'
application-label-nl:'SeguridadCiudadanaApp'
application-label-or:'SeguridadCiudadanaApp'
application-label-pa:'SeguridadCiudadanaApp'
application-label-pl:'SeguridadCiudadanaApp'
application-label-pt:'SeguridadCiudadanaApp'
application-label-pt-BR:'SeguridadCiudadanaApp'
application-label-pt-PT:'SeguridadCiudadanaApp'
application-label-ro:'SeguridadCiudadanaApp'
application-label-ru:'SeguridadCiudadanaApp'
application-label-ru-RU:'SeguridadCiudadanaApp'
application-label-si:'SeguridadCiudadanaApp'
application-label-sk:'SeguridadCiudadanaApp'
application-label-sl:'SeguridadCiudadanaApp'
application-label-sq:'SeguridadCiudadanaApp'
application-label-sr:'SeguridadCiudadanaApp'
application-label-sr-Latn:'SeguridadCiudadanaApp'
application-label-sv:'SeguridadCiudadanaApp'
application-label-sw:'SeguridadCiudadanaApp'
application-label-ta:'SeguridadCiudadanaApp'
application-label-te:'SeguridadCiudadanaApp'
application-label-th:'SeguridadCiudadanaApp'
application-label-tl:'SeguridadCiudadanaApp'
application-label-tr:'SeguridadCiudadanaApp'
application-label-uk:'SeguridadCiudadanaApp'
application-label-ur:'SeguridadCiudadanaApp'
application-label-uz:'SeguridadCiudadanaApp'
application-label-vi:'SeguridadCiudadanaApp'
application-label-zh:'SeguridadCiudadanaApp'
application-label-zh-CN:'SeguridadCiudadanaApp'
application-label-zh-HK:'SeguridadCiudadanaApp'
application-label-zh-TW:'SeguridadCiudadanaApp'
application-label-zu:'SeguridadCiudadanaApp'
application-icon-120:'res/mipmap-anydpi-v26/ic_launcher.xml'
application-icon-160:'res/mipmap-anydpi-v26/ic_launcher.xml'
application-icon-240:'res/mipmap-anydpi-v26/ic_launcher.xml'
application-icon-320:'res/mipmap-anydpi-v26/ic_launcher.xml'
application-icon-480:'res/mipmap-anydpi-v26/ic_launcher.xml'
application-icon-640:'res/mipmap-anydpi-v26/ic_launcher.xml'
application-icon-65534:'res/mipmap-anydpi-v26/ic_launcher.xml'
application: label='SeguridadCiudadanaApp' icon='res/mipmap-anydpi-v26/ic_launcher.xml'
application-debuggable
launchable-activity: name='com.tuapp.seguritacapp.MainActivity'  label='' icon=''
uses-library-not-required:'org.apache.http.legacy'
uses-library-not-required:'androidx.camera.extensions.impl'
feature-group: label=''
  uses-gl-es: '0x20000'
  uses-feature: name='android.hardware.camera'
  uses-implied-feature: name='android.hardware.camera' reason='requested android.permission.CAMERA permission'
  uses-feature: name='android.hardware.faketouch'
  uses-implied-feature: name='android.hardware.faketouch' reason='default feature for all apps'
  uses-feature: name='android.hardware.location'
  uses-implied-feature: name='android.hardware.location' reason='requested android.permission.ACCESS_COARSE_LOCATION permission, and requested android.permission.ACCESS_FINE_LOCATION permission'
  uses-feature: name='android.hardware.microphone'
  uses-implied-feature: name='android.hardware.microphone' reason='requested android.permission.RECORD_AUDIO permission'
  uses-feature: name='android.hardware.screen.portrait'
  uses-implied-feature: name='android.hardware.screen.portrait' reason='one or more activities have specified a portrait orientation'
  uses-feature: name='android.hardware.wifi'
  uses-implied-feature: name='android.hardware.wifi' reason='requested android.permission.ACCESS_WIFI_STATE permission'
main
other-activities
other-receivers
other-services
supports-screens: 'small' 'normal' 'large' 'xlarge'
supports-any-density: 'true'
locales: '--_--' 'af' 'am' 'ar' 'as' 'az' 'be' 'bg' 'bn' 'bs' 'ca' 'cs' 'da' 'de' 'el' 'en-AU' 'en-CA' 'en-GB' 'en-IN' 'en-XC' 'es' 'es-419' 'es-ES' 'es-GT' 'es-US' 'et' 'eu' 'fa' 'fi' 'fr' 'fr-CA' 'gl' 'gu' 'he' 'hi' 'hr' 'hu' 'hy' 'id' 'in' 'is' 'it' 'iw' 'ja' 'ka' 'kk' 'km' 'kn' 'ko' 'ky' 'lo' 'lt' 'lv' 'mk' 'ml' 'mn' 'mr' 'ms' 'my' 'nb' 'ne' 'nl' 'or' 'pa' 'pl' 'pt' 'pt-BR' 'pt-PT' 'ro' 'ru' 'ru-RU' 'si' 'sk' 'sl' 'sq' 'sr' 'sr-Latn' 'sv' 'sw' 'ta' 'te' 'th' 'tl' 'tr' 'uk' 'ur' 'uz' 'vi' 'zh' 'zh-CN' 'zh-HK' 'zh-TW' 'zu'
densities: '120' '160' '240' '320' '480' '640' '65534'
native-code: 'arm64-v8a' 'armeabi-v7a' 'x86' 'x86_64'

11:00:56.754 detox[460] [90mE[39m [33mdevice[39m selectApp
11:00:56.754 detox[460] [90mB[39m [33mdevice[39m uninstallApp
  args: ()
11:00:56.755 detox[460] [90mB[39m [33martifacts-manager[39m onBeforeUninstallApp
  args: ({"deviceId":"emulator-15632","bundleId":"com.tuapp.seguritacapp"})
11:00:56.755 detox[460] [90mE[39m [33martifacts-manager[39m onBeforeUninstallApp
11:00:56.755 detox[460] [90mi[39m [33mchild-process[39m[90m:EXEC_CMD[39m "C:\Users\carus\AppData\Local\Android\Sdk\platform-tools\adb.EXE" -s emulator-15632 shell "pm list packages com.tuapp.seguritacapp"
11:00:56.802 detox[460] [90mi[39m [33mchild-process[39m[90m:EXEC_SUCCESS[39m package:com.tuapp.seguritacapp
package:com.tuapp.seguritacapp.test

11:00:56.803 detox[460] [90mi[39m [33mchild-process[39m[90m:EXEC_CMD[39m "C:\Users\carus\AppData\Local\Android\Sdk\platform-tools\adb.EXE" -s emulator-15632 uninstall com.tuapp.seguritacapp
11:00:57.168 detox[460] [90mi[39m [33mchild-process[39m[90m:EXEC_SUCCESS[39m Success

11:00:57.169 detox[460] [90mi[39m [33mchild-process[39m[90m:EXEC_CMD[39m "C:\Users\carus\AppData\Local\Android\Sdk\platform-tools\adb.EXE" -s emulator-15632 shell "pm list packages com.tuapp.seguritacapp.test"
11:00:57.243 detox[460] [90mi[39m [33mchild-process[39m[90m:EXEC_SUCCESS[39m package:com.tuapp.seguritacapp.test

11:00:57.243 detox[460] [90mi[39m [33mchild-process[39m[90m:EXEC_CMD[39m "C:\Users\carus\AppData\Local\Android\Sdk\platform-tools\adb.EXE" -s emulator-15632 uninstall com.tuapp.seguritacapp.test
11:00:57.519 detox[460] [90mi[39m [33mchild-process[39m[90m:EXEC_SUCCESS[39m Success

11:00:57.519 detox[460] [90mE[39m [33mdevice[39m uninstallApp
11:00:57.519 detox[460] [90mB[39m [33mdevice[39m selectApp
  args: ("default")
11:00:57.521 detox[460] [90mB[39m [33mdevice[39m terminateApp
  args: ()
11:00:57.521 detox[460] [90mB[39m [33martifacts-manager[39m onBeforeTerminateApp
  args: ({"deviceId":"emulator-15632","bundleId":"com.tuapp.seguritacapp"})
11:00:57.522 detox[460] [90mE[39m [33martifacts-manager[39m onBeforeTerminateApp
11:00:57.522 detox[460] [90mi[39m [33mchild-process[39m[90m:EXEC_CMD[39m "C:\Users\carus\AppData\Local\Android\Sdk\platform-tools\adb.EXE" -s emulator-15632 shell "am force-stop com.tuapp.seguritacapp"
11:00:57.645 detox[460] [90mi[39m [33mchild-process[39m[90m:EXEC_SUCCESS[39m 
11:00:57.645 detox[460] [90mB[39m [33martifacts-manager[39m onTerminateApp
  args: ({"deviceId":"emulator-15632","bundleId":"com.tuapp.seguritacapp"})
11:00:57.646 detox[460] [90mE[39m [33martifacts-manager[39m onTerminateApp
11:00:57.646 detox[460] [90mE[39m [33mdevice[39m terminateApp
11:00:57.646 detox[460] [90mE[39m [33mdevice[39m selectApp
11:00:57.647 detox[460] [90mB[39m [33mdevice[39m installApp
  args: ()
11:00:57.648 detox[460] [90mi[39m [33mchild-process[39m[90m:EXEC_CMD[39m "C:\Users\carus\AppData\Local\Android\Sdk\build-tools\36.1.0-rc1\aapt.EXE" dump xmlstrings "D:\SeguridadAPP\SeguridadCiudadanaApp\android\app\build\outputs\apk\debug\app-debug.apk" AndroidManifest.xml
11:00:57.674 detox[460] [90mi[39m [33mchild-process[39m[90m:EXEC_SUCCESS[39m String pool of 249 unique UTF-16 non-sorted strings, 249 entries and 0 styles using 20308 bytes:
String #0: theme
String #1: label
String #2: icon
String #3: name
String #4: permission
String #5: protectionLevel
String #6: enabled
String #7: debuggable
String #8: exported
String #9: taskAffinity
String #10: excludeFromRecents
String #11: authorities
String #12: initOrder
String #13: grantUriPermissions
String #14: priority
String #15: launchMode
String #16: screenOrientation
String #17: configChanges
String #18: value
String #19: resource
String #20: mimeType
String #21: scheme
String #22: host
String #23: minSdkVersion
String #24: versionCode
String #25: versionName
String #26: windowSoftInputMode
String #27: noHistory
String #28: targetSdkVersion
String #29: allowBackup
String #30: glEsVersion
String #31: required
String #32: supportsRtl
String #33: extractNativeLibs
String #34: usesCleartextTraffic
String #35: directBootAware
String #36: roundIcon
String #37: compileSdkVersion
String #38: compileSdkVersionCodename
String #39: appComponentFactory
String #40: foregroundServiceType
String #41: requestLegacyExternalStorage
String #42: 
String #43: */*
String #44: 1.0.0
String #45: 15
String #46: AIzaSyBdVl-cTICSwYKrZ95SuvNw7dbMuDt1KG0
String #47: ALWAYS
String #48: action
String #49: activity
String #50: android
String #51: android.intent.action.ACTION_POWER_CONNECTED
String #52: android.intent.action.ACTION_POWER_DISCONNECTED
String #53: android.intent.action.BATTERY_LOW
String #54: android.intent.action.BATTERY_OKAY
String #55: android.intent.action.BOOT_COMPLETED
String #56: android.intent.action.DEVICE_STORAGE_LOW
String #57: android.intent.action.DEVICE_STORAGE_OK
String #58: android.intent.action.GET_CONTENT
String #59: android.intent.action.MAIN
String #60: android.intent.action.MY_PACKAGE_REPLACED
String #61: android.intent.action.OPEN_DOCUMENT_TREE
String #62: android.intent.action.QUICKBOOT_POWERON
String #63: android.intent.action.REBOOT
String #64: android.intent.action.SEND
String #65: android.intent.action.TIMEZONE_CHANGED
String #66: android.intent.action.TIME_SET
String #67: android.intent.action.VIEW
String #68: android.intent.category.BROWSABLE
String #69: android.intent.category.DEFAULT
String #70: android.intent.category.LAUNCHER
String #71: android.intent.category.OPENABLE
String #72: android.media.action.ACTION_VIDEO_CAPTURE
String #73: android.media.action.IMAGE_CAPTURE
String #74: android.net.conn.CONNECTIVITY_CHANGE
String #75: android.permission.ACCESS_COARSE_LOCATION
String #76: android.permission.ACCESS_FINE_LOCATION
String #77: android.permission.ACCESS_NETWORK_STATE
String #78: android.permission.ACCESS_WIFI_STATE
String #79: android.permission.BIND_JOB_SERVICE
String #80: android.permission.CAMERA
String #81: android.permission.DUMP
String #82: android.permission.FOREGROUND_SERVICE
String #83: android.permission.INTERNET
String #84: android.permission.POST_NOTIFICATIONS
String #85: android.permission.READ_APP_BADGE
String #86: android.permission.READ_EXTERNAL_STORAGE
String #87: android.permission.READ_MEDIA_AUDIO
String #88: android.permission.READ_MEDIA_IMAGES
String #89: android.permission.READ_MEDIA_VIDEO
String #90: android.permission.READ_MEDIA_VISUAL_USER_SELECTED
String #91: android.permission.RECEIVE_BOOT_COMPLETED
String #92: android.permission.RECORD_AUDIO
String #93: android.permission.SYSTEM_ALERT_WINDOW
String #94: android.permission.USE_BIOMETRIC
String #95: android.permission.USE_FINGERPRINT
String #96: android.permission.VIBRATE
String #97: android.permission.WAKE_LOCK
String #98: android.permission.WRITE_EXTERNAL_STORAGE
String #99: android.support.FILE_PROVIDER_PATHS
String #100: android.support.customtabs.action.CustomTabsService
String #101: androidx.camera.camera2.Camera2Config$DefaultProvider
String #102: androidx.camera.core.impl.MetadataHolderService
String #103: androidx.camera.core.impl.MetadataHolderService.DEFAULT_CONFIG_PROVIDER
String #104: androidx.camera.extensions.action.VENDOR_ACTION
String #105: androidx.camera.extensions.impl
String #106: androidx.core.app.CoreComponentFactory
String #107: androidx.emoji2.text.EmojiCompatInitializer
String #108: androidx.lifecycle.ProcessLifecycleInitializer
String #109: androidx.profileinstaller.ProfileInstallReceiver
String #110: androidx.profileinstaller.ProfileInstallerInitializer
String #111: androidx.profileinstaller.action.BENCHMARK_OPERATION
String #112: androidx.profileinstaller.action.INSTALL_PROFILE
String #113: androidx.profileinstaller.action.SAVE_PROFILE
String #114: androidx.profileinstaller.action.SKIP_FILE
String #115: androidx.room.MultiInstanceInvalidationService
String #116: androidx.startup
String #117: androidx.startup.InitializationProvider
String #118: androidx.work.WorkManagerInitializer
String #119: androidx.work.diagnostics.REQUEST_DIAGNOSTICS
String #120: androidx.work.impl.background.systemalarm.ConstraintProxy$BatteryChargingProxy
String #121: androidx.work.impl.background.systemalarm.ConstraintProxy$BatteryNotLowProxy
String #122: androidx.work.impl.background.systemalarm.ConstraintProxy$NetworkStateProxy
String #123: androidx.work.impl.background.systemalarm.ConstraintProxy$StorageNotLowProxy
String #124: androidx.work.impl.background.systemalarm.ConstraintProxyUpdateReceiver
String #125: androidx.work.impl.background.systemalarm.RescheduleReceiver
String #126: androidx.work.impl.background.systemalarm.SystemAlarmService
String #127: androidx.work.impl.background.systemalarm.UpdateProxies
String #128: androidx.work.impl.background.systemjob.SystemJobService
String #129: androidx.work.impl.diagnostics.DiagnosticsReceiver
String #130: androidx.work.impl.foreground.SystemForegroundService
String #131: androidx.work.impl.utils.ForceStopRunnable$BroadcastReceiver
String #132: application
String #133: backend:com.google.android.datatransport.cct.CctBackendFactory
String #134: category
String #135: cct
String #136: com.anddoes.launcher.permission.UPDATE_COUNT
String #137: com.canhub.cropper.CropFileProvider
String #138: com.canhub.cropper.CropImageActivity
String #139: com.facebook.react.devsupport.DevSettingsActivity
String #140: com.facebook.soloader.enabled
String #141: com.google.android.apps.maps
String #142: com.google.android.c2dm.intent.RECEIVE
String #143: com.google.android.c2dm.permission.RECEIVE
String #144: com.google.android.c2dm.permission.SEND
String #145: com.google.android.datatransport.runtime.backends.TransportBackendDiscovery
String #146: com.google.android.datatransport.runtime.scheduling.jobscheduling.AlarmManagerSchedulerBroadcastReceiver
String #147: com.google.android.datatransport.runtime.scheduling.jobscheduling.JobInfoSchedulerService
String #148: com.google.android.finsky.permission.BIND_GET_INSTALL_REFERRER_SERVICE
String #149: com.google.android.geo.API_KEY
String #150: com.google.android.gms.cloudmessaging.FINISHED_AFTER_HANDLED
String #151: com.google.android.gms.common.api.GoogleApiActivity
String #152: com.google.android.gms.metadata.MODULE_DEPENDENCIES
String #153: com.google.android.gms.metadata.ModuleDependencies
String #154: com.google.android.gms.permission.ACTIVITY_RECOGNITION
String #155: com.google.android.gms.version
String #156: com.google.android.providers.gsf.permission.READ_GSERVICES
String #157: com.google.firebase.MESSAGING_EVENT
String #158: com.google.firebase.components.ComponentDiscoveryService
String #159: com.google.firebase.components.ComponentRegistrar
String #160: com.google.firebase.components:com.google.firebase.FirebaseCommonKtxRegistrar
String #161: com.google.firebase.components:com.google.firebase.datatransport.TransportRegistrar
String #162: com.google.firebase.components:com.google.firebase.installations.FirebaseInstallationsKtxRegistrar
String #163: com.google.firebase.components:com.google.firebase.installations.FirebaseInstallationsRegistrar
String #164: com.google.firebase.components:com.google.firebase.ktx.FirebaseCommonLegacyRegistrar
String #165: com.google.firebase.components:com.google.firebase.messaging.FirebaseMessagingKtxRegistrar
String #166: com.google.firebase.components:com.google.firebase.messaging.FirebaseMessagingRegistrar
String #167: com.google.firebase.components:com.google.mlkit.common.internal.CommonComponentRegistrar
String #168: com.google.firebase.components:com.google.mlkit.vision.barcode.internal.BarcodeRegistrar
String #169: com.google.firebase.components:com.google.mlkit.vision.common.internal.VisionCommonRegistrar
String #170: com.google.firebase.iid.FirebaseInstanceIdReceiver
String #171: com.google.firebase.messaging.FirebaseMessagingService
String #172: com.google.firebase.provider.FirebaseInitProvider
String #173: com.google.mlkit.common.internal.MlKitComponentDiscoveryService
String #174: com.google.mlkit.common.internal.MlKitInitProvider
String #175: com.htc.intent.action.QUICKBOOT_POWERON
String #176: com.htc.launcher.permission.READ_SETTINGS
String #177: com.htc.launcher.permission.UPDATE_SHORTCUT
String #178: com.huawei.android.launcher.permission.CHANGE_BADGE
String #179: com.huawei.android.launcher.permission.READ_SETTINGS
String #180: com.huawei.android.launcher.permission.WRITE_SETTINGS
String #181: com.majeur.launcher.permission.UPDATE_BADGE
String #182: com.oppo.launcher.permission.READ_SETTINGS
String #183: com.oppo.launcher.permission.WRITE_SETTINGS
String #184: com.reactnativecommunity.webview.RNCWebViewFileProvider
String #185: com.sec.android.provider.badge.permission.READ
String #186: com.sec.android.provider.badge.permission.WRITE
String #187: com.sonyericsson.home.permission.BROADCAST_BADGE
String #188: com.sonymobile.home.permission.PROVIDER_INSERT_BADGE
String #189: com.tuapp.seguritacapp
String #190: com.tuapp.seguritacapp.DYNAMIC_RECEIVER_NOT_EXPORTED_PERMISSION
String #191: com.tuapp.seguritacapp.FileSystemFileProvider
String #192: com.tuapp.seguritacapp.ImagePickerFileProvider
String #193: com.tuapp.seguritacapp.MainActivity
String #194: com.tuapp.seguritacapp.MainApplication
String #195: com.tuapp.seguritacapp.SharingFileProvider
String #196: com.tuapp.seguritacapp.androidx-startup
String #197: com.tuapp.seguritacapp.cropper.fileprovider
String #198: com.tuapp.seguritacapp.fileprovider
String #199: com.tuapp.seguritacapp.firebaseinitprovider
String #200: com.tuapp.seguritacapp.mlkitinitprovider
String #201: data
String #202: exp+seguridadciudadanaapp
String #203: expo-dev-launcher
String #204: expo-dev-menu
String #205: expo-development-client
String #206: expo.modules.adapters.react.apploader.RNHeadlessAppLoader
String #207: expo.modules.devlauncher.launcher.DevLauncherActivity
String #208: expo.modules.devlauncher.launcher.errors.DevLauncherErrorActivity
String #209: expo.modules.devmenu.DevMenuActivity
String #210: expo.modules.filesystem.FileSystemFileProvider
String #211: expo.modules.imagepicker.fileprovider.ImagePickerFileProvider
String #212: expo.modules.location.services.LocationTaskService
String #213: expo.modules.notifications.NOTIFICATION_EVENT
String #214: expo.modules.notifications.service.ExpoFirebaseMessagingService
String #215: expo.modules.notifications.service.NotificationForwarderActivity
String #216: expo.modules.notifications.service.NotificationsService
String #217: expo.modules.sharing.SharingFileProvider
String #218: expo.modules.updates.ENABLED
String #219: expo.modules.updates.EXPO_UPDATES_CHECK_ON_LAUNCH
String #220: expo.modules.updates.EXPO_UPDATES_LAUNCH_WAIT_MS
String #221: host.exp.exponent
String #222: http://schemas.android.com/apk/res/android
String #223: https
String #224: intent
String #225: intent-filter
String #226: io.nlopez.smartlocation.activity.providers.ActivityGooglePlayServicesProvider$ActivityRecognitionService
String #227: io.nlopez.smartlocation.geocoding.providers.AndroidGeocodingProvider$AndroidGeocodingService
String #228: io.nlopez.smartlocation.geofencing.providers.GeofencingGooglePlayServicesProvider$GeofencingService
String #229: manifest
String #230: me.everything.badger.permission.BADGE_COUNT_READ
String #231: me.everything.badger.permission.BADGE_COUNT_WRITE
String #232: meta-data
String #233: org.apache.http.legacy
String #234: org.unimodules.core.AppLoader#react-native-headless
String #235: package
String #236: permission
String #237: photopicker_activity:0:required
String #238: platformBuildVersionCode
String #239: platformBuildVersionName
String #240: provider
String #241: queries
String #242: receiver
String #243: seguridadciudadanaapp
String #244: service
String #245: uses-feature
String #246: uses-library
String #247: uses-permission
String #248: uses-sdk

11:00:57.677 detox[460] [90mi[39m [33mchild-process[39m[90m:EXEC_CMD[39m "C:\Users\carus\AppData\Local\Android\Sdk\build-tools\36.1.0-rc1\aapt.EXE" dump xmlstrings "D:\SeguridadAPP\SeguridadCiudadanaApp\android\app\build\outputs\apk\androidTest\debug\app-debug-androidTest.apk" AndroidManifest.xml
11:00:57.702 detox[460] [90mi[39m [33mchild-process[39m[90m:EXEC_SUCCESS[39m String pool of 43 unique UTF-16 non-sorted strings, 43 entries and 0 styles using 2140 bytes:
String #0: theme
String #1: label
String #2: name
String #3: debuggable
String #4: exported
String #5: priority
String #6: targetPackage
String #7: handleProfiling
String #8: functionalTest
String #9: minSdkVersion
String #10: targetSdkVersion
String #11: extractNativeLibs
String #12: compileSdkVersion
String #13: compileSdkVersionCodename
String #14: 15
String #15: Tests for com.tuapp.seguritacapp
String #16: activity
String #17: android
String #18: android.intent.category.LAUNCHER
String #19: android.permission.REORDER_TASKS
String #20: android.test.runner
String #21: androidx.test.core.app.InstrumentationActivityInvoker$BootstrapActivity
String #22: androidx.test.core.app.InstrumentationActivityInvoker$EmptyActivity
String #23: androidx.test.core.app.InstrumentationActivityInvoker$EmptyFloatingActivity
String #24: androidx.test.orchestrator
String #25: androidx.test.services
String #26: application
String #27: category
String #28: com.google.android.apps.common.testing.services
String #29: com.tuapp.seguritacapp
String #30: com.tuapp.seguritacapp.test
String #31: com.wix.detox.DetoxJUnitRunner
String #32: http://schemas.android.com/apk/res/android
String #33: instrumentation
String #34: intent-filter
String #35: manifest
String #36: package
String #37: platformBuildVersionCode
String #38: platformBuildVersionName
String #39: queries
String #40: uses-library
String #41: uses-permission
String #42: uses-sdk

11:00:57.703 detox[460] [90mi[39m [33mchild-process[39m[90m:EXEC_CMD[39m "C:\Users\carus\AppData\Local\Android\Sdk\platform-tools\adb.EXE" -s emulator-15632 shell "rm -fr /data/local/tmp/detox"
11:00:57.774 detox[460] [90mi[39m [33mchild-process[39m[90m:EXEC_SUCCESS[39m 
11:00:57.775 detox[460] [90mi[39m [33mchild-process[39m[90m:EXEC_CMD[39m "C:\Users\carus\AppData\Local\Android\Sdk\platform-tools\adb.EXE" -s emulator-15632 shell "mkdir -p /data/local/tmp/detox"
11:00:57.830 detox[460] [90mi[39m [33mchild-process[39m[90m:EXEC_SUCCESS[39m 
11:00:57.831 detox[460] [90mi[39m [33mchild-process[39m[90m:EXEC_CMD[39m "C:\Users\carus\AppData\Local\Android\Sdk\platform-tools\adb.EXE" -s emulator-15632 push "D:\SeguridadAPP\SeguridadCiudadanaApp\android\app\build\outputs\apk\debug\app-debug.apk" "/data/local/tmp/detox/Application.apk"
11:00:58.622 detox[460] [90mi[39m [33mchild-process[39m[90m:EXEC_SUCCESS[39m D:\SeguridadAPP\SeguridadCiudadanaApp\android\app\build\outputs\apk\debug\app-debug.apk: 1 file pushed, 0 skipped. 247.9 MB/s (170876961 bytes in 0.657s)

11:00:58.623 detox[460] [90mi[39m [33mchild-process[39m[90m:EXEC_CMD[39m "C:\Users\carus\AppData\Local\Android\Sdk\platform-tools\adb.EXE" -s emulator-15632 shell "getprop ro.build.version.sdk"
11:00:58.679 detox[460] [90mi[39m [33mchild-process[39m[90m:EXEC_SUCCESS[39m 34

11:00:58.685 detox[460] [90mi[39m [33mchild-process[39m[90m:SPAWN_CMD[39m C:\Users\carus\AppData\Local\Android\Sdk\platform-tools\adb.EXE -s emulator-15632 shell pm install -r -g -t /data/local/tmp/detox/Application.apk
11:01:00.183 detox[460] [90mi[39m [33mchild-process[39m[90m:SPAWN_STDOUT[39m Success

11:01:00.187 detox[460] [90mi[39m [33mchild-process[39m[90m:SPAWN_END[39m C:\Users\carus\AppData\Local\Android\Sdk\platform-tools\adb.EXE -s emulator-15632 shell pm install -r -g -t /data/local/tmp/detox/Application.apk exited with code #0
11:01:00.188 detox[460] [90mi[39m [33mchild-process[39m[90m:EXEC_CMD[39m "C:\Users\carus\AppData\Local\Android\Sdk\platform-tools\adb.EXE" -s emulator-15632 push "D:\SeguridadAPP\SeguridadCiudadanaApp\android\app\build\outputs\apk\androidTest\debug\app-debug-androidTest.apk" "/data/local/tmp/detox/Test.apk"
11:01:00.258 detox[460] [90mi[39m [33mchild-process[39m[90m:EXEC_SUCCESS[39m D:\SeguridadAPP\SeguridadCiudadanaApp\android\app\build\outputs\apk\androidTest\debug\app-debug-androidTest.apk: 1 file pushed, 0 skipped. 325.1 MB/s (4218863 bytes in 0.012s)

11:01:00.263 detox[460] [90mi[39m [33mchild-process[39m[90m:SPAWN_CMD[39m C:\Users\carus\AppData\Local\Android\Sdk\platform-tools\adb.EXE -s emulator-15632 shell pm install -r -g -t /data/local/tmp/detox/Test.apk
11:01:00.510 detox[460] [90mi[39m [33mchild-process[39m[90m:SPAWN_STDOUT[39m Success

11:01:00.513 detox[460] [90mi[39m [33mchild-process[39m[90m:SPAWN_END[39m C:\Users\carus\AppData\Local\Android\Sdk\platform-tools\adb.EXE -s emulator-15632 shell pm install -r -g -t /data/local/tmp/detox/Test.apk exited with code #0
11:01:00.514 detox[460] [90mE[39m [33mdevice[39m installApp
11:01:00.514 detox[460] [90mB[39m [33mdevice[39m selectApp
  args: ("default")
11:01:00.515 detox[460] [90mB[39m [33mdevice[39m terminateApp
  args: ()
11:01:00.515 detox[460] [90mB[39m [33martifacts-manager[39m onBeforeTerminateApp
  args: ({"deviceId":"emulator-15632","bundleId":"com.tuapp.seguritacapp"})
11:01:00.515 detox[460] [90mE[39m [33martifacts-manager[39m onBeforeTerminateApp
11:01:00.515 detox[460] [90mi[39m [33mchild-process[39m[90m:EXEC_CMD[39m "C:\Users\carus\AppData\Local\Android\Sdk\platform-tools\adb.EXE" -s emulator-15632 shell "am force-stop com.tuapp.seguritacapp"
11:01:00.589 detox[460] [90mi[39m [33mchild-process[39m[90m:EXEC_SUCCESS[39m 
11:01:00.589 detox[460] [90mB[39m [33martifacts-manager[39m onTerminateApp
  args: ({"deviceId":"emulator-15632","bundleId":"com.tuapp.seguritacapp"})
11:01:00.589 detox[460] [90mE[39m [33martifacts-manager[39m onTerminateApp
11:01:00.590 detox[460] [90mE[39m [33mdevice[39m terminateApp
11:01:00.590 detox[460] [90mE[39m [33mdevice[39m selectApp
11:01:00.590 detox[460] [90mE[39m [33mlifecycle[39m set up environment
11:01:00.925 detox[460] [90mi[39m [33mlifecycle[39m auth.fullflow.e2e.test.js is assigned to emulator-15632 (Pixel_6_API34)
11:01:00.926 detox[460] [90mB[39m [33mlifecycle[39m run the tests
11:01:00.927 detox[460] [90mB[39m [33martifacts-manager[39m onRunDescribeStart
  args: ({"name":"ROOT_DESCRIBE_BLOCK"})
11:01:00.927 detox[460] [90mE[39m [33martifacts-manager[39m onRunDescribeStart
11:01:00.928 detox[460] [90mB[39m [33mlifecycle[39m beforeAll
11:01:00.933 detox[460] [90mB[39m [33mdevice[39m reverseTcpPort
  args: (8081)
11:01:00.934 detox[460] [90mi[39m [33mchild-process[39m[90m:EXEC_CMD[39m "C:\Users\carus\AppData\Local\Android\Sdk\platform-tools\adb.EXE" -s emulator-15632 reverse tcp:8081 tcp:8081
11:01:00.967 detox[460] [90mi[39m [33mchild-process[39m[90m:EXEC_SUCCESS[39m 
11:01:00.967 detox[460] [90mE[39m [33mdevice[39m reverseTcpPort
11:01:00.968 detox[460] [90mB[39m [33mdevice[39m launchApp
  args: ({"newInstance":true,"launchArgs":{"detoxEnableSynchronization":0},"url":"seguridadciudadanaapp://expo-development-client/?url=http%3A%2F%2F127.0.0.1%3A8081&role=ciudadano&disableBypass=1"})
11:01:00.968 detox[460] [90mB[39m [33mdevice[39m terminateApp
  args: ("com.tuapp.seguritacapp")
11:01:00.969 detox[460] [90mB[39m [33martifacts-manager[39m onBeforeTerminateApp
  args: ({"deviceId":"emulator-15632","bundleId":"com.tuapp.seguritacapp"})
11:01:00.969 detox[460] [90mE[39m [33martifacts-manager[39m onBeforeTerminateApp
11:01:00.969 detox[460] [90mi[39m [33mchild-process[39m[90m:EXEC_CMD[39m "C:\Users\carus\AppData\Local\Android\Sdk\platform-tools\adb.EXE" -s emulator-15632 shell "am force-stop com.tuapp.seguritacapp"
11:01:01.017 detox[460] [90mi[39m [33mchild-process[39m[90m:EXEC_SUCCESS[39m 
11:01:01.017 detox[460] [90mB[39m [33martifacts-manager[39m onTerminateApp
  args: ({"deviceId":"emulator-15632","bundleId":"com.tuapp.seguritacapp"})
11:01:01.018 detox[460] [90mE[39m [33martifacts-manager[39m onTerminateApp
11:01:01.018 detox[460] [90mE[39m [33mdevice[39m terminateApp
11:01:01.019 detox[460] [90mB[39m [33martifacts-manager[39m onBeforeLaunchApp
  args: ({"deviceId":"emulator-15632","bundleId":"com.tuapp.seguritacapp","launchArgs":{"detoxServer":"ws://localhost:63788","detoxSessionId":"59e0c3da-e792-b21e-22ab-a8c41baceb35","detoxEnableSynchronization":0,"detoxURLOverride":"seguridadciudadanaapp://expo-development-client/?url=http%3A%2F%2F127.0.0.1%3A8081&role=ciudadano&disableBypass=1"}})
11:01:01.019 detox[460] [90mi[39m [33mchild-process[39m[90m:EXEC_CMD[39m "C:\Users\carus\AppData\Local\Android\Sdk\platform-tools\adb.EXE" -s emulator-15632 shell "date +\"%m-%d %T.000\""
11:01:01.075 detox[460] [90mi[39m [33mchild-process[39m[90m:EXEC_SUCCESS[39m 11-14 16:01:00.000

11:01:01.076 detox[460] [90mE[39m [33martifacts-manager[39m onBeforeLaunchApp
11:01:01.076 detox[460] [90mi[39m [33mchild-process[39m[90m:EXEC_CMD[39m "C:\Users\carus\AppData\Local\Android\Sdk\platform-tools\adb.EXE" -s emulator-15632 reverse tcp:63788 tcp:63788
11:01:01.108 detox[460] [90mi[39m [33mchild-process[39m[90m:EXEC_SUCCESS[39m 63788

11:01:01.109 detox[460] [90mi[39m [33mchild-process[39m[90m:EXEC_CMD[39m "C:\Users\carus\AppData\Local\Android\Sdk\platform-tools\adb.EXE" -s emulator-15632 shell "pm list instrumentation"
11:01:01.154 detox[460] [90mi[39m [33mchild-process[39m[90m:EXEC_SUCCESS[39m instrumentation:com.tuapp.seguritacapp.test/com.wix.detox.DetoxJUnitRunner (target=com.tuapp.seguritacapp)

11:01:01.159 detox[460] [90mi[39m [33mchild-process[39m[90m:SPAWN_CMD[39m C:\Users\carus\AppData\Local\Android\Sdk\platform-tools\adb.EXE -s emulator-15632 shell am instrument -w -r -e detoxServer ws://localhost:63788 -e detoxSessionId 59e0c3da-e792-b21e-22ab-a8c41baceb35 -e detoxEnableSynchronization 0 -e detoxURLOverride 'seguridadciudadanaapp://expo-development-client/?url=http%3A%2F%2F127.0.0.1%3A8081&role=ciudadano&disableBypass=1' -e debug false com.tuapp.seguritacapp.test/com.wix.detox.DetoxJUnitRunner
11:01:01.661 detox[460] [90mi[39m [33mchild-process[39m[90m:EXEC_CMD[39m "C:\Users\carus\AppData\Local\Android\Sdk\platform-tools\adb.EXE" -s emulator-15632 shell "ps | grep \"com\.tuapp\.seguritacapp$\""
11:01:02.806 detox[460] [90mi[39m [33mchild-process[39m[90m:EXEC_SUCCESS[39m u0_a196       7755   356   13918740 176528 0                   0 R com.tuapp.seguritacapp

11:01:02.806 detox[460] [90mB[39m [33martifacts-manager[39m onLaunchApp
  args: ({"deviceId":"emulator-15632","bundleId":"com.tuapp.seguritacapp","launchArgs":{"detoxServer":"ws://localhost:63788","detoxSessionId":"59e0c3da-e792-b21e-22ab-a8c41baceb35","detoxEnableSynchronization":0,"detoxURLOverride":"seguridadciudadanaapp://expo-development-client/?url=http%3A%2F%2F127.0.0.1%3A8081&role=ciudadano&disableBypass=1"},"pid":7755})
11:01:02.807 detox[460] [90mi[39m [33martifact[39m[90m:ARTIFACT_START[39m starting ADBLogcatRecording
11:01:02.812 detox[460] [90mi[39m [33mchild-process[39m[90m:SPAWN_CMD[39m C:\Users\carus\AppData\Local\Android\Sdk\platform-tools\adb.EXE -s emulator-15632 shell "logcat -T \"11-14 16:01:00.000\" --pid=7755 -f /sdcard/1105664_0.log"
11:01:02.812 detox[460] [90mE[39m [33martifacts-manager[39m onLaunchApp
11:01:03.114 detox[460] [90mi[39m [33mchild-process[39m[90m:EXEC_CMD[39m "C:\Users\carus\AppData\Local\Android\Sdk\platform-tools\adb.EXE" -s emulator-15632 shell du /sdcard/1105664_0.log
11:01:03.156 detox[460] [90mi[39m [33mchild-process[39m[90m:EXEC_SUCCESS[39m 4	/sdcard/1105664_0.log

11:01:03.656 detox[460] [90mi[39m [33mchild-process[39m[90m:SPAWN_STDOUT[39m INSTRUMENTATION_STATUS: class=com.tuapp.seguritacapp.DetoxTest
INSTRUMENTATION_STATUS: current=1
INSTRUMENTATION_STATUS: id=AndroidJUnitRunner
INSTRUMENTATION_STATUS: numtests=1
INSTRUMENTATION_STATUS: stream=
com.tuapp.seguritacapp.DetoxTest:
INSTRUMENTATION_STATUS: test=runDetoxTests
INSTRUMENTATION_STATUS_CODE: 1

11:01:03.710 detox[18384] [90mB[39m [33mws-server[39m[33m@63890[39m connection :63788<->:63890
11:01:03.715 detox[18384] [90mi[39m [33mws-server[39m[33m@63890[39m get
  data: {"messageId":0,"type":"login","params":{"role":"app","sessionId":"59e0c3da-e792-b21e-22ab-a8c41baceb35"}}
11:01:03.715 detox[18384] [90mi[39m [33mws-server[39m[33m@63890[39m send
  data: {
    "messageId": 0,
    "type": "loginSuccess",
    "params": {
      "testerConnected": true,
      "appConnected": true
    }
  }
11:01:03.716 detox[18384] [90mi[39m [33mws-server[39m app joined session 59e0c3da-e792-b21e-22ab-a8c41baceb35
11:01:03.716 detox[18384] [90mi[39m [33mws-server[39m[33m@63792[39m send
  data: {
    "type": "appConnected"
  }
11:01:03.716 detox[460] [90mi[39m [33mws-client[39m get message
  data: {"type":"appConnected"}
   
11:01:03.717 detox[460] [90mi[39m [33mws-client[39m send message
  data: {"type":"isReady","params":{},"messageId":-1000}
11:01:03.718 detox[18384] [90mi[39m [33mws-server[39m[33m@63792[39m get
  data: {"type":"isReady","params":{},"messageId":-1000}
11:01:03.719 detox[18384] [90mi[39m [33mws-server[39m[33m@63890[39m send
  data: {
    "type": "isReady",
    "params": {},
    "messageId": -1000
  }
11:01:13.718 detox[460] [90mi[39m [33mws-client[39m send message
  data: {"type":"currentStatus","params":{},"messageId":1}
11:01:13.720 detox[18384] [90mi[39m [33mws-server[39m[33m@63792[39m get
  data: {"type":"currentStatus","params":{},"messageId":1}
11:01:13.720 detox[18384] [90mi[39m [33mws-server[39m[33m@63890[39m send
  data: {
    "type": "currentStatus",
    "params": {},
    "messageId": 1
  }
11:01:18.720 detox[460] [90mi[39m [33mws-client[39m[90m:APP_STATUS[39m Failed to execute the current status query. The pending request #1 ("currentStatus") has been rejected due to the following error:

The tester has not received a response within 5000ms timeout to the message:

CurrentStatus {
  type: 'currentStatus',
  params: {},
  messageId: 1
}
    at createErrorWithUserStack (D:\SeguridadAPP\SeguridadCiudadanaApp\node_modules\detox\src\utils\errorUtils.js:36:27)
    at Client._doSendAction (D:\SeguridadAPP\SeguridadCiudadanaApp\node_modules\detox\src\client\Client.js:168:32)
    at Client.sendAction (D:\SeguridadAPP\SeguridadCiudadanaApp\node_modules\detox\src\client\Client.js:148:14)
    at Client.currentStatus (D:\SeguridadAPP\SeguridadCiudadanaApp\node_modules\detox\src\client\Client.js:235:23)
    at Timeout._onTimeout (D:\SeguridadAPP\SeguridadCiudadanaApp\node_modules\detox\src\client\Client.js:274:31)
    at listOnTimeout (node:internal/timers:569:17)
    at processTimers (node:internal/timers:512:7) {
  name: 'DetoxRuntimeError'
}
11:04:04.679 detox[460] [90mi[39m [33mchild-process[39m[90m:SPAWN_STDOUT[39m INSTRUMENTATION_STATUS: class=com.tuapp.seguritacapp.DetoxTest
INSTRUMENTATION_STATUS: current=1
INSTRUMENTATION_STATUS: id=AndroidJUnitRunner
INSTRUMENTATION_STATUS: numtests=1
INSTRUMENTATION_STATUS: stack=com.wix.detox.common.DetoxErrors$DetoxRuntimeException: Waited for the new RN-context for too long! (180 seconds)
If you think that's not long enough, consider applying a custom Detox runtime-config in DetoxTest.runTests().
	at com.wix.detox.reactnative.ReactNativeLoadingMonitor.awaitNewRNContext(ReactNativeLoadingMonitor.kt:54)
	at com.wix.detox.reactnative.ReactNativeLoadingMonitor.getNewContext(ReactNativeLoadingMonitor.kt:26)
	at com.wix.detox.reactnative.ReactNativeExtension.awaitNewReactNativeContext(ReactNativeExtension.kt:127)
	at com.wix.detox.reactnative.ReactNativeExtension.waitForRNBootstrap(ReactNativeExtension.kt:37)
	at com.wix.detox.DetoxMain.launchActivity(DetoxMain.kt:133)
	at com.wix.detox.DetoxMain.launchActivityOnCue(DetoxMain.kt:55)
	at com.wix.detox.DetoxMain.run(DetoxMain.kt:35)
	at com.wix.detox.Detox.runTests(Detox.java:127)
	at com.tuapp.seguritacapp.DetoxTest.runDetoxTests(DetoxTest.java:23)

INSTRUMENTATION_STATUS: stream=
Error in runDetoxTests(com.tuapp.seguritacapp.DetoxTest):
com.wix.detox.common.DetoxErrors$DetoxRuntimeException: Waited for the new RN-context for too long! (180 seconds)
If you think that's not long enough, consider applying a custom Detox runtime-config in DetoxTest.runTests().
	at com.wix.detox.reactnative.ReactNativeLoadingMonitor.awaitNewRNContext(ReactNativeLoadingMonitor.kt:54)
	at com.wix.detox.reactnative.ReactNativeLoadingMonitor.getNewContext(ReactNativeLoadingMonitor.kt:26)
	at com.wix.detox.reactnative.ReactNativeExtension.awaitNewReactNativeContext(ReactNativeExtension.kt:127)
	at com.wix.detox.reactnative.ReactNativeExtension.waitForRNBootstrap(ReactNativeExtension.kt:37)
	at com.wix.detox.DetoxMain.launchActivity(DetoxMain.kt:133)
	at com.wix.detox.DetoxMain.launchActivityOnCue(DetoxMain.kt:55)
	at com.wix.detox.DetoxMain.run(DetoxMain.kt:35)
	at com.wix.detox.Detox.runTests(Detox.java:127)
	at com.tuapp.seguritacapp.DetoxTest.runDetoxTests(DetoxTest.java:23)

INSTRUMENTATION_STATUS: test=runDetoxTests
INSTRUMENTATION_STATUS_CODE: -2

11:04:04.682 detox[18384] [90mi[39m [33mws-server[39m[33m@63890[39m get
  data: {"messageId":-1000,"type":"ready","params":{}}
11:04:04.683 detox[18384] [90mi[39m [33mws-server[39m[33m@63792[39m send
  data: {
    "messageId": -1000,
    "type": "ready",
    "params": {}
  }
11:04:04.684 detox[460] [90mi[39m [33mws-client[39m get message
  data: {"messageId":-1000,"type":"ready","params":{}}
   
11:04:04.685 detox[460] [90mB[39m [33martifacts-manager[39m onAppReady
  args: ({"deviceId":"emulator-15632","bundleId":"com.tuapp.seguritacapp","pid":7755})
11:04:04.685 detox[460] [90mE[39m [33martifacts-manager[39m onAppReady
11:04:04.685 detox[460] [90mE[39m [33mdevice[39m launchApp
11:04:04.724 detox[18384] [90mi[39m [33mws-server[39m[33m@63890[39m get
  data: {"messageId":1,"type":"currentStatusResult","params":{"status":{"app_status":"idle"}}}
11:04:04.725 detox[18384] [90mi[39m [33mws-server[39m[33m@63792[39m send
  data: {
    "messageId": 1,
    "type": "currentStatusResult",
    "params": {
      "status": {
        "app_status": "idle"
      }
    }
  }
11:04:04.725 detox[460] [90mi[39m [33mws-client[39m get message
  data: {"messageId":1,"type":"currentStatusResult","params":{"status":{"app_status":"idle"}}}
   
11:04:04.853 detox[460] [90mi[39m [33mchild-process[39m[90m:SPAWN_STDOUT[39m INSTRUMENTATION_RESULT: stream=

Time: 181.182
There was 1 failure:
1) runDetoxTests(com.tuapp.seguritacapp.DetoxTest)
com.wix.detox.common.DetoxErrors$DetoxRuntimeException: Waited for the new RN-context for too long! (180 seconds)
If you think that's not long enough, consider applying a custom Detox runtime-config in DetoxTest.runTests().
	at com.wix.detox.reactnative.ReactNativeLoadingMonitor.awaitNewRNContext(ReactNativeLoadingMonitor.kt:54)
	at com.wix.detox.reactnative.ReactNativeLoadingMonitor.getNewContext(ReactNativeLoadingMonitor.kt:26)
	at com.wix.detox.reactnative.ReactNativeExtension.awaitNewReactNativeContext(ReactNativeExtension.kt:127)
	at com.wix.detox.reactnative.ReactNativeExtension.waitForRNBootstrap(ReactNativeExtension.kt:37)
	at com.wix.detox.DetoxMain.launchActivity(DetoxMain.kt:133)
	at com.wix.detox.DetoxMain.launchActivityOnCue(DetoxMain.kt:55)
	at com.wix.detox.DetoxMain.run(DetoxMain.kt:35)
	at com.wix.detox.Detox.runTests(Detox.java:127)
	at com.tuapp.seguritacapp.DetoxTest.runDetoxTests(DetoxTest.java:23)

FAILURES!!!
Tests run: 1,  Failures: 1


INSTRUMENTATION_CODE: -1

11:04:04.869 detox[460] [90mi[39m [33mchild-process[39m[90m:SPAWN_END[39m C:\Users\carus\AppData\Local\Android\Sdk\platform-tools\adb.EXE -s emulator-15632 shell am instrument -w -r -e detoxServer ws://localhost:63788 -e detoxSessionId 59e0c3da-e792-b21e-22ab-a8c41baceb35 -e detoxEnableSynchronization 0 -e detoxURLOverride 'seguridadciudadanaapp://expo-development-client/?url=http%3A%2F%2F127.0.0.1%3A8081&role=ciudadano&disableBypass=1' -e debug false com.tuapp.seguritacapp.test/com.wix.detox.DetoxJUnitRunner exited with code #0
11:04:04.869 detox[460] [90mi[39m [33mchild-process[39m[90m:EXEC_CMD[39m "C:\Users\carus\AppData\Local\Android\Sdk\platform-tools\adb.EXE" -s emulator-15632 reverse --remove tcp:63788
11:04:04.876 detox[18384] [90mi[39m [33mws-server[39m app exited session 59e0c3da-e792-b21e-22ab-a8c41baceb35
11:04:04.877 detox[18384] [90mi[39m [33mws-server[39m[33m@63792[39m send
  data: {
    "type": "appDisconnected"
  }
11:04:04.877 detox[18384] [90mE[39m [33mws-server[39m[33m@63890[39m connection :63788<->:63890
11:04:04.879 detox[460] [90mi[39m [33mws-client[39m get message
  data: {"type":"appDisconnected"}
   
11:04:04.902 detox[460] [90mi[39m [33mchild-process[39m[90m:EXEC_SUCCESS[39m 
11:04:34.690 detox[460] [90mE[39m [33mlifecycle[39m beforeAll
11:04:34.691 detox[460] [90mB[39m [33mlifecycle[39m Autenticación - Flujo completo en un solo test
11:04:34.691 detox[460] [90mB[39m [33martifacts-manager[39m onRunDescribeStart
  args: ({"name":"Autenticación - Flujo completo en un solo test"})
11:04:34.692 detox[460] [90mE[39m [33martifacts-manager[39m onRunDescribeStart
11:04:34.692 detox[460] [90mB[39m [33mlifecycle[39m ejecuta login, validaciones, negativos, persistencia y logout
11:04:34.693 detox[460] [90mi[39m [33mlifecycle[39m Autenticación - Flujo completo en un solo test: ejecuta login, validaciones, negativos, persistencia y logout
11:04:34.695 detox[460] [90mB[39m [33martifacts-manager[39m onTestStart
  args: ({"title":"ejecuta login, validaciones, negativos, persistencia y logout","fullName":"Autenticación - Flujo completo en un solo test ejecuta login, validaciones, negativos, persistencia y logout","status":"running","invocations":1})
11:04:34.695 detox[460] [90mi[39m [33martifact[39m[90m:ARTIFACT_STOP[39m stopping ADBLogcatRecording
11:04:34.696 detox[460] [90mi[39m [33martifact[39m[90m:ARTIFACT_START[39m starting ADBScreencapRecording
11:04:34.696 detox[460] [90mi[39m [33mchild-process[39m[90m:EXEC_CMD[39m "C:\Users\carus\AppData\Local\Android\Sdk\platform-tools\adb.EXE" -s emulator-15632 shell "screencap /sdcard/1105664_1.png"
11:04:34.704 detox[460] [90mi[39m [33martifact[39m[90m:ARTIFACT_START[39m starting ADBVideoRecording
11:04:34.709 detox[460] [90mi[39m [33mchild-process[39m[90m:SPAWN_CMD[39m C:\Users\carus\AppData\Local\Android\Sdk\platform-tools\adb.EXE -s emulator-15632 shell screenrecord /sdcard/1105664_2.mp4
11:04:34.710 detox[460] [90mi[39m [33mchild-process[39m[90m:EXEC_CMD[39m "C:\Users\carus\AppData\Local\Android\Sdk\platform-tools\adb.EXE" -s emulator-15632 shell "date +\"%m-%d %T.000\""
11:04:34.750 detox[460] [90mi[39m [33mchild-process[39m[90m:EXEC_SUCCESS[39m 11-14 16:04:34.000

11:04:34.752 detox[460] [90mi[39m [33mchild-process[39m[90m:SPAWN_KILL[39m sending SIGINT to: C:\Users\carus\AppData\Local\Android\Sdk\platform-tools\adb.EXE -s emulator-15632 shell logcat -T "11-14 16:01:00.000" --pid=7755 -f /sdcard/1105664_0.log
11:04:34.754 detox[460] [90mi[39m [33mchild-process[39m[90m:SPAWN_END[39m C:\Users\carus\AppData\Local\Android\Sdk\platform-tools\adb.EXE -s emulator-15632 shell "logcat -T \"11-14 16:01:00.000\" --pid=7755 -f /sdcard/1105664_0.log" terminated with SIGINT
11:04:34.754 detox[460] [90mi[39m [33martifact[39m[90m:ARTIFACT_START[39m starting ADBLogcatRecording
11:04:34.759 detox[460] [90mi[39m [33mchild-process[39m[90m:SPAWN_CMD[39m C:\Users\carus\AppData\Local\Android\Sdk\platform-tools\adb.EXE -s emulator-15632 shell "logcat -T \"11-14 16:04:34.000\" --pid=7755 -f /sdcard/1105664_3.log"
11:04:35.016 detox[460] [90mi[39m [33mchild-process[39m[90m:EXEC_CMD[39m "C:\Users\carus\AppData\Local\Android\Sdk\platform-tools\adb.EXE" -s emulator-15632 shell du /sdcard/1105664_2.mp4
11:04:35.054 detox[460] [90mi[39m [33mchild-process[39m[90m:EXEC_SUCCESS[39m 68	/sdcard/1105664_2.mp4

11:04:35.062 detox[460] [90mi[39m [33mchild-process[39m[90m:EXEC_CMD[39m "C:\Users\carus\AppData\Local\Android\Sdk\platform-tools\adb.EXE" -s emulator-15632 shell du /sdcard/1105664_3.log
11:04:35.102 detox[460] [90mi[39m [33mchild-process[39m[90m:EXEC_SUCCESS[39m 4	/sdcard/1105664_3.log

11:04:35.428 detox[460] [90mi[39m [33mchild-process[39m[90m:EXEC_SUCCESS[39m 
11:04:35.428 detox[460] [90mi[39m [33martifact[39m[90m:ARTIFACT_STOP[39m stopping ADBScreencapRecording
11:04:35.428 detox[460] [90mE[39m [33martifacts-manager[39m onTestStart
11:04:35.429 detox[460] [90mB[39m [33mlifecycle[39m beforeEach
11:04:35.429 detox[460] [90mE[39m [33mlifecycle[39m beforeEach
11:04:35.430 detox[460] [90mB[39m [33mlifecycle[39m test_fn
11:04:35.433 detox[18384] [90mi[39m [33mws-server[39m[33m@63792[39m get
  data: {"type":"invoke","params":{"target":{"type":"Class","value":"com.wix.detox.espresso.DetoxAssertion"},"method":"waitForAssertMatcher","args":[{"type":"Invocation","value":{"target":{"type":"Class","value":"androidx.test.espresso.Espresso"},"method":"onView","args":[{"type":"Invocation","value":{"target":{"type":"Class","value":"com.wix.detox.espresso.DetoxMatcher"},"method":"matcherForTestId","args":["login-email",{"type":"boolean","value":false}]}}]}},{"type":"Invocation","value":{"target":{"type":"Class","value":"com.wix.detox.espresso.DetoxMatcher"},"method":"matcherForSufficientlyVisible","args":[{"type":"Integer","value":75}]}},{"type":"Double","value":30}]},"messageId":2}
11:04:35.433 detox[460] [90mi[39m [33mws-client[39m send message
  data: {"type":"invoke","params":{"target":{"type":"Class","value":"com.wix.detox.espresso.DetoxAssertion"},"method":"waitForAssertMatcher","args":[{"type":"Invocation","value":{"target":{"type":"Class","value":"androidx.test.espresso.Espresso"},"method":"onView","args":[{"type":"Invocation","value":{"target":{"type":"Class","value":"com.wix.detox.espresso.DetoxMatcher"},"method":"matcherForTestId","args":["login-email",{"type":"boolean","value":false}]}}]}},{"type":"Invocation","value":{"target":{"type":"Class","value":"com.wix.detox.espresso.DetoxMatcher"},"method":"matcherForSufficientlyVisible","args":[{"type":"Integer","value":75}]}},{"type":"Double","value":30}]},"messageId":2}
11:04:35.434 detox[460] [90mB[39m [33mws-client[39m undefined with timeout (30000 ms)
  data: {
    "target": {
      "type": "Class",
      "value": "com.wix.detox.espresso.DetoxAssertion"
    },
    "method": "waitForAssertMatcher",
    "args": [
      {
        "type": "Invocation",
        "value": {
          "target": {
            "type": "Class",
            "value": "androidx.test.espresso.Espresso"
          },
          "method": "onView",
          "args": [
            {
              "type": "Invocation",
              "value": {
                "target": {
                  "type": "Class",
                  "value": "com.wix.detox.espresso.DetoxMatcher"
                },
                "method": "matcherForTestId",
                "args": [
                  "login-email",
                  {
                    "type": "boolean",
                    "value": false
                  }
                ]
              }
            }
          ]
        }
      },
      {
        "type": "Invocation",
        "value": {
          "target": {
            "type": "Class",
            "value": "com.wix.detox.espresso.DetoxMatcher"
          },
          "method": "matcherForSufficientlyVisible",
          "args": [
            {
              "type": "Integer",
              "value": 75
            }
          ]
        }
      },
      {
        "type": "Double",
        "value": 30
      }
    ]
  }
  stack: _getCallStackTrace (\node_modules\detox\src\utils\traceInvocationCall.js:2:10)
  invocationCall (\node_modules\detox\src\utils\traceInvocationCall.js:17:12)
  WaitForInteraction.execute (\node_modules\detox\src\android\interactions\native.js:22:12)
  WaitForInteraction.withTimeout (\node_modules\detox\src\android\interactions\native.js:59:16)
  Object.withTimeout (\e2e\auth.fullflow.e2e.test.js:14:8)
  Promise.then.completed (\node_modules\jest-circus\build\utils.js:298:28)
  new Promise (<anonymous>)
  callAsyncCircusFn (\node_modules\jest-circus\build\utils.js:231:10)
  _callCircusTest (\node_modules\jest-circus\build\run.js:316:40)
  processTicksAndRejections (node:internal/process/task_queues:95:5)
  _runTest (\node_modules\jest-circus\build\run.js:252:3)
  _runTestsForDescribeBlock (\node_modules\jest-circus\build\run.js:126:9)
  _runTestsForDescribeBlock (\node_modules\jest-circus\build\run.js:121:9)
  run (\node_modules\jest-circus\build\run.js:71:3)
  runAndTransformResultsToJestFormat (\node_modules\jest-circus\build\legacy-code-todo-rewrite\jestAdapterInit.js:122:21)
  jestAdapter (\node_modules\jest-circus\build\legacy-code-todo-rewrite\jestAdapter.js:79:19)
  runTestInternal (\node_modules\jest-runner\build\runTest.js:367:16)
  runTest (\node_modules\jest-runner\build\runTest.js:444:34)
11:04:35.435 detox[18384] [90mi[39m [33mws-server[39m[33m@63792[39m send
  data: {
    "type": "serverError",
    "params": {
      "error": {
        "name": "DetoxRuntimeError",
        "message": "Detox can't seem to connect to the test app(s)!\n\nHINT: \n\nHave you forgotten to call 'device.launchApp()' in the beginning of your test?\nRefer to our troubleshooting guide, for full details: https://wix.github.io/Detox/docs/troubleshooting/running-tests#tests-execution-hangs\n\n---\nThe following package could not be delivered:\n\n{\n  type: 'invoke',\n  params: [Object],\n  messageId: 2\n}",
        "stack": "DetoxRuntimeError: Detox can't seem to connect to the test app(s)!\n\nHINT: \n\nHave you forgotten to call 'device.launchApp()' in the beginning of your test?\nRefer to our troubleshooting guide, for full details: https://wix.github.io/Detox/docs/troubleshooting/running-tests#tests-execution-hangs\n\n---\nThe following package could not be delivered:\n\n{\n  type: 'invoke',\n  params: [Object],\n  messageId: 2\n}\n    at Object.maybeAppWasNotLaunched (D:\\SeguridadAPP\\SeguridadCiudadanaApp\\node_modules\\detox\\src\\errors\\longreads\\failedToReachTheApp.js:22:10)\n    at TesterConnectionHandler.handle (D:\\SeguridadAPP\\SeguridadCiudadanaApp\\node_modules\\detox\\src\\server\\handlers\\TesterConnectionHandler.js:32:31)\n    at DetoxConnection._onMessage (D:\\SeguridadAPP\\SeguridadCiudadanaApp\\node_modules\\detox\\src\\server\\DetoxConnection.js:76:23)\n    at WebSocket.emit (node:events:517:28)\n    at Receiver.receiverOnMessage (D:\\SeguridadAPP\\SeguridadCiudadanaApp\\node_modules\\detox\\node_modules\\ws\\lib\\websocket.js:1070:20)\n    at Receiver.emit (node:events:517:28)\n    at Receiver.dataMessage (D:\\SeguridadAPP\\SeguridadCiudadanaApp\\node_modules\\detox\\node_modules\\ws\\lib\\receiver.js:517:14)\n    at Receiver.getData (D:\\SeguridadAPP\\SeguridadCiudadanaApp\\node_modules\\detox\\node_modules\\ws\\lib\\receiver.js:435:17)\n    at Receiver.startLoop (D:\\SeguridadAPP\\SeguridadCiudadanaApp\\node_modules\\detox\\node_modules\\ws\\lib\\receiver.js:143:22)\n    at Receiver._write (D:\\SeguridadAPP\\SeguridadCiudadanaApp\\node_modules\\detox\\node_modules\\ws\\lib\\receiver.js:78:10)\n    at writeOrBuffer (node:internal/streams/writable:392:12)\n    at _write (node:internal/streams/writable:333:10)\n    at Writable.write (node:internal/streams/writable:337:10)\n    at Socket.socketOnData (D:\\SeguridadAPP\\SeguridadCiudadanaApp\\node_modules\\detox\\node_modules\\ws\\lib\\websocket.js:1164:35)\n    at Socket.emit (node:events:517:28)\n    at addChunk (node:internal/streams/readable:368:12)"
      }
    },
    "messageId": 2
  }
11:04:35.438 detox[460] [90mi[39m [33mws-client[39m get message
  data: {"type":"serverError","params":{"error":{"name":"DetoxRuntimeError","message":"Detox can't seem to connect to the test app(s)!\n\nHINT: \n\nHave you forgotten to call 'device.launchApp()' in the beginning of your test?\nRefer to our troubleshooting guide, for full details: https://wix.github.io/Detox/docs/troubleshooting/running-tests#tests-execution-hangs\n\n---\nThe following package could not be delivered:\n\n{\n  type: 'invoke',\n  params: [Object],\n  messageId: 2\n}","stack":"DetoxRuntimeError: Detox can't seem to connect to the test app(s)!\n\nHINT: \n\nHave you forgotten to call 'device.launchApp()' in the beginning of your test?\nRefer to our troubleshooting guide, for full details: https://wix.github.io/Detox/docs/troubleshooting/running-tests#tests-execution-hangs\n\n---\nThe following package could not be delivered:\n\n{\n  type: 'invoke',\n  params: [Object],\n  messageId: 2\n}\n    at Object.maybeAppWasNotLaunched (D:\\SeguridadAPP\\SeguridadCiudadanaApp\\node_modules\\detox\\src\\errors\\longreads\\failedToReachTheApp.js:22:10)\n    at TesterConnectionHandler.handle (D:\\SeguridadAPP\\SeguridadCiudadanaApp\\node_modules\\detox\\src\\server\\handlers\\TesterConnectionHandler.js:32:31)\n    at DetoxConnection._onMessage (D:\\SeguridadAPP\\SeguridadCiudadanaApp\\node_modules\\detox\\src\\server\\DetoxConnection.js:76:23)\n    at WebSocket.emit (node:events:517:28)\n    at Receiver.receiverOnMessage (D:\\SeguridadAPP\\SeguridadCiudadanaApp\\node_modules\\detox\\node_modules\\ws\\lib\\websocket.js:1070:20)\n    at Receiver.emit (node:events:517:28)\n    at Receiver.dataMessage (D:\\SeguridadAPP\\SeguridadCiudadanaApp\\node_modules\\detox\\node_modules\\ws\\lib\\receiver.js:517:14)\n    at Receiver.getData (D:\\SeguridadAPP\\SeguridadCiudadanaApp\\node_modules\\detox\\node_modules\\ws\\lib\\receiver.js:435:17)\n    at Receiver.startLoop (D:\\SeguridadAPP\\SeguridadCiudadanaApp\\node_modules\\detox\\node_modules\\ws\\lib\\receiver.js:143:22)\n    at Receiver._write (D:\\SeguridadAPP\\SeguridadCiudadanaApp\\node_modules\\detox\\node_modules\\ws\\lib\\receiver.js:78:10)\n    at writeOrBuffer (node:internal/streams/writable:392:12)\n    at _write (node:internal/streams/writable:333:10)\n    at Writable.write (node:internal/streams/writable:337:10)\n    at Socket.socketOnData (D:\\SeguridadAPP\\SeguridadCiudadanaApp\\node_modules\\detox\\node_modules\\ws\\lib\\websocket.js:1164:35)\n    at Socket.emit (node:events:517:28)\n    at addChunk (node:internal/streams/readable:368:12)"}},"messageId":2}
   
11:04:35.439 detox[460] [90mi[39m [33mws-client[39m[90m:ERROR[39m Detox can't seem to connect to the test app(s)!

HINT: 

Have you forgotten to call 'device.launchApp()' in the beginning of your test?
Refer to our troubleshooting guide, for full details: https://wix.github.io/Detox/docs/troubleshooting/running-tests#tests-execution-hangs

---
The following package could not be delivered:

{
  type: 'invoke',
  params: [Object],
  messageId: 2
}
11:04:35.440 detox[460] [90mE[39m [33mws-client[39m undefined with timeout (30000 ms)
  error: Detox can't seem to connect to the test app(s)!
  
  HINT: 
  
  Have you forgotten to call 'device.launchApp()' in the beginning of your test?
  Refer to our troubleshooting guide, for full details: https://wix.github.io/Detox/docs/troubleshooting/running-tests#tests-execution-hangs
  
  ---
  The following package could not be delivered:
  
  {
    type: 'invoke',
    params: [Object],
    messageId: 2
  }
      at createErrorWithUserStack (D:\SeguridadAPP\SeguridadCiudadanaApp\node_modules\detox\src\utils\errorUtils.js:36:27)
      at Client._doSendAction (D:\SeguridadAPP\SeguridadCiudadanaApp\node_modules\detox\src\client\Client.js:168:32)
      at Client._sendMonitoredAction (D:\SeguridadAPP\SeguridadCiudadanaApp\node_modules\detox\src\client\Client.js:161:25)
      at Client.sendAction (D:\SeguridadAPP\SeguridadCiudadanaApp\node_modules\detox\src\client\Client.js:147:14)
      at Client.execute (D:\SeguridadAPP\SeguridadCiudadanaApp\node_modules\detox\src\client\Client.js:132:25)
      at InvocationManager.execute (D:\SeguridadAPP\SeguridadCiudadanaApp\node_modules\detox\src\invoke.js:11:39)
      at WaitForInteraction.execute (D:\SeguridadAPP\SeguridadCiudadanaApp\node_modules\detox\src\android\interactions\native.js:23:31)
      at WaitForInteraction.withTimeout (D:\SeguridadAPP\SeguridadCiudadanaApp\node_modules\detox\src\android\interactions\native.js:59:16)
      at Object.withTimeout (D:\SeguridadAPP\SeguridadCiudadanaApp\e2e\auth.fullflow.e2e.test.js:14:8)
      at Promise.then.completed (D:\SeguridadAPP\SeguridadCiudadanaApp\node_modules\jest-circus\build\utils.js:298:28)
      at new Promise (<anonymous>)
      at callAsyncCircusFn (D:\SeguridadAPP\SeguridadCiudadanaApp\node_modules\jest-circus\build\utils.js:231:10)
      at _callCircusTest (D:\SeguridadAPP\SeguridadCiudadanaApp\node_modules\jest-circus\build\run.js:316:40)
      at processTicksAndRejections (node:internal/process/task_queues:95:5)
      at _runTest (D:\SeguridadAPP\SeguridadCiudadanaApp\node_modules\jest-circus\build\run.js:252:3)
      at _runTestsForDescribeBlock (D:\SeguridadAPP\SeguridadCiudadanaApp\node_modules\jest-circus\build\run.js:126:9)
      at _runTestsForDescribeBlock (D:\SeguridadAPP\SeguridadCiudadanaApp\node_modules\jest-circus\build\run.js:121:9)
      at run (D:\SeguridadAPP\SeguridadCiudadanaApp\node_modules\jest-circus\build\run.js:71:3)
      at runAndTransformResultsToJestFormat (D:\SeguridadAPP\SeguridadCiudadanaApp\node_modules\jest-circus\build\legacy-code-todo-rewrite\jestAdapterInit.js:122:21)
      at jestAdapter (D:\SeguridadAPP\SeguridadCiudadanaApp\node_modules\jest-circus\build\legacy-code-todo-rewrite\jestAdapter.js:79:19)
      at runTestInternal (D:\SeguridadAPP\SeguridadCiudadanaApp\node_modules\jest-runner\build\runTest.js:367:16)
      at runTest (D:\SeguridadAPP\SeguridadCiudadanaApp\node_modules\jest-runner\build\runTest.js:444:34)
11:04:35.442 detox[460] [90mB[39m [33martifacts-manager[39m onTestFnFailure
  args: ({"error":{}})
11:04:35.442 detox[460] [90mi[39m [33martifact[39m[90m:ARTIFACT_START[39m starting ADBScreencapRecording
11:04:35.443 detox[460] [90mi[39m [33mchild-process[39m[90m:EXEC_CMD[39m "C:\Users\carus\AppData\Local\Android\Sdk\platform-tools\adb.EXE" -s emulator-15632 shell "screencap /sdcard/1105664_4.png"
11:04:36.099 detox[460] [90mi[39m [33mchild-process[39m[90m:EXEC_SUCCESS[39m 
11:04:36.099 detox[460] [90mi[39m [33martifact[39m[90m:ARTIFACT_STOP[39m stopping ADBScreencapRecording
11:04:36.100 detox[460] [90mE[39m [33martifacts-manager[39m onTestFnFailure
11:04:36.100 detox[460] [90mE[39m [33mlifecycle[39m test_fn
  error: Detox can't seem to connect to the test app(s)!
  
  HINT: 
  
  Have you forgotten to call 'device.launchApp()' in the beginning of your test?
  Refer to our troubleshooting guide, for full details: https://wix.github.io/Detox/docs/troubleshooting/running-tests#tests-execution-hangs
  
  ---
  The following package could not be delivered:
  
  {
    type: 'invoke',
    params: [Object],
    messageId: 2
  }
      at createErrorWithUserStack (D:\SeguridadAPP\SeguridadCiudadanaApp\node_modules\detox\src\utils\errorUtils.js:36:27)
      at Client._doSendAction (D:\SeguridadAPP\SeguridadCiudadanaApp\node_modules\detox\src\client\Client.js:168:32)
      at Client._sendMonitoredAction (D:\SeguridadAPP\SeguridadCiudadanaApp\node_modules\detox\src\client\Client.js:161:25)
      at Client.sendAction (D:\SeguridadAPP\SeguridadCiudadanaApp\node_modules\detox\src\client\Client.js:147:14)
      at Client.execute (D:\SeguridadAPP\SeguridadCiudadanaApp\node_modules\detox\src\client\Client.js:132:25)
      at InvocationManager.execute (D:\SeguridadAPP\SeguridadCiudadanaApp\node_modules\detox\src\invoke.js:11:39)
      at WaitForInteraction.execute (D:\SeguridadAPP\SeguridadCiudadanaApp\node_modules\detox\src\android\interactions\native.js:23:31)
      at WaitForInteraction.withTimeout (D:\SeguridadAPP\SeguridadCiudadanaApp\node_modules\detox\src\android\interactions\native.js:59:16)
      at Object.withTimeout (D:\SeguridadAPP\SeguridadCiudadanaApp\e2e\auth.fullflow.e2e.test.js:14:8)
      at Promise.then.completed (D:\SeguridadAPP\SeguridadCiudadanaApp\node_modules\jest-circus\build\utils.js:298:28)
      at new Promise (<anonymous>)
      at callAsyncCircusFn (D:\SeguridadAPP\SeguridadCiudadanaApp\node_modules\jest-circus\build\utils.js:231:10)
      at _callCircusTest (D:\SeguridadAPP\SeguridadCiudadanaApp\node_modules\jest-circus\build\run.js:316:40)
      at processTicksAndRejections (node:internal/process/task_queues:95:5)
      at _runTest (D:\SeguridadAPP\SeguridadCiudadanaApp\node_modules\jest-circus\build\run.js:252:3)
      at _runTestsForDescribeBlock (D:\SeguridadAPP\SeguridadCiudadanaApp\node_modules\jest-circus\build\run.js:126:9)
      at _runTestsForDescribeBlock (D:\SeguridadAPP\SeguridadCiudadanaApp\node_modules\jest-circus\build\run.js:121:9)
      at run (D:\SeguridadAPP\SeguridadCiudadanaApp\node_modules\jest-circus\build\run.js:71:3)
      at runAndTransformResultsToJestFormat (D:\SeguridadAPP\SeguridadCiudadanaApp\node_modules\jest-circus\build\legacy-code-todo-rewrite\jestAdapterInit.js:122:21)
      at jestAdapter (D:\SeguridadAPP\SeguridadCiudadanaApp\node_modules\jest-circus\build\legacy-code-todo-rewrite\jestAdapter.js:79:19)
      at runTestInternal (D:\SeguridadAPP\SeguridadCiudadanaApp\node_modules\jest-runner\build\runTest.js:367:16)
      at runTest (D:\SeguridadAPP\SeguridadCiudadanaApp\node_modules\jest-runner\build\runTest.js:444:34)
11:04:36.102 detox[460] [90mB[39m [33martifacts-manager[39m onTestDone
  args: ({"title":"ejecuta login, validaciones, negativos, persistencia y logout","fullName":"Autenticación - Flujo completo en un solo test ejecuta login, validaciones, negativos, persistencia y logout","status":"failed","invocations":1,"timedOut":false})
11:04:36.102 detox[460] [90mi[39m [33martifact[39m[90m:ARTIFACT_STOP[39m stopping ADBLogcatRecording
11:04:36.103 detox[460] [90mi[39m [33martifact[39m[90m:ARTIFACT_START[39m starting ADBScreencapRecording
11:04:36.103 detox[460] [90mi[39m [33mchild-process[39m[90m:EXEC_CMD[39m "C:\Users\carus\AppData\Local\Android\Sdk\platform-tools\adb.EXE" -s emulator-15632 shell "screencap /sdcard/1105664_5.png"
11:04:36.111 detox[460] [90mi[39m [33martifact[39m[90m:ARTIFACT_STOP[39m stopping ADBVideoRecording
11:04:36.111 detox[460] [90mi[39m [33mchild-process[39m[90m:EXEC_CMD[39m "C:\Users\carus\AppData\Local\Android\Sdk\platform-tools\adb.EXE" -s emulator-15632 shell "date +\"%m-%d %T.000\""
11:04:36.115 detox[460] [90mi[39m [33mchild-process[39m[90m:SPAWN_KILL[39m sending SIGINT to: C:\Users\carus\AppData\Local\Android\Sdk\platform-tools\adb.EXE -s emulator-15632 shell screenrecord /sdcard/1105664_2.mp4
11:04:36.118 detox[460] [90mi[39m [33mchild-process[39m[90m:SPAWN_END[39m C:\Users\carus\AppData\Local\Android\Sdk\platform-tools\adb.EXE -s emulator-15632 shell screenrecord /sdcard/1105664_2.mp4 terminated with SIGINT
11:04:36.120 detox[460] [90mi[39m [33martifact[39m[90m:ARTIFACT_SAVE[39m saving ADBVideoRecording to: artifacts\android.emu.debug.2025-11-14 16-00-54Z\✗ Autenticación - Flujo completo en un solo test ejecuta login, validaciones, negativos, persistencia y logout\test.mp4
11:04:36.156 detox[460] [90mi[39m [33mchild-process[39m[90m:EXEC_SUCCESS[39m 11-14 16:04:35.000

11:04:36.169 detox[460] [90mi[39m [33mchild-process[39m[90m:SPAWN_KILL[39m sending SIGINT to: C:\Users\carus\AppData\Local\Android\Sdk\platform-tools\adb.EXE -s emulator-15632 shell logcat -T "11-14 16:04:34.000" --pid=7755 -f /sdcard/1105664_3.log
11:04:36.171 detox[460] [90mi[39m [33mchild-process[39m[90m:SPAWN_END[39m C:\Users\carus\AppData\Local\Android\Sdk\platform-tools\adb.EXE -s emulator-15632 shell "logcat -T \"11-14 16:04:34.000\" --pid=7755 -f /sdcard/1105664_3.log" terminated with SIGINT
11:04:36.622 detox[460] [90mi[39m [33mchild-process[39m[90m:EXEC_CMD[39m "C:\Users\carus\AppData\Local\Android\Sdk\platform-tools\adb.EXE" -s emulator-15632 shell du /sdcard/1105664_2.mp4
11:04:36.657 detox[460] [90mi[39m [33mchild-process[39m[90m:EXEC_SUCCESS[39m 68	/sdcard/1105664_2.mp4

11:04:36.657 detox[460] [90mi[39m [33mchild-process[39m[90m:EXEC_CMD[39m "C:\Users\carus\AppData\Local\Android\Sdk\platform-tools\adb.EXE" -s emulator-15632 pull "/sdcard/1105664_2.mp4" "artifacts\android.emu.debug.2025-11-14 16-00-54Z\✗ Autenticación - Flujo completo en un solo test ejecuta login, validaciones, negativos, persistencia y logout\test.mp4"
11:04:36.692 detox[460] [90mi[39m [33mchild-process[39m[90m:EXEC_SUCCESS[39m /sdcard/1105664_2.mp4: 1 file pulled, 0 skipped. 25.6 MB/s (60862 bytes in 0.002s)

11:04:36.693 detox[460] [90mi[39m [33mchild-process[39m[90m:EXEC_CMD[39m "C:\Users\carus\AppData\Local\Android\Sdk\platform-tools\adb.EXE" -s emulator-15632 shell "rm  \"/sdcard/1105664_2.mp4\""
11:04:36.737 detox[460] [90mi[39m [33mchild-process[39m[90m:EXEC_SUCCESS[39m 
11:04:36.738 detox[460] [90mi[39m [33martifact[39m[90m:ARTIFACT_SAVE[39m saving ADBLogcatRecording to: artifacts\android.emu.debug.2025-11-14 16-00-54Z\✗ Autenticación - Flujo completo en un solo test ejecuta login, validaciones, negativos, persistencia y logout\device.log
11:04:36.738 detox[460] [90mi[39m [33mchild-process[39m[90m:EXEC_CMD[39m "C:\Users\carus\AppData\Local\Android\Sdk\platform-tools\adb.EXE" -s emulator-15632 pull "/sdcard/1105664_3.log" "artifacts\android.emu.debug.2025-11-14 16-00-54Z\✗ Autenticación - Flujo completo en un solo test ejecuta login, validaciones, negativos, persistencia y logout\device.log"
11:04:36.790 detox[460] [90mi[39m [33mchild-process[39m[90m:EXEC_SUCCESS[39m /sdcard/1105664_3.log: 1 file pulled, 0 skipped.

11:04:36.790 detox[460] [90mi[39m [33mchild-process[39m[90m:EXEC_CMD[39m "C:\Users\carus\AppData\Local\Android\Sdk\platform-tools\adb.EXE" -s emulator-15632 shell "rm  \"/sdcard/1105664_3.log\""
11:04:36.833 detox[460] [90mi[39m [33mchild-process[39m[90m:EXEC_SUCCESS[39m 
11:04:36.834 detox[460] [90mi[39m [33martifact[39m[90m:ARTIFACT_SAVE[39m saving ADBLogcatRecording to: artifacts\android.emu.debug.2025-11-14 16-00-54Z\emulator-15632 2025-11-14 16-04-36Z.startup.log
11:04:36.835 detox[460] [90mi[39m [33mchild-process[39m[90m:EXEC_CMD[39m "C:\Users\carus\AppData\Local\Android\Sdk\platform-tools\adb.EXE" -s emulator-15632 pull "/sdcard/1105664_0.log" "artifacts\android.emu.debug.2025-11-14 16-00-54Z\emulator-15632 2025-11-14 16-04-36Z.startup.log"
11:04:36.892 detox[460] [90mi[39m [33mchild-process[39m[90m:EXEC_SUCCESS[39m 
11:04:36.892 detox[460] [90mi[39m [33martifact[39m[90m:ARTIFACT_STOP[39m stopping ADBScreencapRecording
11:04:36.893 detox[460] [90mE[39m [33martifacts-manager[39m onTestDone
11:04:36.893 detox[460] [90mE[39m [33mlifecycle[39m ejecuta login, validaciones, negativos, persistencia y logout
11:04:36.894 detox[460] [90mi[39m [33mlifecycle[39m Autenticación - Flujo completo en un solo test: ejecuta login, validaciones, negativos, persistencia y logout [FAIL]
11:04:36.895 detox[460] [90mB[39m [33martifacts-manager[39m onRunDescribeFinish
  args: ({"name":"Autenticación - Flujo completo en un solo test"})
11:04:36.895 detox[460] [90mE[39m [33martifacts-manager[39m onRunDescribeFinish
11:04:36.895 detox[460] [90mE[39m [33mlifecycle[39m Autenticación - Flujo completo en un solo test
11:04:36.896 detox[460] [90mB[39m [33mlifecycle[39m afterAll
11:04:36.896 detox[460] [90mE[39m [33mlifecycle[39m afterAll
11:04:36.897 detox[460] [90mB[39m [33martifacts-manager[39m onRunDescribeFinish
  args: ({"name":"ROOT_DESCRIBE_BLOCK"})
11:04:36.898 detox[460] [90mE[39m [33martifacts-manager[39m onRunDescribeFinish
11:04:36.898 detox[460] [90mE[39m [33mlifecycle[39m run the tests
11:04:36.914 detox[460] [90mB[39m [33mlifecycle[39m tear down environment
11:04:36.915 detox[460] [90mB[39m [33martifacts-manager[39m onBeforeCleanup
  args: ()
11:04:36.926 detox[460] [90mi[39m [33mchild-process[39m[90m:EXEC_SUCCESS[39m /sdcard/1105664_0.log: 1 file pulled, 0 skipped. 0.8 MB/s (32768 bytes in 0.042s)

11:04:36.927 detox[460] [90mi[39m [33mchild-process[39m[90m:EXEC_CMD[39m "C:\Users\carus\AppData\Local\Android\Sdk\platform-tools\adb.EXE" -s emulator-15632 shell "rm  \"/sdcard/1105664_0.log\""
11:04:36.969 detox[460] [90mi[39m [33mchild-process[39m[90m:EXEC_SUCCESS[39m 
11:04:36.970 detox[460] [90mi[39m [33martifact[39m[90m:ARTIFACT_SAVE[39m saving ADBScreencapRecording to: artifacts\android.emu.debug.2025-11-14 16-00-54Z\✗ Autenticación - Flujo completo en un solo test ejecuta login, validaciones, negativos, persistencia y logout\testStart.png
11:04:36.970 detox[460] [90mi[39m [33mchild-process[39m[90m:EXEC_CMD[39m "C:\Users\carus\AppData\Local\Android\Sdk\platform-tools\adb.EXE" -s emulator-15632 pull "/sdcard/1105664_1.png" "artifacts\android.emu.debug.2025-11-14 16-00-54Z\✗ Autenticación - Flujo completo en un solo test ejecuta login, validaciones, negativos, persistencia y logout\testStart.png"
11:04:37.049 detox[460] [90mi[39m [33mchild-process[39m[90m:EXEC_SUCCESS[39m /sdcard/1105664_1.png: 1 file pulled, 0 skipped. 41.1 MB/s (1365737 bytes in 0.032s)

11:04:37.050 detox[460] [90mi[39m [33mchild-process[39m[90m:EXEC_CMD[39m "C:\Users\carus\AppData\Local\Android\Sdk\platform-tools\adb.EXE" -s emulator-15632 shell "rm  \"/sdcard/1105664_1.png\""
11:04:37.092 detox[460] [90mi[39m [33mchild-process[39m[90m:EXEC_SUCCESS[39m 
11:04:37.093 detox[460] [90mi[39m [33martifact[39m[90m:ARTIFACT_SAVE[39m saving ADBScreencapRecording to: artifacts\android.emu.debug.2025-11-14 16-00-54Z\✗ Autenticación - Flujo completo en un solo test ejecuta login, validaciones, negativos, persistencia y logout\testFnFailure.png
11:04:37.093 detox[460] [90mi[39m [33mchild-process[39m[90m:EXEC_CMD[39m "C:\Users\carus\AppData\Local\Android\Sdk\platform-tools\adb.EXE" -s emulator-15632 pull "/sdcard/1105664_4.png" "artifacts\android.emu.debug.2025-11-14 16-00-54Z\✗ Autenticación - Flujo completo en un solo test ejecuta login, validaciones, negativos, persistencia y logout\testFnFailure.png"
11:04:37.154 detox[460] [90mi[39m [33mchild-process[39m[90m:EXEC_SUCCESS[39m /sdcard/1105664_4.png: 1 file pulled, 0 skipped. 131.2 MB/s (1365737 bytes in 0.010s)

11:04:37.154 detox[460] [90mi[39m [33mchild-process[39m[90m:EXEC_CMD[39m "C:\Users\carus\AppData\Local\Android\Sdk\platform-tools\adb.EXE" -s emulator-15632 shell "rm  \"/sdcard/1105664_4.png\""
11:04:37.199 detox[460] [90mi[39m [33mchild-process[39m[90m:EXEC_SUCCESS[39m 
11:04:37.200 detox[460] [90mi[39m [33martifact[39m[90m:ARTIFACT_SAVE[39m saving ADBScreencapRecording to: artifacts\android.emu.debug.2025-11-14 16-00-54Z\✗ Autenticación - Flujo completo en un solo test ejecuta login, validaciones, negativos, persistencia y logout\testDone.png
11:04:37.200 detox[460] [90mi[39m [33mchild-process[39m[90m:EXEC_CMD[39m "C:\Users\carus\AppData\Local\Android\Sdk\platform-tools\adb.EXE" -s emulator-15632 pull "/sdcard/1105664_5.png" "artifacts\android.emu.debug.2025-11-14 16-00-54Z\✗ Autenticación - Flujo completo en un solo test ejecuta login, validaciones, negativos, persistencia y logout\testDone.png"
11:04:37.264 detox[460] [90mi[39m [33mchild-process[39m[90m:EXEC_SUCCESS[39m /sdcard/1105664_5.png: 1 file pulled, 0 skipped. 130.8 MB/s (1365737 bytes in 0.010s)

11:04:37.264 detox[460] [90mi[39m [33mchild-process[39m[90m:EXEC_CMD[39m "C:\Users\carus\AppData\Local\Android\Sdk\platform-tools\adb.EXE" -s emulator-15632 shell "rm  \"/sdcard/1105664_5.png\""
11:04:37.307 detox[460] [90mi[39m [33mchild-process[39m[90m:EXEC_SUCCESS[39m 
11:04:37.308 detox[460] [90mi[39m [33martifact[39m[90m:ARTIFACT_SAVE[39m saving FileArtifact to: artifacts\android.emu.debug.2025-11-14 16-00-54Z\detox_pid_460.json.log { append: true }
11:04:37.308 detox[460] [90mi[39m [33martifact[39m[90m:ARTIFACT_SAVE[39m saving FileArtifact to: artifacts\android.emu.debug.2025-11-14 16-00-54Z\detox_pid_460.log { append: true }
11:04:37.308 detox[460] [90mE[39m [33martifacts-manager[39m onBeforeCleanup
11:04:37.310 detox[18384] [90mi[39m [33mws-server[39m tester exited session 59e0c3da-e792-b21e-22ab-a8c41baceb35
11:04:37.310 detox[18384] [90mE[39m [33mws-server[39m[33m@63792[39m connection :63788<->:63792
11:04:37.311 detox[18384] [90mi[39m [33mipc[39m received event of :  deallocateDevice {
  deviceCookie: {
    id: 'emulator-15632',
    adbName: 'emulator-15632',
    name: 'emulator-15632 (Pixel_6_API34)'
  }
}
11:04:37.311 detox[18384] [90mB[39m [33mdevice[39m[33m@0[39m free: emulator-15632
  data: {}
11:04:37.311 detox[460] [90mi[39m [33mipc[39m dispatching event to  primary-18384 /tmp/detox.primary-18384  :  deallocateDevice , {
  deviceCookie: {
    id: 'emulator-15632',
    adbName: 'emulator-15632',
    name: 'emulator-15632 (Pixel_6_API34)'
  }
}
11:04:37.315 detox[18384] [90mE[39m [33mdevice[39m[33m@0[39m free: emulator-15632
11:04:37.315 detox[18384] [90mi[39m [33mipc[39m dispatching event to socket  :  deallocateDeviceDone {}
11:04:37.316 detox[460] [90mi[39m [33mipc[39m ## received events ##
11:04:37.316 detox[460] [90mi[39m [33mipc[39m detected event deallocateDeviceDone {}
11:04:37.317 detox[18384] [90mi[39m [33mipc[39m socket disconnected secondary-460
11:04:37.317 detox[460] [90mi[39m [33mipc[39m connection closed primary-18384 /tmp/detox.primary-18384 0 tries remaining of 0
11:04:37.317 detox[460] [90mi[39m [33mipc[39m secondary-460 exceeded connection rety amount of  or stopRetrying flag set.
11:04:37.318 detox[460] [90mE[39m [33mlifecycle[39m tear down environment
11:04:37.318 detox[460] [90mE[39m [33mlifecycle[39m e2e\auth.fullflow.e2e.test.js
11:04:37.342 detox[18384] [90mE[39m [33mlifecycle[39m Command failed with exit code = 1:
DETOX_CONFIGURATION="android.emu.debug" DETOX_LOGLEVEL="trace" DETOX_RECORD_LOGS="all" DETOX_RECORD_VIDEOS="all" DETOX_TAKE_SCREENSHOTS="all" jest --config e2e/jest.config.js e2e/auth.fullflow.e2e.test.js
11:04:37.343 detox[18384] [90mB[39m [33mdevice[39m cleanup
  args: ()
11:04:37.346 detox[18384] [90mE[39m [33mdevice[39m cleanup
11:04:37.347 detox[18384] [90mi[39m [33mws-server[39m Detox server has been closed gracefully
11:04:37.348 detox[18384] [90mE[39m [33mlifecycle[39m node_modules\detox\local-cli\cli.js test --configuration android.emu.debug --config e2e/jest.config.js --record-logs all --record-videos all --take-screenshots all -l trace e2e/auth.fullflow.e2e.test.js
