21:00:02.230 detox[21316] [90mB[39m [33mlifecycle[39m node_modules\detox\local-cli\cli.js test --configuration android.emu.debug --config e2e/jest.config.js --record-logs all --record-videos all --take-screenshots all -l trace e2e/auth.fullflow.e2e.test.js
  data: {
    "id": "c310643f-44e1-6220-5855-b6f32c75125d",
    "detoxConfig": {
      "configurationName": "android.emu.debug",
      "apps": {
        "default": {
          "type": "android.apk",
          "binaryPath": "android/app/build/outputs/apk/debug/app-debug.apk",
          "testBinaryPath": "android/app/build/outputs/apk/androidTest/debug/app-debug-androidTest.apk",
          "build": "cmd /C D:\\SeguridadAPP\\SeguridadCiudadanaApp\\android\\gradlew.bat -p D:\\SeguridadAPP\\SeguridadCiudadanaApp\\android assembleDebug assembleAndroidTest -DtestBuildType=debug"
        }
      },
      "artifacts": {
        "rootDir": "artifacts\\android.emu.debug.2025-11-14 02-00-02Z",
        "plugins": {
          "log": {
            "enabled": true,
            "keepOnlyFailedTestsArtifacts": false
          },
          "screenshot": {
            "enabled": true,
            "shouldTakeAutomaticSnapshots": true,
            "keepOnlyFailedTestsArtifacts": false
          },
          "video": {
            "enabled": true,
            "keepOnlyFailedTestsArtifacts": false
          },
          "instruments": {
            "enabled": false,
            "keepOnlyFailedTestsArtifacts": false
          },
          "uiHierarchy": {
            "enabled": false,
            "keepOnlyFailedTestsArtifacts": false
          }
        },
        "pathBuilder": {
          "rootDir": "artifacts"
        }
      },
      "behavior": {
        "init": {
          "keepLockFile": false,
          "reinstallApp": true,
          "exposeGlobals": true
        },
        "cleanup": {
          "shutdownDevice": false
        },
        "launchApp": "auto"
      },
      "cli": {
        "recordLogs": "all",
        "takeScreenshots": "all",
        "recordVideos": "all",
        "configuration": "android.emu.debug",
        "loglevel": "trace",
        "start": true
      },
      "commands": [
        {
          "appName": "default",
          "build": "cmd /C D:\\SeguridadAPP\\SeguridadCiudadanaApp\\android\\gradlew.bat -p D:\\SeguridadAPP\\SeguridadCiudadanaApp\\android assembleDebug assembleAndroidTest -DtestBuildType=debug"
        }
      ],
      "device": {
        "type": "android.emulator",
        "device": {
          "avdName": "Pixel_6_API34"
        }
      },
      "logger": {
        "level": "trace",
        "overrideConsole": true,
        "options": {
          "showLoggerName": true,
          "showPid": true,
          "showLevel": false,
          "showMetadata": false,
          "basepath": "D:\\SeguridadAPP\\SeguridadCiudadanaApp\\node_modules\\detox\\src",
          "prefixers": {},
          "stringifiers": {}
        }
      },
      "testRunner": {
        "retries": 0,
        "forwardEnv": true,
        "detached": false,
        "bail": false,
        "noRetryArgs": [
          "shard"
        ],
        "jest": {
          "setupTimeout": 300000,
          "teardownTimeout": 30000,
          "retryAfterCircusRetries": false,
          "reportWorkerAssign": true
        },
        "args": {
          "$0": "jest",
          "_": [
            "e2e/auth.fullflow.e2e.test.js"
          ],
          "config": "e2e/jest.config.js",
          "--": []
        }
      },
      "session": {
        "autoStart": true,
        "debugSynchronization": 10000
      }
    },
    "detoxIPCServer": "primary-21316",
    "testResults": [],
    "testSessionIndex": 0,
    "workersCount": 0
  }
21:00:02.253 detox[21316] [90mi[39m [33mipc[39m Server path not specified, so defaulting to ipc.config.socketRoot + ipc.config.appspace + ipc.config.id /tmp/detox.primary-21316
21:00:02.256 detox[21316] [90mi[39m [33mipc[39m starting server on  /tmp/detox.primary-21316 
21:00:02.256 detox[21316] [90mi[39m [33mipc[39m starting TLS server false
21:00:02.257 detox[21316] [90mi[39m [33mipc[39m starting server as Unix || Windows Socket
21:00:02.260 detox[21316] [90mi[39m [33mws-server[39m Detox server listening on localhost:61305...
21:00:02.265 detox[21316] [90mi[39m [33mlifecycle[39m Serialized the session state at: C:\Users\carus\AppData\Local\Temp\c310643f-44e1-6220-5855-b6f32c75125d.detox.json
21:00:02.268 detox[21316] [90mB[39m [33mlifecycle[39m DETOX_CONFIGURATION="android.emu.debug" DETOX_LOGLEVEL="trace" DETOX_RECORD_LOGS="all" DETOX_RECORD_VIDEOS="all" DETOX_TAKE_SCREENSHOTS="all" jest --config e2e/jest.config.js e2e/auth.fullflow.e2e.test.js
21:00:03.332 detox[3656] [90mB[39m [33mlifecycle[39m e2e\auth.fullflow.e2e.test.js
21:00:03.370 detox[3656] [90mB[39m [33mlifecycle[39m set up environment
21:00:03.391 detox[3656] [90mi[39m [33mipc[39m Service path not specified, so defaulting to ipc.config.socketRoot + ipc.config.appspace + id 
21:00:03.392 detox[3656] [90mi[39m [33mipc[39m requested connection to  primary-21316 /tmp/detox.primary-21316
21:00:03.392 detox[3656] [90mi[39m [33mipc[39m Connecting client on Unix Socket : /tmp/detox.primary-21316
21:00:03.393 detox[21316] [90mi[39m [33mipc[39m ## socket connection to server detected ##
21:00:03.394 detox[3656] [90mi[39m [33mipc[39m retrying reset
21:00:03.396 detox[3656] [90mi[39m [33mipc[39m dispatching event to  primary-21316 /tmp/detox.primary-21316  :  registerContext , { id: 'secondary-3656' }
21:00:03.398 detox[21316] [90mi[39m [33mipc[39m received event of :  registerContext { id: 'secondary-3656' }
21:00:03.399 detox[21316] [90mi[39m [33mipc[39m dispatching event to socket  :  registerContextDone {
  testResults: [],
  testSessionIndex: 0,
  unsafe_earlyTeardown: undefined
}
21:00:03.400 detox[3656] [90mi[39m [33mipc[39m ## received events ##
21:00:03.401 detox[21316] [90mi[39m [33mipc[39m received event of :  registerWorker { workerId: 'w1' }
21:00:03.401 detox[3656] [90mi[39m [33mipc[39m detected event registerContextDone { testResults: [], testSessionIndex: 0 }
21:00:03.401 detox[3656] [90mi[39m [33mipc[39m dispatching event to  primary-21316 /tmp/detox.primary-21316  :  registerWorker , { workerId: 'w1' }
21:00:03.402 detox[21316] [90mi[39m [33mipc[39m dispatching event to socket  :  registerWorkerDone { workersCount: 1 }
21:00:03.402 detox[21316] [90mi[39m [33mipc[39m broadcasting event to all known sockets listening to  \\.\pipe\tmp-detox.primary-21316  :   sessionStateUpdate { workersCount: 1 }
21:00:03.403 detox[3656] [90mi[39m [33mipc[39m ## received events ##
21:00:03.403 detox[3656] [90mi[39m [33mipc[39m detected event registerWorkerDone { workersCount: 1 }
21:00:03.806 detox[3656] [90mi[39m [33mipc[39m ## received events ##
21:00:03.807 detox[3656] [90mi[39m [33mipc[39m detected event sessionStateUpdate { workersCount: 1 }
21:00:03.810 detox[21316] [90mB[39m [33mws-server[39m[33m@61308[39m connection :61305<->:61308
21:00:03.812 detox[3656] [90mi[39m [33mws-client[39m opened web socket to: ws://localhost:61305
21:00:03.815 detox[21316] [90mi[39m [33mws-server[39m[33m@61308[39m get
  data: {"type":"login","params":{"sessionId":"8ab8f6ad-cdf4-fd28-ce1a-0b301a865503","role":"tester"},"messageId":0}
21:00:03.815 detox[3656] [90mi[39m [33mws-client[39m send message
  data: {"type":"login","params":{"sessionId":"8ab8f6ad-cdf4-fd28-ce1a-0b301a865503","role":"tester"},"messageId":0}
21:00:03.816 detox[21316] [90mi[39m [33mws-server[39m created session 8ab8f6ad-cdf4-fd28-ce1a-0b301a865503
21:00:03.816 detox[21316] [90mi[39m [33mws-server[39m[33m@61308[39m send
  data: {
    "type": "loginSuccess",
    "params": {
      "testerConnected": true,
      "appConnected": false
    },
    "messageId": 0
  }
21:00:03.817 detox[21316] [90mi[39m [33mws-server[39m tester joined session 8ab8f6ad-cdf4-fd28-ce1a-0b301a865503
21:00:03.818 detox[3656] [90mi[39m [33mws-client[39m get message
  data: {"type":"loginSuccess","params":{"testerConnected":true,"appConnected":false},"messageId":0}
   
21:00:03.901 detox[21316] [90mi[39m [33mipc[39m received event of :  allocateDevice {
  deviceConfig: { type: 'android.emulator', device: { avdName: 'Pixel_6_API34' } }
}
21:00:03.901 detox[3656] [90mi[39m [33mipc[39m dispatching event to  primary-21316 /tmp/detox.primary-21316  :  allocateDevice , {
  deviceConfig: { type: 'android.emulator', device: { avdName: 'Pixel_6_API34' } }
}
21:00:03.962 detox[21316] [90mB[39m [33mdevice[39m init
  args: ()
21:00:03.967 detox[21316] [90mE[39m [33mdevice[39m init
21:00:03.967 detox[21316] [90mB[39m [33mdevice[39m[33m@0[39m allocate
  data: {
    "type": "android.emulator",
    "device": {
      "avdName": "Pixel_6_API34"
    }
  }
21:00:04.129 detox[21316] [90mi[39m [33mdevice[39m Detected emulator binary version { major: 36, minor: 2, patch: 12, toString: [Function: toString] }
21:00:04.131 detox[21316] [90mi[39m [33mchild-process[39m[90m:EXEC_CMD[39m "C:\Users\carus\AppData\Local\Android\Sdk\platform-tools\adb.EXE"  devices
21:00:04.159 detox[21316] [90mi[39m [33mchild-process[39m[90m:EXEC_SUCCESS[39m List of devices attached
emulator-17430	device


21:00:04.160 detox[21316] [90mi[39m [33mdevice[39m[90m:TELNET_CONNECTING[39m port: 17430, host: localhost
21:00:04.169 detox[21316] [90mi[39m [33mdevice[39m[90m:DEVICE_LOOKUP[39m Found a matching & free device emulator-17430
21:00:04.171 detox[21316] [90mi[39m [33mdevice[39m settled on emulator-17430 (Pixel_6_API34)
  data: {
    "id": "emulator-17430",
    "adbName": "emulator-17430",
    "name": "emulator-17430 (Pixel_6_API34)"
  }
21:00:04.171 detox[21316] [90mE[39m [33mdevice[39m[33m@0[39m allocate
21:00:04.172 detox[21316] [90mB[39m [33mdevice[39m[33m@0[39m post-allocate: emulator-17430
  data: {
    "id": "emulator-17430",
    "adbName": "emulator-17430",
    "name": "emulator-17430 (Pixel_6_API34)"
  }
21:00:04.172 detox[21316] [90mi[39m [33mchild-process[39m[90m:EXEC_CMD[39m "C:\Users\carus\AppData\Local\Android\Sdk\platform-tools\adb.EXE" -s emulator-17430 shell "getprop dev.bootcomplete"
21:00:04.215 detox[21316] [90mi[39m [33mchild-process[39m[90m:EXEC_SUCCESS[39m 1

21:00:04.215 detox[21316] [90mi[39m [33mchild-process[39m[90m:EXEC_CMD[39m "C:\Users\carus\AppData\Local\Android\Sdk\platform-tools\adb.EXE" -s emulator-17430 shell "getprop ro.build.version.sdk"
21:00:04.252 detox[21316] [90mi[39m [33mchild-process[39m[90m:EXEC_SUCCESS[39m 34

21:00:04.253 detox[21316] [90mi[39m [33mchild-process[39m[90m:EXEC_CMD[39m "C:\Users\carus\AppData\Local\Android\Sdk\platform-tools\adb.EXE" -s emulator-17430 shell "settings put global animator_duration_scale 0"
21:00:04.301 detox[21316] [90mi[39m [33mchild-process[39m[90m:EXEC_SUCCESS[39m 
21:00:04.301 detox[21316] [90mi[39m [33mchild-process[39m[90m:EXEC_CMD[39m "C:\Users\carus\AppData\Local\Android\Sdk\platform-tools\adb.EXE" -s emulator-17430 shell "settings put global window_animation_scale 0"
21:00:04.358 detox[21316] [90mi[39m [33mchild-process[39m[90m:EXEC_SUCCESS[39m 
21:00:04.358 detox[21316] [90mi[39m [33mchild-process[39m[90m:EXEC_CMD[39m "C:\Users\carus\AppData\Local\Android\Sdk\platform-tools\adb.EXE" -s emulator-17430 shell "settings put global transition_animation_scale 0"
21:00:04.405 detox[21316] [90mi[39m [33mchild-process[39m[90m:EXEC_SUCCESS[39m 
21:00:04.406 detox[21316] [90mi[39m [33mchild-process[39m[90m:EXEC_CMD[39m "C:\Users\carus\AppData\Local\Android\Sdk\platform-tools\adb.EXE" -s emulator-17430 shell "dumpsys power | grep \"^[ ]*m[UW].*=\""
21:00:04.494 detox[21316] [90mi[39m [33mchild-process[39m[90m:EXEC_SUCCESS[39m   mWakefulness=Awake
  mWakefulnessChanging=false
  mWakeLockSummary=0x0
  mWakeUpWhenPluggedOrUnpluggedConfig=false
  mWakeUpWhenPluggedOrUnpluggedInTheaterModeConfig=false
  mDreamsBatteryLevelMinimumWhenPoweredConfig=-1
  mDreamsBatteryLevelMinimumWhenNotPoweredConfig=15
  mScreenBrightnessOverrideFromWindowManager=NaN
  mUserActivityTimeoutOverrideFromWindowManager=-1
  mUserInactiveOverrideFromWindowManager=false
  mUserId=0
  mWakeLockSummary=0x0
  mUserInteractionBackoffMillis=60000

21:00:04.495 detox[21316] [90mE[39m [33mdevice[39m[33m@0[39m post-allocate: emulator-17430
21:00:04.495 detox[21316] [90mi[39m [33mipc[39m dispatching event to socket  :  allocateDeviceDone {
  deviceCookie: {
    id: 'emulator-17430',
    adbName: 'emulator-17430',
    name: 'emulator-17430 (Pixel_6_API34)'
  }
}
21:00:04.496 detox[3656] [90mi[39m [33mipc[39m ## received events ##
21:00:04.496 detox[3656] [90mi[39m [33mipc[39m detected event allocateDeviceDone {
  deviceCookie: {
    id: 'emulator-17430',
    adbName: 'emulator-17430',
    name: 'emulator-17430 (Pixel_6_API34)'
  }
}
21:00:04.547 detox[3656] [90mB[39m [33martifacts-manager[39m onBootDevice
  args: ({"deviceId":"emulator-17430"})
21:00:04.549 detox[3656] [90mE[39m [33martifacts-manager[39m onBootDevice
21:00:04.549 detox[3656] [90mB[39m [33mdevice[39m installUtilBinaries
  args: ()
21:00:04.550 detox[3656] [90mE[39m [33mdevice[39m installUtilBinaries
21:00:04.550 detox[3656] [90mB[39m [33mdevice[39m selectApp
  args: ("default")
21:00:04.554 detox[3656] [90mi[39m [33mchild-process[39m[90m:EXEC_CMD[39m "C:\Users\carus\AppData\Local\Android\Sdk\build-tools\36.1.0-rc1\aapt.EXE" dump badging "D:\SeguridadAPP\SeguridadCiudadanaApp\android\app\build\outputs\apk\debug\app-debug.apk"
21:00:04.582 detox[3656] [90mi[39m [33mchild-process[39m[90m:EXEC_SUCCESS[39m package: name='com.tuapp.seguritacapp' versionCode='1' versionName='1.0.0' platformBuildVersionName='15' platformBuildVersionCode='35' compileSdkVersion='35' compileSdkVersionCodename='15'
sdkVersion:'26'
targetSdkVersion:'34'
uses-permission: name='android.permission.SYSTEM_ALERT_WINDOW'
uses-permission: name='android.permission.ACCESS_COARSE_LOCATION'
uses-permission: name='android.permission.ACCESS_FINE_LOCATION'
uses-permission: name='android.permission.CAMERA'
uses-permission: name='android.permission.INTERNET'
uses-permission: name='android.permission.READ_EXTERNAL_STORAGE'
uses-permission: name='android.permission.RECORD_AUDIO'
uses-permission: name='android.permission.VIBRATE'
uses-permission: name='android.permission.WRITE_EXTERNAL_STORAGE'
uses-permission: name='android.permission.ACCESS_NETWORK_STATE'
uses-permission: name='android.permission.ACCESS_WIFI_STATE'
uses-permission: name='android.permission.READ_MEDIA_IMAGES'
uses-permission: name='android.permission.READ_MEDIA_VIDEO'
uses-permission: name='android.permission.READ_MEDIA_AUDIO'
uses-permission: name='android.permission.READ_MEDIA_VISUAL_USER_SELECTED'
uses-permission: name='android.permission.RECEIVE_BOOT_COMPLETED'
uses-permission: name='android.permission.POST_NOTIFICATIONS'
uses-permission: name='android.permission.USE_BIOMETRIC'
uses-permission: name='android.permission.USE_FINGERPRINT'
uses-permission: name='android.permission.WAKE_LOCK'
uses-permission: name='com.google.android.c2dm.permission.RECEIVE'
uses-permission: name='android.permission.FOREGROUND_SERVICE'
uses-permission: name='com.tuapp.seguritacapp.DYNAMIC_RECEIVER_NOT_EXPORTED_PERMISSION'
uses-permission: name='com.google.android.finsky.permission.BIND_GET_INSTALL_REFERRER_SERVICE'
uses-permission: name='com.google.android.providers.gsf.permission.READ_GSERVICES'
uses-permission: name='com.google.android.gms.permission.ACTIVITY_RECOGNITION'
uses-permission: name='com.sec.android.provider.badge.permission.READ'
uses-permission: name='com.sec.android.provider.badge.permission.WRITE'
uses-permission: name='com.htc.launcher.permission.READ_SETTINGS'
uses-permission: name='com.htc.launcher.permission.UPDATE_SHORTCUT'
uses-permission: name='com.sonyericsson.home.permission.BROADCAST_BADGE'
uses-permission: name='com.sonymobile.home.permission.PROVIDER_INSERT_BADGE'
uses-permission: name='com.anddoes.launcher.permission.UPDATE_COUNT'
uses-permission: name='com.majeur.launcher.permission.UPDATE_BADGE'
uses-permission: name='com.huawei.android.launcher.permission.CHANGE_BADGE'
uses-permission: name='com.huawei.android.launcher.permission.READ_SETTINGS'
uses-permission: name='com.huawei.android.launcher.permission.WRITE_SETTINGS'
uses-permission: name='android.permission.READ_APP_BADGE'
uses-permission: name='com.oppo.launcher.permission.READ_SETTINGS'
uses-permission: name='com.oppo.launcher.permission.WRITE_SETTINGS'
uses-permission: name='me.everything.badger.permission.BADGE_COUNT_READ'
uses-permission: name='me.everything.badger.permission.BADGE_COUNT_WRITE'
application-label:'SeguridadCiudadanaApp'
application-label-af:'SeguridadCiudadanaApp'
application-label-am:'SeguridadCiudadanaApp'
application-label-ar:'SeguridadCiudadanaApp'
application-label-as:'SeguridadCiudadanaApp'
application-label-az:'SeguridadCiudadanaApp'
application-label-be:'SeguridadCiudadanaApp'
application-label-bg:'SeguridadCiudadanaApp'
application-label-bn:'SeguridadCiudadanaApp'
application-label-bs:'SeguridadCiudadanaApp'
application-label-ca:'SeguridadCiudadanaApp'
application-label-cs:'SeguridadCiudadanaApp'
application-label-da:'SeguridadCiudadanaApp'
application-label-de:'SeguridadCiudadanaApp'
application-label-el:'SeguridadCiudadanaApp'
application-label-en-AU:'SeguridadCiudadanaApp'
application-label-en-CA:'SeguridadCiudadanaApp'
application-label-en-GB:'SeguridadCiudadanaApp'
application-label-en-IN:'SeguridadCiudadanaApp'
application-label-en-XC:'SeguridadCiudadanaApp'
application-label-es:'SeguridadCiudadanaApp'
application-label-es-419:'SeguridadCiudadanaApp'
application-label-es-ES:'SeguridadCiudadanaApp'
application-label-es-GT:'SeguridadCiudadanaApp'
application-label-es-US:'SeguridadCiudadanaApp'
application-label-et:'SeguridadCiudadanaApp'
application-label-eu:'SeguridadCiudadanaApp'
application-label-fa:'SeguridadCiudadanaApp'
application-label-fi:'SeguridadCiudadanaApp'
application-label-fr:'SeguridadCiudadanaApp'
application-label-fr-CA:'SeguridadCiudadanaApp'
application-label-gl:'SeguridadCiudadanaApp'
application-label-gu:'SeguridadCiudadanaApp'
application-label-he:'SeguridadCiudadanaApp'
application-label-hi:'SeguridadCiudadanaApp'
application-label-hr:'SeguridadCiudadanaApp'
application-label-hu:'SeguridadCiudadanaApp'
application-label-hy:'SeguridadCiudadanaApp'
application-label-id:'SeguridadCiudadanaApp'
application-label-in:'SeguridadCiudadanaApp'
application-label-is:'SeguridadCiudadanaApp'
application-label-it:'SeguridadCiudadanaApp'
application-label-iw:'SeguridadCiudadanaApp'
application-label-ja:'SeguridadCiudadanaApp'
application-label-ka:'SeguridadCiudadanaApp'
application-label-kk:'SeguridadCiudadanaApp'
application-label-km:'SeguridadCiudadanaApp'
application-label-kn:'SeguridadCiudadanaApp'
application-label-ko:'SeguridadCiudadanaApp'
application-label-ky:'SeguridadCiudadanaApp'
application-label-lo:'SeguridadCiudadanaApp'
application-label-lt:'SeguridadCiudadanaApp'
application-label-lv:'SeguridadCiudadanaApp'
application-label-mk:'SeguridadCiudadanaApp'
application-label-ml:'SeguridadCiudadanaApp'
application-label-mn:'SeguridadCiudadanaApp'
application-label-mr:'SeguridadCiudadanaApp'
application-label-ms:'SeguridadCiudadanaApp'
application-label-my:'SeguridadCiudadanaApp'
application-label-nb:'SeguridadCiudadanaApp'
application-label-ne:'SeguridadCiudadanaApp'
application-label-nl:'SeguridadCiudadanaApp'
application-label-or:'SeguridadCiudadanaApp'
application-label-pa:'SeguridadCiudadanaApp'
application-label-pl:'SeguridadCiudadanaApp'
application-label-pt:'SeguridadCiudadanaApp'
application-label-pt-BR:'SeguridadCiudadanaApp'
application-label-pt-PT:'SeguridadCiudadanaApp'
application-label-ro:'SeguridadCiudadanaApp'
application-label-ru:'SeguridadCiudadanaApp'
application-label-ru-RU:'SeguridadCiudadanaApp'
application-label-si:'SeguridadCiudadanaApp'
application-label-sk:'SeguridadCiudadanaApp'
application-label-sl:'SeguridadCiudadanaApp'
application-label-sq:'SeguridadCiudadanaApp'
application-label-sr:'SeguridadCiudadanaApp'
application-label-sr-Latn:'SeguridadCiudadanaApp'
application-label-sv:'SeguridadCiudadanaApp'
application-label-sw:'SeguridadCiudadanaApp'
application-label-ta:'SeguridadCiudadanaApp'
application-label-te:'SeguridadCiudadanaApp'
application-label-th:'SeguridadCiudadanaApp'
application-label-tl:'SeguridadCiudadanaApp'
application-label-tr:'SeguridadCiudadanaApp'
application-label-uk:'SeguridadCiudadanaApp'
application-label-ur:'SeguridadCiudadanaApp'
application-label-uz:'SeguridadCiudadanaApp'
application-label-vi:'SeguridadCiudadanaApp'
application-label-zh:'SeguridadCiudadanaApp'
application-label-zh-CN:'SeguridadCiudadanaApp'
application-label-zh-HK:'SeguridadCiudadanaApp'
application-label-zh-TW:'SeguridadCiudadanaApp'
application-label-zu:'SeguridadCiudadanaApp'
application-icon-120:'res/mipmap-anydpi-v26/ic_launcher.xml'
application-icon-160:'res/mipmap-anydpi-v26/ic_launcher.xml'
application-icon-240:'res/mipmap-anydpi-v26/ic_launcher.xml'
application-icon-320:'res/mipmap-anydpi-v26/ic_launcher.xml'
application-icon-480:'res/mipmap-anydpi-v26/ic_launcher.xml'
application-icon-640:'res/mipmap-anydpi-v26/ic_launcher.xml'
application-icon-65534:'res/mipmap-anydpi-v26/ic_launcher.xml'
application: label='SeguridadCiudadanaApp' icon='res/mipmap-anydpi-v26/ic_launcher.xml'
application-debuggable
launchable-activity: name='com.tuapp.seguritacapp.MainActivity'  label='' icon=''
uses-library-not-required:'org.apache.http.legacy'
uses-library-not-required:'androidx.camera.extensions.impl'
feature-group: label=''
  uses-gl-es: '0x20000'
  uses-feature: name='android.hardware.camera'
  uses-implied-feature: name='android.hardware.camera' reason='requested android.permission.CAMERA permission'
  uses-feature: name='android.hardware.faketouch'
  uses-implied-feature: name='android.hardware.faketouch' reason='default feature for all apps'
  uses-feature: name='android.hardware.location'
  uses-implied-feature: name='android.hardware.location' reason='requested android.permission.ACCESS_COARSE_LOCATION permission, and requested android.permission.ACCESS_FINE_LOCATION permission'
  uses-feature: name='android.hardware.microphone'
  uses-implied-feature: name='android.hardware.microphone' reason='requested android.permission.RECORD_AUDIO permission'
  uses-feature: name='android.hardware.screen.portrait'
  uses-implied-feature: name='android.hardware.screen.portrait' reason='one or more activities have specified a portrait orientation'
  uses-feature: name='android.hardware.wifi'
  uses-implied-feature: name='android.hardware.wifi' reason='requested android.permission.ACCESS_WIFI_STATE permission'
main
other-activities
other-receivers
other-services
supports-screens: 'small' 'normal' 'large' 'xlarge'
supports-any-density: 'true'
locales: '--_--' 'af' 'am' 'ar' 'as' 'az' 'be' 'bg' 'bn' 'bs' 'ca' 'cs' 'da' 'de' 'el' 'en-AU' 'en-CA' 'en-GB' 'en-IN' 'en-XC' 'es' 'es-419' 'es-ES' 'es-GT' 'es-US' 'et' 'eu' 'fa' 'fi' 'fr' 'fr-CA' 'gl' 'gu' 'he' 'hi' 'hr' 'hu' 'hy' 'id' 'in' 'is' 'it' 'iw' 'ja' 'ka' 'kk' 'km' 'kn' 'ko' 'ky' 'lo' 'lt' 'lv' 'mk' 'ml' 'mn' 'mr' 'ms' 'my' 'nb' 'ne' 'nl' 'or' 'pa' 'pl' 'pt' 'pt-BR' 'pt-PT' 'ro' 'ru' 'ru-RU' 'si' 'sk' 'sl' 'sq' 'sr' 'sr-Latn' 'sv' 'sw' 'ta' 'te' 'th' 'tl' 'tr' 'uk' 'ur' 'uz' 'vi' 'zh' 'zh-CN' 'zh-HK' 'zh-TW' 'zu'
densities: '120' '160' '240' '320' '480' '640' '65534'
native-code: 'arm64-v8a' 'armeabi-v7a' 'x86' 'x86_64'

21:00:04.584 detox[3656] [90mE[39m [33mdevice[39m selectApp
21:00:04.585 detox[3656] [90mB[39m [33mdevice[39m uninstallApp
  args: ()
21:00:04.585 detox[3656] [90mB[39m [33martifacts-manager[39m onBeforeUninstallApp
  args: ({"deviceId":"emulator-17430","bundleId":"com.tuapp.seguritacapp"})
21:00:04.585 detox[3656] [90mE[39m [33martifacts-manager[39m onBeforeUninstallApp
21:00:04.586 detox[3656] [90mi[39m [33mchild-process[39m[90m:EXEC_CMD[39m "C:\Users\carus\AppData\Local\Android\Sdk\platform-tools\adb.EXE" -s emulator-17430 shell "pm list packages com.tuapp.seguritacapp"
21:00:04.633 detox[3656] [90mi[39m [33mchild-process[39m[90m:EXEC_SUCCESS[39m package:com.tuapp.seguritacapp
package:com.tuapp.seguritacapp.test

21:00:04.634 detox[3656] [90mi[39m [33mchild-process[39m[90m:EXEC_CMD[39m "C:\Users\carus\AppData\Local\Android\Sdk\platform-tools\adb.EXE" -s emulator-17430 uninstall com.tuapp.seguritacapp
21:00:04.867 detox[3656] [90mi[39m [33mchild-process[39m[90m:EXEC_SUCCESS[39m Success

21:00:04.868 detox[3656] [90mi[39m [33mchild-process[39m[90m:EXEC_CMD[39m "C:\Users\carus\AppData\Local\Android\Sdk\platform-tools\adb.EXE" -s emulator-17430 shell "pm list packages com.tuapp.seguritacapp.test"
21:00:04.951 detox[3656] [90mi[39m [33mchild-process[39m[90m:EXEC_SUCCESS[39m package:com.tuapp.seguritacapp.test

21:00:04.952 detox[3656] [90mi[39m [33mchild-process[39m[90m:EXEC_CMD[39m "C:\Users\carus\AppData\Local\Android\Sdk\platform-tools\adb.EXE" -s emulator-17430 uninstall com.tuapp.seguritacapp.test
21:00:05.149 detox[3656] [90mi[39m [33mchild-process[39m[90m:EXEC_SUCCESS[39m Success

21:00:05.150 detox[3656] [90mE[39m [33mdevice[39m uninstallApp
21:00:05.150 detox[3656] [90mB[39m [33mdevice[39m selectApp
  args: ("default")
21:00:05.151 detox[3656] [90mB[39m [33mdevice[39m terminateApp
  args: ()
21:00:05.152 detox[3656] [90mB[39m [33martifacts-manager[39m onBeforeTerminateApp
  args: ({"deviceId":"emulator-17430","bundleId":"com.tuapp.seguritacapp"})
21:00:05.152 detox[3656] [90mE[39m [33martifacts-manager[39m onBeforeTerminateApp
21:00:05.153 detox[3656] [90mi[39m [33mchild-process[39m[90m:EXEC_CMD[39m "C:\Users\carus\AppData\Local\Android\Sdk\platform-tools\adb.EXE" -s emulator-17430 shell "am force-stop com.tuapp.seguritacapp"
21:00:05.217 detox[3656] [90mi[39m [33mchild-process[39m[90m:EXEC_SUCCESS[39m 
21:00:05.218 detox[3656] [90mB[39m [33martifacts-manager[39m onTerminateApp
  args: ({"deviceId":"emulator-17430","bundleId":"com.tuapp.seguritacapp"})
21:00:05.218 detox[3656] [90mE[39m [33martifacts-manager[39m onTerminateApp
21:00:05.219 detox[3656] [90mE[39m [33mdevice[39m terminateApp
21:00:05.219 detox[3656] [90mE[39m [33mdevice[39m selectApp
21:00:05.219 detox[3656] [90mB[39m [33mdevice[39m installApp
  args: ()
21:00:05.220 detox[3656] [90mi[39m [33mchild-process[39m[90m:EXEC_CMD[39m "C:\Users\carus\AppData\Local\Android\Sdk\build-tools\36.1.0-rc1\aapt.EXE" dump xmlstrings "D:\SeguridadAPP\SeguridadCiudadanaApp\android\app\build\outputs\apk\debug\app-debug.apk" AndroidManifest.xml
21:00:05.245 detox[3656] [90mi[39m [33mchild-process[39m[90m:EXEC_SUCCESS[39m String pool of 249 unique UTF-16 non-sorted strings, 249 entries and 0 styles using 20308 bytes:
String #0: theme
String #1: label
String #2: icon
String #3: name
String #4: permission
String #5: protectionLevel
String #6: enabled
String #7: debuggable
String #8: exported
String #9: taskAffinity
String #10: excludeFromRecents
String #11: authorities
String #12: initOrder
String #13: grantUriPermissions
String #14: priority
String #15: launchMode
String #16: screenOrientation
String #17: configChanges
String #18: value
String #19: resource
String #20: mimeType
String #21: scheme
String #22: host
String #23: minSdkVersion
String #24: versionCode
String #25: versionName
String #26: windowSoftInputMode
String #27: noHistory
String #28: targetSdkVersion
String #29: allowBackup
String #30: glEsVersion
String #31: required
String #32: supportsRtl
String #33: extractNativeLibs
String #34: usesCleartextTraffic
String #35: directBootAware
String #36: roundIcon
String #37: compileSdkVersion
String #38: compileSdkVersionCodename
String #39: appComponentFactory
String #40: foregroundServiceType
String #41: requestLegacyExternalStorage
String #42: 
String #43: */*
String #44: 1.0.0
String #45: 15
String #46: AIzaSyBdVl-cTICSwYKrZ95SuvNw7dbMuDt1KG0
String #47: ALWAYS
String #48: action
String #49: activity
String #50: android
String #51: android.intent.action.ACTION_POWER_CONNECTED
String #52: android.intent.action.ACTION_POWER_DISCONNECTED
String #53: android.intent.action.BATTERY_LOW
String #54: android.intent.action.BATTERY_OKAY
String #55: android.intent.action.BOOT_COMPLETED
String #56: android.intent.action.DEVICE_STORAGE_LOW
String #57: android.intent.action.DEVICE_STORAGE_OK
String #58: android.intent.action.GET_CONTENT
String #59: android.intent.action.MAIN
String #60: android.intent.action.MY_PACKAGE_REPLACED
String #61: android.intent.action.OPEN_DOCUMENT_TREE
String #62: android.intent.action.QUICKBOOT_POWERON
String #63: android.intent.action.REBOOT
String #64: android.intent.action.SEND
String #65: android.intent.action.TIMEZONE_CHANGED
String #66: android.intent.action.TIME_SET
String #67: android.intent.action.VIEW
String #68: android.intent.category.BROWSABLE
String #69: android.intent.category.DEFAULT
String #70: android.intent.category.LAUNCHER
String #71: android.intent.category.OPENABLE
String #72: android.media.action.ACTION_VIDEO_CAPTURE
String #73: android.media.action.IMAGE_CAPTURE
String #74: android.net.conn.CONNECTIVITY_CHANGE
String #75: android.permission.ACCESS_COARSE_LOCATION
String #76: android.permission.ACCESS_FINE_LOCATION
String #77: android.permission.ACCESS_NETWORK_STATE
String #78: android.permission.ACCESS_WIFI_STATE
String #79: android.permission.BIND_JOB_SERVICE
String #80: android.permission.CAMERA
String #81: android.permission.DUMP
String #82: android.permission.FOREGROUND_SERVICE
String #83: android.permission.INTERNET
String #84: android.permission.POST_NOTIFICATIONS
String #85: android.permission.READ_APP_BADGE
String #86: android.permission.READ_EXTERNAL_STORAGE
String #87: android.permission.READ_MEDIA_AUDIO
String #88: android.permission.READ_MEDIA_IMAGES
String #89: android.permission.READ_MEDIA_VIDEO
String #90: android.permission.READ_MEDIA_VISUAL_USER_SELECTED
String #91: android.permission.RECEIVE_BOOT_COMPLETED
String #92: android.permission.RECORD_AUDIO
String #93: android.permission.SYSTEM_ALERT_WINDOW
String #94: android.permission.USE_BIOMETRIC
String #95: android.permission.USE_FINGERPRINT
String #96: android.permission.VIBRATE
String #97: android.permission.WAKE_LOCK
String #98: android.permission.WRITE_EXTERNAL_STORAGE
String #99: android.support.FILE_PROVIDER_PATHS
String #100: android.support.customtabs.action.CustomTabsService
String #101: androidx.camera.camera2.Camera2Config$DefaultProvider
String #102: androidx.camera.core.impl.MetadataHolderService
String #103: androidx.camera.core.impl.MetadataHolderService.DEFAULT_CONFIG_PROVIDER
String #104: androidx.camera.extensions.action.VENDOR_ACTION
String #105: androidx.camera.extensions.impl
String #106: androidx.core.app.CoreComponentFactory
String #107: androidx.emoji2.text.EmojiCompatInitializer
String #108: androidx.lifecycle.ProcessLifecycleInitializer
String #109: androidx.profileinstaller.ProfileInstallReceiver
String #110: androidx.profileinstaller.ProfileInstallerInitializer
String #111: androidx.profileinstaller.action.BENCHMARK_OPERATION
String #112: androidx.profileinstaller.action.INSTALL_PROFILE
String #113: androidx.profileinstaller.action.SAVE_PROFILE
String #114: androidx.profileinstaller.action.SKIP_FILE
String #115: androidx.room.MultiInstanceInvalidationService
String #116: androidx.startup
String #117: androidx.startup.InitializationProvider
String #118: androidx.work.WorkManagerInitializer
String #119: androidx.work.diagnostics.REQUEST_DIAGNOSTICS
String #120: androidx.work.impl.background.systemalarm.ConstraintProxy$BatteryChargingProxy
String #121: androidx.work.impl.background.systemalarm.ConstraintProxy$BatteryNotLowProxy
String #122: androidx.work.impl.background.systemalarm.ConstraintProxy$NetworkStateProxy
String #123: androidx.work.impl.background.systemalarm.ConstraintProxy$StorageNotLowProxy
String #124: androidx.work.impl.background.systemalarm.ConstraintProxyUpdateReceiver
String #125: androidx.work.impl.background.systemalarm.RescheduleReceiver
String #126: androidx.work.impl.background.systemalarm.SystemAlarmService
String #127: androidx.work.impl.background.systemalarm.UpdateProxies
String #128: androidx.work.impl.background.systemjob.SystemJobService
String #129: androidx.work.impl.diagnostics.DiagnosticsReceiver
String #130: androidx.work.impl.foreground.SystemForegroundService
String #131: androidx.work.impl.utils.ForceStopRunnable$BroadcastReceiver
String #132: application
String #133: backend:com.google.android.datatransport.cct.CctBackendFactory
String #134: category
String #135: cct
String #136: com.anddoes.launcher.permission.UPDATE_COUNT
String #137: com.canhub.cropper.CropFileProvider
String #138: com.canhub.cropper.CropImageActivity
String #139: com.facebook.react.devsupport.DevSettingsActivity
String #140: com.facebook.soloader.enabled
String #141: com.google.android.apps.maps
String #142: com.google.android.c2dm.intent.RECEIVE
String #143: com.google.android.c2dm.permission.RECEIVE
String #144: com.google.android.c2dm.permission.SEND
String #145: com.google.android.datatransport.runtime.backends.TransportBackendDiscovery
String #146: com.google.android.datatransport.runtime.scheduling.jobscheduling.AlarmManagerSchedulerBroadcastReceiver
String #147: com.google.android.datatransport.runtime.scheduling.jobscheduling.JobInfoSchedulerService
String #148: com.google.android.finsky.permission.BIND_GET_INSTALL_REFERRER_SERVICE
String #149: com.google.android.geo.API_KEY
String #150: com.google.android.gms.cloudmessaging.FINISHED_AFTER_HANDLED
String #151: com.google.android.gms.common.api.GoogleApiActivity
String #152: com.google.android.gms.metadata.MODULE_DEPENDENCIES
String #153: com.google.android.gms.metadata.ModuleDependencies
String #154: com.google.android.gms.permission.ACTIVITY_RECOGNITION
String #155: com.google.android.gms.version
String #156: com.google.android.providers.gsf.permission.READ_GSERVICES
String #157: com.google.firebase.MESSAGING_EVENT
String #158: com.google.firebase.components.ComponentDiscoveryService
String #159: com.google.firebase.components.ComponentRegistrar
String #160: com.google.firebase.components:com.google.firebase.FirebaseCommonKtxRegistrar
String #161: com.google.firebase.components:com.google.firebase.datatransport.TransportRegistrar
String #162: com.google.firebase.components:com.google.firebase.installations.FirebaseInstallationsKtxRegistrar
String #163: com.google.firebase.components:com.google.firebase.installations.FirebaseInstallationsRegistrar
String #164: com.google.firebase.components:com.google.firebase.ktx.FirebaseCommonLegacyRegistrar
String #165: com.google.firebase.components:com.google.firebase.messaging.FirebaseMessagingKtxRegistrar
String #166: com.google.firebase.components:com.google.firebase.messaging.FirebaseMessagingRegistrar
String #167: com.google.firebase.components:com.google.mlkit.common.internal.CommonComponentRegistrar
String #168: com.google.firebase.components:com.google.mlkit.vision.barcode.internal.BarcodeRegistrar
String #169: com.google.firebase.components:com.google.mlkit.vision.common.internal.VisionCommonRegistrar
String #170: com.google.firebase.iid.FirebaseInstanceIdReceiver
String #171: com.google.firebase.messaging.FirebaseMessagingService
String #172: com.google.firebase.provider.FirebaseInitProvider
String #173: com.google.mlkit.common.internal.MlKitComponentDiscoveryService
String #174: com.google.mlkit.common.internal.MlKitInitProvider
String #175: com.htc.intent.action.QUICKBOOT_POWERON
String #176: com.htc.launcher.permission.READ_SETTINGS
String #177: com.htc.launcher.permission.UPDATE_SHORTCUT
String #178: com.huawei.android.launcher.permission.CHANGE_BADGE
String #179: com.huawei.android.launcher.permission.READ_SETTINGS
String #180: com.huawei.android.launcher.permission.WRITE_SETTINGS
String #181: com.majeur.launcher.permission.UPDATE_BADGE
String #182: com.oppo.launcher.permission.READ_SETTINGS
String #183: com.oppo.launcher.permission.WRITE_SETTINGS
String #184: com.reactnativecommunity.webview.RNCWebViewFileProvider
String #185: com.sec.android.provider.badge.permission.READ
String #186: com.sec.android.provider.badge.permission.WRITE
String #187: com.sonyericsson.home.permission.BROADCAST_BADGE
String #188: com.sonymobile.home.permission.PROVIDER_INSERT_BADGE
String #189: com.tuapp.seguritacapp
String #190: com.tuapp.seguritacapp.DYNAMIC_RECEIVER_NOT_EXPORTED_PERMISSION
String #191: com.tuapp.seguritacapp.FileSystemFileProvider
String #192: com.tuapp.seguritacapp.ImagePickerFileProvider
String #193: com.tuapp.seguritacapp.MainActivity
String #194: com.tuapp.seguritacapp.MainApplication
String #195: com.tuapp.seguritacapp.SharingFileProvider
String #196: com.tuapp.seguritacapp.androidx-startup
String #197: com.tuapp.seguritacapp.cropper.fileprovider
String #198: com.tuapp.seguritacapp.fileprovider
String #199: com.tuapp.seguritacapp.firebaseinitprovider
String #200: com.tuapp.seguritacapp.mlkitinitprovider
String #201: data
String #202: exp+seguridadciudadanaapp
String #203: expo-dev-launcher
String #204: expo-dev-menu
String #205: expo-development-client
String #206: expo.modules.adapters.react.apploader.RNHeadlessAppLoader
String #207: expo.modules.devlauncher.launcher.DevLauncherActivity
String #208: expo.modules.devlauncher.launcher.errors.DevLauncherErrorActivity
String #209: expo.modules.devmenu.DevMenuActivity
String #210: expo.modules.filesystem.FileSystemFileProvider
String #211: expo.modules.imagepicker.fileprovider.ImagePickerFileProvider
String #212: expo.modules.location.services.LocationTaskService
String #213: expo.modules.notifications.NOTIFICATION_EVENT
String #214: expo.modules.notifications.service.ExpoFirebaseMessagingService
String #215: expo.modules.notifications.service.NotificationForwarderActivity
String #216: expo.modules.notifications.service.NotificationsService
String #217: expo.modules.sharing.SharingFileProvider
String #218: expo.modules.updates.ENABLED
String #219: expo.modules.updates.EXPO_UPDATES_CHECK_ON_LAUNCH
String #220: expo.modules.updates.EXPO_UPDATES_LAUNCH_WAIT_MS
String #221: host.exp.exponent
String #222: http://schemas.android.com/apk/res/android
String #223: https
String #224: intent
String #225: intent-filter
String #226: io.nlopez.smartlocation.activity.providers.ActivityGooglePlayServicesProvider$ActivityRecognitionService
String #227: io.nlopez.smartlocation.geocoding.providers.AndroidGeocodingProvider$AndroidGeocodingService
String #228: io.nlopez.smartlocation.geofencing.providers.GeofencingGooglePlayServicesProvider$GeofencingService
String #229: manifest
String #230: me.everything.badger.permission.BADGE_COUNT_READ
String #231: me.everything.badger.permission.BADGE_COUNT_WRITE
String #232: meta-data
String #233: org.apache.http.legacy
String #234: org.unimodules.core.AppLoader#react-native-headless
String #235: package
String #236: permission
String #237: photopicker_activity:0:required
String #238: platformBuildVersionCode
String #239: platformBuildVersionName
String #240: provider
String #241: queries
String #242: receiver
String #243: seguridadciudadanaapp
String #244: service
String #245: uses-feature
String #246: uses-library
String #247: uses-permission
String #248: uses-sdk

21:00:05.248 detox[3656] [90mi[39m [33mchild-process[39m[90m:EXEC_CMD[39m "C:\Users\carus\AppData\Local\Android\Sdk\build-tools\36.1.0-rc1\aapt.EXE" dump xmlstrings "D:\SeguridadAPP\SeguridadCiudadanaApp\android\app\build\outputs\apk\androidTest\debug\app-debug-androidTest.apk" AndroidManifest.xml
21:00:05.273 detox[3656] [90mi[39m [33mchild-process[39m[90m:EXEC_SUCCESS[39m String pool of 43 unique UTF-16 non-sorted strings, 43 entries and 0 styles using 2140 bytes:
String #0: theme
String #1: label
String #2: name
String #3: debuggable
String #4: exported
String #5: priority
String #6: targetPackage
String #7: handleProfiling
String #8: functionalTest
String #9: minSdkVersion
String #10: targetSdkVersion
String #11: extractNativeLibs
String #12: compileSdkVersion
String #13: compileSdkVersionCodename
String #14: 15
String #15: Tests for com.tuapp.seguritacapp
String #16: activity
String #17: android
String #18: android.intent.category.LAUNCHER
String #19: android.permission.REORDER_TASKS
String #20: android.test.runner
String #21: androidx.test.core.app.InstrumentationActivityInvoker$BootstrapActivity
String #22: androidx.test.core.app.InstrumentationActivityInvoker$EmptyActivity
String #23: androidx.test.core.app.InstrumentationActivityInvoker$EmptyFloatingActivity
String #24: androidx.test.orchestrator
String #25: androidx.test.services
String #26: application
String #27: category
String #28: com.google.android.apps.common.testing.services
String #29: com.tuapp.seguritacapp
String #30: com.tuapp.seguritacapp.test
String #31: com.wix.detox.DetoxJUnitRunner
String #32: http://schemas.android.com/apk/res/android
String #33: instrumentation
String #34: intent-filter
String #35: manifest
String #36: package
String #37: platformBuildVersionCode
String #38: platformBuildVersionName
String #39: queries
String #40: uses-library
String #41: uses-permission
String #42: uses-sdk

21:00:05.274 detox[3656] [90mi[39m [33mchild-process[39m[90m:EXEC_CMD[39m "C:\Users\carus\AppData\Local\Android\Sdk\platform-tools\adb.EXE" -s emulator-17430 shell "rm -fr /data/local/tmp/detox"
21:00:05.338 detox[3656] [90mi[39m [33mchild-process[39m[90m:EXEC_SUCCESS[39m 
21:00:05.338 detox[3656] [90mi[39m [33mchild-process[39m[90m:EXEC_CMD[39m "C:\Users\carus\AppData\Local\Android\Sdk\platform-tools\adb.EXE" -s emulator-17430 shell "mkdir -p /data/local/tmp/detox"
21:00:05.391 detox[3656] [90mi[39m [33mchild-process[39m[90m:EXEC_SUCCESS[39m 
21:00:05.392 detox[3656] [90mi[39m [33mchild-process[39m[90m:EXEC_CMD[39m "C:\Users\carus\AppData\Local\Android\Sdk\platform-tools\adb.EXE" -s emulator-17430 push "D:\SeguridadAPP\SeguridadCiudadanaApp\android\app\build\outputs\apk\debug\app-debug.apk" "/data/local/tmp/detox/Application.apk"
21:00:06.189 detox[3656] [90mi[39m [33mchild-process[39m[90m:EXEC_SUCCESS[39m D:\SeguridadAPP\SeguridadCiudadanaApp\android\app\build\outputs\apk\debug\app-debug.apk: 1 file pushed, 0 skipped. 242.4 MB/s (170876961 bytes in 0.672s)

21:00:06.189 detox[3656] [90mi[39m [33mchild-process[39m[90m:EXEC_CMD[39m "C:\Users\carus\AppData\Local\Android\Sdk\platform-tools\adb.EXE" -s emulator-17430 shell "getprop ro.build.version.sdk"
21:00:06.234 detox[3656] [90mi[39m [33mchild-process[39m[90m:EXEC_SUCCESS[39m 34

21:00:06.239 detox[3656] [90mi[39m [33mchild-process[39m[90m:SPAWN_CMD[39m C:\Users\carus\AppData\Local\Android\Sdk\platform-tools\adb.EXE -s emulator-17430 shell pm install -r -g -t /data/local/tmp/detox/Application.apk
21:00:07.484 detox[3656] [90mi[39m [33mchild-process[39m[90m:SPAWN_STDOUT[39m Success

21:00:07.488 detox[3656] [90mi[39m [33mchild-process[39m[90m:SPAWN_END[39m C:\Users\carus\AppData\Local\Android\Sdk\platform-tools\adb.EXE -s emulator-17430 shell pm install -r -g -t /data/local/tmp/detox/Application.apk exited with code #0
21:00:07.489 detox[3656] [90mi[39m [33mchild-process[39m[90m:EXEC_CMD[39m "C:\Users\carus\AppData\Local\Android\Sdk\platform-tools\adb.EXE" -s emulator-17430 push "D:\SeguridadAPP\SeguridadCiudadanaApp\android\app\build\outputs\apk\androidTest\debug\app-debug-androidTest.apk" "/data/local/tmp/detox/Test.apk"
21:00:07.544 detox[3656] [90mi[39m [33mchild-process[39m[90m:EXEC_SUCCESS[39m D:\SeguridadAPP\SeguridadCiudadanaApp\android\app\build\outputs\apk\androidTest\debug\app-debug-androidTest.apk: 1 file pushed, 0 skipped. 320.3 MB/s (4218863 bytes in 0.013s)

21:00:07.548 detox[3656] [90mi[39m [33mchild-process[39m[90m:SPAWN_CMD[39m C:\Users\carus\AppData\Local\Android\Sdk\platform-tools\adb.EXE -s emulator-17430 shell pm install -r -g -t /data/local/tmp/detox/Test.apk
21:00:07.814 detox[3656] [90mi[39m [33mchild-process[39m[90m:SPAWN_STDOUT[39m Success

21:00:07.817 detox[3656] [90mi[39m [33mchild-process[39m[90m:SPAWN_END[39m C:\Users\carus\AppData\Local\Android\Sdk\platform-tools\adb.EXE -s emulator-17430 shell pm install -r -g -t /data/local/tmp/detox/Test.apk exited with code #0
21:00:07.817 detox[3656] [90mE[39m [33mdevice[39m installApp
21:00:07.818 detox[3656] [90mB[39m [33mdevice[39m selectApp
  args: ("default")
21:00:07.818 detox[3656] [90mB[39m [33mdevice[39m terminateApp
  args: ()
21:00:07.818 detox[3656] [90mB[39m [33martifacts-manager[39m onBeforeTerminateApp
  args: ({"deviceId":"emulator-17430","bundleId":"com.tuapp.seguritacapp"})
21:00:07.819 detox[3656] [90mE[39m [33martifacts-manager[39m onBeforeTerminateApp
21:00:07.819 detox[3656] [90mi[39m [33mchild-process[39m[90m:EXEC_CMD[39m "C:\Users\carus\AppData\Local\Android\Sdk\platform-tools\adb.EXE" -s emulator-17430 shell "am force-stop com.tuapp.seguritacapp"
21:00:07.906 detox[3656] [90mi[39m [33mchild-process[39m[90m:EXEC_SUCCESS[39m 
21:00:07.906 detox[3656] [90mB[39m [33martifacts-manager[39m onTerminateApp
  args: ({"deviceId":"emulator-17430","bundleId":"com.tuapp.seguritacapp"})
21:00:07.906 detox[3656] [90mE[39m [33martifacts-manager[39m onTerminateApp
21:00:07.907 detox[3656] [90mE[39m [33mdevice[39m terminateApp
21:00:07.907 detox[3656] [90mE[39m [33mdevice[39m selectApp
21:00:07.907 detox[3656] [90mE[39m [33mlifecycle[39m set up environment
21:00:08.213 detox[3656] [90mi[39m [33mlifecycle[39m auth.fullflow.e2e.test.js is assigned to emulator-17430 (Pixel_6_API34)
21:00:08.214 detox[3656] [90mB[39m [33mlifecycle[39m run the tests
21:00:08.214 detox[3656] [90mB[39m [33martifacts-manager[39m onRunDescribeStart
  args: ({"name":"ROOT_DESCRIBE_BLOCK"})
21:00:08.215 detox[3656] [90mE[39m [33martifacts-manager[39m onRunDescribeStart
21:00:08.216 detox[3656] [90mB[39m [33mlifecycle[39m beforeAll
21:00:08.221 detox[3656] [90mB[39m [33mdevice[39m reverseTcpPort
  args: (8081)
21:00:08.221 detox[3656] [90mi[39m [33mchild-process[39m[90m:EXEC_CMD[39m "C:\Users\carus\AppData\Local\Android\Sdk\platform-tools\adb.EXE" -s emulator-17430 reverse tcp:8081 tcp:8081
21:00:08.256 detox[3656] [90mi[39m [33mchild-process[39m[90m:EXEC_SUCCESS[39m 
21:00:08.256 detox[3656] [90mE[39m [33mdevice[39m reverseTcpPort
21:00:08.257 detox[3656] [90mB[39m [33mdevice[39m launchApp
  args: ({"newInstance":true,"launchArgs":{"detoxEnableSynchronization":0},"url":"seguridadciudadanaapp://expo-development-client/?url=http%3A%2F%2F127.0.0.1%3A8081&role=ciudadano&disableBypass=1"})
21:00:08.258 detox[3656] [90mB[39m [33mdevice[39m terminateApp
  args: ("com.tuapp.seguritacapp")
21:00:08.258 detox[3656] [90mB[39m [33martifacts-manager[39m onBeforeTerminateApp
  args: ({"deviceId":"emulator-17430","bundleId":"com.tuapp.seguritacapp"})
21:00:08.258 detox[3656] [90mE[39m [33martifacts-manager[39m onBeforeTerminateApp
21:00:08.259 detox[3656] [90mi[39m [33mchild-process[39m[90m:EXEC_CMD[39m "C:\Users\carus\AppData\Local\Android\Sdk\platform-tools\adb.EXE" -s emulator-17430 shell "am force-stop com.tuapp.seguritacapp"
21:00:08.310 detox[3656] [90mi[39m [33mchild-process[39m[90m:EXEC_SUCCESS[39m 
21:00:08.311 detox[3656] [90mB[39m [33martifacts-manager[39m onTerminateApp
  args: ({"deviceId":"emulator-17430","bundleId":"com.tuapp.seguritacapp"})
21:00:08.311 detox[3656] [90mE[39m [33martifacts-manager[39m onTerminateApp
21:00:08.311 detox[3656] [90mE[39m [33mdevice[39m terminateApp
21:00:08.312 detox[3656] [90mB[39m [33martifacts-manager[39m onBeforeLaunchApp
  args: ({"deviceId":"emulator-17430","bundleId":"com.tuapp.seguritacapp","launchArgs":{"detoxServer":"ws://localhost:61305","detoxSessionId":"8ab8f6ad-cdf4-fd28-ce1a-0b301a865503","detoxEnableSynchronization":0,"detoxURLOverride":"seguridadciudadanaapp://expo-development-client/?url=http%3A%2F%2F127.0.0.1%3A8081&role=ciudadano&disableBypass=1"}})
21:00:08.313 detox[3656] [90mi[39m [33mchild-process[39m[90m:EXEC_CMD[39m "C:\Users\carus\AppData\Local\Android\Sdk\platform-tools\adb.EXE" -s emulator-17430 shell "date +\"%m-%d %T.000\""
21:00:08.358 detox[3656] [90mi[39m [33mchild-process[39m[90m:EXEC_SUCCESS[39m 11-14 02:00:07.000

21:00:08.359 detox[3656] [90mE[39m [33martifacts-manager[39m onBeforeLaunchApp
21:00:08.359 detox[3656] [90mi[39m [33mchild-process[39m[90m:EXEC_CMD[39m "C:\Users\carus\AppData\Local\Android\Sdk\platform-tools\adb.EXE" -s emulator-17430 reverse tcp:61305 tcp:61305
21:00:08.388 detox[3656] [90mi[39m [33mchild-process[39m[90m:EXEC_SUCCESS[39m 61305

21:00:08.389 detox[3656] [90mi[39m [33mchild-process[39m[90m:EXEC_CMD[39m "C:\Users\carus\AppData\Local\Android\Sdk\platform-tools\adb.EXE" -s emulator-17430 shell "pm list instrumentation"
21:00:08.432 detox[3656] [90mi[39m [33mchild-process[39m[90m:EXEC_SUCCESS[39m instrumentation:com.tuapp.seguritacapp.test/com.wix.detox.DetoxJUnitRunner (target=com.tuapp.seguritacapp)

21:00:08.437 detox[3656] [90mi[39m [33mchild-process[39m[90m:SPAWN_CMD[39m C:\Users\carus\AppData\Local\Android\Sdk\platform-tools\adb.EXE -s emulator-17430 shell am instrument -w -r -e detoxServer ws://localhost:61305 -e detoxSessionId 8ab8f6ad-cdf4-fd28-ce1a-0b301a865503 -e detoxEnableSynchronization 0 -e detoxURLOverride 'seguridadciudadanaapp://expo-development-client/?url=http%3A%2F%2F127.0.0.1%3A8081&role=ciudadano&disableBypass=1' -e debug false com.tuapp.seguritacapp.test/com.wix.detox.DetoxJUnitRunner
21:00:08.938 detox[3656] [90mi[39m [33mchild-process[39m[90m:EXEC_CMD[39m "C:\Users\carus\AppData\Local\Android\Sdk\platform-tools\adb.EXE" -s emulator-17430 shell "ps | grep \"com\.tuapp\.seguritacapp$\""
21:00:09.020 detox[3656] [90mi[39m [33mchild-process[39m[90m:EXEC_SUCCESS[39m u0_a208      11410   356   14408428  63928 0                   0 R com.tuapp.seguritacapp

21:00:09.020 detox[3656] [90mB[39m [33martifacts-manager[39m onLaunchApp
  args: ({"deviceId":"emulator-17430","bundleId":"com.tuapp.seguritacapp","launchArgs":{"detoxServer":"ws://localhost:61305","detoxSessionId":"8ab8f6ad-cdf4-fd28-ce1a-0b301a865503","detoxEnableSynchronization":0,"detoxURLOverride":"seguridadciudadanaapp://expo-development-client/?url=http%3A%2F%2F127.0.0.1%3A8081&role=ciudadano&disableBypass=1"},"pid":11410})
21:00:09.021 detox[3656] [90mi[39m [33martifact[39m[90m:ARTIFACT_START[39m starting ADBLogcatRecording
21:00:09.025 detox[3656] [90mi[39m [33mchild-process[39m[90m:SPAWN_CMD[39m C:\Users\carus\AppData\Local\Android\Sdk\platform-tools\adb.EXE -s emulator-17430 shell "logcat -T \"11-14 02:00:07.000\" --pid=11410 -f /sdcard/2103884_0.log"
21:00:09.026 detox[3656] [90mE[39m [33martifacts-manager[39m onLaunchApp
21:00:09.327 detox[3656] [90mi[39m [33mchild-process[39m[90m:EXEC_CMD[39m "C:\Users\carus\AppData\Local\Android\Sdk\platform-tools\adb.EXE" -s emulator-17430 shell du /sdcard/2103884_0.log
21:00:09.366 detox[3656] [90mi[39m [33mchild-process[39m[90m:EXEC_SUCCESS[39m 4	/sdcard/2103884_0.log

21:00:10.488 detox[3656] [90mi[39m [33mchild-process[39m[90m:SPAWN_STDOUT[39m INSTRUMENTATION_STATUS: class=com.tuapp.seguritacapp.DetoxTest
INSTRUMENTATION_STATUS: current=1
INSTRUMENTATION_STATUS: id=AndroidJUnitRunner
INSTRUMENTATION_STATUS: numtests=1
INSTRUMENTATION_STATUS: stream=
com.tuapp.seguritacapp.DetoxTest:
INSTRUMENTATION_STATUS: test=runDetoxTests
INSTRUMENTATION_STATUS_CODE: 1

21:00:10.539 detox[21316] [90mB[39m [33mws-server[39m[33m@61406[39m connection :61305<->:61406
21:00:10.543 detox[21316] [90mi[39m [33mws-server[39m[33m@61406[39m get
  data: {"messageId":0,"type":"login","params":{"role":"app","sessionId":"8ab8f6ad-cdf4-fd28-ce1a-0b301a865503"}}
21:00:10.544 detox[21316] [90mi[39m [33mws-server[39m[33m@61406[39m send
  data: {
    "messageId": 0,
    "type": "loginSuccess",
    "params": {
      "testerConnected": true,
      "appConnected": true
    }
  }
21:00:10.544 detox[21316] [90mi[39m [33mws-server[39m app joined session 8ab8f6ad-cdf4-fd28-ce1a-0b301a865503
21:00:10.544 detox[21316] [90mi[39m [33mws-server[39m[33m@61308[39m send
  data: {
    "type": "appConnected"
  }
21:00:10.545 detox[3656] [90mi[39m [33mws-client[39m get message
  data: {"type":"appConnected"}
   
21:00:10.547 detox[21316] [90mi[39m [33mws-server[39m[33m@61308[39m get
  data: {"type":"isReady","params":{},"messageId":-1000}
21:00:10.547 detox[21316] [90mi[39m [33mws-server[39m[33m@61406[39m send
  data: {
    "type": "isReady",
    "params": {},
    "messageId": -1000
  }
21:00:10.547 detox[3656] [90mi[39m [33mws-client[39m send message
  data: {"type":"isReady","params":{},"messageId":-1000}
21:00:16.199 detox[21316] [90mi[39m [33mws-server[39m[33m@61406[39m get
  data: {"messageId":-1000,"type":"ready","params":{}}
21:00:16.200 detox[21316] [90mi[39m [33mws-server[39m[33m@61308[39m send
  data: {
    "messageId": -1000,
    "type": "ready",
    "params": {}
  }
21:00:16.201 detox[3656] [90mi[39m [33mws-client[39m get message
  data: {"messageId":-1000,"type":"ready","params":{}}
   
21:00:16.201 detox[3656] [90mB[39m [33martifacts-manager[39m onAppReady
  args: ({"deviceId":"emulator-17430","bundleId":"com.tuapp.seguritacapp","pid":11410})
21:00:16.202 detox[3656] [90mE[39m [33martifacts-manager[39m onAppReady
21:00:16.202 detox[3656] [90mE[39m [33mdevice[39m launchApp
21:00:18.213 detox[3656] [90mB[39m [33mdevice[39m pressBack
  args: ()
21:00:18.215 detox[21316] [90mi[39m [33mws-server[39m[33m@61308[39m get
  data: {"type":"invoke","params":{"target":{"type":"Invocation","value":{"target":{"type":"Class","value":"com.wix.detox.uiautomator.UiAutomator"},"method":"uiDevice","args":[]}},"method":"pressBack","args":[]},"messageId":1}
21:00:18.215 detox[21316] [90mi[39m [33mws-server[39m[33m@61406[39m send
  data: {
    "type": "invoke",
    "params": {
      "target": {
        "type": "Invocation",
        "value": {
          "target": {
            "type": "Class",
            "value": "com.wix.detox.uiautomator.UiAutomator"
          },
          "method": "uiDevice",
          "args": []
        }
      },
      "method": "pressBack",
      "args": []
    },
    "messageId": 1
  }
21:00:18.215 detox[3656] [90mi[39m [33mws-client[39m send message
  data: {"type":"invoke","params":{"target":{"type":"Invocation","value":{"target":{"type":"Class","value":"com.wix.detox.uiautomator.UiAutomator"},"method":"uiDevice","args":[]}},"method":"pressBack","args":[]},"messageId":1}
21:00:18.828 detox[21316] [90mi[39m [33mws-server[39m[33m@61406[39m get
  data: {"messageId":1,"type":"invokeResult","params":{"result":true}}
21:00:18.828 detox[21316] [90mi[39m [33mws-server[39m[33m@61308[39m send
  data: {
    "messageId": 1,
    "type": "invokeResult",
    "params": {
      "result": true
    }
  }
21:00:18.829 detox[3656] [90mi[39m [33mws-client[39m get message
  data: {"messageId":1,"type":"invokeResult","params":{"result":true}}
   
21:00:18.830 detox[3656] [90mE[39m [33mdevice[39m pressBack
21:00:33.836 detox[3656] [90mE[39m [33mlifecycle[39m beforeAll
21:00:33.837 detox[3656] [90mB[39m [33mlifecycle[39m Autenticación - Flujo completo en un solo test
21:00:33.837 detox[3656] [90mB[39m [33martifacts-manager[39m onRunDescribeStart
  args: ({"name":"Autenticación - Flujo completo en un solo test"})
21:00:33.838 detox[3656] [90mE[39m [33martifacts-manager[39m onRunDescribeStart
21:00:33.839 detox[3656] [90mB[39m [33mlifecycle[39m ejecuta login, validaciones, negativos, persistencia y logout
21:00:33.839 detox[3656] [90mi[39m [33mlifecycle[39m Autenticación - Flujo completo en un solo test: ejecuta login, validaciones, negativos, persistencia y logout
21:00:33.841 detox[3656] [90mB[39m [33martifacts-manager[39m onTestStart
  args: ({"title":"ejecuta login, validaciones, negativos, persistencia y logout","fullName":"Autenticación - Flujo completo en un solo test ejecuta login, validaciones, negativos, persistencia y logout","status":"running","invocations":1})
21:00:33.842 detox[3656] [90mi[39m [33martifact[39m[90m:ARTIFACT_STOP[39m stopping ADBLogcatRecording
21:00:33.842 detox[3656] [90mi[39m [33martifact[39m[90m:ARTIFACT_START[39m starting ADBScreencapRecording
21:00:33.843 detox[3656] [90mi[39m [33mchild-process[39m[90m:EXEC_CMD[39m "C:\Users\carus\AppData\Local\Android\Sdk\platform-tools\adb.EXE" -s emulator-17430 shell "screencap /sdcard/2103884_1.png"
21:00:33.851 detox[3656] [90mi[39m [33martifact[39m[90m:ARTIFACT_START[39m starting ADBVideoRecording
21:00:33.855 detox[3656] [90mi[39m [33mchild-process[39m[90m:SPAWN_CMD[39m C:\Users\carus\AppData\Local\Android\Sdk\platform-tools\adb.EXE -s emulator-17430 shell screenrecord /sdcard/2103884_2.mp4
21:00:33.856 detox[3656] [90mi[39m [33mchild-process[39m[90m:EXEC_CMD[39m "C:\Users\carus\AppData\Local\Android\Sdk\platform-tools\adb.EXE" -s emulator-17430 shell "date +\"%m-%d %T.000\""
21:00:33.924 detox[3656] [90mi[39m [33mchild-process[39m[90m:EXEC_SUCCESS[39m 11-14 02:00:33.000

21:00:33.932 detox[3656] [90mi[39m [33mchild-process[39m[90m:SPAWN_KILL[39m sending SIGINT to: C:\Users\carus\AppData\Local\Android\Sdk\platform-tools\adb.EXE -s emulator-17430 shell logcat -T "11-14 02:00:07.000" --pid=11410 -f /sdcard/2103884_0.log
21:00:33.935 detox[3656] [90mi[39m [33mchild-process[39m[90m:SPAWN_END[39m C:\Users\carus\AppData\Local\Android\Sdk\platform-tools\adb.EXE -s emulator-17430 shell "logcat -T \"11-14 02:00:07.000\" --pid=11410 -f /sdcard/2103884_0.log" terminated with SIGINT
21:00:33.935 detox[3656] [90mi[39m [33martifact[39m[90m:ARTIFACT_START[39m starting ADBLogcatRecording
21:00:33.940 detox[3656] [90mi[39m [33mchild-process[39m[90m:SPAWN_CMD[39m C:\Users\carus\AppData\Local\Android\Sdk\platform-tools\adb.EXE -s emulator-17430 shell "logcat -T \"11-14 02:00:33.000\" --pid=11410 -f /sdcard/2103884_3.log"
21:00:34.168 detox[3656] [90mi[39m [33mchild-process[39m[90m:EXEC_CMD[39m "C:\Users\carus\AppData\Local\Android\Sdk\platform-tools\adb.EXE" -s emulator-17430 shell du /sdcard/2103884_2.mp4
21:00:34.217 detox[3656] [90mi[39m [33mchild-process[39m[90m:EXEC_SUCCESS[39m 4	/sdcard/2103884_2.mp4

21:00:34.247 detox[3656] [90mi[39m [33mchild-process[39m[90m:EXEC_CMD[39m "C:\Users\carus\AppData\Local\Android\Sdk\platform-tools\adb.EXE" -s emulator-17430 shell du /sdcard/2103884_3.log
21:00:34.295 detox[3656] [90mi[39m [33mchild-process[39m[90m:EXEC_SUCCESS[39m 4	/sdcard/2103884_3.log

21:00:34.785 detox[3656] [90mi[39m [33mchild-process[39m[90m:EXEC_SUCCESS[39m 
21:00:34.786 detox[3656] [90mi[39m [33martifact[39m[90m:ARTIFACT_STOP[39m stopping ADBScreencapRecording
21:00:34.786 detox[3656] [90mE[39m [33martifacts-manager[39m onTestStart
21:00:34.786 detox[3656] [90mB[39m [33mlifecycle[39m beforeEach
21:00:34.787 detox[3656] [90mE[39m [33mlifecycle[39m beforeEach
21:00:34.787 detox[3656] [90mB[39m [33mlifecycle[39m test_fn
21:00:34.790 detox[21316] [90mi[39m [33mws-server[39m[33m@61308[39m get
  data: {"type":"invoke","params":{"target":{"type":"Class","value":"com.wix.detox.espresso.DetoxAssertion"},"method":"waitForAssertMatcher","args":[{"type":"Invocation","value":{"target":{"type":"Class","value":"androidx.test.espresso.Espresso"},"method":"onView","args":[{"type":"Invocation","value":{"target":{"type":"Class","value":"com.wix.detox.espresso.DetoxMatcher"},"method":"matcherForTestId","args":["login-email",{"type":"boolean","value":false}]}}]}},{"type":"Invocation","value":{"target":{"type":"Class","value":"com.wix.detox.espresso.DetoxMatcher"},"method":"matcherForSufficientlyVisible","args":[{"type":"Integer","value":75}]}},{"type":"Double","value":30}]},"messageId":2}
21:00:34.790 detox[21316] [90mi[39m [33mws-server[39m[33m@61406[39m send
  data: {
    "type": "invoke",
    "params": {
      "target": {
        "type": "Class",
        "value": "com.wix.detox.espresso.DetoxAssertion"
      },
      "method": "waitForAssertMatcher",
      "args": [
        {
          "type": "Invocation",
          "value": {
            "target": {
              "type": "Class",
              "value": "androidx.test.espresso.Espresso"
            },
            "method": "onView",
            "args": [
              {
                "type": "Invocation",
                "value": {
                  "target": {
                    "type": "Class",
                    "value": "com.wix.detox.espresso.DetoxMatcher"
                  },
                  "method": "matcherForTestId",
                  "args": [
                    "login-email",
                    {
                      "type": "boolean",
                      "value": false
                    }
                  ]
                }
              }
            ]
          }
        },
        {
          "type": "Invocation",
          "value": {
            "target": {
              "type": "Class",
              "value": "com.wix.detox.espresso.DetoxMatcher"
            },
            "method": "matcherForSufficientlyVisible",
            "args": [
              {
                "type": "Integer",
                "value": 75
              }
            ]
          }
        },
        {
          "type": "Double",
          "value": 30
        }
      ]
    },
    "messageId": 2
  }
21:00:34.790 detox[3656] [90mi[39m [33mws-client[39m send message
  data: {"type":"invoke","params":{"target":{"type":"Class","value":"com.wix.detox.espresso.DetoxAssertion"},"method":"waitForAssertMatcher","args":[{"type":"Invocation","value":{"target":{"type":"Class","value":"androidx.test.espresso.Espresso"},"method":"onView","args":[{"type":"Invocation","value":{"target":{"type":"Class","value":"com.wix.detox.espresso.DetoxMatcher"},"method":"matcherForTestId","args":["login-email",{"type":"boolean","value":false}]}}]}},{"type":"Invocation","value":{"target":{"type":"Class","value":"com.wix.detox.espresso.DetoxMatcher"},"method":"matcherForSufficientlyVisible","args":[{"type":"Integer","value":75}]}},{"type":"Double","value":30}]},"messageId":2}
21:00:34.791 detox[3656] [90mB[39m [33mws-client[39m undefined with timeout (30000 ms)
  data: {
    "target": {
      "type": "Class",
      "value": "com.wix.detox.espresso.DetoxAssertion"
    },
    "method": "waitForAssertMatcher",
    "args": [
      {
        "type": "Invocation",
        "value": {
          "target": {
            "type": "Class",
            "value": "androidx.test.espresso.Espresso"
          },
          "method": "onView",
          "args": [
            {
              "type": "Invocation",
              "value": {
                "target": {
                  "type": "Class",
                  "value": "com.wix.detox.espresso.DetoxMatcher"
                },
                "method": "matcherForTestId",
                "args": [
                  "login-email",
                  {
                    "type": "boolean",
                    "value": false
                  }
                ]
              }
            }
          ]
        }
      },
      {
        "type": "Invocation",
        "value": {
          "target": {
            "type": "Class",
            "value": "com.wix.detox.espresso.DetoxMatcher"
          },
          "method": "matcherForSufficientlyVisible",
          "args": [
            {
              "type": "Integer",
              "value": 75
            }
          ]
        }
      },
      {
        "type": "Double",
        "value": 30
      }
    ]
  }
  stack: _getCallStackTrace (\node_modules\detox\src\utils\traceInvocationCall.js:2:10)
  invocationCall (\node_modules\detox\src\utils\traceInvocationCall.js:17:12)
  WaitForInteraction.execute (\node_modules\detox\src\android\interactions\native.js:22:12)
  WaitForInteraction.withTimeout (\node_modules\detox\src\android\interactions\native.js:59:16)
  Object.withTimeout (\e2e\auth.fullflow.e2e.test.js:14:8)
  Promise.then.completed (\node_modules\jest\node_modules\jest-circus\build\utils.js:298:28)
  new Promise (<anonymous>)
  callAsyncCircusFn (\node_modules\jest\node_modules\jest-circus\build\utils.js:231:10)
  _callCircusTest (\node_modules\jest\node_modules\jest-circus\build\run.js:316:40)
  processTicksAndRejections (node:internal/process/task_queues:95:5)
  _runTest (\node_modules\jest\node_modules\jest-circus\build\run.js:252:3)
  _runTestsForDescribeBlock (\node_modules\jest\node_modules\jest-circus\build\run.js:126:9)
  _runTestsForDescribeBlock (\node_modules\jest\node_modules\jest-circus\build\run.js:121:9)
  run (\node_modules\jest\node_modules\jest-circus\build\run.js:71:3)
  runAndTransformResultsToJestFormat (\node_modules\jest\node_modules\jest-circus\build\legacy-code-todo-rewrite\jestAdapterInit.js:122:21)
  jestAdapter (\node_modules\jest\node_modules\jest-circus\build\legacy-code-todo-rewrite\jestAdapter.js:79:19)
  runTestInternal (\node_modules\jest\node_modules\jest-runner\build\runTest.js:367:16)
  runTest (\node_modules\jest\node_modules\jest-runner\build\runTest.js:444:34)
21:00:35.291 detox[21316] [90mi[39m [33mws-server[39m[33m@61406[39m get
  data: {"messageId":2,"type":"testFailed","params":{"details":"No activities found. Did you forget to launch the activity by calling getActivity() or startActivitySync or similar?\n","viewHierarchy":null}}
21:00:35.291 detox[21316] [90mi[39m [33mws-server[39m[33m@61308[39m send
  data: {
    "messageId": 2,
    "type": "testFailed",
    "params": {
      "details": "No activities found. Did you forget to launch the activity by calling getActivity() or startActivitySync or similar?\n",
      "viewHierarchy": null
    }
  }
21:00:35.293 detox[3656] [90mi[39m [33mws-client[39m get message
  data: {"messageId":2,"type":"testFailed","params":{"details":"No activities found. Did you forget to launch the activity by calling getActivity() or startActivitySync or similar?\n","viewHierarchy":null}}
   
21:00:35.293 detox[3656] [90mE[39m [33mws-client[39m undefined with timeout (30000 ms)
  error: Test Failed: No activities found. Did you forget to launch the activity by calling getActivity() or startActivitySync or similar?
  
21:00:35.294 detox[3656] [90mB[39m [33martifacts-manager[39m onTestFnFailure
  args: ({"error":{"name":"DetoxRuntimeError"}})
21:00:35.294 detox[3656] [90mi[39m [33martifact[39m[90m:ARTIFACT_START[39m starting ADBScreencapRecording
21:00:35.295 detox[3656] [90mi[39m [33mchild-process[39m[90m:EXEC_CMD[39m "C:\Users\carus\AppData\Local\Android\Sdk\platform-tools\adb.EXE" -s emulator-17430 shell "screencap /sdcard/2103884_4.png"
21:00:35.972 detox[3656] [90mi[39m [33mchild-process[39m[90m:EXEC_SUCCESS[39m 
21:00:35.972 detox[3656] [90mi[39m [33martifact[39m[90m:ARTIFACT_STOP[39m stopping ADBScreencapRecording
21:00:35.972 detox[3656] [90mE[39m [33martifacts-manager[39m onTestFnFailure
21:00:35.973 detox[3656] [90mE[39m [33mlifecycle[39m test_fn
  error: Test Failed: No activities found. Did you forget to launch the activity by calling getActivity() or startActivitySync or similar?
  
21:00:35.974 detox[3656] [90mB[39m [33martifacts-manager[39m onTestDone
  args: ({"title":"ejecuta login, validaciones, negativos, persistencia y logout","fullName":"Autenticación - Flujo completo en un solo test ejecuta login, validaciones, negativos, persistencia y logout","status":"failed","invocations":1,"timedOut":false})
21:00:35.975 detox[3656] [90mi[39m [33martifact[39m[90m:ARTIFACT_STOP[39m stopping ADBLogcatRecording
21:00:35.975 detox[3656] [90mi[39m [33martifact[39m[90m:ARTIFACT_START[39m starting ADBScreencapRecording
21:00:35.975 detox[3656] [90mi[39m [33mchild-process[39m[90m:EXEC_CMD[39m "C:\Users\carus\AppData\Local\Android\Sdk\platform-tools\adb.EXE" -s emulator-17430 shell "screencap /sdcard/2103884_5.png"
21:00:35.983 detox[3656] [90mi[39m [33martifact[39m[90m:ARTIFACT_STOP[39m stopping ADBVideoRecording
21:00:35.984 detox[3656] [90mi[39m [33mchild-process[39m[90m:EXEC_CMD[39m "C:\Users\carus\AppData\Local\Android\Sdk\platform-tools\adb.EXE" -s emulator-17430 shell "date +\"%m-%d %T.000\""
21:00:35.988 detox[3656] [90mi[39m [33mchild-process[39m[90m:SPAWN_KILL[39m sending SIGINT to: C:\Users\carus\AppData\Local\Android\Sdk\platform-tools\adb.EXE -s emulator-17430 shell screenrecord /sdcard/2103884_2.mp4
21:00:35.990 detox[3656] [90mi[39m [33mchild-process[39m[90m:SPAWN_END[39m C:\Users\carus\AppData\Local\Android\Sdk\platform-tools\adb.EXE -s emulator-17430 shell screenrecord /sdcard/2103884_2.mp4 terminated with SIGINT
21:00:35.992 detox[3656] [90mi[39m [33martifacts-manager[39m Suppressed error inside function call.
  error: TypeError: this._pathBuilder.buildPathForTestArtifact is not a function
      at Object.preparePathForArtifact (D:\SeguridadAPP\SeguridadCiudadanaApp\node_modules\detox\src\artifacts\ArtifactsManager.js:73:48)
      at ADBScreenrecorderPlugin.preparePathForTestArtifact (D:\SeguridadAPP\SeguridadCiudadanaApp\node_modules\detox\src\artifacts\video\VideoArtifactPlugin.js:9:21)
      at D:\SeguridadAPP\SeguridadCiudadanaApp\node_modules\detox\src\artifacts\templates\plugin\WholeTestRecorderPlugin.js:64:48
      at processTicksAndRejections (node:internal/process/task_queues:95:5)
21:00:36.023 detox[3656] [90mi[39m [33mchild-process[39m[90m:EXEC_SUCCESS[39m 11-14 02:00:35.000

21:00:36.035 detox[3656] [90mi[39m [33mchild-process[39m[90m:SPAWN_KILL[39m sending SIGINT to: C:\Users\carus\AppData\Local\Android\Sdk\platform-tools\adb.EXE -s emulator-17430 shell logcat -T "11-14 02:00:33.000" --pid=11410 -f /sdcard/2103884_3.log
21:00:36.037 detox[3656] [90mi[39m [33mchild-process[39m[90m:SPAWN_END[39m C:\Users\carus\AppData\Local\Android\Sdk\platform-tools\adb.EXE -s emulator-17430 shell "logcat -T \"11-14 02:00:33.000\" --pid=11410 -f /sdcard/2103884_3.log" terminated with SIGINT
21:00:36.038 detox[3656] [90mi[39m [33martifacts-manager[39m Suppressed error inside function call.
  error: TypeError: this._pathBuilder.buildPathForTestArtifact is not a function
      at Object.preparePathForArtifact (D:\SeguridadAPP\SeguridadCiudadanaApp\node_modules\detox\src\artifacts\ArtifactsManager.js:73:48)
      at ADBLogcatPlugin.preparePathForTestArtifact (D:\SeguridadAPP\SeguridadCiudadanaApp\node_modules\detox\src\artifacts\log\LogArtifactPlugin.js:49:21)
      at D:\SeguridadAPP\SeguridadCiudadanaApp\node_modules\detox\src\artifacts\templates\plugin\WholeTestRecorderPlugin.js:64:48
      at processTicksAndRejections (node:internal/process/task_queues:95:5)
21:00:36.039 detox[3656] [90mi[39m [33martifacts-manager[39m Suppressed error inside function call.
  error: TypeError: this._pathBuilder.buildPathForTestArtifact is not a function
      at Object.preparePathForArtifact (D:\SeguridadAPP\SeguridadCiudadanaApp\node_modules\detox\src\artifacts\ArtifactsManager.js:73:48)
      at ADBLogcatPlugin.preparePathForStartupArtifact (D:\SeguridadAPP\SeguridadCiudadanaApp\node_modules\detox\src\artifacts\log\LogArtifactPlugin.js:45:21)
      at D:\SeguridadAPP\SeguridadCiudadanaApp\node_modules\detox\src\artifacts\templates\plugin\StartupAndTestRecorderPlugin.js:95:39
      at processTicksAndRejections (node:internal/process/task_queues:95:5)
21:00:36.502 detox[3656] [90mi[39m [33mchild-process[39m[90m:EXEC_CMD[39m "C:\Users\carus\AppData\Local\Android\Sdk\platform-tools\adb.EXE" -s emulator-17430 shell du /sdcard/2103884_2.mp4
21:00:36.537 detox[3656] [90mi[39m [33mchild-process[39m[90m:EXEC_SUCCESS[39m 68	/sdcard/2103884_2.mp4

21:00:36.665 detox[3656] [90mi[39m [33mchild-process[39m[90m:EXEC_SUCCESS[39m 
21:00:36.666 detox[3656] [90mi[39m [33martifact[39m[90m:ARTIFACT_STOP[39m stopping ADBScreencapRecording
21:00:36.666 detox[3656] [90mE[39m [33martifacts-manager[39m onTestDone
21:00:36.667 detox[3656] [90mi[39m [33martifacts-manager[39m Suppressed error inside function call.
  error: TypeError: this._pathBuilder.buildPathForTestArtifact is not a function
      at Object.preparePathForArtifact (D:\SeguridadAPP\SeguridadCiudadanaApp\node_modules\detox\src\artifacts\ArtifactsManager.js:73:48)
      at ADBScreencapPlugin.preparePathForSnapshot (D:\SeguridadAPP\SeguridadCiudadanaApp\node_modules\detox\src\artifacts\screenshot\ScreenshotArtifactPlugin.js:19:21)
      at D:\SeguridadAPP\SeguridadCiudadanaApp\node_modules\detox\src\artifacts\templates\plugin\TwoSnapshotsPerTestPlugin.js:133:49
      at processTicksAndRejections (node:internal/process/task_queues:95:5)
21:00:36.668 detox[3656] [90mE[39m [33mlifecycle[39m ejecuta login, validaciones, negativos, persistencia y logout
21:00:36.668 detox[3656] [90mi[39m [33martifacts-manager[39m Suppressed error inside function call.
  error: TypeError: this._pathBuilder.buildPathForTestArtifact is not a function
      at Object.preparePathForArtifact (D:\SeguridadAPP\SeguridadCiudadanaApp\node_modules\detox\src\artifacts\ArtifactsManager.js:73:48)
      at ADBScreencapPlugin.preparePathForSnapshot (D:\SeguridadAPP\SeguridadCiudadanaApp\node_modules\detox\src\artifacts\screenshot\ScreenshotArtifactPlugin.js:19:21)
      at D:\SeguridadAPP\SeguridadCiudadanaApp\node_modules\detox\src\artifacts\templates\plugin\TwoSnapshotsPerTestPlugin.js:133:49
      at processTicksAndRejections (node:internal/process/task_queues:95:5)
21:00:36.669 detox[3656] [90mi[39m [33mlifecycle[39m Autenticación - Flujo completo en un solo test: ejecuta login, validaciones, negativos, persistencia y logout [FAIL]
21:00:36.670 detox[3656] [90mi[39m [33martifacts-manager[39m Suppressed error inside function call.
  error: TypeError: this._pathBuilder.buildPathForTestArtifact is not a function
      at Object.preparePathForArtifact (D:\SeguridadAPP\SeguridadCiudadanaApp\node_modules\detox\src\artifacts\ArtifactsManager.js:73:48)
      at ADBScreencapPlugin.preparePathForSnapshot (D:\SeguridadAPP\SeguridadCiudadanaApp\node_modules\detox\src\artifacts\screenshot\ScreenshotArtifactPlugin.js:19:21)
      at D:\SeguridadAPP\SeguridadCiudadanaApp\node_modules\detox\src\artifacts\templates\plugin\TwoSnapshotsPerTestPlugin.js:133:49
      at processTicksAndRejections (node:internal/process/task_queues:95:5)
21:00:36.671 detox[3656] [90mB[39m [33martifacts-manager[39m onRunDescribeFinish
  args: ({"name":"Autenticación - Flujo completo en un solo test"})
21:00:36.672 detox[3656] [90mE[39m [33martifacts-manager[39m onRunDescribeFinish
21:00:36.672 detox[3656] [90mE[39m [33mlifecycle[39m Autenticación - Flujo completo en un solo test
21:00:36.672 detox[3656] [90mB[39m [33mlifecycle[39m afterAll
21:00:36.673 detox[3656] [90mE[39m [33mlifecycle[39m afterAll
21:00:36.673 detox[3656] [90mB[39m [33martifacts-manager[39m onRunDescribeFinish
  args: ({"name":"ROOT_DESCRIBE_BLOCK"})
21:00:36.674 detox[3656] [90mE[39m [33martifacts-manager[39m onRunDescribeFinish
21:00:36.674 detox[3656] [90mE[39m [33mlifecycle[39m run the tests
21:00:36.695 detox[3656] [90mB[39m [33mlifecycle[39m tear down environment
21:00:36.696 detox[3656] [90mB[39m [33martifacts-manager[39m onBeforeCleanup
  args: ()
21:00:36.697 detox[3656] [90mi[39m [33martifacts-manager[39m Suppressed error inside function call.
  error: TypeError: this._pathBuilder.buildPathForTestArtifact is not a function
      at Object.preparePathForArtifact (D:\SeguridadAPP\SeguridadCiudadanaApp\node_modules\detox\src\artifacts\ArtifactsManager.js:73:48)
      at D:\SeguridadAPP\SeguridadCiudadanaApp\node_modules\detox\src\artifacts\log\LogArtifactPlugin.js:21:20
      at processTicksAndRejections (node:internal/process/task_queues:95:5)
21:00:36.697 detox[3656] [90mE[39m [33martifacts-manager[39m onBeforeCleanup
21:00:36.699 detox[21316] [90mi[39m [33mws-server[39m[33m@61308[39m get
  data: {"type":"cleanup","params":{"stopRunner":false},"messageId":-49642}
21:00:36.699 detox[21316] [90mi[39m [33mws-server[39m[33m@61406[39m send
  data: {
    "type": "cleanup",
    "params": {
      "stopRunner": false
    },
    "messageId": -49642
  }
21:00:36.699 detox[3656] [90mi[39m [33mws-client[39m send message
  data: {"type":"cleanup","params":{"stopRunner":false},"messageId":-49642}
21:00:36.702 detox[21316] [90mi[39m [33mws-server[39m[33m@61406[39m get
  data: {"messageId":-49642,"type":"cleanupDone","params":{}}
21:00:36.703 detox[21316] [90mi[39m [33mws-server[39m[33m@61308[39m send
  data: {
    "messageId": -49642,
    "type": "cleanupDone",
    "params": {}
  }
21:00:36.704 detox[3656] [90mi[39m [33mws-client[39m get message
  data: {"messageId":-49642,"type":"cleanupDone","params":{}}
   
21:00:36.705 detox[21316] [90mi[39m [33mws-server[39m tester exited session 8ab8f6ad-cdf4-fd28-ce1a-0b301a865503
21:00:36.706 detox[21316] [90mi[39m [33mws-server[39m[33m@61406[39m send
  data: {
    "type": "testerDisconnected",
    "messageId": -1
  }
21:00:36.706 detox[21316] [90mE[39m [33mws-server[39m[33m@61308[39m connection :61305<->:61308
21:00:36.720 detox[3656] [90mi[39m [33mchild-process[39m[90m:SPAWN_KILL[39m sending SIGINT to: C:\Users\carus\AppData\Local\Android\Sdk\platform-tools\adb.EXE -s emulator-17430 shell am instrument -w -r -e detoxServer ws://localhost:61305 -e detoxSessionId 8ab8f6ad-cdf4-fd28-ce1a-0b301a865503 -e detoxEnableSynchronization 0 -e detoxURLOverride 'seguridadciudadanaapp://expo-development-client/?url=http%3A%2F%2F127.0.0.1%3A8081&role=ciudadano&disableBypass=1' -e debug false com.tuapp.seguritacapp.test/com.wix.detox.DetoxJUnitRunner
21:00:36.722 detox[3656] [90mi[39m [33mchild-process[39m[90m:SPAWN_END[39m C:\Users\carus\AppData\Local\Android\Sdk\platform-tools\adb.EXE -s emulator-17430 shell am instrument -w -r -e detoxServer ws://localhost:61305 -e detoxSessionId 8ab8f6ad-cdf4-fd28-ce1a-0b301a865503 -e detoxEnableSynchronization 0 -e detoxURLOverride 'seguridadciudadanaapp://expo-development-client/?url=http%3A%2F%2F127.0.0.1%3A8081&role=ciudadano&disableBypass=1' -e debug false com.tuapp.seguritacapp.test/com.wix.detox.DetoxJUnitRunner terminated with SIGINT
21:00:36.723 detox[3656] [90mi[39m [33mchild-process[39m[90m:EXEC_CMD[39m "C:\Users\carus\AppData\Local\Android\Sdk\platform-tools\adb.EXE" -s emulator-17430 reverse --remove tcp:61305
21:00:36.730 detox[3656] [90mi[39m [33mipc[39m dispatching event to  primary-21316 /tmp/detox.primary-21316  :  deallocateDevice , {
  deviceCookie: {
    id: 'emulator-17430',
    adbName: 'emulator-17430',
    name: 'emulator-17430 (Pixel_6_API34)'
  }
}
21:00:36.731 detox[21316] [90mi[39m [33mipc[39m received event of :  deallocateDevice {
  deviceCookie: {
    id: 'emulator-17430',
    adbName: 'emulator-17430',
    name: 'emulator-17430 (Pixel_6_API34)'
  }
}
21:00:36.731 detox[21316] [90mB[39m [33mdevice[39m[33m@0[39m free: emulator-17430
  data: {}
21:00:36.735 detox[21316] [90mE[39m [33mdevice[39m[33m@0[39m free: emulator-17430
21:00:36.735 detox[21316] [90mi[39m [33mipc[39m dispatching event to socket  :  deallocateDeviceDone {}
21:00:36.736 detox[3656] [90mi[39m [33mipc[39m ## received events ##
21:00:36.737 detox[21316] [90mi[39m [33mipc[39m socket disconnected secondary-3656
21:00:36.737 detox[3656] [90mi[39m [33mipc[39m detected event deallocateDeviceDone {}
21:00:36.737 detox[3656] [90mi[39m [33mipc[39m connection closed primary-21316 /tmp/detox.primary-21316 0 tries remaining of 0
21:00:36.738 detox[3656] [90mi[39m [33mipc[39m secondary-3656 exceeded connection rety amount of  or stopRetrying flag set.
21:00:36.738 detox[3656] [90mE[39m [33mlifecycle[39m tear down environment
21:00:36.739 detox[3656] [90mE[39m [33mlifecycle[39m e2e\auth.fullflow.e2e.test.js
21:00:36.762 detox[21316] [90mE[39m [33mlifecycle[39m Command failed with exit code = 1:
DETOX_CONFIGURATION="android.emu.debug" DETOX_LOGLEVEL="trace" DETOX_RECORD_LOGS="all" DETOX_RECORD_VIDEOS="all" DETOX_TAKE_SCREENSHOTS="all" jest --config e2e/jest.config.js e2e/auth.fullflow.e2e.test.js
21:00:36.762 detox[21316] [90mB[39m [33mdevice[39m cleanup
  args: ()
21:00:36.765 detox[21316] [90mE[39m [33mdevice[39m cleanup
21:00:36.766 detox[21316] [90mi[39m [33mws-server[39m Detox server has been closed gracefully
21:00:36.767 detox[21316] [90mi[39m [33mws-server[39m app exited session 8ab8f6ad-cdf4-fd28-ce1a-0b301a865503
21:00:36.768 detox[21316] [90mE[39m [33mws-server[39m[33m@61406[39m connection :61305<->:61406
21:00:36.769 detox[21316] [90mE[39m [33mlifecycle[39m node_modules\detox\local-cli\cli.js test --configuration android.emu.debug --config e2e/jest.config.js --record-logs all --record-videos all --take-screenshots all -l trace e2e/auth.fullflow.e2e.test.js
