01:34:25.347 detox[8760] [90mB[39m [33mlifecycle[39m node_modules\detox\local-cli\cli.js test --configuration android.emu.debug --config e2e/jest.config.js --record-logs all --record-videos all --take-screenshots all -l trace
  data: {
    "id": "7aecb241-79a5-6096-0d3c-61f622903434",
    "detoxConfig": {
      "configurationName": "android.emu.debug",
      "apps": {
        "default": {
          "type": "android.apk",
          "binaryPath": "android/app/build/outputs/apk/debug/app-debug.apk",
          "testBinaryPath": "android/app/build/outputs/apk/androidTest/debug/app-debug-androidTest.apk",
          "build": "cmd /C cd android && gradlew.bat assembleDebug assembleAndroidTest -DtestBuildType=debug"
        }
      },
      "artifacts": {
        "rootDir": "artifacts\\android.emu.debug.2025-11-13 06-34-25Z",
        "plugins": {
          "log": {
            "enabled": true,
            "keepOnlyFailedTestsArtifacts": false
          },
          "screenshot": {
            "enabled": true,
            "shouldTakeAutomaticSnapshots": true,
            "keepOnlyFailedTestsArtifacts": false
          },
          "video": {
            "enabled": true,
            "keepOnlyFailedTestsArtifacts": false
          },
          "instruments": {
            "enabled": false,
            "keepOnlyFailedTestsArtifacts": false
          },
          "uiHierarchy": {
            "enabled": false,
            "keepOnlyFailedTestsArtifacts": false
          }
        },
        "pathBuilder": {
          "rootDir": "artifacts"
        }
      },
      "behavior": {
        "init": {
          "keepLockFile": false,
          "reinstallApp": true,
          "exposeGlobals": true
        },
        "cleanup": {
          "shutdownDevice": false
        },
        "launchApp": "auto"
      },
      "cli": {
        "recordLogs": "all",
        "takeScreenshots": "all",
        "recordVideos": "all",
        "configuration": "android.emu.debug",
        "loglevel": "trace",
        "start": true
      },
      "commands": [
        {
          "appName": "default",
          "build": "cmd /C cd android && gradlew.bat assembleDebug assembleAndroidTest -DtestBuildType=debug"
        }
      ],
      "device": {
        "type": "android.emulator",
        "device": {
          "avdName": "Pixel_6_API34"
        }
      },
      "logger": {
        "level": "trace",
        "overrideConsole": true,
        "options": {
          "showLoggerName": true,
          "showPid": true,
          "showLevel": false,
          "showMetadata": false,
          "basepath": "D:\\SeguridadAPP\\SeguridadCiudadanaApp\\node_modules\\detox\\src",
          "prefixers": {},
          "stringifiers": {}
        }
      },
      "testRunner": {
        "retries": 0,
        "forwardEnv": true,
        "detached": false,
        "bail": false,
        "noRetryArgs": [
          "shard"
        ],
        "jest": {
          "setupTimeout": 300000,
          "teardownTimeout": 30000,
          "retryAfterCircusRetries": false,
          "reportWorkerAssign": true
        },
        "args": {
          "$0": "jest",
          "_": [],
          "config": "e2e/jest.config.js",
          "--": []
        }
      },
      "session": {
        "autoStart": true,
        "debugSynchronization": 10000
      }
    },
    "detoxIPCServer": "primary-8760",
    "testResults": [],
    "testSessionIndex": 0,
    "workersCount": 0
  }
01:34:25.371 detox[8760] [90mi[39m [33mipc[39m Server path not specified, so defaulting to ipc.config.socketRoot + ipc.config.appspace + ipc.config.id /tmp/detox.primary-8760
01:34:25.373 detox[8760] [90mi[39m [33mipc[39m starting server on  /tmp/detox.primary-8760 
01:34:25.374 detox[8760] [90mi[39m [33mipc[39m starting TLS server false
01:34:25.374 detox[8760] [90mi[39m [33mipc[39m starting server as Unix || Windows Socket
01:34:25.378 detox[8760] [90mi[39m [33mws-server[39m Detox server listening on localhost:57963...
01:34:25.383 detox[8760] [90mi[39m [33mlifecycle[39m Serialized the session state at: C:\Users\carus\AppData\Local\Temp\7aecb241-79a5-6096-0d3c-61f622903434.detox.json
01:34:25.385 detox[8760] [90mB[39m [33mlifecycle[39m DETOX_CONFIGURATION="android.emu.debug" DETOX_LOGLEVEL="trace" DETOX_RECORD_LOGS="all" DETOX_RECORD_VIDEOS="all" DETOX_TAKE_SCREENSHOTS="all" jest --config e2e/jest.config.js
01:34:26.685 detox[14236] [90mB[39m [33mlifecycle[39m e2e\smoke.e2e.js
01:34:26.721 detox[14236] [90mB[39m [33mlifecycle[39m set up environment
01:34:26.744 detox[14236] [90mi[39m [33mipc[39m Service path not specified, so defaulting to ipc.config.socketRoot + ipc.config.appspace + id 
01:34:26.744 detox[14236] [90mi[39m [33mipc[39m requested connection to  primary-8760 /tmp/detox.primary-8760
01:34:26.745 detox[14236] [90mi[39m [33mipc[39m Connecting client on Unix Socket : /tmp/detox.primary-8760
01:34:26.746 detox[14236] [90mi[39m [33mipc[39m retrying reset
01:34:26.747 detox[8760] [90mi[39m [33mipc[39m ## socket connection to server detected ##
01:34:26.748 detox[14236] [90mi[39m [33mipc[39m dispatching event to  primary-8760 /tmp/detox.primary-8760  :  registerContext , { id: 'secondary-14236' }
01:34:26.751 detox[8760] [90mi[39m [33mipc[39m received event of :  registerContext { id: 'secondary-14236' }
01:34:26.752 detox[8760] [90mi[39m [33mipc[39m dispatching event to socket  :  registerContextDone {
  testResults: [],
  testSessionIndex: 0,
  unsafe_earlyTeardown: undefined
}
01:34:26.759 detox[14236] [90mi[39m [33mipc[39m ## received events ##
01:34:26.760 detox[14236] [90mi[39m [33mipc[39m detected event registerContextDone { testResults: [], testSessionIndex: 0 }
01:34:26.761 detox[14236] [90mi[39m [33mipc[39m dispatching event to  primary-8760 /tmp/detox.primary-8760  :  registerWorker , { workerId: 'w1' }
01:34:26.762 detox[14236] [90mi[39m [33mipc[39m ## received events ##
01:34:26.762 detox[14236] [90mi[39m [33mipc[39m detected event registerWorkerDone { workersCount: 1 }
01:34:26.762 detox[8760] [90mi[39m [33mipc[39m received event of :  registerWorker { workerId: 'w1' }
01:34:26.762 detox[8760] [90mi[39m [33mipc[39m dispatching event to socket  :  registerWorkerDone { workersCount: 1 }
01:34:26.762 detox[8760] [90mi[39m [33mipc[39m broadcasting event to all known sockets listening to  \\.\pipe\tmp-detox.primary-8760  :   sessionStateUpdate { workersCount: 1 }
01:34:27.165 detox[14236] [90mi[39m [33mipc[39m ## received events ##
01:34:27.166 detox[14236] [90mi[39m [33mipc[39m detected event sessionStateUpdate { workersCount: 1 }
01:34:27.170 detox[8760] [90mB[39m [33mws-server[39m[33m@57964[39m connection :57963<->:57964
01:34:27.171 detox[14236] [90mi[39m [33mws-client[39m opened web socket to: ws://localhost:57963
01:34:27.173 detox[14236] [90mi[39m [33mws-client[39m send message
  data: {"type":"login","params":{"sessionId":"fbee434e-1348-1339-8ad0-f0b478cf979d","role":"tester"},"messageId":0}
01:34:27.175 detox[8760] [90mi[39m [33mws-server[39m[33m@57964[39m get
  data: {"type":"login","params":{"sessionId":"fbee434e-1348-1339-8ad0-f0b478cf979d","role":"tester"},"messageId":0}
01:34:27.176 detox[8760] [90mi[39m [33mws-server[39m created session fbee434e-1348-1339-8ad0-f0b478cf979d
01:34:27.176 detox[8760] [90mi[39m [33mws-server[39m[33m@57964[39m send
  data: {
    "type": "loginSuccess",
    "params": {
      "testerConnected": true,
      "appConnected": false
    },
    "messageId": 0
  }
01:34:27.177 detox[14236] [90mi[39m [33mws-client[39m get message
  data: {"type":"loginSuccess","params":{"testerConnected":true,"appConnected":false},"messageId":0}
   
01:34:27.177 detox[8760] [90mi[39m [33mws-server[39m tester joined session fbee434e-1348-1339-8ad0-f0b478cf979d
01:34:27.253 detox[14236] [90mi[39m [33mipc[39m dispatching event to  primary-8760 /tmp/detox.primary-8760  :  allocateDevice , {
  deviceConfig: { type: 'android.emulator', device: { avdName: 'Pixel_6_API34' } }
}
01:34:27.254 detox[8760] [90mi[39m [33mipc[39m received event of :  allocateDevice {
  deviceConfig: { type: 'android.emulator', device: { avdName: 'Pixel_6_API34' } }
}
01:34:27.312 detox[8760] [90mB[39m [33mdevice[39m init
  args: ()
01:34:30.385 detox[8760] [90mE[39m [33mdevice[39m init
01:34:30.386 detox[8760] [90mB[39m [33mdevice[39m[33m@0[39m allocate
  data: {
    "type": "android.emulator",
    "device": {
      "avdName": "Pixel_6_API34"
    }
  }
01:34:30.753 detox[8760] [90mi[39m [33mdevice[39m Detected emulator binary version { major: 36, minor: 2, patch: 12, toString: [Function: toString] }
01:34:30.755 detox[8760] [90mi[39m [33mchild-process[39m[90m:EXEC_CMD[39m "C:\Users\carus\AppData\Local\Android\Sdk\platform-tools\adb.EXE"  devices
01:34:30.800 detox[8760] [90mi[39m [33mchild-process[39m[90m:EXEC_SUCCESS[39m List of devices attached
emulator-10656	device


01:34:30.801 detox[8760] [90mi[39m [33mdevice[39m[90m:TELNET_CONNECTING[39m port: 10656, host: localhost
01:34:30.811 detox[8760] [90mi[39m [33mdevice[39m[90m:DEVICE_LOOKUP[39m Found a matching & free device emulator-10656
01:34:30.813 detox[8760] [90mi[39m [33mdevice[39m settled on emulator-10656 (Pixel_6_API34)
  data: {
    "id": "emulator-10656",
    "adbName": "emulator-10656",
    "name": "emulator-10656 (Pixel_6_API34)"
  }
01:34:30.813 detox[8760] [90mE[39m [33mdevice[39m[33m@0[39m allocate
01:34:30.813 detox[8760] [90mB[39m [33mdevice[39m[33m@0[39m post-allocate: emulator-10656
  data: {
    "id": "emulator-10656",
    "adbName": "emulator-10656",
    "name": "emulator-10656 (Pixel_6_API34)"
  }
01:34:30.814 detox[8760] [90mi[39m [33mchild-process[39m[90m:EXEC_CMD[39m "C:\Users\carus\AppData\Local\Android\Sdk\platform-tools\adb.EXE" -s emulator-10656 shell "getprop dev.bootcomplete"
01:34:30.856 detox[8760] [90mi[39m [33mchild-process[39m[90m:EXEC_SUCCESS[39m 1

01:34:30.856 detox[8760] [90mi[39m [33mchild-process[39m[90m:EXEC_CMD[39m "C:\Users\carus\AppData\Local\Android\Sdk\platform-tools\adb.EXE" -s emulator-10656 shell "getprop ro.build.version.sdk"
01:34:30.895 detox[8760] [90mi[39m [33mchild-process[39m[90m:EXEC_SUCCESS[39m 34

01:34:30.896 detox[8760] [90mi[39m [33mchild-process[39m[90m:EXEC_CMD[39m "C:\Users\carus\AppData\Local\Android\Sdk\platform-tools\adb.EXE" -s emulator-10656 shell "settings put global animator_duration_scale 0"
01:34:30.942 detox[8760] [90mi[39m [33mchild-process[39m[90m:EXEC_SUCCESS[39m 
01:34:30.943 detox[8760] [90mi[39m [33mchild-process[39m[90m:EXEC_CMD[39m "C:\Users\carus\AppData\Local\Android\Sdk\platform-tools\adb.EXE" -s emulator-10656 shell "settings put global window_animation_scale 0"
01:34:30.986 detox[8760] [90mi[39m [33mchild-process[39m[90m:EXEC_SUCCESS[39m 
01:34:30.986 detox[8760] [90mi[39m [33mchild-process[39m[90m:EXEC_CMD[39m "C:\Users\carus\AppData\Local\Android\Sdk\platform-tools\adb.EXE" -s emulator-10656 shell "settings put global transition_animation_scale 0"
01:34:31.030 detox[8760] [90mi[39m [33mchild-process[39m[90m:EXEC_SUCCESS[39m 
01:34:31.030 detox[8760] [90mi[39m [33mchild-process[39m[90m:EXEC_CMD[39m "C:\Users\carus\AppData\Local\Android\Sdk\platform-tools\adb.EXE" -s emulator-10656 shell "dumpsys power | grep \"^[ ]*m[UW].*=\""
01:34:31.133 detox[8760] [90mi[39m [33mchild-process[39m[90m:EXEC_SUCCESS[39m   mWakefulness=Awake
  mWakefulnessChanging=false
  mWakeLockSummary=0x0
  mWakeUpWhenPluggedOrUnpluggedConfig=false
  mWakeUpWhenPluggedOrUnpluggedInTheaterModeConfig=false
  mDreamsBatteryLevelMinimumWhenPoweredConfig=-1
  mDreamsBatteryLevelMinimumWhenNotPoweredConfig=15
  mScreenBrightnessOverrideFromWindowManager=NaN
  mUserActivityTimeoutOverrideFromWindowManager=-1
  mUserInactiveOverrideFromWindowManager=false
  mUserId=0
  mWakeLockSummary=0x0
  mUserInteractionBackoffMillis=60000

01:34:31.134 detox[14236] [90mi[39m [33mipc[39m ## received events ##
01:34:31.134 detox[8760] [90mE[39m [33mdevice[39m[33m@0[39m post-allocate: emulator-10656
01:34:31.134 detox[8760] [90mi[39m [33mipc[39m dispatching event to socket  :  allocateDeviceDone {
  deviceCookie: {
    id: 'emulator-10656',
    adbName: 'emulator-10656',
    name: 'emulator-10656 (Pixel_6_API34)'
  }
}
01:34:31.135 detox[14236] [90mi[39m [33mipc[39m detected event allocateDeviceDone {
  deviceCookie: {
    id: 'emulator-10656',
    adbName: 'emulator-10656',
    name: 'emulator-10656 (Pixel_6_API34)'
  }
}
01:34:31.185 detox[14236] [90mB[39m [33martifacts-manager[39m onBootDevice
  args: ({"deviceId":"emulator-10656"})
01:34:31.187 detox[14236] [90mE[39m [33martifacts-manager[39m onBootDevice
01:34:31.188 detox[14236] [90mB[39m [33mdevice[39m installUtilBinaries
  args: ()
01:34:31.188 detox[14236] [90mE[39m [33mdevice[39m installUtilBinaries
01:34:31.189 detox[14236] [90mB[39m [33mdevice[39m selectApp
  args: ("default")
01:34:31.192 detox[14236] [90mi[39m [33mchild-process[39m[90m:EXEC_CMD[39m "C:\Users\carus\AppData\Local\Android\Sdk\build-tools\36.1.0-rc1\aapt.EXE" dump badging "D:\SeguridadAPP\SeguridadCiudadanaApp\android\app\build\outputs\apk\debug\app-debug.apk"
01:34:31.230 detox[14236] [90mi[39m [33mchild-process[39m[90m:EXEC_SUCCESS[39m package: name='com.tuapp.seguritacapp' versionCode='1' versionName='1.0.0' platformBuildVersionName='15' platformBuildVersionCode='35' compileSdkVersion='35' compileSdkVersionCodename='15'
sdkVersion:'26'
targetSdkVersion:'34'
uses-permission: name='android.permission.SYSTEM_ALERT_WINDOW'
uses-permission: name='android.permission.ACCESS_COARSE_LOCATION'
uses-permission: name='android.permission.ACCESS_FINE_LOCATION'
uses-permission: name='android.permission.CAMERA'
uses-permission: name='android.permission.INTERNET'
uses-permission: name='android.permission.READ_EXTERNAL_STORAGE'
uses-permission: name='android.permission.RECORD_AUDIO'
uses-permission: name='android.permission.VIBRATE'
uses-permission: name='android.permission.WRITE_EXTERNAL_STORAGE'
uses-permission: name='android.permission.ACCESS_NETWORK_STATE'
uses-permission: name='android.permission.ACCESS_WIFI_STATE'
uses-permission: name='android.permission.READ_MEDIA_IMAGES'
uses-permission: name='android.permission.READ_MEDIA_VIDEO'
uses-permission: name='android.permission.READ_MEDIA_AUDIO'
uses-permission: name='android.permission.READ_MEDIA_VISUAL_USER_SELECTED'
uses-permission: name='android.permission.RECEIVE_BOOT_COMPLETED'
uses-permission: name='android.permission.POST_NOTIFICATIONS'
uses-permission: name='android.permission.USE_BIOMETRIC'
uses-permission: name='android.permission.USE_FINGERPRINT'
uses-permission: name='android.permission.WAKE_LOCK'
uses-permission: name='com.google.android.c2dm.permission.RECEIVE'
uses-permission: name='android.permission.FOREGROUND_SERVICE'
uses-permission: name='com.tuapp.seguritacapp.DYNAMIC_RECEIVER_NOT_EXPORTED_PERMISSION'
uses-permission: name='com.google.android.finsky.permission.BIND_GET_INSTALL_REFERRER_SERVICE'
uses-permission: name='com.google.android.providers.gsf.permission.READ_GSERVICES'
uses-permission: name='com.google.android.gms.permission.ACTIVITY_RECOGNITION'
uses-permission: name='com.sec.android.provider.badge.permission.READ'
uses-permission: name='com.sec.android.provider.badge.permission.WRITE'
uses-permission: name='com.htc.launcher.permission.READ_SETTINGS'
uses-permission: name='com.htc.launcher.permission.UPDATE_SHORTCUT'
uses-permission: name='com.sonyericsson.home.permission.BROADCAST_BADGE'
uses-permission: name='com.sonymobile.home.permission.PROVIDER_INSERT_BADGE'
uses-permission: name='com.anddoes.launcher.permission.UPDATE_COUNT'
uses-permission: name='com.majeur.launcher.permission.UPDATE_BADGE'
uses-permission: name='com.huawei.android.launcher.permission.CHANGE_BADGE'
uses-permission: name='com.huawei.android.launcher.permission.READ_SETTINGS'
uses-permission: name='com.huawei.android.launcher.permission.WRITE_SETTINGS'
uses-permission: name='android.permission.READ_APP_BADGE'
uses-permission: name='com.oppo.launcher.permission.READ_SETTINGS'
uses-permission: name='com.oppo.launcher.permission.WRITE_SETTINGS'
uses-permission: name='me.everything.badger.permission.BADGE_COUNT_READ'
uses-permission: name='me.everything.badger.permission.BADGE_COUNT_WRITE'
application-label:'SeguridadCiudadanaApp'
application-label-af:'SeguridadCiudadanaApp'
application-label-am:'SeguridadCiudadanaApp'
application-label-ar:'SeguridadCiudadanaApp'
application-label-as:'SeguridadCiudadanaApp'
application-label-az:'SeguridadCiudadanaApp'
application-label-be:'SeguridadCiudadanaApp'
application-label-bg:'SeguridadCiudadanaApp'
application-label-bn:'SeguridadCiudadanaApp'
application-label-bs:'SeguridadCiudadanaApp'
application-label-ca:'SeguridadCiudadanaApp'
application-label-cs:'SeguridadCiudadanaApp'
application-label-da:'SeguridadCiudadanaApp'
application-label-de:'SeguridadCiudadanaApp'
application-label-el:'SeguridadCiudadanaApp'
application-label-en-AU:'SeguridadCiudadanaApp'
application-label-en-CA:'SeguridadCiudadanaApp'
application-label-en-GB:'SeguridadCiudadanaApp'
application-label-en-IN:'SeguridadCiudadanaApp'
application-label-en-XC:'SeguridadCiudadanaApp'
application-label-es:'SeguridadCiudadanaApp'
application-label-es-419:'SeguridadCiudadanaApp'
application-label-es-ES:'SeguridadCiudadanaApp'
application-label-es-GT:'SeguridadCiudadanaApp'
application-label-es-US:'SeguridadCiudadanaApp'
application-label-et:'SeguridadCiudadanaApp'
application-label-eu:'SeguridadCiudadanaApp'
application-label-fa:'SeguridadCiudadanaApp'
application-label-fi:'SeguridadCiudadanaApp'
application-label-fr:'SeguridadCiudadanaApp'
application-label-fr-CA:'SeguridadCiudadanaApp'
application-label-gl:'SeguridadCiudadanaApp'
application-label-gu:'SeguridadCiudadanaApp'
application-label-he:'SeguridadCiudadanaApp'
application-label-hi:'SeguridadCiudadanaApp'
application-label-hr:'SeguridadCiudadanaApp'
application-label-hu:'SeguridadCiudadanaApp'
application-label-hy:'SeguridadCiudadanaApp'
application-label-id:'SeguridadCiudadanaApp'
application-label-in:'SeguridadCiudadanaApp'
application-label-is:'SeguridadCiudadanaApp'
application-label-it:'SeguridadCiudadanaApp'
application-label-iw:'SeguridadCiudadanaApp'
application-label-ja:'SeguridadCiudadanaApp'
application-label-ka:'SeguridadCiudadanaApp'
application-label-kk:'SeguridadCiudadanaApp'
application-label-km:'SeguridadCiudadanaApp'
application-label-kn:'SeguridadCiudadanaApp'
application-label-ko:'SeguridadCiudadanaApp'
application-label-ky:'SeguridadCiudadanaApp'
application-label-lo:'SeguridadCiudadanaApp'
application-label-lt:'SeguridadCiudadanaApp'
application-label-lv:'SeguridadCiudadanaApp'
application-label-mk:'SeguridadCiudadanaApp'
application-label-ml:'SeguridadCiudadanaApp'
application-label-mn:'SeguridadCiudadanaApp'
application-label-mr:'SeguridadCiudadanaApp'
application-label-ms:'SeguridadCiudadanaApp'
application-label-my:'SeguridadCiudadanaApp'
application-label-nb:'SeguridadCiudadanaApp'
application-label-ne:'SeguridadCiudadanaApp'
application-label-nl:'SeguridadCiudadanaApp'
application-label-or:'SeguridadCiudadanaApp'
application-label-pa:'SeguridadCiudadanaApp'
application-label-pl:'SeguridadCiudadanaApp'
application-label-pt:'SeguridadCiudadanaApp'
application-label-pt-BR:'SeguridadCiudadanaApp'
application-label-pt-PT:'SeguridadCiudadanaApp'
application-label-ro:'SeguridadCiudadanaApp'
application-label-ru:'SeguridadCiudadanaApp'
application-label-ru-RU:'SeguridadCiudadanaApp'
application-label-si:'SeguridadCiudadanaApp'
application-label-sk:'SeguridadCiudadanaApp'
application-label-sl:'SeguridadCiudadanaApp'
application-label-sq:'SeguridadCiudadanaApp'
application-label-sr:'SeguridadCiudadanaApp'
application-label-sr-Latn:'SeguridadCiudadanaApp'
application-label-sv:'SeguridadCiudadanaApp'
application-label-sw:'SeguridadCiudadanaApp'
application-label-ta:'SeguridadCiudadanaApp'
application-label-te:'SeguridadCiudadanaApp'
application-label-th:'SeguridadCiudadanaApp'
application-label-tl:'SeguridadCiudadanaApp'
application-label-tr:'SeguridadCiudadanaApp'
application-label-uk:'SeguridadCiudadanaApp'
application-label-ur:'SeguridadCiudadanaApp'
application-label-uz:'SeguridadCiudadanaApp'
application-label-vi:'SeguridadCiudadanaApp'
application-label-zh:'SeguridadCiudadanaApp'
application-label-zh-CN:'SeguridadCiudadanaApp'
application-label-zh-HK:'SeguridadCiudadanaApp'
application-label-zh-TW:'SeguridadCiudadanaApp'
application-label-zu:'SeguridadCiudadanaApp'
application-icon-120:'res/mipmap-anydpi-v26/ic_launcher.xml'
application-icon-160:'res/mipmap-anydpi-v26/ic_launcher.xml'
application-icon-240:'res/mipmap-anydpi-v26/ic_launcher.xml'
application-icon-320:'res/mipmap-anydpi-v26/ic_launcher.xml'
application-icon-480:'res/mipmap-anydpi-v26/ic_launcher.xml'
application-icon-640:'res/mipmap-anydpi-v26/ic_launcher.xml'
application-icon-65534:'res/mipmap-anydpi-v26/ic_launcher.xml'
application: label='SeguridadCiudadanaApp' icon='res/mipmap-anydpi-v26/ic_launcher.xml'
application-debuggable
launchable-activity: name='com.tuapp.seguritacapp.MainActivity'  label='' icon=''
uses-library-not-required:'org.apache.http.legacy'
uses-library-not-required:'androidx.camera.extensions.impl'
feature-group: label=''
  uses-gl-es: '0x20000'
  uses-feature: name='android.hardware.camera'
  uses-implied-feature: name='android.hardware.camera' reason='requested android.permission.CAMERA permission'
  uses-feature: name='android.hardware.faketouch'
  uses-implied-feature: name='android.hardware.faketouch' reason='default feature for all apps'
  uses-feature: name='android.hardware.location'
  uses-implied-feature: name='android.hardware.location' reason='requested android.permission.ACCESS_COARSE_LOCATION permission, and requested android.permission.ACCESS_FINE_LOCATION permission'
  uses-feature: name='android.hardware.microphone'
  uses-implied-feature: name='android.hardware.microphone' reason='requested android.permission.RECORD_AUDIO permission'
  uses-feature: name='android.hardware.screen.portrait'
  uses-implied-feature: name='android.hardware.screen.portrait' reason='one or more activities have specified a portrait orientation'
  uses-feature: name='android.hardware.wifi'
  uses-implied-feature: name='android.hardware.wifi' reason='requested android.permission.ACCESS_WIFI_STATE permission'
main
other-activities
other-receivers
other-services
supports-screens: 'small' 'normal' 'large' 'xlarge'
supports-any-density: 'true'
locales: '--_--' 'af' 'am' 'ar' 'as' 'az' 'be' 'bg' 'bn' 'bs' 'ca' 'cs' 'da' 'de' 'el' 'en-AU' 'en-CA' 'en-GB' 'en-IN' 'en-XC' 'es' 'es-419' 'es-ES' 'es-GT' 'es-US' 'et' 'eu' 'fa' 'fi' 'fr' 'fr-CA' 'gl' 'gu' 'he' 'hi' 'hr' 'hu' 'hy' 'id' 'in' 'is' 'it' 'iw' 'ja' 'ka' 'kk' 'km' 'kn' 'ko' 'ky' 'lo' 'lt' 'lv' 'mk' 'ml' 'mn' 'mr' 'ms' 'my' 'nb' 'ne' 'nl' 'or' 'pa' 'pl' 'pt' 'pt-BR' 'pt-PT' 'ro' 'ru' 'ru-RU' 'si' 'sk' 'sl' 'sq' 'sr' 'sr-Latn' 'sv' 'sw' 'ta' 'te' 'th' 'tl' 'tr' 'uk' 'ur' 'uz' 'vi' 'zh' 'zh-CN' 'zh-HK' 'zh-TW' 'zu'
densities: '120' '160' '240' '320' '480' '640' '65534'
native-code: 'arm64-v8a' 'armeabi-v7a' 'x86' 'x86_64'

01:34:31.232 detox[14236] [90mE[39m [33mdevice[39m selectApp
01:34:31.232 detox[14236] [90mB[39m [33mdevice[39m uninstallApp
  args: ()
01:34:31.233 detox[14236] [90mB[39m [33martifacts-manager[39m onBeforeUninstallApp
  args: ({"deviceId":"emulator-10656","bundleId":"com.tuapp.seguritacapp"})
01:34:31.233 detox[14236] [90mE[39m [33martifacts-manager[39m onBeforeUninstallApp
01:34:31.234 detox[14236] [90mi[39m [33mchild-process[39m[90m:EXEC_CMD[39m "C:\Users\carus\AppData\Local\Android\Sdk\platform-tools\adb.EXE" -s emulator-10656 shell "pm list packages com.tuapp.seguritacapp"
01:34:31.281 detox[14236] [90mi[39m [33mchild-process[39m[90m:EXEC_SUCCESS[39m package:com.tuapp.seguritacapp
package:com.tuapp.seguritacapp.test

01:34:31.281 detox[14236] [90mi[39m [33mchild-process[39m[90m:EXEC_CMD[39m "C:\Users\carus\AppData\Local\Android\Sdk\platform-tools\adb.EXE" -s emulator-10656 uninstall com.tuapp.seguritacapp
01:34:31.490 detox[14236] [90mi[39m [33mchild-process[39m[90m:EXEC_SUCCESS[39m Success

01:34:31.491 detox[14236] [90mi[39m [33mchild-process[39m[90m:EXEC_CMD[39m "C:\Users\carus\AppData\Local\Android\Sdk\platform-tools\adb.EXE" -s emulator-10656 shell "pm list packages com.tuapp.seguritacapp.test"
01:34:31.574 detox[14236] [90mi[39m [33mchild-process[39m[90m:EXEC_SUCCESS[39m package:com.tuapp.seguritacapp.test

01:34:31.574 detox[14236] [90mi[39m [33mchild-process[39m[90m:EXEC_CMD[39m "C:\Users\carus\AppData\Local\Android\Sdk\platform-tools\adb.EXE" -s emulator-10656 uninstall com.tuapp.seguritacapp.test
01:34:31.720 detox[14236] [90mi[39m [33mchild-process[39m[90m:EXEC_SUCCESS[39m Success

01:34:31.721 detox[14236] [90mE[39m [33mdevice[39m uninstallApp
01:34:31.721 detox[14236] [90mB[39m [33mdevice[39m selectApp
  args: ("default")
01:34:31.723 detox[14236] [90mB[39m [33mdevice[39m terminateApp
  args: ()
01:34:31.723 detox[14236] [90mB[39m [33martifacts-manager[39m onBeforeTerminateApp
  args: ({"deviceId":"emulator-10656","bundleId":"com.tuapp.seguritacapp"})
01:34:31.723 detox[14236] [90mE[39m [33martifacts-manager[39m onBeforeTerminateApp
01:34:31.724 detox[14236] [90mi[39m [33mchild-process[39m[90m:EXEC_CMD[39m "C:\Users\carus\AppData\Local\Android\Sdk\platform-tools\adb.EXE" -s emulator-10656 shell "am force-stop com.tuapp.seguritacapp"
01:34:31.785 detox[14236] [90mi[39m [33mchild-process[39m[90m:EXEC_SUCCESS[39m 
01:34:31.785 detox[14236] [90mB[39m [33martifacts-manager[39m onTerminateApp
  args: ({"deviceId":"emulator-10656","bundleId":"com.tuapp.seguritacapp"})
01:34:31.786 detox[14236] [90mE[39m [33martifacts-manager[39m onTerminateApp
01:34:31.786 detox[14236] [90mE[39m [33mdevice[39m terminateApp
01:34:31.786 detox[14236] [90mE[39m [33mdevice[39m selectApp
01:34:31.787 detox[14236] [90mB[39m [33mdevice[39m installApp
  args: ()
01:34:31.787 detox[14236] [90mi[39m [33mchild-process[39m[90m:EXEC_CMD[39m "C:\Users\carus\AppData\Local\Android\Sdk\build-tools\36.1.0-rc1\aapt.EXE" dump xmlstrings "D:\SeguridadAPP\SeguridadCiudadanaApp\android\app\build\outputs\apk\debug\app-debug.apk" AndroidManifest.xml
01:34:31.813 detox[14236] [90mi[39m [33mchild-process[39m[90m:EXEC_SUCCESS[39m String pool of 249 unique UTF-16 non-sorted strings, 249 entries and 0 styles using 20308 bytes:
String #0: theme
String #1: label
String #2: icon
String #3: name
String #4: permission
String #5: protectionLevel
String #6: enabled
String #7: debuggable
String #8: exported
String #9: taskAffinity
String #10: excludeFromRecents
String #11: authorities
String #12: initOrder
String #13: grantUriPermissions
String #14: priority
String #15: launchMode
String #16: screenOrientation
String #17: configChanges
String #18: value
String #19: resource
String #20: mimeType
String #21: scheme
String #22: host
String #23: minSdkVersion
String #24: versionCode
String #25: versionName
String #26: windowSoftInputMode
String #27: noHistory
String #28: targetSdkVersion
String #29: allowBackup
String #30: glEsVersion
String #31: required
String #32: supportsRtl
String #33: extractNativeLibs
String #34: usesCleartextTraffic
String #35: directBootAware
String #36: roundIcon
String #37: compileSdkVersion
String #38: compileSdkVersionCodename
String #39: appComponentFactory
String #40: foregroundServiceType
String #41: requestLegacyExternalStorage
String #42: 
String #43: */*
String #44: 1.0.0
String #45: 15
String #46: AIzaSyBdVl-cTICSwYKrZ95SuvNw7dbMuDt1KG0
String #47: ALWAYS
String #48: action
String #49: activity
String #50: android
String #51: android.intent.action.ACTION_POWER_CONNECTED
String #52: android.intent.action.ACTION_POWER_DISCONNECTED
String #53: android.intent.action.BATTERY_LOW
String #54: android.intent.action.BATTERY_OKAY
String #55: android.intent.action.BOOT_COMPLETED
String #56: android.intent.action.DEVICE_STORAGE_LOW
String #57: android.intent.action.DEVICE_STORAGE_OK
String #58: android.intent.action.GET_CONTENT
String #59: android.intent.action.MAIN
String #60: android.intent.action.MY_PACKAGE_REPLACED
String #61: android.intent.action.OPEN_DOCUMENT_TREE
String #62: android.intent.action.QUICKBOOT_POWERON
String #63: android.intent.action.REBOOT
String #64: android.intent.action.SEND
String #65: android.intent.action.TIMEZONE_CHANGED
String #66: android.intent.action.TIME_SET
String #67: android.intent.action.VIEW
String #68: android.intent.category.BROWSABLE
String #69: android.intent.category.DEFAULT
String #70: android.intent.category.LAUNCHER
String #71: android.intent.category.OPENABLE
String #72: android.media.action.ACTION_VIDEO_CAPTURE
String #73: android.media.action.IMAGE_CAPTURE
String #74: android.net.conn.CONNECTIVITY_CHANGE
String #75: android.permission.ACCESS_COARSE_LOCATION
String #76: android.permission.ACCESS_FINE_LOCATION
String #77: android.permission.ACCESS_NETWORK_STATE
String #78: android.permission.ACCESS_WIFI_STATE
String #79: android.permission.BIND_JOB_SERVICE
String #80: android.permission.CAMERA
String #81: android.permission.DUMP
String #82: android.permission.FOREGROUND_SERVICE
String #83: android.permission.INTERNET
String #84: android.permission.POST_NOTIFICATIONS
String #85: android.permission.READ_APP_BADGE
String #86: android.permission.READ_EXTERNAL_STORAGE
String #87: android.permission.READ_MEDIA_AUDIO
String #88: android.permission.READ_MEDIA_IMAGES
String #89: android.permission.READ_MEDIA_VIDEO
String #90: android.permission.READ_MEDIA_VISUAL_USER_SELECTED
String #91: android.permission.RECEIVE_BOOT_COMPLETED
String #92: android.permission.RECORD_AUDIO
String #93: android.permission.SYSTEM_ALERT_WINDOW
String #94: android.permission.USE_BIOMETRIC
String #95: android.permission.USE_FINGERPRINT
String #96: android.permission.VIBRATE
String #97: android.permission.WAKE_LOCK
String #98: android.permission.WRITE_EXTERNAL_STORAGE
String #99: android.support.FILE_PROVIDER_PATHS
String #100: android.support.customtabs.action.CustomTabsService
String #101: androidx.camera.camera2.Camera2Config$DefaultProvider
String #102: androidx.camera.core.impl.MetadataHolderService
String #103: androidx.camera.core.impl.MetadataHolderService.DEFAULT_CONFIG_PROVIDER
String #104: androidx.camera.extensions.action.VENDOR_ACTION
String #105: androidx.camera.extensions.impl
String #106: androidx.core.app.CoreComponentFactory
String #107: androidx.emoji2.text.EmojiCompatInitializer
String #108: androidx.lifecycle.ProcessLifecycleInitializer
String #109: androidx.profileinstaller.ProfileInstallReceiver
String #110: androidx.profileinstaller.ProfileInstallerInitializer
String #111: androidx.profileinstaller.action.BENCHMARK_OPERATION
String #112: androidx.profileinstaller.action.INSTALL_PROFILE
String #113: androidx.profileinstaller.action.SAVE_PROFILE
String #114: androidx.profileinstaller.action.SKIP_FILE
String #115: androidx.room.MultiInstanceInvalidationService
String #116: androidx.startup
String #117: androidx.startup.InitializationProvider
String #118: androidx.work.WorkManagerInitializer
String #119: androidx.work.diagnostics.REQUEST_DIAGNOSTICS
String #120: androidx.work.impl.background.systemalarm.ConstraintProxy$BatteryChargingProxy
String #121: androidx.work.impl.background.systemalarm.ConstraintProxy$BatteryNotLowProxy
String #122: androidx.work.impl.background.systemalarm.ConstraintProxy$NetworkStateProxy
String #123: androidx.work.impl.background.systemalarm.ConstraintProxy$StorageNotLowProxy
String #124: androidx.work.impl.background.systemalarm.ConstraintProxyUpdateReceiver
String #125: androidx.work.impl.background.systemalarm.RescheduleReceiver
String #126: androidx.work.impl.background.systemalarm.SystemAlarmService
String #127: androidx.work.impl.background.systemalarm.UpdateProxies
String #128: androidx.work.impl.background.systemjob.SystemJobService
String #129: androidx.work.impl.diagnostics.DiagnosticsReceiver
String #130: androidx.work.impl.foreground.SystemForegroundService
String #131: androidx.work.impl.utils.ForceStopRunnable$BroadcastReceiver
String #132: application
String #133: backend:com.google.android.datatransport.cct.CctBackendFactory
String #134: category
String #135: cct
String #136: com.anddoes.launcher.permission.UPDATE_COUNT
String #137: com.canhub.cropper.CropFileProvider
String #138: com.canhub.cropper.CropImageActivity
String #139: com.facebook.react.devsupport.DevSettingsActivity
String #140: com.facebook.soloader.enabled
String #141: com.google.android.apps.maps
String #142: com.google.android.c2dm.intent.RECEIVE
String #143: com.google.android.c2dm.permission.RECEIVE
String #144: com.google.android.c2dm.permission.SEND
String #145: com.google.android.datatransport.runtime.backends.TransportBackendDiscovery
String #146: com.google.android.datatransport.runtime.scheduling.jobscheduling.AlarmManagerSchedulerBroadcastReceiver
String #147: com.google.android.datatransport.runtime.scheduling.jobscheduling.JobInfoSchedulerService
String #148: com.google.android.finsky.permission.BIND_GET_INSTALL_REFERRER_SERVICE
String #149: com.google.android.geo.API_KEY
String #150: com.google.android.gms.cloudmessaging.FINISHED_AFTER_HANDLED
String #151: com.google.android.gms.common.api.GoogleApiActivity
String #152: com.google.android.gms.metadata.MODULE_DEPENDENCIES
String #153: com.google.android.gms.metadata.ModuleDependencies
String #154: com.google.android.gms.permission.ACTIVITY_RECOGNITION
String #155: com.google.android.gms.version
String #156: com.google.android.providers.gsf.permission.READ_GSERVICES
String #157: com.google.firebase.MESSAGING_EVENT
String #158: com.google.firebase.components.ComponentDiscoveryService
String #159: com.google.firebase.components.ComponentRegistrar
String #160: com.google.firebase.components:com.google.firebase.FirebaseCommonKtxRegistrar
String #161: com.google.firebase.components:com.google.firebase.datatransport.TransportRegistrar
String #162: com.google.firebase.components:com.google.firebase.installations.FirebaseInstallationsKtxRegistrar
String #163: com.google.firebase.components:com.google.firebase.installations.FirebaseInstallationsRegistrar
String #164: com.google.firebase.components:com.google.firebase.ktx.FirebaseCommonLegacyRegistrar
String #165: com.google.firebase.components:com.google.firebase.messaging.FirebaseMessagingKtxRegistrar
String #166: com.google.firebase.components:com.google.firebase.messaging.FirebaseMessagingRegistrar
String #167: com.google.firebase.components:com.google.mlkit.common.internal.CommonComponentRegistrar
String #168: com.google.firebase.components:com.google.mlkit.vision.barcode.internal.BarcodeRegistrar
String #169: com.google.firebase.components:com.google.mlkit.vision.common.internal.VisionCommonRegistrar
String #170: com.google.firebase.iid.FirebaseInstanceIdReceiver
String #171: com.google.firebase.messaging.FirebaseMessagingService
String #172: com.google.firebase.provider.FirebaseInitProvider
String #173: com.google.mlkit.common.internal.MlKitComponentDiscoveryService
String #174: com.google.mlkit.common.internal.MlKitInitProvider
String #175: com.htc.intent.action.QUICKBOOT_POWERON
String #176: com.htc.launcher.permission.READ_SETTINGS
String #177: com.htc.launcher.permission.UPDATE_SHORTCUT
String #178: com.huawei.android.launcher.permission.CHANGE_BADGE
String #179: com.huawei.android.launcher.permission.READ_SETTINGS
String #180: com.huawei.android.launcher.permission.WRITE_SETTINGS
String #181: com.majeur.launcher.permission.UPDATE_BADGE
String #182: com.oppo.launcher.permission.READ_SETTINGS
String #183: com.oppo.launcher.permission.WRITE_SETTINGS
String #184: com.reactnativecommunity.webview.RNCWebViewFileProvider
String #185: com.sec.android.provider.badge.permission.READ
String #186: com.sec.android.provider.badge.permission.WRITE
String #187: com.sonyericsson.home.permission.BROADCAST_BADGE
String #188: com.sonymobile.home.permission.PROVIDER_INSERT_BADGE
String #189: com.tuapp.seguritacapp
String #190: com.tuapp.seguritacapp.DYNAMIC_RECEIVER_NOT_EXPORTED_PERMISSION
String #191: com.tuapp.seguritacapp.FileSystemFileProvider
String #192: com.tuapp.seguritacapp.ImagePickerFileProvider
String #193: com.tuapp.seguritacapp.MainActivity
String #194: com.tuapp.seguritacapp.MainApplication
String #195: com.tuapp.seguritacapp.SharingFileProvider
String #196: com.tuapp.seguritacapp.androidx-startup
String #197: com.tuapp.seguritacapp.cropper.fileprovider
String #198: com.tuapp.seguritacapp.fileprovider
String #199: com.tuapp.seguritacapp.firebaseinitprovider
String #200: com.tuapp.seguritacapp.mlkitinitprovider
String #201: data
String #202: exp+seguridadciudadanaapp
String #203: expo-dev-launcher
String #204: expo-dev-menu
String #205: expo-development-client
String #206: expo.modules.adapters.react.apploader.RNHeadlessAppLoader
String #207: expo.modules.devlauncher.launcher.DevLauncherActivity
String #208: expo.modules.devlauncher.launcher.errors.DevLauncherErrorActivity
String #209: expo.modules.devmenu.DevMenuActivity
String #210: expo.modules.filesystem.FileSystemFileProvider
String #211: expo.modules.imagepicker.fileprovider.ImagePickerFileProvider
String #212: expo.modules.location.services.LocationTaskService
String #213: expo.modules.notifications.NOTIFICATION_EVENT
String #214: expo.modules.notifications.service.ExpoFirebaseMessagingService
String #215: expo.modules.notifications.service.NotificationForwarderActivity
String #216: expo.modules.notifications.service.NotificationsService
String #217: expo.modules.sharing.SharingFileProvider
String #218: expo.modules.updates.ENABLED
String #219: expo.modules.updates.EXPO_UPDATES_CHECK_ON_LAUNCH
String #220: expo.modules.updates.EXPO_UPDATES_LAUNCH_WAIT_MS
String #221: host.exp.exponent
String #222: http://schemas.android.com/apk/res/android
String #223: https
String #224: intent
String #225: intent-filter
String #226: io.nlopez.smartlocation.activity.providers.ActivityGooglePlayServicesProvider$ActivityRecognitionService
String #227: io.nlopez.smartlocation.geocoding.providers.AndroidGeocodingProvider$AndroidGeocodingService
String #228: io.nlopez.smartlocation.geofencing.providers.GeofencingGooglePlayServicesProvider$GeofencingService
String #229: manifest
String #230: me.everything.badger.permission.BADGE_COUNT_READ
String #231: me.everything.badger.permission.BADGE_COUNT_WRITE
String #232: meta-data
String #233: org.apache.http.legacy
String #234: org.unimodules.core.AppLoader#react-native-headless
String #235: package
String #236: permission
String #237: photopicker_activity:0:required
String #238: platformBuildVersionCode
String #239: platformBuildVersionName
String #240: provider
String #241: queries
String #242: receiver
String #243: seguridadciudadanaapp
String #244: service
String #245: uses-feature
String #246: uses-library
String #247: uses-permission
String #248: uses-sdk

01:34:31.817 detox[14236] [90mi[39m [33mchild-process[39m[90m:EXEC_CMD[39m "C:\Users\carus\AppData\Local\Android\Sdk\build-tools\36.1.0-rc1\aapt.EXE" dump xmlstrings "D:\SeguridadAPP\SeguridadCiudadanaApp\android\app\build\outputs\apk\androidTest\debug\app-debug-androidTest.apk" AndroidManifest.xml
01:34:31.843 detox[14236] [90mi[39m [33mchild-process[39m[90m:EXEC_SUCCESS[39m String pool of 43 unique UTF-16 non-sorted strings, 43 entries and 0 styles using 2140 bytes:
String #0: theme
String #1: label
String #2: name
String #3: debuggable
String #4: exported
String #5: priority
String #6: targetPackage
String #7: handleProfiling
String #8: functionalTest
String #9: minSdkVersion
String #10: targetSdkVersion
String #11: extractNativeLibs
String #12: compileSdkVersion
String #13: compileSdkVersionCodename
String #14: 15
String #15: Tests for com.tuapp.seguritacapp
String #16: activity
String #17: android
String #18: android.intent.category.LAUNCHER
String #19: android.permission.REORDER_TASKS
String #20: android.test.runner
String #21: androidx.test.core.app.InstrumentationActivityInvoker$BootstrapActivity
String #22: androidx.test.core.app.InstrumentationActivityInvoker$EmptyActivity
String #23: androidx.test.core.app.InstrumentationActivityInvoker$EmptyFloatingActivity
String #24: androidx.test.orchestrator
String #25: androidx.test.services
String #26: application
String #27: category
String #28: com.google.android.apps.common.testing.services
String #29: com.tuapp.seguritacapp
String #30: com.tuapp.seguritacapp.test
String #31: com.wix.detox.DetoxJUnitRunner
String #32: http://schemas.android.com/apk/res/android
String #33: instrumentation
String #34: intent-filter
String #35: manifest
String #36: package
String #37: platformBuildVersionCode
String #38: platformBuildVersionName
String #39: queries
String #40: uses-library
String #41: uses-permission
String #42: uses-sdk

01:34:31.843 detox[14236] [90mi[39m [33mchild-process[39m[90m:EXEC_CMD[39m "C:\Users\carus\AppData\Local\Android\Sdk\platform-tools\adb.EXE" -s emulator-10656 shell "rm -fr /data/local/tmp/detox"
01:34:31.898 detox[14236] [90mi[39m [33mchild-process[39m[90m:EXEC_SUCCESS[39m 
01:34:31.899 detox[14236] [90mi[39m [33mchild-process[39m[90m:EXEC_CMD[39m "C:\Users\carus\AppData\Local\Android\Sdk\platform-tools\adb.EXE" -s emulator-10656 shell "mkdir -p /data/local/tmp/detox"
01:34:31.945 detox[14236] [90mi[39m [33mchild-process[39m[90m:EXEC_SUCCESS[39m 
01:34:31.946 detox[14236] [90mi[39m [33mchild-process[39m[90m:EXEC_CMD[39m "C:\Users\carus\AppData\Local\Android\Sdk\platform-tools\adb.EXE" -s emulator-10656 push "D:\SeguridadAPP\SeguridadCiudadanaApp\android\app\build\outputs\apk\debug\app-debug.apk" "/data/local/tmp/detox/Application.apk"
01:34:32.716 detox[14236] [90mi[39m [33mchild-process[39m[90m:EXEC_SUCCESS[39m D:\SeguridadAPP\SeguridadCiudadanaApp\android\app\build\outputs\apk\debug\app-debug.apk: 1 file pushed, 0 skipped. 255.2 MB/s (170876961 bytes in 0.639s)

01:34:32.717 detox[14236] [90mi[39m [33mchild-process[39m[90m:EXEC_CMD[39m "C:\Users\carus\AppData\Local\Android\Sdk\platform-tools\adb.EXE" -s emulator-10656 shell "getprop ro.build.version.sdk"
01:34:32.755 detox[14236] [90mi[39m [33mchild-process[39m[90m:EXEC_SUCCESS[39m 34

01:34:32.760 detox[14236] [90mi[39m [33mchild-process[39m[90m:SPAWN_CMD[39m C:\Users\carus\AppData\Local\Android\Sdk\platform-tools\adb.EXE -s emulator-10656 shell pm install -r -g -t /data/local/tmp/detox/Application.apk
01:35:01.148 detox[14236] [90mi[39m [33mchild-process[39m[90m:SPAWN_STDOUT[39m Success

01:35:01.152 detox[14236] [90mi[39m [33mchild-process[39m[90m:SPAWN_END[39m C:\Users\carus\AppData\Local\Android\Sdk\platform-tools\adb.EXE -s emulator-10656 shell pm install -r -g -t /data/local/tmp/detox/Application.apk exited with code #0
01:35:01.152 detox[14236] [90mi[39m [33mchild-process[39m[90m:EXEC_CMD[39m "C:\Users\carus\AppData\Local\Android\Sdk\platform-tools\adb.EXE" -s emulator-10656 push "D:\SeguridadAPP\SeguridadCiudadanaApp\android\app\build\outputs\apk\androidTest\debug\app-debug-androidTest.apk" "/data/local/tmp/detox/Test.apk"
01:35:01.226 detox[14236] [90mi[39m [33mchild-process[39m[90m:EXEC_SUCCESS[39m D:\SeguridadAPP\SeguridadCiudadanaApp\android\app\build\outputs\apk\androidTest\debug\app-debug-androidTest.apk: 1 file pushed, 0 skipped. 713.1 MB/s (4040251 bytes in 0.005s)

01:35:01.230 detox[14236] [90mi[39m [33mchild-process[39m[90m:SPAWN_CMD[39m C:\Users\carus\AppData\Local\Android\Sdk\platform-tools\adb.EXE -s emulator-10656 shell pm install -r -g -t /data/local/tmp/detox/Test.apk
01:35:01.365 detox[14236] [90mi[39m [33mchild-process[39m[90m:SPAWN_STDOUT[39m Success

01:35:01.370 detox[14236] [90mi[39m [33mchild-process[39m[90m:SPAWN_END[39m C:\Users\carus\AppData\Local\Android\Sdk\platform-tools\adb.EXE -s emulator-10656 shell pm install -r -g -t /data/local/tmp/detox/Test.apk exited with code #0
01:35:01.371 detox[14236] [90mE[39m [33mdevice[39m installApp
01:35:01.371 detox[14236] [90mB[39m [33mdevice[39m selectApp
  args: ("default")
01:35:01.372 detox[14236] [90mB[39m [33mdevice[39m terminateApp
  args: ()
01:35:01.372 detox[14236] [90mB[39m [33martifacts-manager[39m onBeforeTerminateApp
  args: ({"deviceId":"emulator-10656","bundleId":"com.tuapp.seguritacapp"})
01:35:01.373 detox[14236] [90mE[39m [33martifacts-manager[39m onBeforeTerminateApp
01:35:01.373 detox[14236] [90mi[39m [33mchild-process[39m[90m:EXEC_CMD[39m "C:\Users\carus\AppData\Local\Android\Sdk\platform-tools\adb.EXE" -s emulator-10656 shell "am force-stop com.tuapp.seguritacapp"
01:35:01.470 detox[14236] [90mi[39m [33mchild-process[39m[90m:EXEC_SUCCESS[39m 
01:35:01.470 detox[14236] [90mB[39m [33martifacts-manager[39m onTerminateApp
  args: ({"deviceId":"emulator-10656","bundleId":"com.tuapp.seguritacapp"})
01:35:01.471 detox[14236] [90mE[39m [33martifacts-manager[39m onTerminateApp
01:35:01.471 detox[14236] [90mE[39m [33mdevice[39m terminateApp
01:35:01.471 detox[14236] [90mE[39m [33mdevice[39m selectApp
01:35:01.471 detox[14236] [90mE[39m [33mlifecycle[39m set up environment
01:35:02.534 detox[14236] [90mi[39m [33mlifecycle[39m smoke.e2e.js is assigned to emulator-10656 (Pixel_6_API34)
01:35:02.534 detox[14236] [90mB[39m [33mlifecycle[39m run the tests
01:35:02.535 detox[14236] [90mB[39m [33martifacts-manager[39m onRunDescribeStart
  args: ({"name":"ROOT_DESCRIBE_BLOCK"})
01:35:02.536 detox[14236] [90mE[39m [33martifacts-manager[39m onRunDescribeStart
01:35:02.536 detox[14236] [90mB[39m [33mlifecycle[39m Smoke
01:35:02.536 detox[14236] [90mB[39m [33martifacts-manager[39m onRunDescribeStart
  args: ({"name":"Smoke"})
01:35:02.537 detox[14236] [90mE[39m [33martifacts-manager[39m onRunDescribeStart
01:35:02.538 detox[14236] [90mB[39m [33mlifecycle[39m launches
01:35:02.538 detox[14236] [90mi[39m [33mlifecycle[39m Smoke: launches
01:35:02.540 detox[14236] [90mB[39m [33martifacts-manager[39m onTestStart
  args: ({"title":"launches","fullName":"Smoke launches","status":"running","invocations":1})
01:35:02.542 detox[14236] [90mi[39m [33martifact[39m[90m:ARTIFACT_START[39m starting ADBLogcatRecording
01:35:02.546 detox[14236] [90mi[39m [33mchild-process[39m[90m:SPAWN_CMD[39m C:\Users\carus\AppData\Local\Android\Sdk\platform-tools\adb.EXE -s emulator-10656 shell "logcat -f /sdcard/13427237_0.log"
01:35:02.547 detox[14236] [90mi[39m [33martifact[39m[90m:ARTIFACT_START[39m starting ADBScreencapRecording
01:35:02.547 detox[14236] [90mi[39m [33mchild-process[39m[90m:EXEC_CMD[39m "C:\Users\carus\AppData\Local\Android\Sdk\platform-tools\adb.EXE" -s emulator-10656 shell "screencap /sdcard/13427237_1.png"
01:35:02.555 detox[14236] [90mi[39m [33martifact[39m[90m:ARTIFACT_START[39m starting ADBVideoRecording
01:35:02.560 detox[14236] [90mi[39m [33mchild-process[39m[90m:SPAWN_CMD[39m C:\Users\carus\AppData\Local\Android\Sdk\platform-tools\adb.EXE -s emulator-10656 shell screenrecord /sdcard/13427237_2.mp4
01:35:02.854 detox[14236] [90mi[39m [33mchild-process[39m[90m:EXEC_CMD[39m "C:\Users\carus\AppData\Local\Android\Sdk\platform-tools\adb.EXE" -s emulator-10656 shell du /sdcard/13427237_0.log
01:35:02.862 detox[14236] [90mi[39m [33mchild-process[39m[90m:EXEC_CMD[39m "C:\Users\carus\AppData\Local\Android\Sdk\platform-tools\adb.EXE" -s emulator-10656 shell du /sdcard/13427237_2.mp4
01:35:02.897 detox[14236] [90mi[39m [33mchild-process[39m[90m:EXEC_SUCCESS[39m 4	/sdcard/13427237_0.log

01:35:02.902 detox[14236] [90mi[39m [33mchild-process[39m[90m:EXEC_SUCCESS[39m 68	/sdcard/13427237_2.mp4

01:35:03.306 detox[14236] [90mi[39m [33mchild-process[39m[90m:EXEC_SUCCESS[39m 
01:35:03.307 detox[14236] [90mi[39m [33martifact[39m[90m:ARTIFACT_STOP[39m stopping ADBScreencapRecording
01:35:03.308 detox[14236] [90mE[39m [33martifacts-manager[39m onTestStart
01:35:03.308 detox[14236] [90mB[39m [33mlifecycle[39m beforeEach
01:35:03.309 detox[14236] [90mE[39m [33mlifecycle[39m beforeEach
01:35:03.309 detox[14236] [90mB[39m [33mlifecycle[39m test_fn
01:35:03.311 detox[14236] [90mB[39m [33mdevice[39m launchApp
  args: ({"newInstance":true})
01:35:03.312 detox[14236] [90mB[39m [33mdevice[39m terminateApp
  args: ("com.tuapp.seguritacapp")
01:35:03.313 detox[14236] [90mB[39m [33martifacts-manager[39m onBeforeTerminateApp
  args: ({"deviceId":"emulator-10656","bundleId":"com.tuapp.seguritacapp"})
01:35:03.313 detox[14236] [90mE[39m [33martifacts-manager[39m onBeforeTerminateApp
01:35:03.313 detox[14236] [90mi[39m [33mchild-process[39m[90m:EXEC_CMD[39m "C:\Users\carus\AppData\Local\Android\Sdk\platform-tools\adb.EXE" -s emulator-10656 shell "am force-stop com.tuapp.seguritacapp"
01:35:03.356 detox[14236] [90mi[39m [33mchild-process[39m[90m:EXEC_SUCCESS[39m 
01:35:03.357 detox[14236] [90mB[39m [33martifacts-manager[39m onTerminateApp
  args: ({"deviceId":"emulator-10656","bundleId":"com.tuapp.seguritacapp"})
01:35:03.357 detox[14236] [90mE[39m [33martifacts-manager[39m onTerminateApp
01:35:03.357 detox[14236] [90mE[39m [33mdevice[39m terminateApp
01:35:03.358 detox[14236] [90mB[39m [33martifacts-manager[39m onBeforeLaunchApp
  args: ({"deviceId":"emulator-10656","bundleId":"com.tuapp.seguritacapp","launchArgs":{"detoxServer":"ws://localhost:57963","detoxSessionId":"fbee434e-1348-1339-8ad0-f0b478cf979d"}})
01:35:03.359 detox[14236] [90mi[39m [33mchild-process[39m[90m:EXEC_CMD[39m "C:\Users\carus\AppData\Local\Android\Sdk\platform-tools\adb.EXE" -s emulator-10656 shell "date +\"%m-%d %T.000\""
01:35:03.400 detox[14236] [90mi[39m [33mchild-process[39m[90m:EXEC_SUCCESS[39m 11-13 06:35:02.000

01:35:03.400 detox[14236] [90mE[39m [33martifacts-manager[39m onBeforeLaunchApp
01:35:03.401 detox[14236] [90mi[39m [33mchild-process[39m[90m:EXEC_CMD[39m "C:\Users\carus\AppData\Local\Android\Sdk\platform-tools\adb.EXE" -s emulator-10656 reverse tcp:57963 tcp:57963
01:35:03.430 detox[14236] [90mi[39m [33mchild-process[39m[90m:EXEC_SUCCESS[39m 57963

01:35:03.431 detox[14236] [90mi[39m [33mchild-process[39m[90m:EXEC_CMD[39m "C:\Users\carus\AppData\Local\Android\Sdk\platform-tools\adb.EXE" -s emulator-10656 shell "pm list instrumentation"
01:35:03.475 detox[14236] [90mi[39m [33mchild-process[39m[90m:EXEC_SUCCESS[39m instrumentation:com.tuapp.seguritacapp.test/com.wix.detox.DetoxJUnitRunner (target=com.tuapp.seguritacapp)

01:35:03.479 detox[14236] [90mi[39m [33mchild-process[39m[90m:SPAWN_CMD[39m C:\Users\carus\AppData\Local\Android\Sdk\platform-tools\adb.EXE -s emulator-10656 shell am instrument -w -r -e detoxServer ws://localhost:57963 -e detoxSessionId fbee434e-1348-1339-8ad0-f0b478cf979d -e debug false com.tuapp.seguritacapp.test/com.wix.detox.DetoxJUnitRunner
01:35:03.982 detox[14236] [90mi[39m [33mchild-process[39m[90m:EXEC_CMD[39m "C:\Users\carus\AppData\Local\Android\Sdk\platform-tools\adb.EXE" -s emulator-10656 shell "ps | grep \"com\.tuapp\.seguritacapp$\""
01:35:04.055 detox[14236] [90mi[39m [33mchild-process[39m[90m:EXEC_SUCCESS[39m u0_a198       8467   359   14754272  92600 0                   0 R com.tuapp.seguritacapp

01:35:04.055 detox[14236] [90mB[39m [33martifacts-manager[39m onLaunchApp
  args: ({"deviceId":"emulator-10656","bundleId":"com.tuapp.seguritacapp","launchArgs":{"detoxServer":"ws://localhost:57963","detoxSessionId":"fbee434e-1348-1339-8ad0-f0b478cf979d"},"pid":8467})
01:35:04.056 detox[14236] [90mi[39m [33martifact[39m[90m:ARTIFACT_START[39m starting ADBLogcatRecording
01:35:04.056 detox[14236] [90mi[39m [33martifact[39m[90m:ARTIFACT_STOP[39m stopping ADBLogcatRecording
01:35:04.056 detox[14236] [90mi[39m [33mchild-process[39m[90m:EXEC_CMD[39m "C:\Users\carus\AppData\Local\Android\Sdk\platform-tools\adb.EXE" -s emulator-10656 shell "date +\"%m-%d %T.000\""
01:35:04.092 detox[14236] [90mi[39m [33mchild-process[39m[90m:EXEC_SUCCESS[39m 11-13 06:35:03.000

01:35:04.105 detox[14236] [90mi[39m [33mchild-process[39m[90m:SPAWN_KILL[39m sending SIGINT to: C:\Users\carus\AppData\Local\Android\Sdk\platform-tools\adb.EXE -s emulator-10656 shell logcat -f /sdcard/13427237_0.log
01:35:04.108 detox[14236] [90mi[39m [33mchild-process[39m[90m:SPAWN_END[39m C:\Users\carus\AppData\Local\Android\Sdk\platform-tools\adb.EXE -s emulator-10656 shell "logcat -f /sdcard/13427237_0.log" terminated with SIGINT
01:35:04.113 detox[14236] [90mi[39m [33mchild-process[39m[90m:SPAWN_CMD[39m C:\Users\carus\AppData\Local\Android\Sdk\platform-tools\adb.EXE -s emulator-10656 shell "logcat -T \"11-13 06:35:03.000\" --pid=8467 -f /sdcard/13427237_0.log"
01:35:04.113 detox[14236] [90mE[39m [33martifacts-manager[39m onLaunchApp
01:35:04.418 detox[14236] [90mi[39m [33mchild-process[39m[90m:EXEC_CMD[39m "C:\Users\carus\AppData\Local\Android\Sdk\platform-tools\adb.EXE" -s emulator-10656 shell du /sdcard/13427237_0.log
01:35:04.454 detox[14236] [90mi[39m [33mchild-process[39m[90m:EXEC_SUCCESS[39m 10924	/sdcard/13427237_0.log

01:35:04.933 detox[14236] [90mi[39m [33mchild-process[39m[90m:SPAWN_STDOUT[39m INSTRUMENTATION_STATUS: class=com.tuapp.seguritacapp.DetoxTest
INSTRUMENTATION_STATUS: current=1
INSTRUMENTATION_STATUS: id=AndroidJUnitRunner
INSTRUMENTATION_STATUS: numtests=1
INSTRUMENTATION_STATUS: stream=
com.tuapp.seguritacapp.DetoxTest:
INSTRUMENTATION_STATUS: test=runDetoxTests
INSTRUMENTATION_STATUS_CODE: 1

01:35:04.951 detox[14236] [90mi[39m [33mchild-process[39m[90m:SPAWN_STDOUT[39m INSTRUMENTATION_STATUS: class=com.tuapp.seguritacapp.DetoxTest
INSTRUMENTATION_STATUS: current=1
INSTRUMENTATION_STATUS: id=AndroidJUnitRunner
INSTRUMENTATION_STATUS: numtests=1
INSTRUMENTATION_STATUS: stack=java.lang.NoClassDefFoundError: Failed resolution of: Lcom/github/anrwatchdog/ANRWatchDog;
	at com.wix.detox.DetoxANRHandler.attach(DetoxANRHandler.kt:9)
	at com.wix.detox.DetoxMain.initANRListener(DetoxMain.kt:116)
	at com.wix.detox.DetoxMain.run(DetoxMain.kt:28)
	at com.wix.detox.Detox.runTests(Detox.java:127)
	at com.wix.detox.Detox.runTests(Detox.java:113)
	at com.wix.detox.Detox.runTests(Detox.java:84)
	at com.tuapp.seguritacapp.DetoxTest.runDetoxTests(DetoxTest.java:19)
	... 33 trimmed
Caused by: java.lang.ClassNotFoundException: Didn't find class "com.github.anrwatchdog.ANRWatchDog" on path: DexPathList[[zip file "/system/framework/android.test.runner.jar", zip file "/system/framework/android.test.mock.jar", zip file "/system/framework/android.test.base.jar", zip file "/data/app/~~4u-Hydkfu7VEV-_S-HLCBg==/com.tuapp.seguritacapp.test-U5sGiiW2jv4bIWET04Plug==/base.apk", zip file "/data/app/~~JSy6K6xtFeJE7Nd3s0QZfw==/com.tuapp.seguritacapp-GrtysTEAeggdXunCazG8rw==/base.apk"],nativeLibraryDirectories=[/data/app/~~4u-Hydkfu7VEV-_S-HLCBg==/com.tuapp.seguritacapp.test-U5sGiiW2jv4bIWET04Plug==/lib/x86_64, /data/app/~~JSy6K6xtFeJE7Nd3s0QZfw==/com.tuapp.seguritacapp-GrtysTEAeggdXunCazG8rw==/lib/x86_64, /data/app/~~4u-Hydkfu7VEV-_S-HLCBg==/com.tuapp.seguritacapp.test-U5sGiiW2jv4bIWET04Plug==/base.apk!/lib/x86_64, /data/app/~~JSy6K6xtFeJE7Nd3s0QZfw==/com.tuapp.seguritacapp-GrtysTEAeggdXunCazG8rw==/base.apk!/lib/x86_64, /system/lib64, /system_ext/lib64]]
	at dalvik.system.BaseDexClassLoader.findClass(BaseDexClassLoader.java:259)
	at java.lang.ClassLoader.loadClass(ClassLoader.java:379)
	at java.lang.ClassLoader.loadClass(ClassLoader.java:312)
	... 41 more

INSTRUMENTATION_STATUS: stream=
Error in runDetoxTests(com.tuapp.seguritacapp.DetoxTest):
java.lang.NoClassDefFoundError: Failed resolution of: Lcom/github/anrwatchdog/ANRWatchDog;
	at com.wix.detox.DetoxANRHandler.attach(DetoxANRHandler.kt:9)
	at com.wix.detox.DetoxMain.initANRListener(DetoxMain.kt:116)
	at com.wix.detox.DetoxMain.run(DetoxMain.kt:28)
	at com.wix.detox.Detox.runTests(Detox.java:127)
	at com.wix.detox.Detox.runTests(Detox.java:113)
	at com.wix.detox.Detox.runTests(Detox.java:84)
	at com.tuapp.seguritacapp.DetoxTest.runDetoxTests(DetoxTest.java:19)
	... 33 trimmed
Caused by: java.lang.ClassNotFoundException: Didn't find class "com.github.anrwatchdog.ANRWatchDog" on path: DexPathList[[zip file "/system/framework/android.test.runner.jar", zip file "/system/framework/android.test.mock.jar", zip file "/system/framework/android.test.base.jar", zip file "/data/app/~~4u-Hydkfu7VEV-_S-HLCBg==/com.tuapp.seguritacapp.test-U5sGiiW2jv4bIWET04Plug==/base.apk", zip file "/data/app/~~JSy6K6xtFeJE7Nd3s0QZfw==/com.tuapp.seguritacapp-GrtysTEAeggdXunCazG8rw==/base.apk"],nativeLibraryDirectories=[/data/app/~~4u-Hydkfu7VEV-_S-HLCBg==/com.tuapp.seguritacapp.test-U5sGiiW2jv4bIWET04Plug==/lib/x86_64, /data/app/~~JSy6K6xtFeJE7Nd3s0QZfw==/com.tuapp.seguritacapp-GrtysTEAeggdXunCazG8rw==/lib/x86_64, /data/app/~~4u-Hydkfu7VEV-_S-HLCBg==/com.tuapp.seguritacapp.test-U5sGiiW2jv4bIWET04Plug==/base.apk!/lib/x86_64, /data/app/~~JSy6K6xtFeJE7Nd3s0QZfw==/com.tuapp.seguritacapp-GrtysTEAeggdXunCazG8rw==/base.apk!/lib/x86_64, /system/lib64, /system_ext/lib64]]
	at dalvik.system.BaseDexClassLoader.findClass(BaseDexClassLoader.java:259)
	at java.lang.ClassLoader.loadClass(ClassLoader.java:379)
	at java.lang.ClassLoader.loadClass(ClassLoader.java:312)
	... 41 more

INSTRUMENTATION_STATUS: test=runDetoxTests
INSTRUMENTATION_STATUS_CODE: -2

01:35:04.965 detox[14236] [90mi[39m [33mchild-process[39m[90m:SPAWN_STDOUT[39m INSTRUMENTATION_RESULT: stream=

Time: 0.022
There was 1 failure:
1) runDetoxTests(com.tuapp.seguritacapp.DetoxTest)
java.lang.NoClassDefFoundError: Failed resolution of: Lcom/github/anrwatchdog/ANRWatchDog;
	at com.wix.detox.DetoxANRHandler.attach(DetoxANRHandler.kt:9)
	at com.wix.detox.DetoxMain.initANRListener(DetoxMain.kt:116)
	at com.wix.detox.DetoxMain.run(DetoxMain.kt:28)
	at com.wix.detox.Detox.runTests(Detox.java:127)
	at com.wix.detox.Detox.runTests(Detox.java:113)
	at com.wix.detox.Detox.runTests(Detox.java:84)
	at com.tuapp.seguritacapp.DetoxTest.runDetoxTests(DetoxTest.java:19)
	... 33 trimmed
Caused by: java.lang.ClassNotFoundException: Didn't find class "com.github.anrwatchdog.ANRWatchDog" on path: DexPathList[[zip file "/system/framework/android.test.runner.jar", zip file "/system/framework/android.test.mock.jar", zip file "/system/framework/android.test.base.jar", zip file "/data/app/~~4u-Hydkfu7VEV-_S-HLCBg==/com.tuapp.seguritacapp.test-U5sGiiW2jv4bIWET04Plug==/base.apk", zip file "/data/app/~~JSy6K6xtFeJE7Nd3s0QZfw==/com.tuapp.seguritacapp-GrtysTEAeggdXunCazG8rw==/base.apk"],nativeLibraryDirectories=[/data/app/~~4u-Hydkfu7VEV-_S-HLCBg==/com.tuapp.seguritacapp.test-U5sGiiW2jv4bIWET04Plug==/lib/x86_64, /data/app/~~JSy6K6xtFeJE7Nd3s0QZfw==/com.tuapp.seguritacapp-GrtysTEAeggdXunCazG8rw==/lib/x86_64, /data/app/~~4u-Hydkfu7VEV-_S-HLCBg==/com.tuapp.seguritacapp.test-U5sGiiW2jv4bIWET04Plug==/base.apk!/lib/x86_64, /data/app/~~JSy6K6xtFeJE7Nd3s0QZfw==/com.tuapp.seguritacapp-GrtysTEAeggdXunCazG8rw==/base.apk!/lib/x86_64, /system/lib64, /system_ext/lib64]]
	at dalvik.system.BaseDexClassLoader.findClass(BaseDexClassLoader.java:259)
	at java.lang.ClassLoader.loadClass(ClassLoader.java:379)
	at java.lang.ClassLoader.loadClass(ClassLoader.java:312)
	... 41 more

FAILURES!!!
Tests run: 1,  Failures: 1


INSTRUMENTATION_CODE: -1

01:35:04.975 detox[14236] [90mi[39m [33mchild-process[39m[90m:SPAWN_END[39m C:\Users\carus\AppData\Local\Android\Sdk\platform-tools\adb.EXE -s emulator-10656 shell am instrument -w -r -e detoxServer ws://localhost:57963 -e detoxSessionId fbee434e-1348-1339-8ad0-f0b478cf979d -e debug false com.tuapp.seguritacapp.test/com.wix.detox.DetoxJUnitRunner exited with code #0
01:35:04.976 detox[14236] [90mi[39m [33mdevice[39m An error occurred while waiting for the app to become ready. Waiting for disconnection...
  error: Failed to run application on the device
  
  HINT: Most likely, your tests have timed out and called detox.cleanup() while it was waiting for "ready" message (over WebSocket) from the instrumentation process.
01:35:04.976 detox[14236] [90mi[39m [33mdevice[39m The app disconnected.
01:35:04.977 detox[14236] [90mi[39m [33mchild-process[39m[90m:EXEC_CMD[39m "C:\Users\carus\AppData\Local\Android\Sdk\platform-tools\adb.EXE" -s emulator-10656 reverse --remove tcp:57963
01:35:04.984 detox[14236] [90mE[39m [33mdevice[39m launchApp
  error: Failed to run application on the device
  
  HINT: Most likely, your tests have timed out and called detox.cleanup() while it was waiting for "ready" message (over WebSocket) from the instrumentation process.
01:35:04.985 detox[14236] [90mB[39m [33martifacts-manager[39m onTestFnFailure
  args: ({"error":{"name":"DetoxRuntimeError"}})
01:35:04.986 detox[14236] [90mi[39m [33martifact[39m[90m:ARTIFACT_START[39m starting ADBScreencapRecording
01:35:04.986 detox[14236] [90mi[39m [33mchild-process[39m[90m:EXEC_CMD[39m "C:\Users\carus\AppData\Local\Android\Sdk\platform-tools\adb.EXE" -s emulator-10656 shell "screencap /sdcard/13427237_3.png"
01:35:05.007 detox[14236] [90mi[39m [33mchild-process[39m[90m:EXEC_SUCCESS[39m 
01:35:05.657 detox[14236] [90mi[39m [33mchild-process[39m[90m:EXEC_SUCCESS[39m 
01:35:05.658 detox[14236] [90mi[39m [33martifact[39m[90m:ARTIFACT_STOP[39m stopping ADBScreencapRecording
01:35:05.658 detox[14236] [90mE[39m [33martifacts-manager[39m onTestFnFailure
01:35:05.658 detox[14236] [90mE[39m [33mlifecycle[39m test_fn
  error: Failed to run application on the device
  
  HINT: Most likely, your tests have timed out and called detox.cleanup() while it was waiting for "ready" message (over WebSocket) from the instrumentation process.
01:35:05.659 detox[14236] [90mB[39m [33martifacts-manager[39m onTestDone
  args: ({"title":"launches","fullName":"Smoke launches","status":"failed","invocations":1,"timedOut":false})
01:35:05.660 detox[14236] [90mi[39m [33martifact[39m[90m:ARTIFACT_STOP[39m stopping ADBLogcatRecording
01:35:05.660 detox[14236] [90mi[39m [33martifact[39m[90m:ARTIFACT_START[39m starting ADBScreencapRecording
01:35:05.661 detox[14236] [90mi[39m [33mchild-process[39m[90m:EXEC_CMD[39m "C:\Users\carus\AppData\Local\Android\Sdk\platform-tools\adb.EXE" -s emulator-10656 shell "screencap /sdcard/13427237_4.png"
01:35:05.668 detox[14236] [90mi[39m [33martifact[39m[90m:ARTIFACT_STOP[39m stopping ADBVideoRecording
01:35:05.669 detox[14236] [90mi[39m [33mchild-process[39m[90m:EXEC_CMD[39m "C:\Users\carus\AppData\Local\Android\Sdk\platform-tools\adb.EXE" -s emulator-10656 shell "date +\"%m-%d %T.000\""
01:35:05.672 detox[14236] [90mi[39m [33mchild-process[39m[90m:SPAWN_KILL[39m sending SIGINT to: C:\Users\carus\AppData\Local\Android\Sdk\platform-tools\adb.EXE -s emulator-10656 shell screenrecord /sdcard/13427237_2.mp4
01:35:05.675 detox[14236] [90mi[39m [33mchild-process[39m[90m:SPAWN_END[39m C:\Users\carus\AppData\Local\Android\Sdk\platform-tools\adb.EXE -s emulator-10656 shell screenrecord /sdcard/13427237_2.mp4 terminated with SIGINT
01:35:05.677 detox[14236] [90mi[39m [33martifacts-manager[39m Suppressed error inside function call.
  error: TypeError: this._pathBuilder.buildPathForTestArtifact is not a function
      at Object.preparePathForArtifact (D:\SeguridadAPP\SeguridadCiudadanaApp\node_modules\detox\src\artifacts\ArtifactsManager.js:73:48)
      at ADBScreenrecorderPlugin.preparePathForTestArtifact (D:\SeguridadAPP\SeguridadCiudadanaApp\node_modules\detox\src\artifacts\video\VideoArtifactPlugin.js:9:21)
      at D:\SeguridadAPP\SeguridadCiudadanaApp\node_modules\detox\src\artifacts\templates\plugin\WholeTestRecorderPlugin.js:64:48
      at processTicksAndRejections (node:internal/process/task_queues:95:5)
01:35:05.711 detox[14236] [90mi[39m [33mchild-process[39m[90m:EXEC_SUCCESS[39m 11-13 06:35:04.000

01:35:05.720 detox[14236] [90mi[39m [33mchild-process[39m[90m:SPAWN_KILL[39m sending SIGINT to: C:\Users\carus\AppData\Local\Android\Sdk\platform-tools\adb.EXE -s emulator-10656 shell logcat -T "11-13 06:35:03.000" --pid=8467 -f /sdcard/13427237_0.log
01:35:05.723 detox[14236] [90mi[39m [33mchild-process[39m[90m:SPAWN_END[39m C:\Users\carus\AppData\Local\Android\Sdk\platform-tools\adb.EXE -s emulator-10656 shell "logcat -T \"11-13 06:35:03.000\" --pid=8467 -f /sdcard/13427237_0.log" terminated with SIGINT
01:35:05.724 detox[14236] [90mi[39m [33martifacts-manager[39m Suppressed error inside function call.
  error: TypeError: this._pathBuilder.buildPathForTestArtifact is not a function
      at Object.preparePathForArtifact (D:\SeguridadAPP\SeguridadCiudadanaApp\node_modules\detox\src\artifacts\ArtifactsManager.js:73:48)
      at ADBLogcatPlugin.preparePathForTestArtifact (D:\SeguridadAPP\SeguridadCiudadanaApp\node_modules\detox\src\artifacts\log\LogArtifactPlugin.js:49:21)
      at D:\SeguridadAPP\SeguridadCiudadanaApp\node_modules\detox\src\artifacts\templates\plugin\WholeTestRecorderPlugin.js:64:48
      at processTicksAndRejections (node:internal/process/task_queues:95:5)
01:35:06.190 detox[14236] [90mi[39m [33mchild-process[39m[90m:EXEC_CMD[39m "C:\Users\carus\AppData\Local\Android\Sdk\platform-tools\adb.EXE" -s emulator-10656 shell du /sdcard/13427237_2.mp4
01:35:06.226 detox[14236] [90mi[39m [33mchild-process[39m[90m:EXEC_SUCCESS[39m 68	/sdcard/13427237_2.mp4

01:35:06.343 detox[14236] [90mi[39m [33mchild-process[39m[90m:EXEC_SUCCESS[39m 
01:35:06.343 detox[14236] [90mi[39m [33martifact[39m[90m:ARTIFACT_STOP[39m stopping ADBScreencapRecording
01:35:06.344 detox[14236] [90mE[39m [33martifacts-manager[39m onTestDone
01:35:06.345 detox[14236] [90mi[39m [33martifacts-manager[39m Suppressed error inside function call.
  error: TypeError: this._pathBuilder.buildPathForTestArtifact is not a function
      at Object.preparePathForArtifact (D:\SeguridadAPP\SeguridadCiudadanaApp\node_modules\detox\src\artifacts\ArtifactsManager.js:73:48)
      at ADBScreencapPlugin.preparePathForSnapshot (D:\SeguridadAPP\SeguridadCiudadanaApp\node_modules\detox\src\artifacts\screenshot\ScreenshotArtifactPlugin.js:19:21)
      at D:\SeguridadAPP\SeguridadCiudadanaApp\node_modules\detox\src\artifacts\templates\plugin\TwoSnapshotsPerTestPlugin.js:133:49
      at processTicksAndRejections (node:internal/process/task_queues:95:5)
01:35:06.346 detox[14236] [90mE[39m [33mlifecycle[39m launches
01:35:06.346 detox[14236] [90mi[39m [33martifacts-manager[39m Suppressed error inside function call.
  error: TypeError: this._pathBuilder.buildPathForTestArtifact is not a function
      at Object.preparePathForArtifact (D:\SeguridadAPP\SeguridadCiudadanaApp\node_modules\detox\src\artifacts\ArtifactsManager.js:73:48)
      at ADBScreencapPlugin.preparePathForSnapshot (D:\SeguridadAPP\SeguridadCiudadanaApp\node_modules\detox\src\artifacts\screenshot\ScreenshotArtifactPlugin.js:19:21)
      at D:\SeguridadAPP\SeguridadCiudadanaApp\node_modules\detox\src\artifacts\templates\plugin\TwoSnapshotsPerTestPlugin.js:133:49
      at processTicksAndRejections (node:internal/process/task_queues:95:5)
01:35:06.346 detox[14236] [90mi[39m [33mlifecycle[39m Smoke: launches [FAIL]
01:35:06.347 detox[14236] [90mi[39m [33martifacts-manager[39m Suppressed error inside function call.
  error: TypeError: this._pathBuilder.buildPathForTestArtifact is not a function
      at Object.preparePathForArtifact (D:\SeguridadAPP\SeguridadCiudadanaApp\node_modules\detox\src\artifacts\ArtifactsManager.js:73:48)
      at ADBScreencapPlugin.preparePathForSnapshot (D:\SeguridadAPP\SeguridadCiudadanaApp\node_modules\detox\src\artifacts\screenshot\ScreenshotArtifactPlugin.js:19:21)
      at D:\SeguridadAPP\SeguridadCiudadanaApp\node_modules\detox\src\artifacts\templates\plugin\TwoSnapshotsPerTestPlugin.js:133:49
      at processTicksAndRejections (node:internal/process/task_queues:95:5)
01:35:06.348 detox[14236] [90mB[39m [33martifacts-manager[39m onRunDescribeFinish
  args: ({"name":"Smoke"})
01:35:06.349 detox[14236] [90mE[39m [33martifacts-manager[39m onRunDescribeFinish
01:35:06.349 detox[14236] [90mE[39m [33mlifecycle[39m Smoke
01:35:06.350 detox[14236] [90mB[39m [33martifacts-manager[39m onRunDescribeFinish
  args: ({"name":"ROOT_DESCRIBE_BLOCK"})
01:35:06.350 detox[14236] [90mE[39m [33martifacts-manager[39m onRunDescribeFinish
01:35:06.350 detox[14236] [90mE[39m [33mlifecycle[39m run the tests
01:35:06.367 detox[14236] [90mB[39m [33mlifecycle[39m tear down environment
01:35:06.368 detox[14236] [90mB[39m [33martifacts-manager[39m onBeforeCleanup
  args: ()
01:35:06.368 detox[14236] [90mi[39m [33martifact[39m[90m:ARTIFACT_START[39m starting ADBScreencapRecording
01:35:06.369 detox[14236] [90mi[39m [33mchild-process[39m[90m:EXEC_CMD[39m "C:\Users\carus\AppData\Local\Android\Sdk\platform-tools\adb.EXE" -s emulator-10656 shell "screencap /sdcard/13427237_5.png"
01:35:06.377 detox[14236] [90mi[39m [33martifacts-manager[39m Suppressed error inside function call.
  error: TypeError: this._pathBuilder.buildPathForTestArtifact is not a function
      at Object.preparePathForArtifact (D:\SeguridadAPP\SeguridadCiudadanaApp\node_modules\detox\src\artifacts\ArtifactsManager.js:73:48)
      at D:\SeguridadAPP\SeguridadCiudadanaApp\node_modules\detox\src\artifacts\log\LogArtifactPlugin.js:21:20
      at processTicksAndRejections (node:internal/process/task_queues:95:5)
01:35:07.022 detox[14236] [90mi[39m [33mchild-process[39m[90m:EXEC_SUCCESS[39m 
01:35:07.022 detox[14236] [90mi[39m [33martifact[39m[90m:ARTIFACT_STOP[39m stopping ADBScreencapRecording
01:35:07.023 detox[14236] [90mi[39m [33martifacts-manager[39m Suppressed error inside function call.
  error: TypeError: this._pathBuilder.buildPathForTestArtifact is not a function
      at Object.preparePathForArtifact (D:\SeguridadAPP\SeguridadCiudadanaApp\node_modules\detox\src\artifacts\ArtifactsManager.js:73:48)
      at ADBScreencapPlugin.preparePathForSnapshot (D:\SeguridadAPP\SeguridadCiudadanaApp\node_modules\detox\src\artifacts\screenshot\ScreenshotArtifactPlugin.js:19:21)
      at D:\SeguridadAPP\SeguridadCiudadanaApp\node_modules\detox\src\artifacts\templates\plugin\TwoSnapshotsPerTestPlugin.js:133:49
      at processTicksAndRejections (node:internal/process/task_queues:95:5)
01:35:07.023 detox[14236] [90mE[39m [33martifacts-manager[39m onBeforeCleanup
01:35:07.024 detox[14236] [90mi[39m [33mws-client[39m[90m:APP_UNREACHABLE[39m Detox can't seem to connect to the test app(s)!

HINT: 

The test app might have crashed prematurely, or has had trouble setting up the connection.
Refer to our troubleshooting guide, for full details: https://wix.github.io/Detox/docs/troubleshooting/running-tests#tests-execution-hangs 



01:35:07.027 detox[8760] [90mi[39m [33mws-server[39m tester exited session fbee434e-1348-1339-8ad0-f0b478cf979d
01:35:07.027 detox[8760] [90mE[39m [33mws-server[39m[33m@57964[39m connection :57963<->:57964
01:35:07.028 detox[14236] [90mi[39m [33mipc[39m dispatching event to  primary-8760 /tmp/detox.primary-8760  :  deallocateDevice , {
  deviceCookie: {
    id: 'emulator-10656',
    adbName: 'emulator-10656',
    name: 'emulator-10656 (Pixel_6_API34)'
  }
}
01:35:07.029 detox[8760] [90mi[39m [33mipc[39m received event of :  deallocateDevice {
  deviceCookie: {
    id: 'emulator-10656',
    adbName: 'emulator-10656',
    name: 'emulator-10656 (Pixel_6_API34)'
  }
}
01:35:07.029 detox[8760] [90mB[39m [33mdevice[39m[33m@0[39m free: emulator-10656
  data: {}
01:35:07.035 detox[8760] [90mE[39m [33mdevice[39m[33m@0[39m free: emulator-10656
01:35:07.036 detox[14236] [90mi[39m [33mipc[39m ## received events ##
01:35:07.036 detox[14236] [90mi[39m [33mipc[39m detected event deallocateDeviceDone {}
01:35:07.036 detox[8760] [90mi[39m [33mipc[39m dispatching event to socket  :  deallocateDeviceDone {}
01:35:07.037 detox[14236] [90mi[39m [33mipc[39m connection closed primary-8760 /tmp/detox.primary-8760 0 tries remaining of 0
01:35:07.037 detox[14236] [90mi[39m [33mipc[39m secondary-14236 exceeded connection rety amount of  or stopRetrying flag set.
01:35:07.037 detox[8760] [90mi[39m [33mipc[39m socket disconnected secondary-14236
01:35:07.038 detox[14236] [90mE[39m [33mlifecycle[39m tear down environment
01:35:07.038 detox[14236] [90mE[39m [33mlifecycle[39m e2e\smoke.e2e.js
01:35:07.062 detox[8760] [90mE[39m [33mlifecycle[39m Command failed with exit code = 1:
DETOX_CONFIGURATION="android.emu.debug" DETOX_LOGLEVEL="trace" DETOX_RECORD_LOGS="all" DETOX_RECORD_VIDEOS="all" DETOX_TAKE_SCREENSHOTS="all" jest --config e2e/jest.config.js
01:35:07.063 detox[8760] [90mB[39m [33mdevice[39m cleanup
  args: ()
01:35:07.065 detox[8760] [90mE[39m [33mdevice[39m cleanup
01:35:07.066 detox[8760] [90mi[39m [33mws-server[39m Detox server has been closed gracefully
01:35:07.068 detox[8760] [90mE[39m [33mlifecycle[39m node_modules\detox\local-cli\cli.js test --configuration android.emu.debug --config e2e/jest.config.js --record-logs all --record-videos all --take-screenshots all -l trace
