10:58:36.051 detox[15868] [90mB[39m [33mlifecycle[39m node_modules\detox\local-cli\cli.js test --configuration android.emu.debug --config e2e/jest.config.js --record-logs all --record-videos all --take-screenshots all -l trace e2e/auth.fullflow.e2e.test.js
  data: {
    "id": "09818014-fe2a-7940-81ca-689e9d7cc6a0",
    "detoxConfig": {
      "configurationName": "android.emu.debug",
      "apps": {
        "default": {
          "type": "android.apk",
          "binaryPath": "android/app/build/outputs/apk/debug/app-debug.apk",
          "testBinaryPath": "android/app/build/outputs/apk/androidTest/debug/app-debug-androidTest.apk",
          "build": "cmd /C D:\\SeguridadAPP\\SeguridadCiudadanaApp\\android\\gradlew.bat -p D:\\SeguridadAPP\\SeguridadCiudadanaApp\\android assembleDebug assembleAndroidTest -DtestBuildType=debug"
        }
      },
      "artifacts": {
        "rootDir": "artifacts\\android.emu.debug.2025-11-14 15-58-36Z",
        "plugins": {
          "log": {
            "enabled": true,
            "keepOnlyFailedTestsArtifacts": false
          },
          "screenshot": {
            "enabled": true,
            "shouldTakeAutomaticSnapshots": true,
            "keepOnlyFailedTestsArtifacts": false
          },
          "video": {
            "enabled": true,
            "keepOnlyFailedTestsArtifacts": false
          },
          "instruments": {
            "enabled": false,
            "keepOnlyFailedTestsArtifacts": false
          },
          "uiHierarchy": {
            "enabled": false,
            "keepOnlyFailedTestsArtifacts": false
          }
        }
      },
      "behavior": {
        "init": {
          "keepLockFile": false,
          "reinstallApp": true,
          "exposeGlobals": true
        },
        "cleanup": {
          "shutdownDevice": false
        },
        "launchApp": "auto"
      },
      "cli": {
        "recordLogs": "all",
        "takeScreenshots": "all",
        "recordVideos": "all",
        "configuration": "android.emu.debug",
        "loglevel": "trace",
        "start": true
      },
      "commands": [
        {
          "appName": "default",
          "build": "cmd /C D:\\SeguridadAPP\\SeguridadCiudadanaApp\\android\\gradlew.bat -p D:\\SeguridadAPP\\SeguridadCiudadanaApp\\android assembleDebug assembleAndroidTest -DtestBuildType=debug"
        }
      ],
      "device": {
        "type": "android.emulator",
        "device": {
          "avdName": "Pixel_6_API34"
        }
      },
      "logger": {
        "level": "trace",
        "overrideConsole": true,
        "options": {
          "showLoggerName": true,
          "showPid": true,
          "showLevel": false,
          "showMetadata": false,
          "basepath": "D:\\SeguridadAPP\\SeguridadCiudadanaApp\\node_modules\\detox\\src",
          "prefixers": {},
          "stringifiers": {}
        }
      },
      "testRunner": {
        "retries": 0,
        "forwardEnv": true,
        "detached": false,
        "bail": false,
        "noRetryArgs": [
          "shard"
        ],
        "jest": {
          "setupTimeout": 300000,
          "teardownTimeout": 30000,
          "retryAfterCircusRetries": false,
          "reportWorkerAssign": true
        },
        "args": {
          "$0": "jest",
          "_": [
            "e2e/auth.fullflow.e2e.test.js"
          ],
          "config": "e2e/jest.config.js",
          "--": []
        }
      },
      "session": {
        "autoStart": true,
        "debugSynchronization": 10000
      }
    },
    "detoxIPCServer": "primary-15868",
    "testResults": [],
    "testSessionIndex": 0,
    "workersCount": 0
  }
10:58:36.076 detox[15868] [90mi[39m [33mipc[39m Server path not specified, so defaulting to ipc.config.socketRoot + ipc.config.appspace + ipc.config.id /tmp/detox.primary-15868
10:58:36.079 detox[15868] [90mi[39m [33mipc[39m starting server on  /tmp/detox.primary-15868 
10:58:36.079 detox[15868] [90mi[39m [33mipc[39m starting TLS server false
10:58:36.079 detox[15868] [90mi[39m [33mipc[39m starting server as Unix || Windows Socket
10:58:36.083 detox[15868] [90mi[39m [33mws-server[39m Detox server listening on localhost:63466...
10:58:36.089 detox[15868] [90mi[39m [33mlifecycle[39m Serialized the session state at: C:\Users\carus\AppData\Local\Temp\09818014-fe2a-7940-81ca-689e9d7cc6a0.detox.json
10:58:36.091 detox[15868] [90mB[39m [33mlifecycle[39m DETOX_CONFIGURATION="android.emu.debug" DETOX_LOGLEVEL="trace" DETOX_RECORD_LOGS="all" DETOX_RECORD_VIDEOS="all" DETOX_TAKE_SCREENSHOTS="all" jest --config e2e/jest.config.js e2e/auth.fullflow.e2e.test.js
10:58:37.172 detox[15588] [90mB[39m [33mlifecycle[39m e2e\auth.fullflow.e2e.test.js
10:58:37.210 detox[15588] [90mB[39m [33mlifecycle[39m set up environment
10:58:37.232 detox[15588] [90mi[39m [33mipc[39m Service path not specified, so defaulting to ipc.config.socketRoot + ipc.config.appspace + id 
10:58:37.233 detox[15588] [90mi[39m [33mipc[39m requested connection to  primary-15868 /tmp/detox.primary-15868
10:58:37.233 detox[15588] [90mi[39m [33mipc[39m Connecting client on Unix Socket : /tmp/detox.primary-15868
10:58:37.234 detox[15868] [90mi[39m [33mipc[39m ## socket connection to server detected ##
10:58:37.235 detox[15588] [90mi[39m [33mipc[39m retrying reset
10:58:37.237 detox[15588] [90mi[39m [33mipc[39m dispatching event to  primary-15868 /tmp/detox.primary-15868  :  registerContext , { id: 'secondary-15588' }
10:58:37.239 detox[15868] [90mi[39m [33mipc[39m received event of :  registerContext { id: 'secondary-15588' }
10:58:37.239 detox[15868] [90mi[39m [33mipc[39m dispatching event to socket  :  registerContextDone {
  testResults: [],
  testSessionIndex: 0,
  unsafe_earlyTeardown: undefined
}
10:58:37.241 detox[15588] [90mi[39m [33mipc[39m ## received events ##
10:58:37.242 detox[15588] [90mi[39m [33mipc[39m detected event registerContextDone { testResults: [], testSessionIndex: 0 }
10:58:37.243 detox[15588] [90mi[39m [33mipc[39m dispatching event to  primary-15868 /tmp/detox.primary-15868  :  registerWorker , { workerId: 'w1' }
10:58:37.243 detox[15868] [90mi[39m [33mipc[39m received event of :  registerWorker { workerId: 'w1' }
10:58:37.243 detox[15868] [90mi[39m [33mipc[39m dispatching event to socket  :  registerWorkerDone { workersCount: 1 }
10:58:37.243 detox[15868] [90mi[39m [33mipc[39m broadcasting event to all known sockets listening to  \\.\pipe\tmp-detox.primary-15868  :   sessionStateUpdate { workersCount: 1 }
10:58:37.244 detox[15588] [90mi[39m [33mipc[39m ## received events ##
10:58:37.244 detox[15588] [90mi[39m [33mipc[39m detected event registerWorkerDone { workersCount: 1 }
10:58:37.698 detox[15588] [90mi[39m [33mipc[39m ## received events ##
10:58:37.699 detox[15588] [90mi[39m [33mipc[39m detected event sessionStateUpdate { workersCount: 1 }
10:58:37.702 detox[15868] [90mB[39m [33mws-server[39m[33m@63472[39m connection :63466<->:63472
10:58:37.704 detox[15588] [90mi[39m [33mws-client[39m opened web socket to: ws://localhost:63466
10:58:37.707 detox[15588] [90mi[39m [33mws-client[39m send message
  data: {"type":"login","params":{"sessionId":"e2eec906-7867-4409-1fc3-ba5699e41760","role":"tester"},"messageId":0}
10:58:37.708 detox[15868] [90mi[39m [33mws-server[39m[33m@63472[39m get
  data: {"type":"login","params":{"sessionId":"e2eec906-7867-4409-1fc3-ba5699e41760","role":"tester"},"messageId":0}
10:58:37.708 detox[15868] [90mi[39m [33mws-server[39m created session e2eec906-7867-4409-1fc3-ba5699e41760
10:58:37.709 detox[15868] [90mi[39m [33mws-server[39m[33m@63472[39m send
  data: {
    "type": "loginSuccess",
    "params": {
      "testerConnected": true,
      "appConnected": false
    },
    "messageId": 0
  }
10:58:37.710 detox[15868] [90mi[39m [33mws-server[39m tester joined session e2eec906-7867-4409-1fc3-ba5699e41760
10:58:37.711 detox[15588] [90mi[39m [33mws-client[39m get message
  data: {"type":"loginSuccess","params":{"testerConnected":true,"appConnected":false},"messageId":0}
   
10:58:37.790 detox[15588] [90mi[39m [33mipc[39m dispatching event to  primary-15868 /tmp/detox.primary-15868  :  allocateDevice , {
  deviceConfig: { type: 'android.emulator', device: { avdName: 'Pixel_6_API34' } }
}
10:58:37.790 detox[15868] [90mi[39m [33mipc[39m received event of :  allocateDevice {
  deviceConfig: { type: 'android.emulator', device: { avdName: 'Pixel_6_API34' } }
}
10:58:37.849 detox[15868] [90mB[39m [33mdevice[39m init
  args: ()
10:58:37.854 detox[15868] [90mE[39m [33mdevice[39m init
10:58:37.854 detox[15868] [90mB[39m [33mdevice[39m[33m@0[39m allocate
  data: {
    "type": "android.emulator",
    "device": {
      "avdName": "Pixel_6_API34"
    }
  }
10:58:38.020 detox[15868] [90mi[39m [33mdevice[39m Detected emulator binary version { major: 36, minor: 2, patch: 12, toString: [Function: toString] }
10:58:38.022 detox[15868] [90mi[39m [33mchild-process[39m[90m:EXEC_CMD[39m "C:\Users\carus\AppData\Local\Android\Sdk\platform-tools\adb.EXE"  devices
10:58:38.050 detox[15868] [90mi[39m [33mchild-process[39m[90m:EXEC_SUCCESS[39m List of devices attached
emulator-15632	device


10:58:38.051 detox[15868] [90mi[39m [33mdevice[39m[90m:TELNET_CONNECTING[39m port: 15632, host: localhost
10:58:38.062 detox[15868] [90mi[39m [33mdevice[39m[90m:DEVICE_LOOKUP[39m Found a matching & free device emulator-15632
10:58:38.063 detox[15868] [90mi[39m [33mdevice[39m settled on emulator-15632 (Pixel_6_API34)
  data: {
    "id": "emulator-15632",
    "adbName": "emulator-15632",
    "name": "emulator-15632 (Pixel_6_API34)"
  }
10:58:38.064 detox[15868] [90mE[39m [33mdevice[39m[33m@0[39m allocate
10:58:38.064 detox[15868] [90mB[39m [33mdevice[39m[33m@0[39m post-allocate: emulator-15632
  data: {
    "id": "emulator-15632",
    "adbName": "emulator-15632",
    "name": "emulator-15632 (Pixel_6_API34)"
  }
10:58:38.065 detox[15868] [90mi[39m [33mchild-process[39m[90m:EXEC_CMD[39m "C:\Users\carus\AppData\Local\Android\Sdk\platform-tools\adb.EXE" -s emulator-15632 shell "getprop dev.bootcomplete"
10:58:38.111 detox[15868] [90mi[39m [33mchild-process[39m[90m:EXEC_SUCCESS[39m 1

10:58:38.112 detox[15868] [90mi[39m [33mchild-process[39m[90m:EXEC_CMD[39m "C:\Users\carus\AppData\Local\Android\Sdk\platform-tools\adb.EXE" -s emulator-15632 shell "getprop ro.build.version.sdk"
10:58:38.148 detox[15868] [90mi[39m [33mchild-process[39m[90m:EXEC_SUCCESS[39m 34

10:58:38.149 detox[15868] [90mi[39m [33mchild-process[39m[90m:EXEC_CMD[39m "C:\Users\carus\AppData\Local\Android\Sdk\platform-tools\adb.EXE" -s emulator-15632 shell "settings put global animator_duration_scale 0"
10:58:38.197 detox[15868] [90mi[39m [33mchild-process[39m[90m:EXEC_SUCCESS[39m 
10:58:38.197 detox[15868] [90mi[39m [33mchild-process[39m[90m:EXEC_CMD[39m "C:\Users\carus\AppData\Local\Android\Sdk\platform-tools\adb.EXE" -s emulator-15632 shell "settings put global window_animation_scale 0"
10:58:38.243 detox[15868] [90mi[39m [33mchild-process[39m[90m:EXEC_SUCCESS[39m 
10:58:38.243 detox[15868] [90mi[39m [33mchild-process[39m[90m:EXEC_CMD[39m "C:\Users\carus\AppData\Local\Android\Sdk\platform-tools\adb.EXE" -s emulator-15632 shell "settings put global transition_animation_scale 0"
10:58:38.287 detox[15868] [90mi[39m [33mchild-process[39m[90m:EXEC_SUCCESS[39m 
10:58:38.288 detox[15868] [90mi[39m [33mchild-process[39m[90m:EXEC_CMD[39m "C:\Users\carus\AppData\Local\Android\Sdk\platform-tools\adb.EXE" -s emulator-15632 shell "dumpsys power | grep \"^[ ]*m[UW].*=\""
10:58:38.382 detox[15868] [90mi[39m [33mchild-process[39m[90m:EXEC_SUCCESS[39m   mWakefulness=Awake
  mWakefulnessChanging=false
  mWakeLockSummary=0x1
  mWakeUpWhenPluggedOrUnpluggedConfig=false
  mWakeUpWhenPluggedOrUnpluggedInTheaterModeConfig=false
  mDreamsBatteryLevelMinimumWhenPoweredConfig=-1
  mDreamsBatteryLevelMinimumWhenNotPoweredConfig=15
  mScreenBrightnessOverrideFromWindowManager=NaN
  mUserActivityTimeoutOverrideFromWindowManager=-1
  mUserInactiveOverrideFromWindowManager=false
  mUserId=0
  mWakeLockSummary=0x1
  mUserInteractionBackoffMillis=60000

10:58:38.383 detox[15868] [90mE[39m [33mdevice[39m[33m@0[39m post-allocate: emulator-15632
10:58:38.383 detox[15868] [90mi[39m [33mipc[39m dispatching event to socket  :  allocateDeviceDone {
  deviceCookie: {
    id: 'emulator-15632',
    adbName: 'emulator-15632',
    name: 'emulator-15632 (Pixel_6_API34)'
  }
}
10:58:38.384 detox[15588] [90mi[39m [33mipc[39m ## received events ##
10:58:38.385 detox[15588] [90mi[39m [33mipc[39m detected event allocateDeviceDone {
  deviceCookie: {
    id: 'emulator-15632',
    adbName: 'emulator-15632',
    name: 'emulator-15632 (Pixel_6_API34)'
  }
}
10:58:38.436 detox[15588] [90mB[39m [33martifacts-manager[39m onBootDevice
  args: ({"deviceId":"emulator-15632"})
10:58:38.438 detox[15588] [90mE[39m [33martifacts-manager[39m onBootDevice
10:58:38.439 detox[15588] [90mB[39m [33mdevice[39m installUtilBinaries
  args: ()
10:58:38.439 detox[15588] [90mE[39m [33mdevice[39m installUtilBinaries
10:58:38.440 detox[15588] [90mB[39m [33mdevice[39m selectApp
  args: ("default")
10:58:38.444 detox[15588] [90mi[39m [33mchild-process[39m[90m:EXEC_CMD[39m "C:\Users\carus\AppData\Local\Android\Sdk\build-tools\36.1.0-rc1\aapt.EXE" dump badging "D:\SeguridadAPP\SeguridadCiudadanaApp\android\app\build\outputs\apk\debug\app-debug.apk"
10:58:38.472 detox[15588] [90mi[39m [33mchild-process[39m[90m:EXEC_SUCCESS[39m package: name='com.tuapp.seguritacapp' versionCode='1' versionName='1.0.0' platformBuildVersionName='15' platformBuildVersionCode='35' compileSdkVersion='35' compileSdkVersionCodename='15'
sdkVersion:'26'
targetSdkVersion:'34'
uses-permission: name='android.permission.SYSTEM_ALERT_WINDOW'
uses-permission: name='android.permission.ACCESS_COARSE_LOCATION'
uses-permission: name='android.permission.ACCESS_FINE_LOCATION'
uses-permission: name='android.permission.CAMERA'
uses-permission: name='android.permission.INTERNET'
uses-permission: name='android.permission.READ_EXTERNAL_STORAGE'
uses-permission: name='android.permission.RECORD_AUDIO'
uses-permission: name='android.permission.VIBRATE'
uses-permission: name='android.permission.WRITE_EXTERNAL_STORAGE'
uses-permission: name='android.permission.ACCESS_NETWORK_STATE'
uses-permission: name='android.permission.ACCESS_WIFI_STATE'
uses-permission: name='android.permission.READ_MEDIA_IMAGES'
uses-permission: name='android.permission.READ_MEDIA_VIDEO'
uses-permission: name='android.permission.READ_MEDIA_AUDIO'
uses-permission: name='android.permission.READ_MEDIA_VISUAL_USER_SELECTED'
uses-permission: name='android.permission.RECEIVE_BOOT_COMPLETED'
uses-permission: name='android.permission.POST_NOTIFICATIONS'
uses-permission: name='android.permission.USE_BIOMETRIC'
uses-permission: name='android.permission.USE_FINGERPRINT'
uses-permission: name='android.permission.WAKE_LOCK'
uses-permission: name='com.google.android.c2dm.permission.RECEIVE'
uses-permission: name='android.permission.FOREGROUND_SERVICE'
uses-permission: name='com.tuapp.seguritacapp.DYNAMIC_RECEIVER_NOT_EXPORTED_PERMISSION'
uses-permission: name='com.google.android.finsky.permission.BIND_GET_INSTALL_REFERRER_SERVICE'
uses-permission: name='com.google.android.providers.gsf.permission.READ_GSERVICES'
uses-permission: name='com.google.android.gms.permission.ACTIVITY_RECOGNITION'
uses-permission: name='com.sec.android.provider.badge.permission.READ'
uses-permission: name='com.sec.android.provider.badge.permission.WRITE'
uses-permission: name='com.htc.launcher.permission.READ_SETTINGS'
uses-permission: name='com.htc.launcher.permission.UPDATE_SHORTCUT'
uses-permission: name='com.sonyericsson.home.permission.BROADCAST_BADGE'
uses-permission: name='com.sonymobile.home.permission.PROVIDER_INSERT_BADGE'
uses-permission: name='com.anddoes.launcher.permission.UPDATE_COUNT'
uses-permission: name='com.majeur.launcher.permission.UPDATE_BADGE'
uses-permission: name='com.huawei.android.launcher.permission.CHANGE_BADGE'
uses-permission: name='com.huawei.android.launcher.permission.READ_SETTINGS'
uses-permission: name='com.huawei.android.launcher.permission.WRITE_SETTINGS'
uses-permission: name='android.permission.READ_APP_BADGE'
uses-permission: name='com.oppo.launcher.permission.READ_SETTINGS'
uses-permission: name='com.oppo.launcher.permission.WRITE_SETTINGS'
uses-permission: name='me.everything.badger.permission.BADGE_COUNT_READ'
uses-permission: name='me.everything.badger.permission.BADGE_COUNT_WRITE'
application-label:'SeguridadCiudadanaApp'
application-label-af:'SeguridadCiudadanaApp'
application-label-am:'SeguridadCiudadanaApp'
application-label-ar:'SeguridadCiudadanaApp'
application-label-as:'SeguridadCiudadanaApp'
application-label-az:'SeguridadCiudadanaApp'
application-label-be:'SeguridadCiudadanaApp'
application-label-bg:'SeguridadCiudadanaApp'
application-label-bn:'SeguridadCiudadanaApp'
application-label-bs:'SeguridadCiudadanaApp'
application-label-ca:'SeguridadCiudadanaApp'
application-label-cs:'SeguridadCiudadanaApp'
application-label-da:'SeguridadCiudadanaApp'
application-label-de:'SeguridadCiudadanaApp'
application-label-el:'SeguridadCiudadanaApp'
application-label-en-AU:'SeguridadCiudadanaApp'
application-label-en-CA:'SeguridadCiudadanaApp'
application-label-en-GB:'SeguridadCiudadanaApp'
application-label-en-IN:'SeguridadCiudadanaApp'
application-label-en-XC:'SeguridadCiudadanaApp'
application-label-es:'SeguridadCiudadanaApp'
application-label-es-419:'SeguridadCiudadanaApp'
application-label-es-ES:'SeguridadCiudadanaApp'
application-label-es-GT:'SeguridadCiudadanaApp'
application-label-es-US:'SeguridadCiudadanaApp'
application-label-et:'SeguridadCiudadanaApp'
application-label-eu:'SeguridadCiudadanaApp'
application-label-fa:'SeguridadCiudadanaApp'
application-label-fi:'SeguridadCiudadanaApp'
application-label-fr:'SeguridadCiudadanaApp'
application-label-fr-CA:'SeguridadCiudadanaApp'
application-label-gl:'SeguridadCiudadanaApp'
application-label-gu:'SeguridadCiudadanaApp'
application-label-he:'SeguridadCiudadanaApp'
application-label-hi:'SeguridadCiudadanaApp'
application-label-hr:'SeguridadCiudadanaApp'
application-label-hu:'SeguridadCiudadanaApp'
application-label-hy:'SeguridadCiudadanaApp'
application-label-id:'SeguridadCiudadanaApp'
application-label-in:'SeguridadCiudadanaApp'
application-label-is:'SeguridadCiudadanaApp'
application-label-it:'SeguridadCiudadanaApp'
application-label-iw:'SeguridadCiudadanaApp'
application-label-ja:'SeguridadCiudadanaApp'
application-label-ka:'SeguridadCiudadanaApp'
application-label-kk:'SeguridadCiudadanaApp'
application-label-km:'SeguridadCiudadanaApp'
application-label-kn:'SeguridadCiudadanaApp'
application-label-ko:'SeguridadCiudadanaApp'
application-label-ky:'SeguridadCiudadanaApp'
application-label-lo:'SeguridadCiudadanaApp'
application-label-lt:'SeguridadCiudadanaApp'
application-label-lv:'SeguridadCiudadanaApp'
application-label-mk:'SeguridadCiudadanaApp'
application-label-ml:'SeguridadCiudadanaApp'
application-label-mn:'SeguridadCiudadanaApp'
application-label-mr:'SeguridadCiudadanaApp'
application-label-ms:'SeguridadCiudadanaApp'
application-label-my:'SeguridadCiudadanaApp'
application-label-nb:'SeguridadCiudadanaApp'
application-label-ne:'SeguridadCiudadanaApp'
application-label-nl:'SeguridadCiudadanaApp'
application-label-or:'SeguridadCiudadanaApp'
application-label-pa:'SeguridadCiudadanaApp'
application-label-pl:'SeguridadCiudadanaApp'
application-label-pt:'SeguridadCiudadanaApp'
application-label-pt-BR:'SeguridadCiudadanaApp'
application-label-pt-PT:'SeguridadCiudadanaApp'
application-label-ro:'SeguridadCiudadanaApp'
application-label-ru:'SeguridadCiudadanaApp'
application-label-ru-RU:'SeguridadCiudadanaApp'
application-label-si:'SeguridadCiudadanaApp'
application-label-sk:'SeguridadCiudadanaApp'
application-label-sl:'SeguridadCiudadanaApp'
application-label-sq:'SeguridadCiudadanaApp'
application-label-sr:'SeguridadCiudadanaApp'
application-label-sr-Latn:'SeguridadCiudadanaApp'
application-label-sv:'SeguridadCiudadanaApp'
application-label-sw:'SeguridadCiudadanaApp'
application-label-ta:'SeguridadCiudadanaApp'
application-label-te:'SeguridadCiudadanaApp'
application-label-th:'SeguridadCiudadanaApp'
application-label-tl:'SeguridadCiudadanaApp'
application-label-tr:'SeguridadCiudadanaApp'
application-label-uk:'SeguridadCiudadanaApp'
application-label-ur:'SeguridadCiudadanaApp'
application-label-uz:'SeguridadCiudadanaApp'
application-label-vi:'SeguridadCiudadanaApp'
application-label-zh:'SeguridadCiudadanaApp'
application-label-zh-CN:'SeguridadCiudadanaApp'
application-label-zh-HK:'SeguridadCiudadanaApp'
application-label-zh-TW:'SeguridadCiudadanaApp'
application-label-zu:'SeguridadCiudadanaApp'
application-icon-120:'res/mipmap-anydpi-v26/ic_launcher.xml'
application-icon-160:'res/mipmap-anydpi-v26/ic_launcher.xml'
application-icon-240:'res/mipmap-anydpi-v26/ic_launcher.xml'
application-icon-320:'res/mipmap-anydpi-v26/ic_launcher.xml'
application-icon-480:'res/mipmap-anydpi-v26/ic_launcher.xml'
application-icon-640:'res/mipmap-anydpi-v26/ic_launcher.xml'
application-icon-65534:'res/mipmap-anydpi-v26/ic_launcher.xml'
application: label='SeguridadCiudadanaApp' icon='res/mipmap-anydpi-v26/ic_launcher.xml'
application-debuggable
launchable-activity: name='com.tuapp.seguritacapp.MainActivity'  label='' icon=''
uses-library-not-required:'org.apache.http.legacy'
uses-library-not-required:'androidx.camera.extensions.impl'
feature-group: label=''
  uses-gl-es: '0x20000'
  uses-feature: name='android.hardware.camera'
  uses-implied-feature: name='android.hardware.camera' reason='requested android.permission.CAMERA permission'
  uses-feature: name='android.hardware.faketouch'
  uses-implied-feature: name='android.hardware.faketouch' reason='default feature for all apps'
  uses-feature: name='android.hardware.location'
  uses-implied-feature: name='android.hardware.location' reason='requested android.permission.ACCESS_COARSE_LOCATION permission, and requested android.permission.ACCESS_FINE_LOCATION permission'
  uses-feature: name='android.hardware.microphone'
  uses-implied-feature: name='android.hardware.microphone' reason='requested android.permission.RECORD_AUDIO permission'
  uses-feature: name='android.hardware.screen.portrait'
  uses-implied-feature: name='android.hardware.screen.portrait' reason='one or more activities have specified a portrait orientation'
  uses-feature: name='android.hardware.wifi'
  uses-implied-feature: name='android.hardware.wifi' reason='requested android.permission.ACCESS_WIFI_STATE permission'
main
other-activities
other-receivers
other-services
supports-screens: 'small' 'normal' 'large' 'xlarge'
supports-any-density: 'true'
locales: '--_--' 'af' 'am' 'ar' 'as' 'az' 'be' 'bg' 'bn' 'bs' 'ca' 'cs' 'da' 'de' 'el' 'en-AU' 'en-CA' 'en-GB' 'en-IN' 'en-XC' 'es' 'es-419' 'es-ES' 'es-GT' 'es-US' 'et' 'eu' 'fa' 'fi' 'fr' 'fr-CA' 'gl' 'gu' 'he' 'hi' 'hr' 'hu' 'hy' 'id' 'in' 'is' 'it' 'iw' 'ja' 'ka' 'kk' 'km' 'kn' 'ko' 'ky' 'lo' 'lt' 'lv' 'mk' 'ml' 'mn' 'mr' 'ms' 'my' 'nb' 'ne' 'nl' 'or' 'pa' 'pl' 'pt' 'pt-BR' 'pt-PT' 'ro' 'ru' 'ru-RU' 'si' 'sk' 'sl' 'sq' 'sr' 'sr-Latn' 'sv' 'sw' 'ta' 'te' 'th' 'tl' 'tr' 'uk' 'ur' 'uz' 'vi' 'zh' 'zh-CN' 'zh-HK' 'zh-TW' 'zu'
densities: '120' '160' '240' '320' '480' '640' '65534'
native-code: 'arm64-v8a' 'armeabi-v7a' 'x86' 'x86_64'

10:58:38.474 detox[15588] [90mE[39m [33mdevice[39m selectApp
10:58:38.475 detox[15588] [90mB[39m [33mdevice[39m uninstallApp
  args: ()
10:58:38.475 detox[15588] [90mB[39m [33martifacts-manager[39m onBeforeUninstallApp
  args: ({"deviceId":"emulator-15632","bundleId":"com.tuapp.seguritacapp"})
10:58:38.476 detox[15588] [90mE[39m [33martifacts-manager[39m onBeforeUninstallApp
10:58:38.476 detox[15588] [90mi[39m [33mchild-process[39m[90m:EXEC_CMD[39m "C:\Users\carus\AppData\Local\Android\Sdk\platform-tools\adb.EXE" -s emulator-15632 shell "pm list packages com.tuapp.seguritacapp"
10:58:38.523 detox[15588] [90mi[39m [33mchild-process[39m[90m:EXEC_SUCCESS[39m package:com.tuapp.seguritacapp
package:com.tuapp.seguritacapp.test

10:58:38.524 detox[15588] [90mi[39m [33mchild-process[39m[90m:EXEC_CMD[39m "C:\Users\carus\AppData\Local\Android\Sdk\platform-tools\adb.EXE" -s emulator-15632 uninstall com.tuapp.seguritacapp
10:58:38.772 detox[15588] [90mi[39m [33mchild-process[39m[90m:EXEC_SUCCESS[39m Success

10:58:38.772 detox[15588] [90mi[39m [33mchild-process[39m[90m:EXEC_CMD[39m "C:\Users\carus\AppData\Local\Android\Sdk\platform-tools\adb.EXE" -s emulator-15632 shell "pm list packages com.tuapp.seguritacapp.test"
10:58:38.863 detox[15588] [90mi[39m [33mchild-process[39m[90m:EXEC_SUCCESS[39m package:com.tuapp.seguritacapp.test

10:58:38.863 detox[15588] [90mi[39m [33mchild-process[39m[90m:EXEC_CMD[39m "C:\Users\carus\AppData\Local\Android\Sdk\platform-tools\adb.EXE" -s emulator-15632 uninstall com.tuapp.seguritacapp.test
10:58:39.070 detox[15588] [90mi[39m [33mchild-process[39m[90m:EXEC_SUCCESS[39m Success

10:58:39.070 detox[15588] [90mE[39m [33mdevice[39m uninstallApp
10:58:39.071 detox[15588] [90mB[39m [33mdevice[39m selectApp
  args: ("default")
10:58:39.073 detox[15588] [90mB[39m [33mdevice[39m terminateApp
  args: ()
10:58:39.073 detox[15588] [90mB[39m [33martifacts-manager[39m onBeforeTerminateApp
  args: ({"deviceId":"emulator-15632","bundleId":"com.tuapp.seguritacapp"})
10:58:39.074 detox[15588] [90mE[39m [33martifacts-manager[39m onBeforeTerminateApp
10:58:39.074 detox[15588] [90mi[39m [33mchild-process[39m[90m:EXEC_CMD[39m "C:\Users\carus\AppData\Local\Android\Sdk\platform-tools\adb.EXE" -s emulator-15632 shell "am force-stop com.tuapp.seguritacapp"
10:58:39.204 detox[15588] [90mi[39m [33mchild-process[39m[90m:EXEC_SUCCESS[39m 
10:58:39.205 detox[15588] [90mB[39m [33martifacts-manager[39m onTerminateApp
  args: ({"deviceId":"emulator-15632","bundleId":"com.tuapp.seguritacapp"})
10:58:39.206 detox[15588] [90mE[39m [33martifacts-manager[39m onTerminateApp
10:58:39.206 detox[15588] [90mE[39m [33mdevice[39m terminateApp
10:58:39.206 detox[15588] [90mE[39m [33mdevice[39m selectApp
10:58:39.207 detox[15588] [90mB[39m [33mdevice[39m installApp
  args: ()
10:58:39.208 detox[15588] [90mi[39m [33mchild-process[39m[90m:EXEC_CMD[39m "C:\Users\carus\AppData\Local\Android\Sdk\build-tools\36.1.0-rc1\aapt.EXE" dump xmlstrings "D:\SeguridadAPP\SeguridadCiudadanaApp\android\app\build\outputs\apk\debug\app-debug.apk" AndroidManifest.xml
10:58:39.236 detox[15588] [90mi[39m [33mchild-process[39m[90m:EXEC_SUCCESS[39m String pool of 249 unique UTF-16 non-sorted strings, 249 entries and 0 styles using 20308 bytes:
String #0: theme
String #1: label
String #2: icon
String #3: name
String #4: permission
String #5: protectionLevel
String #6: enabled
String #7: debuggable
String #8: exported
String #9: taskAffinity
String #10: excludeFromRecents
String #11: authorities
String #12: initOrder
String #13: grantUriPermissions
String #14: priority
String #15: launchMode
String #16: screenOrientation
String #17: configChanges
String #18: value
String #19: resource
String #20: mimeType
String #21: scheme
String #22: host
String #23: minSdkVersion
String #24: versionCode
String #25: versionName
String #26: windowSoftInputMode
String #27: noHistory
String #28: targetSdkVersion
String #29: allowBackup
String #30: glEsVersion
String #31: required
String #32: supportsRtl
String #33: extractNativeLibs
String #34: usesCleartextTraffic
String #35: directBootAware
String #36: roundIcon
String #37: compileSdkVersion
String #38: compileSdkVersionCodename
String #39: appComponentFactory
String #40: foregroundServiceType
String #41: requestLegacyExternalStorage
String #42: 
String #43: */*
String #44: 1.0.0
String #45: 15
String #46: AIzaSyBdVl-cTICSwYKrZ95SuvNw7dbMuDt1KG0
String #47: ALWAYS
String #48: action
String #49: activity
String #50: android
String #51: android.intent.action.ACTION_POWER_CONNECTED
String #52: android.intent.action.ACTION_POWER_DISCONNECTED
String #53: android.intent.action.BATTERY_LOW
String #54: android.intent.action.BATTERY_OKAY
String #55: android.intent.action.BOOT_COMPLETED
String #56: android.intent.action.DEVICE_STORAGE_LOW
String #57: android.intent.action.DEVICE_STORAGE_OK
String #58: android.intent.action.GET_CONTENT
String #59: android.intent.action.MAIN
String #60: android.intent.action.MY_PACKAGE_REPLACED
String #61: android.intent.action.OPEN_DOCUMENT_TREE
String #62: android.intent.action.QUICKBOOT_POWERON
String #63: android.intent.action.REBOOT
String #64: android.intent.action.SEND
String #65: android.intent.action.TIMEZONE_CHANGED
String #66: android.intent.action.TIME_SET
String #67: android.intent.action.VIEW
String #68: android.intent.category.BROWSABLE
String #69: android.intent.category.DEFAULT
String #70: android.intent.category.LAUNCHER
String #71: android.intent.category.OPENABLE
String #72: android.media.action.ACTION_VIDEO_CAPTURE
String #73: android.media.action.IMAGE_CAPTURE
String #74: android.net.conn.CONNECTIVITY_CHANGE
String #75: android.permission.ACCESS_COARSE_LOCATION
String #76: android.permission.ACCESS_FINE_LOCATION
String #77: android.permission.ACCESS_NETWORK_STATE
String #78: android.permission.ACCESS_WIFI_STATE
String #79: android.permission.BIND_JOB_SERVICE
String #80: android.permission.CAMERA
String #81: android.permission.DUMP
String #82: android.permission.FOREGROUND_SERVICE
String #83: android.permission.INTERNET
String #84: android.permission.POST_NOTIFICATIONS
String #85: android.permission.READ_APP_BADGE
String #86: android.permission.READ_EXTERNAL_STORAGE
String #87: android.permission.READ_MEDIA_AUDIO
String #88: android.permission.READ_MEDIA_IMAGES
String #89: android.permission.READ_MEDIA_VIDEO
String #90: android.permission.READ_MEDIA_VISUAL_USER_SELECTED
String #91: android.permission.RECEIVE_BOOT_COMPLETED
String #92: android.permission.RECORD_AUDIO
String #93: android.permission.SYSTEM_ALERT_WINDOW
String #94: android.permission.USE_BIOMETRIC
String #95: android.permission.USE_FINGERPRINT
String #96: android.permission.VIBRATE
String #97: android.permission.WAKE_LOCK
String #98: android.permission.WRITE_EXTERNAL_STORAGE
String #99: android.support.FILE_PROVIDER_PATHS
String #100: android.support.customtabs.action.CustomTabsService
String #101: androidx.camera.camera2.Camera2Config$DefaultProvider
String #102: androidx.camera.core.impl.MetadataHolderService
String #103: androidx.camera.core.impl.MetadataHolderService.DEFAULT_CONFIG_PROVIDER
String #104: androidx.camera.extensions.action.VENDOR_ACTION
String #105: androidx.camera.extensions.impl
String #106: androidx.core.app.CoreComponentFactory
String #107: androidx.emoji2.text.EmojiCompatInitializer
String #108: androidx.lifecycle.ProcessLifecycleInitializer
String #109: androidx.profileinstaller.ProfileInstallReceiver
String #110: androidx.profileinstaller.ProfileInstallerInitializer
String #111: androidx.profileinstaller.action.BENCHMARK_OPERATION
String #112: androidx.profileinstaller.action.INSTALL_PROFILE
String #113: androidx.profileinstaller.action.SAVE_PROFILE
String #114: androidx.profileinstaller.action.SKIP_FILE
String #115: androidx.room.MultiInstanceInvalidationService
String #116: androidx.startup
String #117: androidx.startup.InitializationProvider
String #118: androidx.work.WorkManagerInitializer
String #119: androidx.work.diagnostics.REQUEST_DIAGNOSTICS
String #120: androidx.work.impl.background.systemalarm.ConstraintProxy$BatteryChargingProxy
String #121: androidx.work.impl.background.systemalarm.ConstraintProxy$BatteryNotLowProxy
String #122: androidx.work.impl.background.systemalarm.ConstraintProxy$NetworkStateProxy
String #123: androidx.work.impl.background.systemalarm.ConstraintProxy$StorageNotLowProxy
String #124: androidx.work.impl.background.systemalarm.ConstraintProxyUpdateReceiver
String #125: androidx.work.impl.background.systemalarm.RescheduleReceiver
String #126: androidx.work.impl.background.systemalarm.SystemAlarmService
String #127: androidx.work.impl.background.systemalarm.UpdateProxies
String #128: androidx.work.impl.background.systemjob.SystemJobService
String #129: androidx.work.impl.diagnostics.DiagnosticsReceiver
String #130: androidx.work.impl.foreground.SystemForegroundService
String #131: androidx.work.impl.utils.ForceStopRunnable$BroadcastReceiver
String #132: application
String #133: backend:com.google.android.datatransport.cct.CctBackendFactory
String #134: category
String #135: cct
String #136: com.anddoes.launcher.permission.UPDATE_COUNT
String #137: com.canhub.cropper.CropFileProvider
String #138: com.canhub.cropper.CropImageActivity
String #139: com.facebook.react.devsupport.DevSettingsActivity
String #140: com.facebook.soloader.enabled
String #141: com.google.android.apps.maps
String #142: com.google.android.c2dm.intent.RECEIVE
String #143: com.google.android.c2dm.permission.RECEIVE
String #144: com.google.android.c2dm.permission.SEND
String #145: com.google.android.datatransport.runtime.backends.TransportBackendDiscovery
String #146: com.google.android.datatransport.runtime.scheduling.jobscheduling.AlarmManagerSchedulerBroadcastReceiver
String #147: com.google.android.datatransport.runtime.scheduling.jobscheduling.JobInfoSchedulerService
String #148: com.google.android.finsky.permission.BIND_GET_INSTALL_REFERRER_SERVICE
String #149: com.google.android.geo.API_KEY
String #150: com.google.android.gms.cloudmessaging.FINISHED_AFTER_HANDLED
String #151: com.google.android.gms.common.api.GoogleApiActivity
String #152: com.google.android.gms.metadata.MODULE_DEPENDENCIES
String #153: com.google.android.gms.metadata.ModuleDependencies
String #154: com.google.android.gms.permission.ACTIVITY_RECOGNITION
String #155: com.google.android.gms.version
String #156: com.google.android.providers.gsf.permission.READ_GSERVICES
String #157: com.google.firebase.MESSAGING_EVENT
String #158: com.google.firebase.components.ComponentDiscoveryService
String #159: com.google.firebase.components.ComponentRegistrar
String #160: com.google.firebase.components:com.google.firebase.FirebaseCommonKtxRegistrar
String #161: com.google.firebase.components:com.google.firebase.datatransport.TransportRegistrar
String #162: com.google.firebase.components:com.google.firebase.installations.FirebaseInstallationsKtxRegistrar
String #163: com.google.firebase.components:com.google.firebase.installations.FirebaseInstallationsRegistrar
String #164: com.google.firebase.components:com.google.firebase.ktx.FirebaseCommonLegacyRegistrar
String #165: com.google.firebase.components:com.google.firebase.messaging.FirebaseMessagingKtxRegistrar
String #166: com.google.firebase.components:com.google.firebase.messaging.FirebaseMessagingRegistrar
String #167: com.google.firebase.components:com.google.mlkit.common.internal.CommonComponentRegistrar
String #168: com.google.firebase.components:com.google.mlkit.vision.barcode.internal.BarcodeRegistrar
String #169: com.google.firebase.components:com.google.mlkit.vision.common.internal.VisionCommonRegistrar
String #170: com.google.firebase.iid.FirebaseInstanceIdReceiver
String #171: com.google.firebase.messaging.FirebaseMessagingService
String #172: com.google.firebase.provider.FirebaseInitProvider
String #173: com.google.mlkit.common.internal.MlKitComponentDiscoveryService
String #174: com.google.mlkit.common.internal.MlKitInitProvider
String #175: com.htc.intent.action.QUICKBOOT_POWERON
String #176: com.htc.launcher.permission.READ_SETTINGS
String #177: com.htc.launcher.permission.UPDATE_SHORTCUT
String #178: com.huawei.android.launcher.permission.CHANGE_BADGE
String #179: com.huawei.android.launcher.permission.READ_SETTINGS
String #180: com.huawei.android.launcher.permission.WRITE_SETTINGS
String #181: com.majeur.launcher.permission.UPDATE_BADGE
String #182: com.oppo.launcher.permission.READ_SETTINGS
String #183: com.oppo.launcher.permission.WRITE_SETTINGS
String #184: com.reactnativecommunity.webview.RNCWebViewFileProvider
String #185: com.sec.android.provider.badge.permission.READ
String #186: com.sec.android.provider.badge.permission.WRITE
String #187: com.sonyericsson.home.permission.BROADCAST_BADGE
String #188: com.sonymobile.home.permission.PROVIDER_INSERT_BADGE
String #189: com.tuapp.seguritacapp
String #190: com.tuapp.seguritacapp.DYNAMIC_RECEIVER_NOT_EXPORTED_PERMISSION
String #191: com.tuapp.seguritacapp.FileSystemFileProvider
String #192: com.tuapp.seguritacapp.ImagePickerFileProvider
String #193: com.tuapp.seguritacapp.MainActivity
String #194: com.tuapp.seguritacapp.MainApplication
String #195: com.tuapp.seguritacapp.SharingFileProvider
String #196: com.tuapp.seguritacapp.androidx-startup
String #197: com.tuapp.seguritacapp.cropper.fileprovider
String #198: com.tuapp.seguritacapp.fileprovider
String #199: com.tuapp.seguritacapp.firebaseinitprovider
String #200: com.tuapp.seguritacapp.mlkitinitprovider
String #201: data
String #202: exp+seguridadciudadanaapp
String #203: expo-dev-launcher
String #204: expo-dev-menu
String #205: expo-development-client
String #206: expo.modules.adapters.react.apploader.RNHeadlessAppLoader
String #207: expo.modules.devlauncher.launcher.DevLauncherActivity
String #208: expo.modules.devlauncher.launcher.errors.DevLauncherErrorActivity
String #209: expo.modules.devmenu.DevMenuActivity
String #210: expo.modules.filesystem.FileSystemFileProvider
String #211: expo.modules.imagepicker.fileprovider.ImagePickerFileProvider
String #212: expo.modules.location.services.LocationTaskService
String #213: expo.modules.notifications.NOTIFICATION_EVENT
String #214: expo.modules.notifications.service.ExpoFirebaseMessagingService
String #215: expo.modules.notifications.service.NotificationForwarderActivity
String #216: expo.modules.notifications.service.NotificationsService
String #217: expo.modules.sharing.SharingFileProvider
String #218: expo.modules.updates.ENABLED
String #219: expo.modules.updates.EXPO_UPDATES_CHECK_ON_LAUNCH
String #220: expo.modules.updates.EXPO_UPDATES_LAUNCH_WAIT_MS
String #221: host.exp.exponent
String #222: http://schemas.android.com/apk/res/android
String #223: https
String #224: intent
String #225: intent-filter
String #226: io.nlopez.smartlocation.activity.providers.ActivityGooglePlayServicesProvider$ActivityRecognitionService
String #227: io.nlopez.smartlocation.geocoding.providers.AndroidGeocodingProvider$AndroidGeocodingService
String #228: io.nlopez.smartlocation.geofencing.providers.GeofencingGooglePlayServicesProvider$GeofencingService
String #229: manifest
String #230: me.everything.badger.permission.BADGE_COUNT_READ
String #231: me.everything.badger.permission.BADGE_COUNT_WRITE
String #232: meta-data
String #233: org.apache.http.legacy
String #234: org.unimodules.core.AppLoader#react-native-headless
String #235: package
String #236: permission
String #237: photopicker_activity:0:required
String #238: platformBuildVersionCode
String #239: platformBuildVersionName
String #240: provider
String #241: queries
String #242: receiver
String #243: seguridadciudadanaapp
String #244: service
String #245: uses-feature
String #246: uses-library
String #247: uses-permission
String #248: uses-sdk

10:58:39.240 detox[15588] [90mi[39m [33mchild-process[39m[90m:EXEC_CMD[39m "C:\Users\carus\AppData\Local\Android\Sdk\build-tools\36.1.0-rc1\aapt.EXE" dump xmlstrings "D:\SeguridadAPP\SeguridadCiudadanaApp\android\app\build\outputs\apk\androidTest\debug\app-debug-androidTest.apk" AndroidManifest.xml
10:58:39.266 detox[15588] [90mi[39m [33mchild-process[39m[90m:EXEC_SUCCESS[39m String pool of 43 unique UTF-16 non-sorted strings, 43 entries and 0 styles using 2140 bytes:
String #0: theme
String #1: label
String #2: name
String #3: debuggable
String #4: exported
String #5: priority
String #6: targetPackage
String #7: handleProfiling
String #8: functionalTest
String #9: minSdkVersion
String #10: targetSdkVersion
String #11: extractNativeLibs
String #12: compileSdkVersion
String #13: compileSdkVersionCodename
String #14: 15
String #15: Tests for com.tuapp.seguritacapp
String #16: activity
String #17: android
String #18: android.intent.category.LAUNCHER
String #19: android.permission.REORDER_TASKS
String #20: android.test.runner
String #21: androidx.test.core.app.InstrumentationActivityInvoker$BootstrapActivity
String #22: androidx.test.core.app.InstrumentationActivityInvoker$EmptyActivity
String #23: androidx.test.core.app.InstrumentationActivityInvoker$EmptyFloatingActivity
String #24: androidx.test.orchestrator
String #25: androidx.test.services
String #26: application
String #27: category
String #28: com.google.android.apps.common.testing.services
String #29: com.tuapp.seguritacapp
String #30: com.tuapp.seguritacapp.test
String #31: com.wix.detox.DetoxJUnitRunner
String #32: http://schemas.android.com/apk/res/android
String #33: instrumentation
String #34: intent-filter
String #35: manifest
String #36: package
String #37: platformBuildVersionCode
String #38: platformBuildVersionName
String #39: queries
String #40: uses-library
String #41: uses-permission
String #42: uses-sdk

10:58:39.267 detox[15588] [90mi[39m [33mchild-process[39m[90m:EXEC_CMD[39m "C:\Users\carus\AppData\Local\Android\Sdk\platform-tools\adb.EXE" -s emulator-15632 shell "rm -fr /data/local/tmp/detox"
10:58:39.394 detox[15588] [90mi[39m [33mchild-process[39m[90m:EXEC_SUCCESS[39m 
10:58:39.395 detox[15588] [90mi[39m [33mchild-process[39m[90m:EXEC_CMD[39m "C:\Users\carus\AppData\Local\Android\Sdk\platform-tools\adb.EXE" -s emulator-15632 shell "mkdir -p /data/local/tmp/detox"
10:58:39.449 detox[15588] [90mi[39m [33mchild-process[39m[90m:EXEC_SUCCESS[39m 
10:58:39.450 detox[15588] [90mi[39m [33mchild-process[39m[90m:EXEC_CMD[39m "C:\Users\carus\AppData\Local\Android\Sdk\platform-tools\adb.EXE" -s emulator-15632 push "D:\SeguridadAPP\SeguridadCiudadanaApp\android\app\build\outputs\apk\debug\app-debug.apk" "/data/local/tmp/detox/Application.apk"
10:58:40.254 detox[15588] [90mi[39m [33mchild-process[39m[90m:EXEC_SUCCESS[39m D:\SeguridadAPP\SeguridadCiudadanaApp\android\app\build\outputs\apk\debug\app-debug.apk: 1 file pushed, 0 skipped. 244.3 MB/s (170876961 bytes in 0.667s)

10:58:40.255 detox[15588] [90mi[39m [33mchild-process[39m[90m:EXEC_CMD[39m "C:\Users\carus\AppData\Local\Android\Sdk\platform-tools\adb.EXE" -s emulator-15632 shell "getprop ro.build.version.sdk"
10:58:40.309 detox[15588] [90mi[39m [33mchild-process[39m[90m:EXEC_SUCCESS[39m 34

10:58:40.314 detox[15588] [90mi[39m [33mchild-process[39m[90m:SPAWN_CMD[39m C:\Users\carus\AppData\Local\Android\Sdk\platform-tools\adb.EXE -s emulator-15632 shell pm install -r -g -t /data/local/tmp/detox/Application.apk
10:58:41.848 detox[15588] [90mi[39m [33mchild-process[39m[90m:SPAWN_STDOUT[39m Success

10:58:41.851 detox[15588] [90mi[39m [33mchild-process[39m[90m:SPAWN_END[39m C:\Users\carus\AppData\Local\Android\Sdk\platform-tools\adb.EXE -s emulator-15632 shell pm install -r -g -t /data/local/tmp/detox/Application.apk exited with code #0
10:58:41.851 detox[15588] [90mi[39m [33mchild-process[39m[90m:EXEC_CMD[39m "C:\Users\carus\AppData\Local\Android\Sdk\platform-tools\adb.EXE" -s emulator-15632 push "D:\SeguridadAPP\SeguridadCiudadanaApp\android\app\build\outputs\apk\androidTest\debug\app-debug-androidTest.apk" "/data/local/tmp/detox/Test.apk"
10:58:41.910 detox[15588] [90mi[39m [33mchild-process[39m[90m:EXEC_SUCCESS[39m D:\SeguridadAPP\SeguridadCiudadanaApp\android\app\build\outputs\apk\androidTest\debug\app-debug-androidTest.apk: 1 file pushed, 0 skipped. 314.2 MB/s (4218863 bytes in 0.013s)

10:58:41.914 detox[15588] [90mi[39m [33mchild-process[39m[90m:SPAWN_CMD[39m C:\Users\carus\AppData\Local\Android\Sdk\platform-tools\adb.EXE -s emulator-15632 shell pm install -r -g -t /data/local/tmp/detox/Test.apk
10:58:42.110 detox[15588] [90mi[39m [33mchild-process[39m[90m:SPAWN_STDOUT[39m Success

10:58:42.114 detox[15588] [90mi[39m [33mchild-process[39m[90m:SPAWN_END[39m C:\Users\carus\AppData\Local\Android\Sdk\platform-tools\adb.EXE -s emulator-15632 shell pm install -r -g -t /data/local/tmp/detox/Test.apk exited with code #0
10:58:42.114 detox[15588] [90mE[39m [33mdevice[39m installApp
10:58:42.114 detox[15588] [90mB[39m [33mdevice[39m selectApp
  args: ("default")
10:58:42.115 detox[15588] [90mB[39m [33mdevice[39m terminateApp
  args: ()
10:58:42.115 detox[15588] [90mB[39m [33martifacts-manager[39m onBeforeTerminateApp
  args: ({"deviceId":"emulator-15632","bundleId":"com.tuapp.seguritacapp"})
10:58:42.116 detox[15588] [90mE[39m [33martifacts-manager[39m onBeforeTerminateApp
10:58:42.116 detox[15588] [90mi[39m [33mchild-process[39m[90m:EXEC_CMD[39m "C:\Users\carus\AppData\Local\Android\Sdk\platform-tools\adb.EXE" -s emulator-15632 shell "am force-stop com.tuapp.seguritacapp"
10:58:42.186 detox[15588] [90mi[39m [33mchild-process[39m[90m:EXEC_SUCCESS[39m 
10:58:42.186 detox[15588] [90mB[39m [33martifacts-manager[39m onTerminateApp
  args: ({"deviceId":"emulator-15632","bundleId":"com.tuapp.seguritacapp"})
10:58:42.187 detox[15588] [90mE[39m [33martifacts-manager[39m onTerminateApp
10:58:42.187 detox[15588] [90mE[39m [33mdevice[39m terminateApp
10:58:42.187 detox[15588] [90mE[39m [33mdevice[39m selectApp
10:58:42.187 detox[15588] [90mE[39m [33mlifecycle[39m set up environment
10:58:42.696 detox[15588] [90mi[39m [33mlifecycle[39m auth.fullflow.e2e.test.js is assigned to emulator-15632 (Pixel_6_API34)
10:58:42.697 detox[15588] [90mB[39m [33mlifecycle[39m run the tests
10:58:42.697 detox[15588] [90mB[39m [33martifacts-manager[39m onRunDescribeStart
  args: ({"name":"ROOT_DESCRIBE_BLOCK"})
10:58:42.698 detox[15588] [90mE[39m [33martifacts-manager[39m onRunDescribeStart
10:58:42.699 detox[15588] [90mB[39m [33mlifecycle[39m beforeAll
10:58:42.702 detox[15588] [90mB[39m [33mdevice[39m reverseTcpPort
  args: (8081)
10:58:42.702 detox[15588] [90mi[39m [33mchild-process[39m[90m:EXEC_CMD[39m "C:\Users\carus\AppData\Local\Android\Sdk\platform-tools\adb.EXE" -s emulator-15632 reverse tcp:8081 tcp:8081
10:58:42.735 detox[15588] [90mi[39m [33mchild-process[39m[90m:EXEC_SUCCESS[39m 
10:58:42.736 detox[15588] [90mE[39m [33mdevice[39m reverseTcpPort
10:58:42.736 detox[15588] [90mB[39m [33mdevice[39m launchApp
  args: ({"newInstance":true,"launchArgs":{"detoxEnableSynchronization":0},"url":"seguridadciudadanaapp://expo-development-client/?url=http%3A%2F%2F127.0.0.1%3A8081&role=ciudadano&disableBypass=1"})
10:58:42.737 detox[15588] [90mB[39m [33mdevice[39m terminateApp
  args: ("com.tuapp.seguritacapp")
10:58:42.737 detox[15588] [90mB[39m [33martifacts-manager[39m onBeforeTerminateApp
  args: ({"deviceId":"emulator-15632","bundleId":"com.tuapp.seguritacapp"})
10:58:42.738 detox[15588] [90mE[39m [33martifacts-manager[39m onBeforeTerminateApp
10:58:42.738 detox[15588] [90mi[39m [33mchild-process[39m[90m:EXEC_CMD[39m "C:\Users\carus\AppData\Local\Android\Sdk\platform-tools\adb.EXE" -s emulator-15632 shell "am force-stop com.tuapp.seguritacapp"
10:58:42.786 detox[15588] [90mi[39m [33mchild-process[39m[90m:EXEC_SUCCESS[39m 
10:58:42.786 detox[15588] [90mB[39m [33martifacts-manager[39m onTerminateApp
  args: ({"deviceId":"emulator-15632","bundleId":"com.tuapp.seguritacapp"})
10:58:42.787 detox[15588] [90mE[39m [33martifacts-manager[39m onTerminateApp
10:58:42.787 detox[15588] [90mE[39m [33mdevice[39m terminateApp
10:58:42.788 detox[15588] [90mB[39m [33martifacts-manager[39m onBeforeLaunchApp
  args: ({"deviceId":"emulator-15632","bundleId":"com.tuapp.seguritacapp","launchArgs":{"detoxServer":"ws://localhost:63466","detoxSessionId":"e2eec906-7867-4409-1fc3-ba5699e41760","detoxEnableSynchronization":0,"detoxURLOverride":"seguridadciudadanaapp://expo-development-client/?url=http%3A%2F%2F127.0.0.1%3A8081&role=ciudadano&disableBypass=1"}})
10:58:42.788 detox[15588] [90mi[39m [33mchild-process[39m[90m:EXEC_CMD[39m "C:\Users\carus\AppData\Local\Android\Sdk\platform-tools\adb.EXE" -s emulator-15632 shell "date +\"%m-%d %T.000\""
10:58:42.843 detox[15588] [90mi[39m [33mchild-process[39m[90m:EXEC_SUCCESS[39m 11-14 15:58:42.000

10:58:42.843 detox[15588] [90mE[39m [33martifacts-manager[39m onBeforeLaunchApp
10:58:42.844 detox[15588] [90mi[39m [33mchild-process[39m[90m:EXEC_CMD[39m "C:\Users\carus\AppData\Local\Android\Sdk\platform-tools\adb.EXE" -s emulator-15632 reverse tcp:63466 tcp:63466
10:58:42.875 detox[15588] [90mi[39m [33mchild-process[39m[90m:EXEC_SUCCESS[39m 63466

10:58:42.876 detox[15588] [90mi[39m [33mchild-process[39m[90m:EXEC_CMD[39m "C:\Users\carus\AppData\Local\Android\Sdk\platform-tools\adb.EXE" -s emulator-15632 shell "pm list instrumentation"
10:58:42.936 detox[15588] [90mi[39m [33mchild-process[39m[90m:EXEC_SUCCESS[39m instrumentation:com.tuapp.seguritacapp.test/com.wix.detox.DetoxJUnitRunner (target=com.tuapp.seguritacapp)

10:58:42.941 detox[15588] [90mi[39m [33mchild-process[39m[90m:SPAWN_CMD[39m C:\Users\carus\AppData\Local\Android\Sdk\platform-tools\adb.EXE -s emulator-15632 shell am instrument -w -r -e detoxServer ws://localhost:63466 -e detoxSessionId e2eec906-7867-4409-1fc3-ba5699e41760 -e detoxEnableSynchronization 0 -e detoxURLOverride 'seguridadciudadanaapp://expo-development-client/?url=http%3A%2F%2F127.0.0.1%3A8081&role=ciudadano&disableBypass=1' -e debug false com.tuapp.seguritacapp.test/com.wix.detox.DetoxJUnitRunner
10:58:43.444 detox[15588] [90mi[39m [33mchild-process[39m[90m:EXEC_CMD[39m "C:\Users\carus\AppData\Local\Android\Sdk\platform-tools\adb.EXE" -s emulator-15632 shell "ps | grep \"com\.tuapp\.seguritacapp$\""
10:58:44.619 detox[15588] [90mi[39m [33mchild-process[39m[90m:EXEC_SUCCESS[39m u0_a194       7172   356   13979260 195892 0                   0 S com.tuapp.seguritacapp

10:58:44.619 detox[15588] [90mB[39m [33martifacts-manager[39m onLaunchApp
  args: ({"deviceId":"emulator-15632","bundleId":"com.tuapp.seguritacapp","launchArgs":{"detoxServer":"ws://localhost:63466","detoxSessionId":"e2eec906-7867-4409-1fc3-ba5699e41760","detoxEnableSynchronization":0,"detoxURLOverride":"seguridadciudadanaapp://expo-development-client/?url=http%3A%2F%2F127.0.0.1%3A8081&role=ciudadano&disableBypass=1"},"pid":7172})
10:58:44.620 detox[15588] [90mi[39m [33martifact[39m[90m:ARTIFACT_START[39m starting ADBLogcatRecording
10:58:44.624 detox[15588] [90mi[39m [33mchild-process[39m[90m:SPAWN_CMD[39m C:\Users\carus\AppData\Local\Android\Sdk\platform-tools\adb.EXE -s emulator-15632 shell "logcat -T \"11-14 15:58:42.000\" --pid=7172 -f /sdcard/105837774_0.log"
10:58:44.625 detox[15588] [90mE[39m [33martifacts-manager[39m onLaunchApp
10:58:44.935 detox[15588] [90mi[39m [33mchild-process[39m[90m:EXEC_CMD[39m "C:\Users\carus\AppData\Local\Android\Sdk\platform-tools\adb.EXE" -s emulator-15632 shell du /sdcard/105837774_0.log
10:58:44.988 detox[15588] [90mi[39m [33mchild-process[39m[90m:EXEC_SUCCESS[39m 4	/sdcard/105837774_0.log

10:58:45.167 detox[15588] [90mi[39m [33mchild-process[39m[90m:SPAWN_STDOUT[39m INSTRUMENTATION_STATUS: class=com.tuapp.seguritacapp.DetoxTest
INSTRUMENTATION_STATUS: current=1
INSTRUMENTATION_STATUS: id=AndroidJUnitRunner
INSTRUMENTATION_STATUS: numtests=1
INSTRUMENTATION_STATUS: stream=
com.tuapp.seguritacapp.DetoxTest:
INSTRUMENTATION_STATUS: test=runDetoxTests
INSTRUMENTATION_STATUS_CODE: 1

10:58:45.219 detox[15868] [90mB[39m [33mws-server[39m[33m@63575[39m connection :63466<->:63575
10:58:45.224 detox[15868] [90mi[39m [33mws-server[39m[33m@63575[39m get
  data: {"messageId":0,"type":"login","params":{"role":"app","sessionId":"e2eec906-7867-4409-1fc3-ba5699e41760"}}
10:58:45.225 detox[15868] [90mi[39m [33mws-server[39m[33m@63575[39m send
  data: {
    "messageId": 0,
    "type": "loginSuccess",
    "params": {
      "testerConnected": true,
      "appConnected": true
    }
  }
10:58:45.225 detox[15868] [90mi[39m [33mws-server[39m app joined session e2eec906-7867-4409-1fc3-ba5699e41760
10:58:45.225 detox[15868] [90mi[39m [33mws-server[39m[33m@63472[39m send
  data: {
    "type": "appConnected"
  }
10:58:45.226 detox[15588] [90mi[39m [33mws-client[39m get message
  data: {"type":"appConnected"}
   
10:58:45.228 detox[15588] [90mi[39m [33mws-client[39m send message
  data: {"type":"isReady","params":{},"messageId":-1000}
10:58:45.228 detox[15868] [90mi[39m [33mws-server[39m[33m@63472[39m get
  data: {"type":"isReady","params":{},"messageId":-1000}
10:58:45.228 detox[15868] [90mi[39m [33mws-server[39m[33m@63575[39m send
  data: {
    "type": "isReady",
    "params": {},
    "messageId": -1000
  }
10:58:50.944 detox[15868] [90mi[39m [33mws-server[39m[33m@63575[39m get
  data: {"messageId":-1000,"type":"ready","params":{}}
10:58:50.944 detox[15868] [90mi[39m [33mws-server[39m[33m@63472[39m send
  data: {
    "messageId": -1000,
    "type": "ready",
    "params": {}
  }
10:58:50.945 detox[15588] [90mi[39m [33mws-client[39m get message
  data: {"messageId":-1000,"type":"ready","params":{}}
   
10:58:50.946 detox[15588] [90mB[39m [33martifacts-manager[39m onAppReady
  args: ({"deviceId":"emulator-15632","bundleId":"com.tuapp.seguritacapp","pid":7172})
10:58:50.947 detox[15588] [90mE[39m [33martifacts-manager[39m onAppReady
10:58:50.947 detox[15588] [90mE[39m [33mdevice[39m launchApp
10:59:20.973 detox[15588] [90mE[39m [33mlifecycle[39m beforeAll
10:59:20.974 detox[15588] [90mB[39m [33mlifecycle[39m Autenticación - Flujo completo en un solo test
10:59:20.975 detox[15588] [90mB[39m [33martifacts-manager[39m onRunDescribeStart
  args: ({"name":"Autenticación - Flujo completo en un solo test"})
10:59:20.975 detox[15588] [90mE[39m [33martifacts-manager[39m onRunDescribeStart
10:59:20.976 detox[15588] [90mB[39m [33mlifecycle[39m ejecuta login, validaciones, negativos, persistencia y logout
10:59:20.976 detox[15588] [90mi[39m [33mlifecycle[39m Autenticación - Flujo completo en un solo test: ejecuta login, validaciones, negativos, persistencia y logout
10:59:20.978 detox[15588] [90mB[39m [33martifacts-manager[39m onTestStart
  args: ({"title":"ejecuta login, validaciones, negativos, persistencia y logout","fullName":"Autenticación - Flujo completo en un solo test ejecuta login, validaciones, negativos, persistencia y logout","status":"running","invocations":1})
10:59:20.979 detox[15588] [90mi[39m [33martifact[39m[90m:ARTIFACT_STOP[39m stopping ADBLogcatRecording
10:59:20.979 detox[15588] [90mi[39m [33martifact[39m[90m:ARTIFACT_START[39m starting ADBScreencapRecording
10:59:20.979 detox[15588] [90mi[39m [33mchild-process[39m[90m:EXEC_CMD[39m "C:\Users\carus\AppData\Local\Android\Sdk\platform-tools\adb.EXE" -s emulator-15632 shell "screencap /sdcard/105837774_1.png"
10:59:20.988 detox[15588] [90mi[39m [33martifact[39m[90m:ARTIFACT_START[39m starting ADBVideoRecording
10:59:20.993 detox[15588] [90mi[39m [33mchild-process[39m[90m:SPAWN_CMD[39m C:\Users\carus\AppData\Local\Android\Sdk\platform-tools\adb.EXE -s emulator-15632 shell screenrecord /sdcard/105837774_2.mp4
10:59:20.993 detox[15588] [90mi[39m [33mchild-process[39m[90m:EXEC_CMD[39m "C:\Users\carus\AppData\Local\Android\Sdk\platform-tools\adb.EXE" -s emulator-15632 shell "date +\"%m-%d %T.000\""
10:59:21.046 detox[15588] [90mi[39m [33mchild-process[39m[90m:EXEC_SUCCESS[39m 11-14 15:59:20.000

10:59:21.047 detox[15588] [90mi[39m [33mchild-process[39m[90m:SPAWN_KILL[39m sending SIGINT to: C:\Users\carus\AppData\Local\Android\Sdk\platform-tools\adb.EXE -s emulator-15632 shell logcat -T "11-14 15:58:42.000" --pid=7172 -f /sdcard/105837774_0.log
10:59:21.049 detox[15588] [90mi[39m [33mchild-process[39m[90m:SPAWN_END[39m C:\Users\carus\AppData\Local\Android\Sdk\platform-tools\adb.EXE -s emulator-15632 shell "logcat -T \"11-14 15:58:42.000\" --pid=7172 -f /sdcard/105837774_0.log" terminated with SIGINT
10:59:21.049 detox[15588] [90mi[39m [33martifact[39m[90m:ARTIFACT_START[39m starting ADBLogcatRecording
10:59:21.054 detox[15588] [90mi[39m [33mchild-process[39m[90m:SPAWN_CMD[39m C:\Users\carus\AppData\Local\Android\Sdk\platform-tools\adb.EXE -s emulator-15632 shell "logcat -T \"11-14 15:59:20.000\" --pid=7172 -f /sdcard/105837774_3.log"
10:59:21.298 detox[15588] [90mi[39m [33mchild-process[39m[90m:EXEC_CMD[39m "C:\Users\carus\AppData\Local\Android\Sdk\platform-tools\adb.EXE" -s emulator-15632 shell du /sdcard/105837774_2.mp4
10:59:21.352 detox[15588] [90mi[39m [33mchild-process[39m[90m:EXEC_SUCCESS[39m 4	/sdcard/105837774_2.mp4

10:59:21.359 detox[15588] [90mi[39m [33mchild-process[39m[90m:EXEC_CMD[39m "C:\Users\carus\AppData\Local\Android\Sdk\platform-tools\adb.EXE" -s emulator-15632 shell du /sdcard/105837774_3.log
10:59:21.409 detox[15588] [90mi[39m [33mchild-process[39m[90m:EXEC_SUCCESS[39m 4	/sdcard/105837774_3.log

10:59:21.543 detox[15588] [90mi[39m [33mchild-process[39m[90m:EXEC_SUCCESS[39m 
10:59:21.544 detox[15588] [90mi[39m [33martifact[39m[90m:ARTIFACT_STOP[39m stopping ADBScreencapRecording
10:59:21.544 detox[15588] [90mE[39m [33martifacts-manager[39m onTestStart
10:59:21.544 detox[15588] [90mB[39m [33mlifecycle[39m beforeEach
10:59:21.545 detox[15588] [90mE[39m [33mlifecycle[39m beforeEach
10:59:21.545 detox[15588] [90mB[39m [33mlifecycle[39m test_fn
10:59:21.548 detox[15588] [90mi[39m [33mws-client[39m send message
  data: {"type":"invoke","params":{"target":{"type":"Class","value":"com.wix.detox.espresso.DetoxAssertion"},"method":"waitForAssertMatcher","args":[{"type":"Invocation","value":{"target":{"type":"Class","value":"androidx.test.espresso.Espresso"},"method":"onView","args":[{"type":"Invocation","value":{"target":{"type":"Class","value":"com.wix.detox.espresso.DetoxMatcher"},"method":"matcherForTestId","args":["login-email",{"type":"boolean","value":false}]}}]}},{"type":"Invocation","value":{"target":{"type":"Class","value":"com.wix.detox.espresso.DetoxMatcher"},"method":"matcherForSufficientlyVisible","args":[{"type":"Integer","value":75}]}},{"type":"Double","value":30}]},"messageId":1}
10:59:21.548 detox[15868] [90mi[39m [33mws-server[39m[33m@63472[39m get
  data: {"type":"invoke","params":{"target":{"type":"Class","value":"com.wix.detox.espresso.DetoxAssertion"},"method":"waitForAssertMatcher","args":[{"type":"Invocation","value":{"target":{"type":"Class","value":"androidx.test.espresso.Espresso"},"method":"onView","args":[{"type":"Invocation","value":{"target":{"type":"Class","value":"com.wix.detox.espresso.DetoxMatcher"},"method":"matcherForTestId","args":["login-email",{"type":"boolean","value":false}]}}]}},{"type":"Invocation","value":{"target":{"type":"Class","value":"com.wix.detox.espresso.DetoxMatcher"},"method":"matcherForSufficientlyVisible","args":[{"type":"Integer","value":75}]}},{"type":"Double","value":30}]},"messageId":1}
10:59:21.549 detox[15868] [90mi[39m [33mws-server[39m[33m@63575[39m send
  data: {
    "type": "invoke",
    "params": {
      "target": {
        "type": "Class",
        "value": "com.wix.detox.espresso.DetoxAssertion"
      },
      "method": "waitForAssertMatcher",
      "args": [
        {
          "type": "Invocation",
          "value": {
            "target": {
              "type": "Class",
              "value": "androidx.test.espresso.Espresso"
            },
            "method": "onView",
            "args": [
              {
                "type": "Invocation",
                "value": {
                  "target": {
                    "type": "Class",
                    "value": "com.wix.detox.espresso.DetoxMatcher"
                  },
                  "method": "matcherForTestId",
                  "args": [
                    "login-email",
                    {
                      "type": "boolean",
                      "value": false
                    }
                  ]
                }
              }
            ]
          }
        },
        {
          "type": "Invocation",
          "value": {
            "target": {
              "type": "Class",
              "value": "com.wix.detox.espresso.DetoxMatcher"
            },
            "method": "matcherForSufficientlyVisible",
            "args": [
              {
                "type": "Integer",
                "value": 75
              }
            ]
          }
        },
        {
          "type": "Double",
          "value": 30
        }
      ]
    },
    "messageId": 1
  }
10:59:21.550 detox[15588] [90mB[39m [33mws-client[39m undefined with timeout (30000 ms)
  data: {
    "target": {
      "type": "Class",
      "value": "com.wix.detox.espresso.DetoxAssertion"
    },
    "method": "waitForAssertMatcher",
    "args": [
      {
        "type": "Invocation",
        "value": {
          "target": {
            "type": "Class",
            "value": "androidx.test.espresso.Espresso"
          },
          "method": "onView",
          "args": [
            {
              "type": "Invocation",
              "value": {
                "target": {
                  "type": "Class",
                  "value": "com.wix.detox.espresso.DetoxMatcher"
                },
                "method": "matcherForTestId",
                "args": [
                  "login-email",
                  {
                    "type": "boolean",
                    "value": false
                  }
                ]
              }
            }
          ]
        }
      },
      {
        "type": "Invocation",
        "value": {
          "target": {
            "type": "Class",
            "value": "com.wix.detox.espresso.DetoxMatcher"
          },
          "method": "matcherForSufficientlyVisible",
          "args": [
            {
              "type": "Integer",
              "value": 75
            }
          ]
        }
      },
      {
        "type": "Double",
        "value": 30
      }
    ]
  }
  stack: _getCallStackTrace (\node_modules\detox\src\utils\traceInvocationCall.js:2:10)
  invocationCall (\node_modules\detox\src\utils\traceInvocationCall.js:17:12)
  WaitForInteraction.execute (\node_modules\detox\src\android\interactions\native.js:22:12)
  WaitForInteraction.withTimeout (\node_modules\detox\src\android\interactions\native.js:59:16)
  Object.withTimeout (\e2e\auth.fullflow.e2e.test.js:14:8)
  Promise.then.completed (\node_modules\jest-circus\build\utils.js:298:28)
  new Promise (<anonymous>)
  callAsyncCircusFn (\node_modules\jest-circus\build\utils.js:231:10)
  _callCircusTest (\node_modules\jest-circus\build\run.js:316:40)
  processTicksAndRejections (node:internal/process/task_queues:95:5)
  _runTest (\node_modules\jest-circus\build\run.js:252:3)
  _runTestsForDescribeBlock (\node_modules\jest-circus\build\run.js:126:9)
  _runTestsForDescribeBlock (\node_modules\jest-circus\build\run.js:121:9)
  run (\node_modules\jest-circus\build\run.js:71:3)
  runAndTransformResultsToJestFormat (\node_modules\jest-circus\build\legacy-code-todo-rewrite\jestAdapterInit.js:122:21)
  jestAdapter (\node_modules\jest-circus\build\legacy-code-todo-rewrite\jestAdapter.js:79:19)
  runTestInternal (\node_modules\jest-runner\build\runTest.js:367:16)
  runTest (\node_modules\jest-runner\build\runTest.js:444:34)
10:59:31.552 detox[15588] [90mi[39m [33mws-client[39m send message
  data: {"type":"currentStatus","params":{},"messageId":2}
10:59:31.553 detox[15868] [90mi[39m [33mws-server[39m[33m@63472[39m get
  data: {"type":"currentStatus","params":{},"messageId":2}
10:59:31.553 detox[15868] [90mi[39m [33mws-server[39m[33m@63575[39m send
  data: {
    "type": "currentStatus",
    "params": {},
    "messageId": 2
  }
10:59:31.563 detox[15868] [90mi[39m [33mws-server[39m[33m@63575[39m get
  data: {"messageId":2,"type":"currentStatusResult","params":{"status":{"app_status":"idle"}}}
10:59:31.564 detox[15868] [90mi[39m [33mws-server[39m[33m@63472[39m send
  data: {
    "messageId": 2,
    "type": "currentStatusResult",
    "params": {
      "status": {
        "app_status": "idle"
      }
    }
  }
10:59:31.565 detox[15588] [90mi[39m [33mws-client[39m get message
  data: {"messageId":2,"type":"currentStatusResult","params":{"status":{"app_status":"idle"}}}
   
10:59:31.568 detox[15588] [90mi[39m [33mws-client[39m[90m:APP_STATUS[39m The app seems to be idle
10:59:41.573 detox[15588] [90mi[39m [33mws-client[39m send message
  data: {"type":"currentStatus","params":{},"messageId":3}
10:59:41.573 detox[15868] [90mi[39m [33mws-server[39m[33m@63472[39m get
  data: {"type":"currentStatus","params":{},"messageId":3}
10:59:41.574 detox[15868] [90mi[39m [33mws-server[39m[33m@63575[39m send
  data: {
    "type": "currentStatus",
    "params": {},
    "messageId": 3
  }
10:59:41.577 detox[15868] [90mi[39m [33mws-server[39m[33m@63575[39m get
  data: {"messageId":3,"type":"currentStatusResult","params":{"status":{"app_status":"idle"}}}
10:59:41.577 detox[15868] [90mi[39m [33mws-server[39m[33m@63472[39m send
  data: {
    "messageId": 3,
    "type": "currentStatusResult",
    "params": {
      "status": {
        "app_status": "idle"
      }
    }
  }
10:59:41.578 detox[15588] [90mi[39m [33mws-client[39m get message
  data: {"messageId":3,"type":"currentStatusResult","params":{"status":{"app_status":"idle"}}}
   
10:59:41.579 detox[15588] [90mi[39m [33mws-client[39m[90m:APP_STATUS[39m The app seems to be idle
10:59:51.593 detox[15588] [90mi[39m [33mws-client[39m send message
  data: {"type":"currentStatus","params":{},"messageId":4}
10:59:51.593 detox[15868] [90mi[39m [33mws-server[39m[33m@63472[39m get
  data: {"type":"currentStatus","params":{},"messageId":4}
10:59:51.593 detox[15868] [90mi[39m [33mws-server[39m[33m@63575[39m send
  data: {
    "type": "currentStatus",
    "params": {},
    "messageId": 4
  }
10:59:51.597 detox[15868] [90mi[39m [33mws-server[39m[33m@63575[39m get
  data: {"messageId":4,"type":"currentStatusResult","params":{"status":{"app_status":"idle"}}}
10:59:51.597 detox[15868] [90mi[39m [33mws-server[39m[33m@63472[39m send
  data: {
    "messageId": 4,
    "type": "currentStatusResult",
    "params": {
      "status": {
        "app_status": "idle"
      }
    }
  }
10:59:51.598 detox[15588] [90mi[39m [33mws-client[39m get message
  data: {"messageId":4,"type":"currentStatusResult","params":{"status":{"app_status":"idle"}}}
   
10:59:51.599 detox[15588] [90mi[39m [33mws-client[39m[90m:APP_STATUS[39m The app seems to be idle
10:59:51.599 detox[15868] [90mi[39m [33mws-server[39m[33m@63575[39m get
  data: {"messageId":1,"type":"testFailed","params":{"details":"30.0sec timeout expired without matching of given matcher: (view has effective visibility <VISIBLE> and view.getGlobalVisibleRect() covers at least <75> percent of the view's area)\n","viewHierarchy":null}}
10:59:51.599 detox[15868] [90mi[39m [33mws-server[39m[33m@63472[39m send
  data: {
    "messageId": 1,
    "type": "testFailed",
    "params": {
      "details": "30.0sec timeout expired without matching of given matcher: (view has effective visibility <VISIBLE> and view.getGlobalVisibleRect() covers at least <75> percent of the view's area)\n",
      "viewHierarchy": null
    }
  }
10:59:51.601 detox[15588] [90mi[39m [33mws-client[39m get message
  data: {"messageId":1,"type":"testFailed","params":{"details":"30.0sec timeout expired without matching of given matcher: (view has effective visibility <VISIBLE> and view.getGlobalVisibleRect() covers at least <75> percent of the view's area)\n","viewHierarchy":null}}
   
10:59:51.602 detox[15588] [90mE[39m [33mws-client[39m undefined with timeout (30000 ms)
  error: Test Failed: 30.0sec timeout expired without matching of given matcher: (view has effective visibility <VISIBLE> and view.getGlobalVisibleRect() covers at least <75> percent of the view's area)
  
10:59:51.603 detox[15588] [90mB[39m [33martifacts-manager[39m onTestFnFailure
  args: ({"error":{"name":"DetoxRuntimeError"}})
10:59:51.603 detox[15588] [90mi[39m [33martifact[39m[90m:ARTIFACT_START[39m starting ADBScreencapRecording
10:59:51.603 detox[15588] [90mi[39m [33mchild-process[39m[90m:EXEC_CMD[39m "C:\Users\carus\AppData\Local\Android\Sdk\platform-tools\adb.EXE" -s emulator-15632 shell "screencap /sdcard/105837774_4.png"
10:59:51.904 detox[15588] [90mi[39m [33mchild-process[39m[90m:EXEC_SUCCESS[39m 
10:59:51.904 detox[15588] [90mi[39m [33martifact[39m[90m:ARTIFACT_STOP[39m stopping ADBScreencapRecording
10:59:51.904 detox[15588] [90mE[39m [33martifacts-manager[39m onTestFnFailure
10:59:51.904 detox[15588] [90mE[39m [33mlifecycle[39m test_fn
  error: Test Failed: 30.0sec timeout expired without matching of given matcher: (view has effective visibility <VISIBLE> and view.getGlobalVisibleRect() covers at least <75> percent of the view's area)
  
10:59:51.906 detox[15588] [90mB[39m [33martifacts-manager[39m onTestDone
  args: ({"title":"ejecuta login, validaciones, negativos, persistencia y logout","fullName":"Autenticación - Flujo completo en un solo test ejecuta login, validaciones, negativos, persistencia y logout","status":"failed","invocations":1,"timedOut":false})
10:59:51.906 detox[15588] [90mi[39m [33martifact[39m[90m:ARTIFACT_STOP[39m stopping ADBLogcatRecording
10:59:51.907 detox[15588] [90mi[39m [33martifact[39m[90m:ARTIFACT_START[39m starting ADBScreencapRecording
10:59:51.907 detox[15588] [90mi[39m [33mchild-process[39m[90m:EXEC_CMD[39m "C:\Users\carus\AppData\Local\Android\Sdk\platform-tools\adb.EXE" -s emulator-15632 shell "screencap /sdcard/105837774_5.png"
10:59:51.915 detox[15588] [90mi[39m [33martifact[39m[90m:ARTIFACT_STOP[39m stopping ADBVideoRecording
10:59:51.915 detox[15588] [90mi[39m [33mchild-process[39m[90m:EXEC_CMD[39m "C:\Users\carus\AppData\Local\Android\Sdk\platform-tools\adb.EXE" -s emulator-15632 shell "date +\"%m-%d %T.000\""
10:59:51.919 detox[15588] [90mi[39m [33mchild-process[39m[90m:SPAWN_KILL[39m sending SIGINT to: C:\Users\carus\AppData\Local\Android\Sdk\platform-tools\adb.EXE -s emulator-15632 shell screenrecord /sdcard/105837774_2.mp4
10:59:51.921 detox[15588] [90mi[39m [33mchild-process[39m[90m:SPAWN_END[39m C:\Users\carus\AppData\Local\Android\Sdk\platform-tools\adb.EXE -s emulator-15632 shell screenrecord /sdcard/105837774_2.mp4 terminated with SIGINT
10:59:51.924 detox[15588] [90mi[39m [33martifact[39m[90m:ARTIFACT_SAVE[39m saving ADBVideoRecording to: artifacts\android.emu.debug.2025-11-14 15-58-36Z\✗ Autenticación - Flujo completo en un solo test ejecuta login, validaciones, negativos, persistencia y logout\test.mp4
10:59:51.958 detox[15588] [90mi[39m [33mchild-process[39m[90m:EXEC_SUCCESS[39m 11-14 15:59:51.000

10:59:51.967 detox[15588] [90mi[39m [33mchild-process[39m[90m:SPAWN_KILL[39m sending SIGINT to: C:\Users\carus\AppData\Local\Android\Sdk\platform-tools\adb.EXE -s emulator-15632 shell logcat -T "11-14 15:59:20.000" --pid=7172 -f /sdcard/105837774_3.log
10:59:51.969 detox[15588] [90mi[39m [33mchild-process[39m[90m:SPAWN_END[39m C:\Users\carus\AppData\Local\Android\Sdk\platform-tools\adb.EXE -s emulator-15632 shell "logcat -T \"11-14 15:59:20.000\" --pid=7172 -f /sdcard/105837774_3.log" terminated with SIGINT
10:59:52.203 detox[15588] [90mi[39m [33mchild-process[39m[90m:EXEC_SUCCESS[39m 
10:59:52.204 detox[15588] [90mi[39m [33martifact[39m[90m:ARTIFACT_STOP[39m stopping ADBScreencapRecording
10:59:52.204 detox[15588] [90mE[39m [33martifacts-manager[39m onTestDone
10:59:52.205 detox[15588] [90mE[39m [33mlifecycle[39m ejecuta login, validaciones, negativos, persistencia y logout
10:59:52.205 detox[15588] [90mi[39m [33mlifecycle[39m Autenticación - Flujo completo en un solo test: ejecuta login, validaciones, negativos, persistencia y logout [FAIL]
10:59:52.206 detox[15588] [90mB[39m [33martifacts-manager[39m onRunDescribeFinish
  args: ({"name":"Autenticación - Flujo completo en un solo test"})
10:59:52.207 detox[15588] [90mE[39m [33martifacts-manager[39m onRunDescribeFinish
10:59:52.207 detox[15588] [90mE[39m [33mlifecycle[39m Autenticación - Flujo completo en un solo test
10:59:52.208 detox[15588] [90mB[39m [33mlifecycle[39m afterAll
10:59:52.208 detox[15588] [90mE[39m [33mlifecycle[39m afterAll
10:59:52.208 detox[15588] [90mB[39m [33martifacts-manager[39m onRunDescribeFinish
  args: ({"name":"ROOT_DESCRIBE_BLOCK"})
10:59:52.209 detox[15588] [90mE[39m [33martifacts-manager[39m onRunDescribeFinish
10:59:52.209 detox[15588] [90mE[39m [33mlifecycle[39m run the tests
10:59:52.230 detox[15588] [90mB[39m [33mlifecycle[39m tear down environment
10:59:52.231 detox[15588] [90mB[39m [33martifacts-manager[39m onBeforeCleanup
  args: ()
10:59:52.436 detox[15588] [90mi[39m [33mchild-process[39m[90m:EXEC_CMD[39m "C:\Users\carus\AppData\Local\Android\Sdk\platform-tools\adb.EXE" -s emulator-15632 shell du /sdcard/105837774_2.mp4
10:59:52.470 detox[15588] [90mi[39m [33mchild-process[39m[90m:EXEC_SUCCESS[39m 88	/sdcard/105837774_2.mp4

10:59:52.471 detox[15588] [90mi[39m [33mchild-process[39m[90m:EXEC_CMD[39m "C:\Users\carus\AppData\Local\Android\Sdk\platform-tools\adb.EXE" -s emulator-15632 pull "/sdcard/105837774_2.mp4" "artifacts\android.emu.debug.2025-11-14 15-58-36Z\✗ Autenticación - Flujo completo en un solo test ejecuta login, validaciones, negativos, persistencia y logout\test.mp4"
10:59:52.507 detox[15588] [90mi[39m [33mchild-process[39m[90m:EXEC_SUCCESS[39m /sdcard/105837774_2.mp4: 1 file pulled, 0 skipped. 37.4 MB/s (82696 bytes in 0.002s)

10:59:52.507 detox[15588] [90mi[39m [33mchild-process[39m[90m:EXEC_CMD[39m "C:\Users\carus\AppData\Local\Android\Sdk\platform-tools\adb.EXE" -s emulator-15632 shell "rm  \"/sdcard/105837774_2.mp4\""
10:59:52.551 detox[15588] [90mi[39m [33mchild-process[39m[90m:EXEC_SUCCESS[39m 
10:59:52.552 detox[15588] [90mi[39m [33martifact[39m[90m:ARTIFACT_SAVE[39m saving ADBLogcatRecording to: artifacts\android.emu.debug.2025-11-14 15-58-36Z\✗ Autenticación - Flujo completo en un solo test ejecuta login, validaciones, negativos, persistencia y logout\device.log
10:59:52.553 detox[15588] [90mi[39m [33mchild-process[39m[90m:EXEC_CMD[39m "C:\Users\carus\AppData\Local\Android\Sdk\platform-tools\adb.EXE" -s emulator-15632 pull "/sdcard/105837774_3.log" "artifacts\android.emu.debug.2025-11-14 15-58-36Z\✗ Autenticación - Flujo completo en un solo test ejecuta login, validaciones, negativos, persistencia y logout\device.log"
10:59:52.605 detox[15588] [90mi[39m [33mchild-process[39m[90m:EXEC_SUCCESS[39m /sdcard/105837774_3.log: 1 file pulled, 0 skipped. 79.9 MB/s (237568 bytes in 0.003s)

10:59:52.606 detox[15588] [90mi[39m [33mchild-process[39m[90m:EXEC_CMD[39m "C:\Users\carus\AppData\Local\Android\Sdk\platform-tools\adb.EXE" -s emulator-15632 shell "rm  \"/sdcard/105837774_3.log\""
10:59:52.649 detox[15588] [90mi[39m [33mchild-process[39m[90m:EXEC_SUCCESS[39m 
10:59:52.650 detox[15588] [90mi[39m [33martifact[39m[90m:ARTIFACT_SAVE[39m saving ADBLogcatRecording to: artifacts\android.emu.debug.2025-11-14 15-58-36Z\emulator-15632 2025-11-14 15-59-52Z.startup.log
10:59:52.650 detox[15588] [90mi[39m [33mchild-process[39m[90m:EXEC_CMD[39m "C:\Users\carus\AppData\Local\Android\Sdk\platform-tools\adb.EXE" -s emulator-15632 pull "/sdcard/105837774_0.log" "artifacts\android.emu.debug.2025-11-14 15-58-36Z\emulator-15632 2025-11-14 15-59-52Z.startup.log"
10:59:53.024 detox[15588] [90mi[39m [33mchild-process[39m[90m:EXEC_SUCCESS[39m /sdcard/105837774_0.log: 1 file pulled, 0 skipped. 0.2 MB/s (77824 bytes in 0.339s)

10:59:53.024 detox[15588] [90mi[39m [33mchild-process[39m[90m:EXEC_CMD[39m "C:\Users\carus\AppData\Local\Android\Sdk\platform-tools\adb.EXE" -s emulator-15632 shell "rm  \"/sdcard/105837774_0.log\""
10:59:53.065 detox[15588] [90mi[39m [33mchild-process[39m[90m:EXEC_SUCCESS[39m 
10:59:53.066 detox[15588] [90mi[39m [33martifact[39m[90m:ARTIFACT_SAVE[39m saving ADBScreencapRecording to: artifacts\android.emu.debug.2025-11-14 15-58-36Z\✗ Autenticación - Flujo completo en un solo test ejecuta login, validaciones, negativos, persistencia y logout\testStart.png
10:59:53.066 detox[15588] [90mi[39m [33mchild-process[39m[90m:EXEC_CMD[39m "C:\Users\carus\AppData\Local\Android\Sdk\platform-tools\adb.EXE" -s emulator-15632 pull "/sdcard/105837774_1.png" "artifacts\android.emu.debug.2025-11-14 15-58-36Z\✗ Autenticación - Flujo completo en un solo test ejecuta login, validaciones, negativos, persistencia y logout\testStart.png"
10:59:53.122 detox[15588] [90mi[39m [33mchild-process[39m[90m:EXEC_SUCCESS[39m /sdcard/105837774_1.png: 1 file pulled, 0 skipped. 51.6 MB/s (274374 bytes in 0.005s)

10:59:53.122 detox[15588] [90mi[39m [33mchild-process[39m[90m:EXEC_CMD[39m "C:\Users\carus\AppData\Local\Android\Sdk\platform-tools\adb.EXE" -s emulator-15632 shell "rm  \"/sdcard/105837774_1.png\""
10:59:53.166 detox[15588] [90mi[39m [33mchild-process[39m[90m:EXEC_SUCCESS[39m 
10:59:53.167 detox[15588] [90mi[39m [33martifact[39m[90m:ARTIFACT_SAVE[39m saving ADBScreencapRecording to: artifacts\android.emu.debug.2025-11-14 15-58-36Z\✗ Autenticación - Flujo completo en un solo test ejecuta login, validaciones, negativos, persistencia y logout\testFnFailure.png
10:59:53.167 detox[15588] [90mi[39m [33mchild-process[39m[90m:EXEC_CMD[39m "C:\Users\carus\AppData\Local\Android\Sdk\platform-tools\adb.EXE" -s emulator-15632 pull "/sdcard/105837774_4.png" "artifacts\android.emu.debug.2025-11-14 15-58-36Z\✗ Autenticación - Flujo completo en un solo test ejecuta login, validaciones, negativos, persistencia y logout\testFnFailure.png"
10:59:53.203 detox[15588] [90mi[39m [33mchild-process[39m[90m:EXEC_SUCCESS[39m /sdcard/105837774_4.png: 1 file pulled, 0 skipped. 95.0 MB/s (274374 bytes in 0.003s)

10:59:53.203 detox[15588] [90mi[39m [33mchild-process[39m[90m:EXEC_CMD[39m "C:\Users\carus\AppData\Local\Android\Sdk\platform-tools\adb.EXE" -s emulator-15632 shell "rm  \"/sdcard/105837774_4.png\""
10:59:53.249 detox[15588] [90mi[39m [33mchild-process[39m[90m:EXEC_SUCCESS[39m 
10:59:53.250 detox[15588] [90mi[39m [33martifact[39m[90m:ARTIFACT_SAVE[39m saving ADBScreencapRecording to: artifacts\android.emu.debug.2025-11-14 15-58-36Z\✗ Autenticación - Flujo completo en un solo test ejecuta login, validaciones, negativos, persistencia y logout\testDone.png
10:59:53.250 detox[15588] [90mi[39m [33mchild-process[39m[90m:EXEC_CMD[39m "C:\Users\carus\AppData\Local\Android\Sdk\platform-tools\adb.EXE" -s emulator-15632 pull "/sdcard/105837774_5.png" "artifacts\android.emu.debug.2025-11-14 15-58-36Z\✗ Autenticación - Flujo completo en un solo test ejecuta login, validaciones, negativos, persistencia y logout\testDone.png"
10:59:53.286 detox[15588] [90mi[39m [33mchild-process[39m[90m:EXEC_SUCCESS[39m /sdcard/105837774_5.png: 1 file pulled, 0 skipped. 82.8 MB/s (274374 bytes in 0.003s)

10:59:53.287 detox[15588] [90mi[39m [33mchild-process[39m[90m:EXEC_CMD[39m "C:\Users\carus\AppData\Local\Android\Sdk\platform-tools\adb.EXE" -s emulator-15632 shell "rm  \"/sdcard/105837774_5.png\""
10:59:53.331 detox[15588] [90mi[39m [33mchild-process[39m[90m:EXEC_SUCCESS[39m 
10:59:53.332 detox[15588] [90mi[39m [33martifact[39m[90m:ARTIFACT_SAVE[39m saving FileArtifact to: artifacts\android.emu.debug.2025-11-14 15-58-36Z\detox_pid_15588.json.log { append: true }
10:59:53.333 detox[15588] [90mi[39m [33martifact[39m[90m:ARTIFACT_SAVE[39m saving FileArtifact to: artifacts\android.emu.debug.2025-11-14 15-58-36Z\detox_pid_15588.log { append: true }
10:59:53.333 detox[15588] [90mE[39m [33martifacts-manager[39m onBeforeCleanup
10:59:53.335 detox[15588] [90mi[39m [33mws-client[39m send message
  data: {"type":"cleanup","params":{"stopRunner":false},"messageId":-49642}
10:59:53.335 detox[15868] [90mi[39m [33mws-server[39m[33m@63472[39m get
  data: {"type":"cleanup","params":{"stopRunner":false},"messageId":-49642}
10:59:53.335 detox[15868] [90mi[39m [33mws-server[39m[33m@63575[39m send
  data: {
    "type": "cleanup",
    "params": {
      "stopRunner": false
    },
    "messageId": -49642
  }
10:59:53.340 detox[15868] [90mi[39m [33mws-server[39m[33m@63575[39m get
  data: {"messageId":-49642,"type":"cleanupDone","params":{}}
10:59:53.340 detox[15868] [90mi[39m [33mws-server[39m[33m@63472[39m send
  data: {
    "messageId": -49642,
    "type": "cleanupDone",
    "params": {}
  }
10:59:53.341 detox[15588] [90mi[39m [33mws-client[39m get message
  data: {"messageId":-49642,"type":"cleanupDone","params":{}}
   
10:59:53.344 detox[15868] [90mi[39m [33mws-server[39m tester exited session e2eec906-7867-4409-1fc3-ba5699e41760
10:59:53.344 detox[15868] [90mi[39m [33mws-server[39m[33m@63575[39m send
  data: {
    "type": "testerDisconnected",
    "messageId": -1
  }
10:59:53.345 detox[15868] [90mE[39m [33mws-server[39m[33m@63472[39m connection :63466<->:63472
10:59:53.357 detox[15588] [90mi[39m [33mchild-process[39m[90m:SPAWN_KILL[39m sending SIGINT to: C:\Users\carus\AppData\Local\Android\Sdk\platform-tools\adb.EXE -s emulator-15632 shell am instrument -w -r -e detoxServer ws://localhost:63466 -e detoxSessionId e2eec906-7867-4409-1fc3-ba5699e41760 -e detoxEnableSynchronization 0 -e detoxURLOverride 'seguridadciudadanaapp://expo-development-client/?url=http%3A%2F%2F127.0.0.1%3A8081&role=ciudadano&disableBypass=1' -e debug false com.tuapp.seguritacapp.test/com.wix.detox.DetoxJUnitRunner
10:59:53.360 detox[15588] [90mi[39m [33mchild-process[39m[90m:SPAWN_END[39m C:\Users\carus\AppData\Local\Android\Sdk\platform-tools\adb.EXE -s emulator-15632 shell am instrument -w -r -e detoxServer ws://localhost:63466 -e detoxSessionId e2eec906-7867-4409-1fc3-ba5699e41760 -e detoxEnableSynchronization 0 -e detoxURLOverride 'seguridadciudadanaapp://expo-development-client/?url=http%3A%2F%2F127.0.0.1%3A8081&role=ciudadano&disableBypass=1' -e debug false com.tuapp.seguritacapp.test/com.wix.detox.DetoxJUnitRunner terminated with SIGINT
10:59:53.360 detox[15588] [90mi[39m [33mchild-process[39m[90m:EXEC_CMD[39m "C:\Users\carus\AppData\Local\Android\Sdk\platform-tools\adb.EXE" -s emulator-15632 reverse --remove tcp:63466
10:59:53.369 detox[15588] [90mi[39m [33mipc[39m dispatching event to  primary-15868 /tmp/detox.primary-15868  :  deallocateDevice , {
  deviceCookie: {
    id: 'emulator-15632',
    adbName: 'emulator-15632',
    name: 'emulator-15632 (Pixel_6_API34)'
  }
}
10:59:53.369 detox[15868] [90mi[39m [33mipc[39m received event of :  deallocateDevice {
  deviceCookie: {
    id: 'emulator-15632',
    adbName: 'emulator-15632',
    name: 'emulator-15632 (Pixel_6_API34)'
  }
}
10:59:53.369 detox[15868] [90mB[39m [33mdevice[39m[33m@0[39m free: emulator-15632
  data: {}
10:59:53.373 detox[15868] [90mE[39m [33mdevice[39m[33m@0[39m free: emulator-15632
10:59:53.373 detox[15868] [90mi[39m [33mipc[39m dispatching event to socket  :  deallocateDeviceDone {}
10:59:53.374 detox[15588] [90mi[39m [33mipc[39m ## received events ##
10:59:53.374 detox[15588] [90mi[39m [33mipc[39m detected event deallocateDeviceDone {}
10:59:53.375 detox[15588] [90mi[39m [33mipc[39m connection closed primary-15868 /tmp/detox.primary-15868 0 tries remaining of 0
10:59:53.375 detox[15868] [90mi[39m [33mipc[39m socket disconnected secondary-15588
10:59:53.376 detox[15588] [90mi[39m [33mipc[39m secondary-15588 exceeded connection rety amount of  or stopRetrying flag set.
10:59:53.377 detox[15588] [90mE[39m [33mlifecycle[39m tear down environment
10:59:53.377 detox[15588] [90mE[39m [33mlifecycle[39m e2e\auth.fullflow.e2e.test.js
10:59:53.402 detox[15868] [90mE[39m [33mlifecycle[39m Command failed with exit code = 1:
DETOX_CONFIGURATION="android.emu.debug" DETOX_LOGLEVEL="trace" DETOX_RECORD_LOGS="all" DETOX_RECORD_VIDEOS="all" DETOX_TAKE_SCREENSHOTS="all" jest --config e2e/jest.config.js e2e/auth.fullflow.e2e.test.js
10:59:53.403 detox[15868] [90mB[39m [33mdevice[39m cleanup
  args: ()
10:59:53.406 detox[15868] [90mE[39m [33mdevice[39m cleanup
10:59:53.407 detox[15868] [90mi[39m [33mws-server[39m Detox server has been closed gracefully
10:59:53.408 detox[15868] [90mi[39m [33mws-server[39m app exited session e2eec906-7867-4409-1fc3-ba5699e41760
10:59:53.408 detox[15868] [90mE[39m [33mws-server[39m[33m@63575[39m connection :63466<->:63575
10:59:53.410 detox[15868] [90mE[39m [33mlifecycle[39m node_modules\detox\local-cli\cli.js test --configuration android.emu.debug --config e2e/jest.config.js --record-logs all --record-videos all --take-screenshots all -l trace e2e/auth.fullflow.e2e.test.js
